#
# There is insufficient memory for the Java Runtime Environment to continue.
# Native memory allocation (mmap) failed to map 23068672 bytes for G1 virtual space
# Possible reasons:
#   The system is out of physical RAM or swap space
#   The process is running with CompressedOops enabled, and the Java Heap may be blocking the growth of the native heap
# Possible solutions:
#   Reduce memory load on the system
#   Increase physical memory or swap space
#   Check if swap backing store is full
#   Decrease Java heap size (-Xmx/-Xms)
#   Decrease number of Java threads
#   Decrease Java thread stack sizes (-Xss)
#   Set larger code cache with -XX:ReservedCodeCacheSize=
#   JVM is running with Zero Based Compressed Oops mode in which the Java heap is
#     placed in the first 32GB address space. The Java Heap base address is the
#     maximum limit for the native heap growth. Please use -XX:HeapBaseMinAddress
#     to set the Java Heap base and to place the Java Heap above 32GB virtual address.
# This output file may be truncated or incomplete.
#
#  Out of Memory Error (os_windows.cpp:3769), pid=21188, tid=18984
#
# JRE version: OpenJDK Runtime Environment (17.0.6) (build 17.0.6+0-b2043.56-9586694)
# Java VM: OpenJDK 64-Bit Server VM (17.0.6+0-b2043.56-9586694, mixed mode, tiered, compressed oops, compressed class ptrs, g1 gc, windows-amd64)
# No core dump will be written. Minidumps are not enabled by default on client versions of Windows
#

---------------  S U M M A R Y ------------

Command Line: org.jetbrains.kotlin.cli.jvm.K2JVMCompiler @C:\Users\Tafita\AndroidStudioProjects\TourismeMadagascar\app\build\20230803_3055933259388318025.compiler.options

Host: Intel(R) Core(TM) i5-5200U CPU @ 2.20GHz, 4 cores, 11G,  Windows 10 , 64 bit Build 19041 (10.0.19041.2546)
Time: Thu Aug  3 12:12:41 2023 Afrique de l, 64 bit Build 19041 (10.0.19041.2546) elapsed time: 16.478458 seconds (0d 0h 0m 16s)

---------------  T H R E A D  ---------------

Current thread (0x000002b4979f5ad0):  VMThread "VM Thread" [stack: 0x000000e343c00000,0x000000e343d00000] [id=18984]

Stack: [0x000000e343c00000,0x000000e343d00000]
Native frames: (J=compiled Java code, j=interpreted, Vv=VM code, C=native code)
V  [jvm.dll+0x683b4a]
V  [jvm.dll+0x842654]
V  [jvm.dll+0x843dfe]
V  [jvm.dll+0x844463]
V  [jvm.dll+0x249b75]
V  [jvm.dll+0x680a19]
V  [jvm.dll+0x674f0a]
V  [jvm.dll+0x309acb]
V  [jvm.dll+0x310f86]
V  [jvm.dll+0x3608ee]
V  [jvm.dll+0x360b1f]
V  [jvm.dll+0x2dfbf8]
V  [jvm.dll+0x2ddec4]
V  [jvm.dll+0x2dd4cc]
V  [jvm.dll+0x321f3b]
V  [jvm.dll+0x84893b]
V  [jvm.dll+0x849674]
V  [jvm.dll+0x849b8d]
V  [jvm.dll+0x849f64]
V  [jvm.dll+0x84a030]
V  [jvm.dll+0x7f25fa]
V  [jvm.dll+0x682985]
C  [ucrtbase.dll+0x21bb2]
C  [KERNEL32.DLL+0x17614]
C  [ntdll.dll+0x526a1]

VM_Operation (0x000000e3436f8380): G1CollectForAllocation, mode: safepoint, requested by thread 0x000002b4f9eeafe0


---------------  P R O C E S S  ---------------

Threads class SMR info:
_java_thread_list=0x000002b49c29e140, length=12, elements={
0x000002b4f9eeafe0, 0x000002b498413260, 0x000002b498414870, 0x000002b497a5f290,
0x000002b497a62c60, 0x000002b498442ff0, 0x000002b4984438b0, 0x000002b4984444a0,
0x000002b49844aaa0, 0x000002b497a6bf80, 0x000002b4985a4140, 0x000002b4985bb480
}

Java Threads: ( => current thread )
  0x000002b4f9eeafe0 JavaThread "main" [_thread_blocked, id=9896, stack(0x000000e343600000,0x000000e343700000)]
  0x000002b498413260 JavaThread "Reference Handler" daemon [_thread_blocked, id=18312, stack(0x000000e343d00000,0x000000e343e00000)]
  0x000002b498414870 JavaThread "Finalizer" daemon [_thread_blocked, id=11992, stack(0x000000e343e00000,0x000000e343f00000)]
  0x000002b497a5f290 JavaThread "Signal Dispatcher" daemon [_thread_blocked, id=18448, stack(0x000000e343f00000,0x000000e344000000)]
  0x000002b497a62c60 JavaThread "Attach Listener" daemon [_thread_blocked, id=22896, stack(0x000000e344000000,0x000000e344100000)]
  0x000002b498442ff0 JavaThread "Service Thread" daemon [_thread_blocked, id=26052, stack(0x000000e344100000,0x000000e344200000)]
  0x000002b4984438b0 JavaThread "Monitor Deflation Thread" daemon [_thread_blocked, id=26040, stack(0x000000e344200000,0x000000e344300000)]
  0x000002b4984444a0 JavaThread "C2 CompilerThread0" daemon [_thread_in_native, id=7976, stack(0x000000e344300000,0x000000e344400000)]
  0x000002b49844aaa0 JavaThread "C1 CompilerThread0" daemon [_thread_blocked, id=16388, stack(0x000000e344400000,0x000000e344500000)]
  0x000002b497a6bf80 JavaThread "Sweeper thread" daemon [_thread_blocked, id=19264, stack(0x000000e344500000,0x000000e344600000)]
  0x000002b4985a4140 JavaThread "Notification Thread" daemon [_thread_blocked, id=17608, stack(0x000000e344600000,0x000000e344700000)]
  0x000002b4985bb480 JavaThread "Common-Cleaner" daemon [_thread_blocked, id=22600, stack(0x000000e344800000,0x000000e344900000)]

Other Threads:
=>0x000002b4979f5ad0 VMThread "VM Thread" [stack: 0x000000e343c00000,0x000000e343d00000] [id=18984]
  0x000002b4fbf8a050 WatcherThread [stack: 0x000000e344700000,0x000000e344800000] [id=16096]
  0x000002b4fbf75650 GCTaskThread "GC Thread#0" [stack: 0x000000e343700000,0x000000e343800000] [id=22556]
  0x000002b49896e130 GCTaskThread "GC Thread#1" [stack: 0x000000e344900000,0x000000e344a00000] [id=12736]
  0x000002b49896e3e0 GCTaskThread "GC Thread#2" [stack: 0x000000e344a00000,0x000000e344b00000] [id=26548]
  0x000002b49896e690 GCTaskThread "GC Thread#3" [stack: 0x000000e344b00000,0x000000e344c00000] [id=10148]
  0x000002b4fbf82410 ConcurrentGCThread "G1 Main Marker" [stack: 0x000000e343800000,0x000000e343900000] [id=19444]
  0x000002b4fbf835c0 ConcurrentGCThread "G1 Conc#0" [stack: 0x000000e343900000,0x000000e343a00000] [id=18624]
  0x000002b4fbfe4550 ConcurrentGCThread "G1 Refine#0" [stack: 0x000000e343a00000,0x000000e343b00000] [id=14112]
  0x000002b49bb59b20 ConcurrentGCThread "G1 Refine#1" [stack: 0x000000e344c00000,0x000000e344d00000] [id=25888]
  0x000002b4978b00a0 ConcurrentGCThread "G1 Service" [stack: 0x000000e343b00000,0x000000e343c00000] [id=8800]

Threads with active compile tasks:
C2 CompilerThread0    16510 7785       4       org.jetbrains.kotlin.com.intellij.openapi.vfs.impl.jar.CoreJarVirtualFile::getPath (130 bytes)

VM state: at safepoint (normal execution)

VM Mutex/Monitor currently owned by a thread:  ([mutex/lock_event])
[0x000002b4fbf1bcb0] Threads_lock - owner thread: 0x000002b4979f5ad0
[0x000002b4fbf1d7b0] Heap_lock - owner thread: 0x000002b4f9eeafe0

Heap address: 0x0000000741800000, size: 3048 MB, Compressed Oops mode: Zero based, Oop shift amount: 3

CDS archive(s) not mapped
Compressed class space mapped at: 0x0000000800000000-0x0000000840000000, reserved size: 1073741824
Narrow klass base: 0x0000000800000000, Narrow klass shift: 0, Narrow klass range: 0x40000000

GC Precious Log:
 CPUs: 4 total, 4 available
 Memory: 12190M
 Large Page Support: Disabled
 NUMA Support: Disabled
 Compressed Oops: Enabled (Zero based)
 Heap Region Size: 2M
 Heap Min Capacity: 8M
 Heap Initial Capacity: 192M
 Heap Max Capacity: 3048M
 Pre-touch: Disabled
 Parallel Workers: 4
 Concurrent Workers: 1
 Concurrent Refinement Workers: 4
 Periodic GC: Disabled

Heap:
 garbage-first heap   total 108544K, used 56269K [0x0000000741800000, 0x0000000800000000)
  region size 2048K, 3 young (6144K), 3 survivors (6144K)
 Metaspace       used 66354K, committed 66624K, reserved 1114112K
  class space    used 7673K, committed 7808K, reserved 1048576K

Heap Regions: E=young(eden), S=young(survivor), O=old, HS=humongous(starts), HC=humongous(continues), CS=collection set, F=free, OA=open archive, CA=closed archive, TAMS=top-at-mark-start (previous, next)
|   0|0x0000000741800000, 0x0000000741a00000, 0x0000000741a00000|100%|HS|  |TAMS 0x0000000741a00000, 0x0000000741a00000| Complete 
|   1|0x0000000741a00000, 0x0000000741c00000, 0x0000000741c00000|100%|HC|  |TAMS 0x0000000741c00000, 0x0000000741c00000| Complete 
|   2|0x0000000741c00000, 0x0000000741dfec00, 0x0000000741e00000| 99%| O|  |TAMS 0x0000000741dfec00, 0x0000000741dfec00| Untracked 
|   3|0x0000000741e00000, 0x0000000742000000, 0x0000000742000000|100%|HS|  |TAMS 0x0000000742000000, 0x0000000742000000| Complete 
|   4|0x0000000742000000, 0x0000000742200000, 0x0000000742200000|100%|HC|  |TAMS 0x0000000742200000, 0x0000000742200000| Complete 
|   5|0x0000000742200000, 0x0000000742400000, 0x0000000742400000|100%| O|  |TAMS 0x0000000742400000, 0x0000000742400000| Untracked 
|   6|0x0000000742400000, 0x0000000742600000, 0x0000000742600000|100%| O|  |TAMS 0x0000000742600000, 0x0000000742600000| Untracked 
|   7|0x0000000742600000, 0x0000000742800000, 0x0000000742800000|100%| O|  |TAMS 0x0000000742800000, 0x0000000742800000| Untracked 
|   8|0x0000000742800000, 0x0000000742a00000, 0x0000000742a00000|100%|HS|  |TAMS 0x0000000742a00000, 0x0000000742a00000| Complete 
|   9|0x0000000742a00000, 0x0000000742c00000, 0x0000000742c00000|100%| O|  |TAMS 0x0000000742c00000, 0x0000000742c00000| Untracked 
|  10|0x0000000742c00000, 0x0000000742e00000, 0x0000000742e00000|100%| O|  |TAMS 0x0000000742e00000, 0x0000000742e00000| Untracked 
|  11|0x0000000742e00000, 0x0000000743000000, 0x0000000743000000|100%| O|  |TAMS 0x0000000743000000, 0x0000000743000000| Untracked 
|  12|0x0000000743000000, 0x0000000743200000, 0x0000000743200000|100%| O|  |TAMS 0x0000000743000000, 0x0000000743200000| Untracked 
|  13|0x0000000743200000, 0x0000000743400000, 0x0000000743400000|100%| O|  |TAMS 0x0000000743400000, 0x0000000743400000| Untracked 
|  14|0x0000000743400000, 0x0000000743600000, 0x0000000743600000|100%| O|  |TAMS 0x0000000743600000, 0x0000000743600000| Untracked 
|  15|0x0000000743600000, 0x0000000743800000, 0x0000000743800000|100%| O|  |TAMS 0x0000000743800000, 0x0000000743800000| Untracked 
|  16|0x0000000743800000, 0x0000000743a00000, 0x0000000743a00000|100%| O|  |TAMS 0x0000000743954600, 0x0000000743a00000| Untracked 
|  17|0x0000000743a00000, 0x0000000743c00000, 0x0000000743c00000|100%| O|  |TAMS 0x0000000743a00000, 0x0000000743c00000| Untracked 
|  18|0x0000000743c00000, 0x0000000743e00000, 0x0000000743e00000|100%| O|  |TAMS 0x0000000743c00000, 0x0000000743e00000| Untracked 
|  19|0x0000000743e00000, 0x0000000744000000, 0x0000000744000000|100%| O|  |TAMS 0x0000000743e00000, 0x0000000744000000| Untracked 
|  20|0x0000000744000000, 0x0000000744200000, 0x0000000744200000|100%| O|  |TAMS 0x0000000744000000, 0x0000000744200000| Untracked 
|  21|0x0000000744200000, 0x0000000744400000, 0x0000000744400000|100%| O|  |TAMS 0x0000000744200000, 0x0000000744400000| Untracked 
|  22|0x0000000744400000, 0x0000000744600000, 0x0000000744600000|100%| O|  |TAMS 0x0000000744400000, 0x0000000744600000| Untracked 
|  23|0x0000000744600000, 0x0000000744800000, 0x0000000744800000|100%| O|  |TAMS 0x0000000744600000, 0x0000000744800000| Untracked 
|  24|0x0000000744800000, 0x00000007448f4800, 0x0000000744a00000| 47%| O|  |TAMS 0x0000000744800000, 0x0000000744800000| Untracked 
|  25|0x0000000744a00000, 0x0000000744a00000, 0x0000000744c00000|  0%| F|  |TAMS 0x0000000744a00000, 0x0000000744a00000| Untracked 
|  26|0x0000000744c00000, 0x0000000744c00000, 0x0000000744e00000|  0%| F|  |TAMS 0x0000000744c00000, 0x0000000744c00000| Untracked 
|  27|0x0000000744e00000, 0x0000000744e00000, 0x0000000745000000|  0%| F|  |TAMS 0x0000000744e00000, 0x0000000744e00000| Untracked 
|  28|0x0000000745000000, 0x0000000745000000, 0x0000000745200000|  0%| F|  |TAMS 0x0000000745000000, 0x0000000745000000| Untracked 
|  29|0x0000000745200000, 0x0000000745200000, 0x0000000745400000|  0%| F|  |TAMS 0x0000000745200000, 0x0000000745200000| Untracked 
|  30|0x0000000745400000, 0x0000000745400000, 0x0000000745600000|  0%| F|  |TAMS 0x0000000745400000, 0x0000000745400000| Untracked 
|  31|0x0000000745600000, 0x0000000745600000, 0x0000000745800000|  0%| F|  |TAMS 0x0000000745600000, 0x0000000745600000| Untracked 
|  32|0x0000000745800000, 0x0000000745800000, 0x0000000745a00000|  0%| F|  |TAMS 0x0000000745800000, 0x0000000745800000| Untracked 
|  33|0x0000000745a00000, 0x0000000745c00000, 0x0000000745c00000|100%| S|CS|TAMS 0x0000000745a00000, 0x0000000745a00000| Complete 
|  34|0x0000000745c00000, 0x0000000745e00000, 0x0000000745e00000|100%| S|CS|TAMS 0x0000000745c00000, 0x0000000745c00000| Complete 
|  35|0x0000000745e00000, 0x0000000746000000, 0x0000000746000000|100%| S|CS|TAMS 0x0000000745e00000, 0x0000000745e00000| Complete 
|  36|0x0000000746000000, 0x0000000746000000, 0x0000000746200000|  0%| F|  |TAMS 0x0000000746000000, 0x0000000746000000| Untracked 
|  37|0x0000000746200000, 0x0000000746200000, 0x0000000746400000|  0%| F|  |TAMS 0x0000000746200000, 0x0000000746200000| Untracked 
|  38|0x0000000746400000, 0x0000000746400000, 0x0000000746600000|  0%| F|  |TAMS 0x0000000746400000, 0x0000000746400000| Untracked 
|  39|0x0000000746600000, 0x0000000746600000, 0x0000000746800000|  0%| F|  |TAMS 0x0000000746600000, 0x0000000746600000| Untracked 
|  40|0x0000000746800000, 0x0000000746800000, 0x0000000746a00000|  0%| F|  |TAMS 0x0000000746800000, 0x0000000746800000| Untracked 
|  41|0x0000000746a00000, 0x0000000746a00000, 0x0000000746c00000|  0%| F|  |TAMS 0x0000000746a00000, 0x0000000746a00000| Untracked 
|  42|0x0000000746c00000, 0x0000000746c00000, 0x0000000746e00000|  0%| F|  |TAMS 0x0000000746c00000, 0x0000000746c00000| Untracked 
|  43|0x0000000746e00000, 0x0000000746e00000, 0x0000000747000000|  0%| F|  |TAMS 0x0000000746e00000, 0x0000000746e00000| Untracked 
|  44|0x0000000747000000, 0x0000000747000000, 0x0000000747200000|  0%| F|  |TAMS 0x0000000747000000, 0x0000000747000000| Untracked 
|  45|0x0000000747200000, 0x0000000747200000, 0x0000000747400000|  0%| F|  |TAMS 0x0000000747200000, 0x0000000747200000| Untracked 
|  46|0x0000000747400000, 0x0000000747400000, 0x0000000747600000|  0%| F|  |TAMS 0x0000000747400000, 0x0000000747400000| Untracked 
|  47|0x0000000747600000, 0x0000000747600000, 0x0000000747800000|  0%| F|  |TAMS 0x0000000747600000, 0x0000000747600000| Untracked 
|  48|0x0000000747800000, 0x0000000747800000, 0x0000000747a00000|  0%| F|  |TAMS 0x0000000747800000, 0x0000000747800000| Untracked 
|  76|0x000000074b000000, 0x000000074b000000, 0x000000074b200000|  0%| F|  |TAMS 0x000000074b000000, 0x000000074b000000| Untracked 
|  77|0x000000074b200000, 0x000000074b200000, 0x000000074b400000|  0%| F|  |TAMS 0x000000074b200000, 0x000000074b200000| Untracked 
|  78|0x000000074b400000, 0x000000074b400000, 0x000000074b600000|  0%| F|  |TAMS 0x000000074b400000, 0x000000074b400000| Untracked 
|  95|0x000000074d600000, 0x000000074d600000, 0x000000074d800000|  0%| F|  |TAMS 0x000000074d600000, 0x000000074d600000| Untracked 

Card table byte_map: [0x000002b4ff9f0000,0x000002b4ffff0000] _byte_map_base: 0x000002b4fbfe4000

Marking Bits (Prev, Next): (CMBitMap*) 0x000002b4fbf75ca0, (CMBitMap*) 0x000002b4fbf75c60
 Prev Bits: [0x000002b4925a0000, 0x000002b495540000)
 Next Bits: [0x000002b48f600000, 0x000002b4925a0000)

Polling page: 0x000002b4f9f20000

Metaspace:

Usage:
  Non-class:     57.31 MB used.
      Class:      7.49 MB used.
       Both:     64.80 MB used.

Virtual space:
  Non-class space:       64.00 MB reserved,      57.44 MB ( 90%) committed,  8 nodes.
      Class space:        1.00 GB reserved,       7.62 MB ( <1%) committed,  1 nodes.
             Both:        1.06 GB reserved,      65.06 MB (  6%) committed. 

Chunk freelists:
   Non-Class:  1.77 MB
       Class:  329.00 KB
        Both:  2.09 MB

MaxMetaspaceSize: unlimited
CompressedClassSpaceSize: 1.00 GB
Initial GC threshold: 21.00 MB
Current GC threshold: 83.44 MB
CDS: off
MetaspaceReclaimPolicy: balanced
 - commit_granule_bytes: 65536.
 - commit_granule_words: 8192.
 - virtual_space_node_default_size: 1048576.
 - enlarge_chunks_in_place: 1.
 - new_chunks_are_fully_committed: 0.
 - uncommit_free_chunks: 1.
 - use_allocation_guard: 0.
 - handle_deallocations: 1.


Internal statistics:

num_allocs_failed_limit: 9.
num_arena_births: 312.
num_arena_deaths: 0.
num_vsnodes_births: 9.
num_vsnodes_deaths: 0.
num_space_committed: 1039.
num_space_uncommitted: 0.
num_chunks_returned_to_freelist: 9.
num_chunks_taken_from_freelist: 2335.
num_chunk_merges: 9.
num_chunk_splits: 1895.
num_chunks_enlarged: 1652.
num_purges: 0.
num_inconsistent_stats: 0.

CodeHeap 'non-profiled nmethods': size=120000Kb used=3585Kb max_used=3585Kb free=116414Kb
 bounds [0x000002b487ad0000, 0x000002b487e60000, 0x000002b48f000000]
CodeHeap 'profiled nmethods': size=120000Kb used=17138Kb max_used=17138Kb free=102861Kb
 bounds [0x000002b480000000, 0x000002b4810c0000, 0x000002b487530000]
CodeHeap 'non-nmethods': size=5760Kb used=1373Kb max_used=1426Kb free=4386Kb
 bounds [0x000002b487530000, 0x000002b4877a0000, 0x000002b487ad0000]
 total_blobs=7645 nmethods=6941 adapters=615
 compilation: enabled
              stopped_count=0, restarted_count=0
 full_count=0

Compilation events (20 events):
Event: 15.443 Thread 0x000002b49a48fd20 7748       4       org.jetbrains.org.objectweb.asm.ClassReader::readMethod (1061 bytes)
Event: 15.471 Thread 0x000002b49844aaa0 7783       3       org.jetbrains.kotlin.serialization.deserialization.ClassDeserializer::createClass (404 bytes)
Event: 15.476 Thread 0x000002b49844aaa0 nmethod 7783 0x000002b4810b5990 code [0x000002b4810b6140, 0x000002b4810ba518]
Event: 15.788 Thread 0x000002b4984444a0 nmethod 7736 0x000002b487e23810 code [0x000002b487e23de0, 0x000002b487e2d8f8]
Event: 15.790 Thread 0x000002b4984444a0 7741       4       org.jetbrains.kotlin.cli.jvm.index.JvmDependenciesIndexImpl::search (379 bytes)
Event: 15.803 Thread 0x000002b49a48fd20 nmethod 7748 0x000002b487e31e90 code [0x000002b487e323c0, 0x000002b487e39a68]
Event: 15.804 Thread 0x000002b49a48fd20 7750       4       org.jetbrains.kotlin.protobuf.GeneratedMessageLite$ExtendableMessage::extensionsAreInitialized (8 bytes)
Event: 15.866 Thread 0x000002b49a48fd20 nmethod 7750 0x000002b487e3d690 code [0x000002b487e3da60, 0x000002b487e3f330]
Event: 15.866 Thread 0x000002b49a48fd20 7743       4       org.jetbrains.kotlin.cli.jvm.index.JvmDependenciesIndexImpl::getRoots (19 bytes)
Event: 15.870 Thread 0x000002b49a48fd20 nmethod 7743 0x000002b487e41510 code [0x000002b487e416a0, 0x000002b487e41b78]
Event: 15.870 Thread 0x000002b49a48fd20 7758       4       org.jetbrains.kotlin.com.intellij.util.pico.DefaultPicoContainer$InstanceComponentAdapter::getComponentInstance (5 bytes)
Event: 15.870 Thread 0x000002b49a48fd20 nmethod 7758 0x000002b487e41d90 code [0x000002b487e41f00, 0x000002b487e41f78]
Event: 15.870 Thread 0x000002b49a48fd20 7756       4       java.util.concurrent.atomic.AtomicInteger::decrementAndGet (14 bytes)
Event: 15.871 Thread 0x000002b49a48fd20 nmethod 7756 0x000002b487e42090 code [0x000002b487e42200, 0x000002b487e42298]
Event: 16.073 Thread 0x000002b49844aaa0 7784       3       org.jetbrains.kotlin.serialization.deserialization.ProtoContainer$Class::<init> (108 bytes)
Event: 16.075 Thread 0x000002b49844aaa0 nmethod 7784 0x000002b4810bbd10 code [0x000002b4810bc180, 0x000002b4810be0a8]
Event: 16.395 Thread 0x000002b4984444a0 nmethod 7741 0x000002b487e42390 code [0x000002b487e429a0, 0x000002b487e4c040]
Event: 16.395 Thread 0x000002b4984444a0 7785       4       org.jetbrains.kotlin.com.intellij.openapi.vfs.impl.jar.CoreJarVirtualFile::getPath (130 bytes)
Event: 16.423 Thread 0x000002b49844aaa0 7786       3       org.jetbrains.kotlin.metadata.jvm.JvmProtoBuf$JvmPropertySignature::isInitialized (25 bytes)
Event: 16.423 Thread 0x000002b49844aaa0 nmethod 7786 0x000002b4810beb10 code [0x000002b4810becc0, 0x000002b4810beeb8]

GC Heap History (20 events):
Event: 6.183 GC heap after
{Heap after GC invocations=12 (full 0):
 garbage-first heap   total 59392K, used 27841K [0x0000000741800000, 0x0000000800000000)
  region size 2048K, 2 young (4096K), 2 survivors (4096K)
 Metaspace       used 41286K, committed 41536K, reserved 1089536K
  class space    used 5066K, committed 5184K, reserved 1048576K
}
Event: 6.273 GC heap before
{Heap before GC invocations=12 (full 0):
 garbage-first heap   total 59392K, used 27841K [0x0000000741800000, 0x0000000800000000)
  region size 2048K, 3 young (6144K), 2 survivors (4096K)
 Metaspace       used 41764K, committed 42048K, reserved 1089536K
  class space    used 5112K, committed 5248K, reserved 1048576K
}
Event: 6.288 GC heap after
{Heap after GC invocations=13 (full 0):
 garbage-first heap   total 59392K, used 28031K [0x0000000741800000, 0x0000000800000000)
  region size 2048K, 1 young (2048K), 1 survivors (2048K)
 Metaspace       used 41764K, committed 42048K, reserved 1089536K
  class space    used 5112K, committed 5248K, reserved 1048576K
}
Event: 6.854 GC heap before
{Heap before GC invocations=13 (full 0):
 garbage-first heap   total 59392K, used 40319K [0x0000000741800000, 0x0000000800000000)
  region size 2048K, 8 young (16384K), 1 survivors (2048K)
 Metaspace       used 45455K, committed 45760K, reserved 1089536K
  class space    used 5507K, committed 5632K, reserved 1048576K
}
Event: 6.861 GC heap after
{Heap after GC invocations=14 (full 0):
 garbage-first heap   total 59392K, used 28787K [0x0000000741800000, 0x0000000800000000)
  region size 2048K, 1 young (2048K), 1 survivors (2048K)
 Metaspace       used 45455K, committed 45760K, reserved 1089536K
  class space    used 5507K, committed 5632K, reserved 1048576K
}
Event: 7.674 GC heap before
{Heap before GC invocations=15 (full 0):
 garbage-first heap   total 59392K, used 45171K [0x0000000741800000, 0x0000000800000000)
  region size 2048K, 8 young (16384K), 1 survivors (2048K)
 Metaspace       used 48627K, committed 48832K, reserved 1097728K
  class space    used 5906K, committed 6016K, reserved 1048576K
}
Event: 7.684 GC heap after
{Heap after GC invocations=16 (full 0):
 garbage-first heap   total 59392K, used 32742K [0x0000000741800000, 0x0000000800000000)
  region size 2048K, 1 young (2048K), 1 survivors (2048K)
 Metaspace       used 48627K, committed 48832K, reserved 1097728K
  class space    used 5906K, committed 6016K, reserved 1048576K
}
Event: 7.787 GC heap before
{Heap before GC invocations=16 (full 0):
 garbage-first heap   total 59392K, used 34790K [0x0000000741800000, 0x0000000800000000)
  region size 2048K, 2 young (4096K), 1 survivors (2048K)
 Metaspace       used 48853K, committed 49088K, reserved 1097728K
  class space    used 5929K, committed 6080K, reserved 1048576K
}
Event: 7.800 GC heap after
{Heap after GC invocations=17 (full 0):
 garbage-first heap   total 59392K, used 32378K [0x0000000741800000, 0x0000000800000000)
  region size 2048K, 1 young (2048K), 1 survivors (2048K)
 Metaspace       used 48853K, committed 49088K, reserved 1097728K
  class space    used 5929K, committed 6080K, reserved 1048576K
}
Event: 8.365 GC heap before
{Heap before GC invocations=17 (full 0):
 garbage-first heap   total 59392K, used 44666K [0x0000000741800000, 0x0000000800000000)
  region size 2048K, 7 young (14336K), 1 survivors (2048K)
 Metaspace       used 50518K, committed 50816K, reserved 1097728K
  class space    used 6117K, committed 6272K, reserved 1048576K
}
Event: 8.377 GC heap after
{Heap after GC invocations=18 (full 0):
 garbage-first heap   total 108544K, used 34629K [0x0000000741800000, 0x0000000800000000)
  region size 2048K, 1 young (2048K), 1 survivors (2048K)
 Metaspace       used 50518K, committed 50816K, reserved 1097728K
  class space    used 6117K, committed 6272K, reserved 1048576K
}
Event: 10.430 GC heap before
{Heap before GC invocations=19 (full 0):
 garbage-first heap   total 108544K, used 75589K [0x0000000741800000, 0x0000000800000000)
  region size 2048K, 22 young (45056K), 1 survivors (2048K)
 Metaspace       used 54212K, committed 54464K, reserved 1097728K
  class space    used 6415K, committed 6528K, reserved 1048576K
}
Event: 10.452 GC heap after
{Heap after GC invocations=20 (full 0):
 garbage-first heap   total 108544K, used 38888K [0x0000000741800000, 0x0000000800000000)
  region size 2048K, 3 young (6144K), 3 survivors (6144K)
 Metaspace       used 54212K, committed 54464K, reserved 1097728K
  class space    used 6415K, committed 6528K, reserved 1048576K
}
Event: 11.808 GC heap before
{Heap before GC invocations=20 (full 0):
 garbage-first heap   total 108544K, used 77800K [0x0000000741800000, 0x0000000800000000)
  region size 2048K, 22 young (45056K), 3 survivors (6144K)
 Metaspace       used 55938K, committed 56192K, reserved 1105920K
  class space    used 6583K, committed 6720K, reserved 1048576K
}
Event: 11.838 GC heap after
{Heap after GC invocations=21 (full 0):
 garbage-first heap   total 108544K, used 44312K [0x0000000741800000, 0x0000000800000000)
  region size 2048K, 3 young (6144K), 3 survivors (6144K)
 Metaspace       used 55938K, committed 56192K, reserved 1105920K
  class space    used 6583K, committed 6720K, reserved 1048576K
}
Event: 12.722 GC heap before
{Heap before GC invocations=21 (full 0):
 garbage-first heap   total 108544K, used 81176K [0x0000000741800000, 0x0000000800000000)
  region size 2048K, 21 young (43008K), 3 survivors (6144K)
 Metaspace       used 57719K, committed 57984K, reserved 1105920K
  class space    used 6774K, committed 6912K, reserved 1048576K
}
Event: 12.749 GC heap after
{Heap after GC invocations=22 (full 0):
 garbage-first heap   total 108544K, used 49445K [0x0000000741800000, 0x0000000800000000)
  region size 2048K, 3 young (6144K), 3 survivors (6144K)
 Metaspace       used 57719K, committed 57984K, reserved 1105920K
  class space    used 6774K, committed 6912K, reserved 1048576K
}
Event: 13.943 GC heap before
{Heap before GC invocations=22 (full 0):
 garbage-first heap   total 108544K, used 80165K [0x0000000741800000, 0x0000000800000000)
  region size 2048K, 18 young (36864K), 3 survivors (6144K)
 Metaspace       used 63013K, committed 63296K, reserved 1105920K
  class space    used 7292K, committed 7424K, reserved 1048576K
}
Event: 13.964 GC heap after
{Heap after GC invocations=23 (full 0):
 garbage-first heap   total 108544K, used 52715K [0x0000000741800000, 0x0000000800000000)
  region size 2048K, 2 young (4096K), 2 survivors (4096K)
 Metaspace       used 63013K, committed 63296K, reserved 1105920K
  class space    used 7292K, committed 7424K, reserved 1048576K
}
Event: 16.455 GC heap before
{Heap before GC invocations=23 (full 0):
 garbage-first heap   total 108544K, used 83435K [0x0000000741800000, 0x0000000800000000)
  region size 2048K, 17 young (34816K), 2 survivors (4096K)
 Metaspace       used 66354K, committed 66624K, reserved 1114112K
  class space    used 7673K, committed 7808K, reserved 1048576K
}

Dll operation events (2 events):
Event: 0.011 Loaded shared library D:\app\AndroidStudio\jbr\bin\java.dll
Event: 1.883 Loaded shared library D:\app\AndroidStudio\jbr\bin\verify.dll

Deoptimization events (20 events):
Event: 15.231 Thread 0x000002b4f9eeafe0 Uncommon trap: trap_request=0xffffff45 fr.pc=0x000002b487d81b64 relative=0x00000000000027c4
Event: 15.231 Thread 0x000002b4f9eeafe0 Uncommon trap: reason=unstable_if action=reinterpret pc=0x000002b487d81b64 method=org.jetbrains.kotlin.metadata.ProtoBuf$Type.hasOuterType()Z @ 11 c2
Event: 15.231 Thread 0x000002b4f9eeafe0 DEOPT PACKING pc=0x000002b487d81b64 sp=0x000000e3436f9aa0
Event: 15.231 Thread 0x000002b4f9eeafe0 DEOPT UNPACKING pc=0x000002b4875869a3 sp=0x000000e3436f9a50 mode 2
Event: 16.412 Thread 0x000002b4f9eeafe0 Uncommon trap: trap_request=0xffffffbe fr.pc=0x000002b487e49014 relative=0x0000000000006674
Event: 16.412 Thread 0x000002b4f9eeafe0 Uncommon trap: reason=profile_predicate action=maybe_recompile pc=0x000002b487e49014 method=org.jetbrains.kotlin.cli.jvm.index.JvmDependenciesIndexImpl.search(Lorg/jetbrains/kotlin/cli/jvm/index/JvmDependenciesIndexImpl$SearchRequest;Lkotlin/jvm/functions
Event: 16.412 Thread 0x000002b4f9eeafe0 DEOPT PACKING pc=0x000002b487e49014 sp=0x000000e3436f9770
Event: 16.412 Thread 0x000002b4f9eeafe0 DEOPT UNPACKING pc=0x000002b4875869a3 sp=0x000000e3436f9748 mode 2
Event: 16.418 Thread 0x000002b4f9eeafe0 Uncommon trap: trap_request=0xffffffbe fr.pc=0x000002b487e49014 relative=0x0000000000006674
Event: 16.418 Thread 0x000002b4f9eeafe0 Uncommon trap: reason=profile_predicate action=maybe_recompile pc=0x000002b487e49014 method=org.jetbrains.kotlin.cli.jvm.index.JvmDependenciesIndexImpl.search(Lorg/jetbrains/kotlin/cli/jvm/index/JvmDependenciesIndexImpl$SearchRequest;Lkotlin/jvm/functions
Event: 16.418 Thread 0x000002b4f9eeafe0 DEOPT PACKING pc=0x000002b487e49014 sp=0x000000e3436f9770
Event: 16.418 Thread 0x000002b4f9eeafe0 DEOPT UNPACKING pc=0x000002b4875869a3 sp=0x000000e3436f9748 mode 2
Event: 16.422 Thread 0x000002b4f9eeafe0 Uncommon trap: trap_request=0xffffffbe fr.pc=0x000002b487e49014 relative=0x0000000000006674
Event: 16.422 Thread 0x000002b4f9eeafe0 Uncommon trap: reason=profile_predicate action=maybe_recompile pc=0x000002b487e49014 method=org.jetbrains.kotlin.cli.jvm.index.JvmDependenciesIndexImpl.search(Lorg/jetbrains/kotlin/cli/jvm/index/JvmDependenciesIndexImpl$SearchRequest;Lkotlin/jvm/functions
Event: 16.422 Thread 0x000002b4f9eeafe0 DEOPT PACKING pc=0x000002b487e49014 sp=0x000000e3436f9770
Event: 16.422 Thread 0x000002b4f9eeafe0 DEOPT UNPACKING pc=0x000002b4875869a3 sp=0x000000e3436f9748 mode 2
Event: 16.423 Thread 0x000002b4f9eeafe0 Uncommon trap: trap_request=0xffffffbe fr.pc=0x000002b487e49014 relative=0x0000000000006674
Event: 16.423 Thread 0x000002b4f9eeafe0 Uncommon trap: reason=profile_predicate action=maybe_recompile pc=0x000002b487e49014 method=org.jetbrains.kotlin.cli.jvm.index.JvmDependenciesIndexImpl.search(Lorg/jetbrains/kotlin/cli/jvm/index/JvmDependenciesIndexImpl$SearchRequest;Lkotlin/jvm/functions
Event: 16.423 Thread 0x000002b4f9eeafe0 DEOPT PACKING pc=0x000002b487e49014 sp=0x000000e3436f9770
Event: 16.423 Thread 0x000002b4f9eeafe0 DEOPT UNPACKING pc=0x000002b4875869a3 sp=0x000000e3436f9748 mode 2

Classes unloaded (0 events):
No events

Classes redefined (0 events):
No events

Internal exceptions (20 events):
Event: 5.115 Thread 0x000002b4f9eeafe0 Exception <a 'java/lang/NoSuchMethodError'{0x000000074b5837d8}: 'java.lang.Object java.lang.invoke.DirectMethodHandle$Holder.invokeVirtual(java.lang.Object, java.lang.Object, java.lang.Object)'> (0x000000074b5837d8) 
thrown [s\src\hotspot\share\interpreter\linkResolver.cpp, line 771]
Event: 6.659 Thread 0x000002b4f9eeafe0 Exception <a 'java/lang/NoSuchMethodError'{0x000000074456e690}: 'java.lang.Object java.lang.invoke.DirectMethodHandle$Holder.newInvokeSpecial(java.lang.Object, java.lang.Object, int)'> (0x000000074456e690) 
thrown [s\src\hotspot\share\interpreter\linkResolver.cpp, line 771]
Event: 6.746 Thread 0x000002b4f9eeafe0 Exception <a 'java/lang/NoSuchMethodError'{0x00000007442c3910}: 'java.lang.Object java.lang.invoke.DirectMethodHandle$Holder.invokeInterface(java.lang.Object, java.lang.Object)'> (0x00000007442c3910) 
thrown [s\src\hotspot\share\interpreter\linkResolver.cpp, line 771]
Event: 6.914 Thread 0x000002b4f9eeafe0 Exception <a 'java/lang/NoSuchMethodError'{0x000000074d6d1bf8}: 'java.lang.Object java.lang.invoke.DirectMethodHandle$Holder.newInvokeSpecial(java.lang.Object, java.lang.Object, java.lang.Object, int)'> (0x000000074d6d1bf8) 
thrown [s\src\hotspot\share\interpreter\linkResolver.cpp, line 771]
Event: 6.914 Thread 0x000002b4f9eeafe0 Exception <a 'java/lang/NoSuchMethodError'{0x000000074d6d6280}: 'java.lang.Object java.lang.invoke.DirectMethodHandle$Holder.invokeSpecial(java.lang.Object, java.lang.Object, java.lang.Object, java.lang.Object, int)'> (0x000000074d6d6280) 
thrown [s\src\hotspot\share\interpreter\linkResolver.cpp, line 771]
Event: 6.915 Thread 0x000002b4f9eeafe0 Exception <a 'java/lang/NoSuchMethodError'{0x000000074d6da0f0}: 'java.lang.Object java.lang.invoke.Invokers$Holder.linkToTargetMethod(java.lang.Object, java.lang.Object, int, java.lang.Object)'> (0x000000074d6da0f0) 
thrown [s\src\hotspot\share\interpreter\linkResolver.cpp, line 771]
Event: 8.975 Thread 0x000002b4f9eeafe0 Exception <a 'java/lang/NoSuchMethodError'{0x00000007477db1a0}: 'java.lang.Object java.lang.invoke.DirectMethodHandle$Holder.invokeStaticInit(java.lang.Object, java.lang.Object, java.lang.Object)'> (0x00000007477db1a0) 
thrown [s\src\hotspot\share\interpreter\linkResolver.cpp, line 771]
Event: 11.466 Thread 0x000002b4f9eeafe0 Exception <a 'java/lang/NoSuchMethodError'{0x0000000746612080}: 'java.lang.Object java.lang.invoke.DirectMethodHandle$Holder.newInvokeSpecial(java.lang.Object, java.lang.Object, java.lang.Object, java.lang.Object, java.lang.Object, java.lang.Object)'> (0x0000000746612080) 
thrown [s\src\hotspot\share\interpreter\linkResolver.cpp, line 771]
Event: 11.469 Thread 0x000002b4f9eeafe0 Exception <a 'java/lang/NoSuchMethodError'{0x000000074661bef0}: 'int java.lang.invoke.DirectMethodHandle$Holder.invokeStaticInit(java.lang.Object, int)'> (0x000000074661bef0) 
thrown [s\src\hotspot\share\interpreter\linkResolver.cpp, line 771]
Event: 12.108 Thread 0x000002b4f9eeafe0 Implicit null exception at 0x000002b487bf5c20 to 0x000002b487bf5d9c
Event: 12.108 Thread 0x000002b4f9eeafe0 Implicit null exception at 0x000002b487b33558 to 0x000002b487b335ee
Event: 12.645 Thread 0x000002b4f9eeafe0 Exception <a 'java/lang/NoSuchMethodError'{0x00000007461d47f8}: 'java.lang.Object java.lang.invoke.DirectMethodHandle$Holder.newInvokeSpecial(java.lang.Object, int, java.lang.Object)'> (0x00000007461d47f8) 
thrown [s\src\hotspot\share\interpreter\linkResolver.cpp, line 771]
Event: 12.647 Thread 0x000002b4f9eeafe0 Exception <a 'java/lang/NoSuchMethodError'{0x00000007461db320}: 'int java.lang.invoke.DirectMethodHandle$Holder.invokeInterface(java.lang.Object, java.lang.Object)'> (0x00000007461db320) 
thrown [s\src\hotspot\share\interpreter\linkResolver.cpp, line 771]
Event: 12.706 Thread 0x000002b4f9eeafe0 Exception <a 'java/lang/NoSuchMethodError'{0x0000000745ee5e28}: 'java.lang.Object java.lang.invoke.DirectMethodHandle$Holder.newInvokeSpecial(java.lang.Object, java.lang.Object, java.lang.Object, java.lang.Object, java.lang.Object, java.lang.Object, java.lang.Object)'> (0x0000000745ee5e28) 
thrown [s\src\hotspot\share\interpreter\linkResolver.cpp, line 771]
Event: 12.707 Thread 0x000002b4f9eeafe0 Exception <a 'java/lang/NoSuchMethodError'{0x0000000745eea9e0}: 'java.lang.Object java.lang.invoke.Invokers$Holder.linkToTargetMethod(java.lang.Object, java.lang.Object, java.lang.Object, java.lang.Object, java.lang.Object, java.lang.Object, java.lang.Object)'> (0x0000000745eea9e0) 
thrown [s\src\hotspot\share\interpreter\linkResolver.cpp, line 771]
Event: 12.996 Thread 0x000002b4f9eeafe0 Exception <a 'java/lang/NoSuchMethodError'{0x000000074b38fa70}: 'java.lang.Object java.lang.invoke.DirectMethodHandle$Holder.invokeInterface(java.lang.Object, java.lang.Object, java.lang.Object)'> (0x000000074b38fa70) 
thrown [s\src\hotspot\share\interpreter\linkResolver.cpp, line 771]
Event: 12.996 Thread 0x000002b4f9eeafe0 Exception <a 'java/lang/IncompatibleClassChangeError'{0x000000074b393bd8}: Found class java.lang.Object, but interface was expected> (0x000000074b393bd8) 
thrown [s\src\hotspot\share\interpreter\linkResolver.cpp, line 838]
Event: 13.194 Thread 0x000002b4f9eeafe0 Implicit null exception at 0x000002b487b6100f to 0x000002b487b61284
Event: 13.605 Thread 0x000002b4f9eeafe0 Exception <a 'java/lang/NoSuchMethodError'{0x0000000746dbda80}: 'int java.lang.invoke.DirectMethodHandle$Holder.invokeStaticInit(java.lang.Object, java.lang.Object, java.lang.Object, java.lang.Object)'> (0x0000000746dbda80) 
thrown [s\src\hotspot\share\interpreter\linkResolver.cpp, line 771]
Event: 14.196 Thread 0x000002b4f9eeafe0 Exception <a 'java/lang/NoSuchMethodError'{0x000000074b5f0900}: 'java.lang.Object java.lang.invoke.DirectMethodHandle$Holder.invokeSpecial(java.lang.Object, java.lang.Object, int, int, java.lang.Object, java.lang.Object, java.lang.Object, java.lang.Object, java.lang.Object)'> (0x000000074b5f0900) 
thrown [s\src\hotspot\share\interpreter\linkResolver.cpp, line 771]

VM Operations (20 events):
Event: 14.562 Executing VM operation: ICBufferFull done
Event: 14.606 Executing VM operation: HandshakeAllThreads
Event: 14.607 Executing VM operation: HandshakeAllThreads done
Event: 14.608 Executing VM operation: HandshakeAllThreads
Event: 14.609 Executing VM operation: HandshakeAllThreads done
Event: 14.609 Executing VM operation: HandshakeAllThreads
Event: 14.609 Executing VM operation: HandshakeAllThreads done
Event: 14.942 Executing VM operation: HandshakeAllThreads
Event: 14.942 Executing VM operation: HandshakeAllThreads done
Event: 14.995 Executing VM operation: ICBufferFull
Event: 14.995 Executing VM operation: ICBufferFull done
Event: 15.006 Executing VM operation: HandshakeAllThreads
Event: 15.006 Executing VM operation: HandshakeAllThreads done
Event: 15.007 Executing VM operation: HandshakeAllThreads
Event: 15.007 Executing VM operation: HandshakeAllThreads done
Event: 15.035 Executing VM operation: HandshakeAllThreads
Event: 15.035 Executing VM operation: HandshakeAllThreads done
Event: 16.036 Executing VM operation: Cleanup
Event: 16.036 Executing VM operation: Cleanup done
Event: 16.455 Executing VM operation: G1CollectForAllocation

Events (20 events):
Event: 12.505 Thread 0x000002b497a6bf80 flushing nmethod 0x000002b480b14410
Event: 12.506 Thread 0x000002b497a6bf80 flushing nmethod 0x000002b480b6e310
Event: 12.506 Thread 0x000002b497a6bf80 flushing nmethod 0x000002b480b9ab10
Event: 12.506 Thread 0x000002b497a6bf80 flushing nmethod 0x000002b480b9c890
Event: 12.506 Thread 0x000002b497a6bf80 flushing nmethod 0x000002b480bc4e10
Event: 12.506 Thread 0x000002b497a6bf80 flushing nmethod 0x000002b480bf2790
Event: 12.507 Thread 0x000002b497a6bf80 flushing nmethod 0x000002b480c55e90
Event: 12.507 Thread 0x000002b497a6bf80 flushing nmethod 0x000002b480cc2990
Event: 12.507 Thread 0x000002b497a6bf80 flushing nmethod 0x000002b480d03790
Event: 12.508 Thread 0x000002b497a6bf80 flushing nmethod 0x000002b480d5bb90
Event: 12.508 Thread 0x000002b497a6bf80 flushing nmethod 0x000002b480dc5910
Event: 12.509 Thread 0x000002b497a6bf80 flushing nmethod 0x000002b480e1bc10
Event: 12.509 Thread 0x000002b497a6bf80 flushing nmethod 0x000002b480e1c010
Event: 12.701 loading class java/util/Collections$CopiesList
Event: 12.701 loading class java/util/Collections$CopiesList done
Event: 14.622 Thread 0x000002b497a6bf80 flushing nmethod 0x000002b480a68c10
Event: 14.623 Thread 0x000002b497a6bf80 flushing nmethod 0x000002b480b42e10
Event: 14.624 Thread 0x000002b497a6bf80 flushing nmethod 0x000002b480cd2390
Event: 14.625 Thread 0x000002b497a6bf80 flushing nmethod 0x000002b480d0c310
Event: 16.073 Thread 0x000002b49a48fd20 Thread exited: 0x000002b49a48fd20


Dynamic libraries:
0x00007ff74f0d0000 - 0x00007ff74f0da000 	D:\app\AndroidStudio\jbr\bin\java.exe
0x00007ffd9d770000 - 0x00007ffd9d968000 	C:\Windows\SYSTEM32\ntdll.dll
0x00007ffd9cbf0000 - 0x00007ffd9ccaf000 	C:\Windows\System32\KERNEL32.DLL
0x00007ffd9b380000 - 0x00007ffd9b652000 	C:\Windows\System32\KERNELBASE.dll
0x00007ffd9ae60000 - 0x00007ffd9af60000 	C:\Windows\System32\ucrtbase.dll
0x00007ffd8c7f0000 - 0x00007ffd8c80b000 	D:\app\AndroidStudio\jbr\bin\VCRUNTIME140.dll
0x00007ffd8c850000 - 0x00007ffd8c867000 	D:\app\AndroidStudio\jbr\bin\jli.dll
0x00007ffd9d380000 - 0x00007ffd9d521000 	C:\Windows\System32\USER32.dll
0x00007ffd82be0000 - 0x00007ffd82e7a000 	C:\Windows\WinSxS\amd64_microsoft.windows.common-controls_6595b64144ccf1df_6.0.19041.1110_none_60b5254171f9507e\COMCTL32.dll
0x00007ffd9d2e0000 - 0x00007ffd9d37e000 	C:\Windows\System32\msvcrt.dll
0x00007ffd9afb0000 - 0x00007ffd9afd2000 	C:\Windows\System32\win32u.dll
0x00007ffd9d700000 - 0x00007ffd9d72b000 	C:\Windows\System32\GDI32.dll
0x00007ffd9b270000 - 0x00007ffd9b37f000 	C:\Windows\System32\gdi32full.dll
0x00007ffd9b1d0000 - 0x00007ffd9b26d000 	C:\Windows\System32\msvcp_win.dll
0x00007ffd9b980000 - 0x00007ffd9b9b2000 	C:\Windows\System32\IMM32.DLL
0x00007ffd98390000 - 0x00007ffd9839c000 	D:\app\AndroidStudio\jbr\bin\vcruntime140_1.dll
0x00007ffd7eef0000 - 0x00007ffd7ef7d000 	D:\app\AndroidStudio\jbr\bin\msvcp140.dll
0x00007ffd4d2d0000 - 0x00007ffd4df3d000 	D:\app\AndroidStudio\jbr\bin\server\jvm.dll
0x00007ffd9c1f0000 - 0x00007ffd9c29e000 	C:\Windows\System32\ADVAPI32.dll
0x00007ffd9cb50000 - 0x00007ffd9cbec000 	C:\Windows\System32\sechost.dll
0x00007ffd9cf90000 - 0x00007ffd9d0b5000 	C:\Windows\System32\RPCRT4.dll
0x00007ffd85be0000 - 0x00007ffd85be9000 	C:\Windows\SYSTEM32\WSOCK32.dll
0x00007ffd9d530000 - 0x00007ffd9d59b000 	C:\Windows\System32\WS2_32.dll
0x00007ffd88bc0000 - 0x00007ffd88be7000 	C:\Windows\SYSTEM32\WINMM.dll
0x00007ffd93510000 - 0x00007ffd9351a000 	C:\Windows\SYSTEM32\VERSION.dll
0x00007ffd99700000 - 0x00007ffd99712000 	C:\Windows\SYSTEM32\kernel.appcore.dll
0x00007ffd931d0000 - 0x00007ffd931da000 	D:\app\AndroidStudio\jbr\bin\jimage.dll
0x00007ffd98c20000 - 0x00007ffd98e04000 	C:\Windows\SYSTEM32\DBGHELP.DLL
0x00007ffd87800000 - 0x00007ffd87835000 	C:\Windows\SYSTEM32\dbgcore.DLL
0x00007ffd9b140000 - 0x00007ffd9b1c2000 	C:\Windows\System32\bcryptPrimitives.dll
0x00007ffd89c50000 - 0x00007ffd89c75000 	D:\app\AndroidStudio\jbr\bin\java.dll
0x00007ffd8c740000 - 0x00007ffd8c758000 	D:\app\AndroidStudio\jbr\bin\zip.dll
0x00007ffd9c2a0000 - 0x00007ffd9c9e5000 	C:\Windows\System32\SHELL32.dll
0x00007ffd98e10000 - 0x00007ffd995a2000 	C:\Windows\SYSTEM32\windows.storage.dll
0x00007ffd9be90000 - 0x00007ffd9c1e5000 	C:\Windows\System32\combase.dll
0x00007ffd9a7e0000 - 0x00007ffd9a810000 	C:\Windows\SYSTEM32\Wldp.dll
0x00007ffd9c9f0000 - 0x00007ffd9ca9d000 	C:\Windows\System32\SHCORE.dll
0x00007ffd9d680000 - 0x00007ffd9d6d5000 	C:\Windows\System32\shlwapi.dll
0x00007ffd9ada0000 - 0x00007ffd9adbf000 	C:\Windows\SYSTEM32\profapi.dll
0x00007ffd8c6c0000 - 0x00007ffd8c6d9000 	D:\app\AndroidStudio\jbr\bin\net.dll
0x00007ffd92480000 - 0x00007ffd9258c000 	C:\Windows\SYSTEM32\WINHTTP.dll
0x00007ffd9a540000 - 0x00007ffd9a5aa000 	C:\Windows\system32\mswsock.dll
0x00007ffd8c620000 - 0x00007ffd8c636000 	D:\app\AndroidStudio\jbr\bin\nio.dll
0x00007ffd8b5b0000 - 0x00007ffd8b5c0000 	D:\app\AndroidStudio\jbr\bin\verify.dll

dbghelp: loaded successfully - version: 4.0.5 - missing functions: none
symbol engine: initialized successfully - sym options: 0x614 - pdb path: .;D:\app\AndroidStudio\jbr\bin;C:\Windows\SYSTEM32;C:\Windows\WinSxS\amd64_microsoft.windows.common-controls_6595b64144ccf1df_6.0.19041.1110_none_60b5254171f9507e;D:\app\AndroidStudio\jbr\bin\server

VM Arguments:
java_command: org.jetbrains.kotlin.cli.jvm.K2JVMCompiler @C:\Users\Tafita\AndroidStudioProjects\TourismeMadagascar\app\build\20230803_3055933259388318025.compiler.options
java_class_path (initial): C:\Users\Tafita\.gradle\caches\modules-2\files-2.1\org.jetbrains.kotlin\kotlin-compiler-embeddable\1.7.20\8db18559a581dd2c36ddfd5046af145650f5b126\kotlin-compiler-embeddable-1.7.20.jar;C:\Users\Tafita\.gradle\caches\modules-2\files-2.1\org.jetbrains.kotlin\kotlin-reflect\1.7.20\12b2501e33bb6373e8e347c86d85481863629381\kotlin-reflect-1.7.20.jar;C:\Users\Tafita\.gradle\caches\modules-2\files-2.1\org.jetbrains.kotlin\kotlin-stdlib\1.7.20\726594ea9ba2beb2ee113647fefa9a10f9fabe52\kotlin-stdlib-1.7.20.jar;C:\Users\Tafita\.gradle\caches\modules-2\files-2.1\org.jetbrains.kotlin\kotlin-script-runtime\1.7.20\bcd1cc6f865e632550357fcc59f5ffd532615a8\kotlin-script-runtime-1.7.20.jar;C:\Users\Tafita\.gradle\caches\modules-2\files-2.1\org.jetbrains.kotlin\kotlin-daemon-embeddable\1.7.20\1e24355adad8d529d75d5b19eab55484057431ba\kotlin-daemon-embeddable-1.7.20.jar;C:\Users\Tafita\.gradle\caches\modules-2\files-2.1\org.jetbrains.intellij.deps\trove4j\1.0.20200330\3afb14d5f9ceb459d724e907a21145e8ff394f02\trove4j-1.0.20200330.jar;C:\Users\Tafita\.gradle\caches\modules-2\files-2.1\net.java.dev.jna\jna\5.6.0\330f2244e9030119ab3030fc3fededc86713d9cc\jna-5.6.0.jar;C:\Users\Tafita\.gradle\caches\modules-2\files-2.1\org.jetbrains.kotlin\kotlin-stdlib-common\1.7.20\e15351bdaf9fa06f009be5da7a202e4184f00ae3\kotlin-stdlib-common-1.7.20.jar;C:\Users\Tafita\.gradle\caches\modules-2\files-2.1\org.jetbrains\annotations\13.0\919f0dfe192fb4e063e7dacadee7f8bb9a2672a9\annotations-13.0.jar
Launcher Type: SUN_STANDARD

[Global flags]
     intx CICompilerCount                          = 3                                         {product} {ergonomic}
     uint ConcGCThreads                            = 1                                         {product} {ergonomic}
     uint G1ConcRefinementThreads                  = 4                                         {product} {ergonomic}
   size_t G1HeapRegionSize                         = 2097152                                   {product} {ergonomic}
    uintx GCDrainStackTargetSize                   = 64                                        {product} {ergonomic}
   size_t InitialHeapSize                          = 201326592                                 {product} {ergonomic}
   size_t MarkStackSize                            = 4194304                                   {product} {ergonomic}
   size_t MaxHeapSize                              = 3196059648                                {product} {ergonomic}
   size_t MaxNewSize                               = 1916796928                                {product} {ergonomic}
   size_t MinHeapDeltaBytes                        = 2097152                                   {product} {ergonomic}
   size_t MinHeapSize                              = 8388608                                   {product} {ergonomic}
    uintx NonNMethodCodeHeapSize                   = 5832780                                {pd product} {ergonomic}
    uintx NonProfiledCodeHeapSize                  = 122912730                              {pd product} {ergonomic}
    uintx ProfiledCodeHeapSize                     = 122912730                              {pd product} {ergonomic}
    uintx ReservedCodeCacheSize                    = 251658240                              {pd product} {ergonomic}
     bool SegmentedCodeCache                       = true                                      {product} {ergonomic}
   size_t SoftMaxHeapSize                          = 3196059648                             {manageable} {ergonomic}
     bool UseCompressedClassPointers               = true                           {product lp64_product} {ergonomic}
     bool UseCompressedOops                        = true                           {product lp64_product} {ergonomic}
     bool UseG1GC                                  = true                                      {product} {ergonomic}
     bool UseLargePagesIndividualAllocation        = false                                  {pd product} {ergonomic}

Logging:
Log output configuration:
 #0: stdout all=warning uptime,level,tags
 #1: stderr all=off uptime,level,tags

Environment Variables:
JAVA_HOME=C:\Program Files\Java\jdk1.8.0_251
CLASSPATH=C:\Program Files (x86)\Java\jdk1.7.0\jre\lib\ext\ojdbc6.jar
PATH=C:\Program Files\Common Files\Oracle\Java\javapath;C:\Program Files (x86)\Common Files\Oracle\Java\javapath;C:\Python311\Scripts\;C:\Python311\;C:\Program Files (x86)\Common Files\Intel\Shared Libraries\redist\intel64\compiler;D:\app\Tafita\product\11.2.0\dbhome_1\bin;C:\Windows\system32;C:\Windows;C:\Windows\System32\Wbem;C:\Windows\System32\WindowsPowerShell\v1.0\;C:\Windows\System32\OpenSSH\;C:\program files (x86)\skype\Phone\;C:\Program Files\Java\jdk1.8.0_251\bin;C:\Program Files\Microsoft SQL Server\Client SDK\ODBC\170\Tools\Binn\;C:\Program Files\dotnet\;C:\Program Files\Microsoft SQL Server\130\Tools\Binn\;C:\Program Files (x86)\Microsoft SQL Server\150\Tools\Binn\;C:\Program Files\Microsoft SQL Server\150\Tools\Binn\;C:\Program Files\Microsoft SQL Server\150\DTS\Binn\;C:\xampp\mysql\bin;D:\Programmes files\Git\cmd;C:\Program Files\MongoDB\Server\3.2\bin;C:\Program Files\PostgreSQL\11\bin;C:\Program Files\MongoDB\Server\6.0\bin;C:\ProgramData\chocolatey\bin;C:\Program Files\nodejs\;C:\Users\Tafita\AppData\Local\Programs\Python\Python38-32\Scripts\;C:\Users\Tafita\AppData\Local\Programs\Python\Python38-32\;C:\Users\Tafita\AppData\Local\Microsoft\WindowsApps;C:\Users\Tafita\AppData\Local\GitHubDesktop\bin;C:\Users\Tafita\.dotnet\tools;C:\Program Files\JetBrains\PyCharm Community Edition 2019.3.3\bin;;C:\Users\Tafita\AppData\Local\Programs\Microsoft VS Code\bin;C:\Program Files\heroku\bin;C:\Users\Tafita\AppData\Roaming\npm;D:\app\IntelliJ IDEA Community Edition 2023.1.1\bin;
USERNAME=Tafita
OS=Windows_NT
PROCESSOR_IDENTIFIER=Intel64 Family 6 Model 61 Stepping 4, GenuineIntel
TMP=C:\Users\Tafita\AppData\Local\Temp
TEMP=C:\Users\Tafita\AppData\Local\Temp



---------------  S Y S T E M  ---------------

OS:
 Windows 10 , 64 bit Build 19041 (10.0.19041.2546)
OS uptime: 40 days 6:31 hours

CPU: total 4 (initial active 4) (2 cores per cpu, 2 threads per core) family 6 model 61 stepping 4 microcode 0x2d, cx8, cmov, fxsr, ht, mmx, 3dnowpref, sse, sse2, sse3, ssse3, sse4.1, sse4.2, popcnt, lzcnt, tsc, tscinvbit, avx, avx2, aes, erms, clmul, bmi1, bmi2, adx, fma, vzeroupper, clflush

Memory: 4k page, system-wide physical 12190M (1849M free)
TotalPageFile size 14238M (AvailPageFile size 22M)
current process WorkingSet (physical memory assigned to process): 279M, peak: 286M
current process commit charge ("private bytes"): 314M, peak: 335M

vm_info: OpenJDK 64-Bit Server VM (17.0.6+0-b2043.56-9586694) for windows-amd64 JRE (17.0.6+0-b2043.56-9586694), built on Feb  9 2023 20:06:20 by "androidbuild" with MS VC++ 16.10 / 16.11 (VS2019)

END.
