#
# There is insufficient memory for the Java Runtime Environment to continue.
# Native memory allocation (mmap) failed to map 241172480 bytes for G1 virtual space
# Possible reasons:
#   The system is out of physical RAM or swap space
#   The process is running with CompressedOops enabled, and the Java Heap may be blocking the growth of the native heap
# Possible solutions:
#   Reduce memory load on the system
#   Increase physical memory or swap space
#   Check if swap backing store is full
#   Decrease Java heap size (-Xmx/-Xms)
#   Decrease number of Java threads
#   Decrease Java thread stack sizes (-Xss)
#   Set larger code cache with -XX:ReservedCodeCacheSize=
#   JVM is running with Zero Based Compressed Oops mode in which the Java heap is
#     placed in the first 32GB address space. The Java Heap base address is the
#     maximum limit for the native heap growth. Please use -XX:HeapBaseMinAddress
#     to set the Java Heap base and to place the Java Heap above 32GB virtual address.
# This output file may be truncated or incomplete.
#
#  Out of Memory Error (os_windows.cpp:3769), pid=20936, tid=11112
#
# JRE version: OpenJDK Runtime Environment (17.0.6) (build 17.0.6+0-b2043.56-9586694)
# Java VM: OpenJDK 64-Bit Server VM (17.0.6+0-b2043.56-9586694, mixed mode, tiered, compressed oops, compressed class ptrs, g1 gc, windows-amd64)
# No core dump will be written. Minidumps are not enabled by default on client versions of Windows
#

---------------  S U M M A R Y ------------

Command Line: --add-opens=java.base/java.util=ALL-UNNAMED --add-opens=java.base/java.lang=ALL-UNNAMED --add-opens=java.base/java.lang.invoke=ALL-UNNAMED --add-opens=java.prefs/java.util.prefs=ALL-UNNAMED --add-opens=java.base/java.nio.charset=ALL-UNNAMED --add-opens=java.base/java.net=ALL-UNNAMED --add-opens=java.base/java.util.concurrent.atomic=ALL-UNNAMED -Xmx3048m -Dfile.encoding=UTF-8 -Duser.country=FR -Duser.language=fr -Duser.variant org.gradle.launcher.daemon.bootstrap.GradleDaemon 8.0

Host: Intel(R) Core(TM) i5-5200U CPU @ 2.20GHz, 4 cores, 11G,  Windows 10 , 64 bit Build 19041 (10.0.19041.2546)
Time: Tue Aug  1 21:00:03 2023 Afrique de l, 64 bit Build 19041 (10.0.19041.2546) elapsed time: 37.981330 seconds (0d 0h 0m 37s)

---------------  T H R E A D  ---------------

Current thread (0x000001ad7fbc8f70):  VMThread "VM Thread" [stack: 0x0000000928600000,0x0000000928700000] [id=11112]

Stack: [0x0000000928600000,0x0000000928700000]
Native frames: (J=compiled Java code, j=interpreted, Vv=VM code, C=native code)
V  [jvm.dll+0x683b4a]
V  [jvm.dll+0x842654]
V  [jvm.dll+0x843dfe]
V  [jvm.dll+0x844463]
V  [jvm.dll+0x249b75]
V  [jvm.dll+0x680a19]
V  [jvm.dll+0x674f0a]
V  [jvm.dll+0x309acb]
V  [jvm.dll+0x310f86]
V  [jvm.dll+0x3608ee]
V  [jvm.dll+0x360b1f]
V  [jvm.dll+0x2dfbf8]
V  [jvm.dll+0x2ddec4]
V  [jvm.dll+0x2dd4cc]
V  [jvm.dll+0x322261]
V  [jvm.dll+0x84893b]
V  [jvm.dll+0x849674]
V  [jvm.dll+0x849b8d]
V  [jvm.dll+0x849f64]
V  [jvm.dll+0x84a030]
V  [jvm.dll+0x7f25fa]
V  [jvm.dll+0x682985]
C  [ucrtbase.dll+0x21bb2]
C  [KERNEL32.DLL+0x17614]
C  [ntdll.dll+0x526a1]

VM_Operation (0x000000092e6fd1f0): G1TryInitiateConcMark, mode: safepoint, requested by thread 0x000001ad093e4000


---------------  P R O C E S S  ---------------

Threads class SMR info:
_java_thread_list=0x000001ad0c425200, length=94, elements={
0x000001ad6501e000, 0x000001ad03814630, 0x000001ad03819de0, 0x000001ad7fbdcb00,
0x000001ad7fbde3d0, 0x000001ad7fbdf430, 0x000001ad7fbdfcf0, 0x000001ad7fbe1130,
0x000001ad0383eee0, 0x000001ad03859f60, 0x000001ad039aa9a0, 0x000001ad039ad6a0,
0x000001ad04cf3050, 0x000001ad0603c4c0, 0x000001ad06854da0, 0x000001ad0524e0d0,
0x000001ad04fdb110, 0x000001ad042de380, 0x000001ad060de940, 0x000001ad0629a870,
0x000001ad0629ca20, 0x000001ad06299530, 0x000001ad06299a00, 0x000001ad0629b6e0,
0x000001ad06299ed0, 0x000001ad0629c080, 0x000001ad06299060, 0x000001ad0629ad40,
0x000001ad0629b210, 0x000001ad0629bbb0, 0x000001ad0629c550, 0x000001ad06374090,
0x000001ad06377580, 0x000001ad06372880, 0x000001ad063736f0, 0x000001ad06376be0,
0x000001ad06377a50, 0x000001ad063758a0, 0x000001ad06377f20, 0x000001ad06373bc0,
0x000001ad06376710, 0x000001ad06375d70, 0x000001ad063788c0, 0x000001ad063783f0,
0x000001ad06371070, 0x000001ad06374a30, 0x000001ad063770b0, 0x000001ad06372d50,
0x000001ad06524980, 0x000001ad065291b0, 0x000001ad065274d0, 0x000001ad06522300,
0x000001ad065257f0, 0x000001ad06526660, 0x000001ad06528340, 0x000001ad06529680,
0x000001ad06525cc0, 0x000001ad06528810, 0x000001ad06526190, 0x000001ad06527e70,
0x000001ad06523640, 0x000001ad06528ce0, 0x000001ad06529b50, 0x000001ad06522ca0,
0x000001ad065279a0, 0x000001ad06525320, 0x000001ad065227d0, 0x000001ad06527000,
0x000001ad06526b30, 0x000001ad06523170, 0x000001ad06523b10, 0x000001ad06523fe0,
0x000001ad065244b0, 0x000001ad06524e50, 0x000001ad03965600, 0x000001ad0395fa90,
0x000001ad03964790, 0x000001ad03962110, 0x000001ad0395e750, 0x000001ad03963450,
0x000001ad03960430, 0x000001ad039642c0, 0x000001ad03960900, 0x000001ad0395ddb0,
0x000001ad03964c60, 0x000001ad03965130, 0x000001ad0395f0f0, 0x000001ad0395f5c0,
0x000001ad093e0170, 0x000001ad093e0b10, 0x000001ad093dd620, 0x000001ad093df300,
0x000001ad093e4000, 0x000001ad093e4e70
}

Java Threads: ( => current thread )
  0x000001ad6501e000 JavaThread "main" [_thread_blocked, id=24416, stack(0x0000000928000000,0x0000000928100000)]
  0x000001ad03814630 JavaThread "Reference Handler" daemon [_thread_blocked, id=21224, stack(0x0000000928700000,0x0000000928800000)]
  0x000001ad03819de0 JavaThread "Finalizer" daemon [_thread_blocked, id=24940, stack(0x0000000928800000,0x0000000928900000)]
  0x000001ad7fbdcb00 JavaThread "Signal Dispatcher" daemon [_thread_blocked, id=2356, stack(0x0000000928900000,0x0000000928a00000)]
  0x000001ad7fbde3d0 JavaThread "Attach Listener" daemon [_thread_blocked, id=19136, stack(0x0000000928a00000,0x0000000928b00000)]
  0x000001ad7fbdf430 JavaThread "Service Thread" daemon [_thread_blocked, id=22836, stack(0x0000000928b00000,0x0000000928c00000)]
  0x000001ad7fbdfcf0 JavaThread "Monitor Deflation Thread" daemon [_thread_blocked, id=23420, stack(0x0000000928c00000,0x0000000928d00000)]
  0x000001ad7fbe1130 JavaThread "C2 CompilerThread0" daemon [_thread_blocked, id=21364, stack(0x0000000928d00000,0x0000000928e00000)]
  0x000001ad0383eee0 JavaThread "C1 CompilerThread0" daemon [_thread_blocked, id=18336, stack(0x0000000928e00000,0x0000000928f00000)]
  0x000001ad03859f60 JavaThread "Sweeper thread" daemon [_thread_blocked, id=24236, stack(0x0000000928f00000,0x0000000929000000)]
  0x000001ad039aa9a0 JavaThread "Common-Cleaner" daemon [_thread_blocked, id=19256, stack(0x0000000929000000,0x0000000929100000)]
  0x000001ad039ad6a0 JavaThread "Notification Thread" daemon [_thread_blocked, id=23328, stack(0x0000000929100000,0x0000000929200000)]
  0x000001ad04cf3050 JavaThread "Daemon health stats" [_thread_blocked, id=24740, stack(0x0000000929300000,0x0000000929400000)]
  0x000001ad0603c4c0 JavaThread "Incoming local TCP Connector on port 61129" [_thread_in_native, id=15332, stack(0x0000000929700000,0x0000000929800000)]
  0x000001ad06854da0 JavaThread "Daemon periodic checks" [_thread_blocked, id=4368, stack(0x0000000929800000,0x0000000929900000)]
  0x000001ad0524e0d0 JavaThread "Daemon" [_thread_blocked, id=24168, stack(0x0000000929900000,0x0000000929a00000)]
  0x000001ad04fdb110 JavaThread "Handler for socket connection from /127.0.0.1:61129 to /127.0.0.1:61131" [_thread_in_native, id=24180, stack(0x0000000929a00000,0x0000000929b00000)]
  0x000001ad042de380 JavaThread "Cancel handler" [_thread_blocked, id=9896, stack(0x0000000929b00000,0x0000000929c00000)]
  0x000001ad060de940 JavaThread "Daemon worker" [_thread_blocked, id=18008, stack(0x0000000929c00000,0x0000000929d00000)]
  0x000001ad0629a870 JavaThread "Asynchronous log dispatcher for DefaultDaemonConnection: socket connection from /127.0.0.1:61129 to /127.0.0.1:61131" [_thread_blocked, id=13296, stack(0x0000000929d00000,0x0000000929e00000)]
  0x000001ad0629ca20 JavaThread "Stdin handler" [_thread_blocked, id=15196, stack(0x0000000929e00000,0x0000000929f00000)]
  0x000001ad06299530 JavaThread "Daemon client event forwarder" [_thread_blocked, id=21096, stack(0x0000000929f00000,0x000000092a000000)]
  0x000001ad06299a00 JavaThread "Cache worker for journal cache (C:\Users\Tafita\.gradle\caches\journal-1)" [_thread_blocked, id=22224, stack(0x000000092a000000,0x000000092a100000)]
  0x000001ad0629b6e0 JavaThread "File lock request listener" [_thread_in_native, id=20772, stack(0x000000092a100000,0x000000092a200000)]
  0x000001ad06299ed0 JavaThread "Cache worker for file hash cache (C:\Users\Tafita\.gradle\caches\8.0\fileHashes)" [_thread_blocked, id=8436, stack(0x000000092a200000,0x000000092a300000)]
  0x000001ad0629c080 JavaThread "File watcher server" daemon [_thread_blocked, id=10328, stack(0x000000092a400000,0x000000092a500000)]
  0x000001ad06299060 JavaThread "File watcher consumer" daemon [_thread_blocked, id=4892, stack(0x000000092a500000,0x000000092a600000)]
  0x000001ad0629ad40 JavaThread "Cache worker for checksums cache (C:\Users\Tafita\AndroidStudioProjects\TourismeMadagascar\.gradle\8.0\checksums)" [_thread_blocked, id=22712, stack(0x000000092a300000,0x000000092a400000)]
  0x000001ad0629b210 JavaThread "Cache worker for cache directory md-rule (C:\Users\Tafita\.gradle\caches\8.0\md-rule)" [_thread_blocked, id=13548, stack(0x000000092a600000,0x000000092a700000)]
  0x000001ad0629bbb0 JavaThread "Cache worker for file content cache (C:\Users\Tafita\.gradle\caches\8.0\fileContent)" [_thread_blocked, id=5736, stack(0x000000092a700000,0x000000092a800000)]
  0x000001ad0629c550 JavaThread "Cache worker for file hash cache (C:\Users\Tafita\AndroidStudioProjects\TourismeMadagascar\.gradle\8.0\fileHashes)" [_thread_blocked, id=24496, stack(0x000000092a800000,0x000000092a900000)]
  0x000001ad06374090 JavaThread "Cache worker for cache directory md-supplier (C:\Users\Tafita\.gradle\caches\8.0\md-supplier)" [_thread_blocked, id=5540, stack(0x000000092a900000,0x000000092aa00000)]
  0x000001ad06377580 JavaThread "Cache worker for execution history cache (C:\Users\Tafita\.gradle\caches\8.0\executionHistory)" [_thread_blocked, id=7756, stack(0x000000092aa00000,0x000000092ab00000)]
  0x000001ad06372880 JavaThread "jar transforms" [_thread_blocked, id=12156, stack(0x000000092ab00000,0x000000092ac00000)]
  0x000001ad063736f0 JavaThread "jar transforms Thread 2" [_thread_blocked, id=24848, stack(0x000000092ac00000,0x000000092ad00000)]
  0x000001ad06376be0 JavaThread "jar transforms Thread 3" [_thread_blocked, id=24096, stack(0x000000092ad00000,0x000000092ae00000)]
  0x000001ad06377a50 JavaThread "jar transforms Thread 4" [_thread_blocked, id=13212, stack(0x000000092b000000,0x000000092b100000)]
  0x000001ad063758a0 JavaThread "Cache worker for dependencies-accessors (C:\Users\Tafita\AndroidStudioProjects\TourismeMadagascar\.gradle\8.0\dependencies-accessors)" [_thread_blocked, id=25164, stack(0x000000092b100000,0x000000092b200000)]
  0x000001ad06377f20 JavaThread "Cache worker for Build Output Cleanup Cache (C:\Users\Tafita\AndroidStudioProjects\TourismeMadagascar\.gradle\buildOutputCleanup)" [_thread_blocked, id=24908, stack(0x000000092af00000,0x000000092b000000)]
  0x000001ad06373bc0 JavaThread "Unconstrained build operations" [_thread_blocked, id=11720, stack(0x000000092b300000,0x000000092b400000)]
  0x000001ad06376710 JavaThread "Unconstrained build operations Thread 2" [_thread_blocked, id=6276, stack(0x000000092b400000,0x000000092b500000)]
  0x000001ad06375d70 JavaThread "Unconstrained build operations Thread 3" [_thread_blocked, id=11804, stack(0x000000092b500000,0x000000092b600000)]
  0x000001ad063788c0 JavaThread "Unconstrained build operations Thread 4" [_thread_blocked, id=25492, stack(0x000000092b600000,0x000000092b700000)]
  0x000001ad063783f0 JavaThread "Unconstrained build operations Thread 5" [_thread_blocked, id=24856, stack(0x000000092b700000,0x000000092b800000)]
  0x000001ad06371070 JavaThread "Unconstrained build operations Thread 6" [_thread_blocked, id=12384, stack(0x000000092b800000,0x000000092b900000)]
  0x000001ad06374a30 JavaThread "Unconstrained build operations Thread 7" [_thread_blocked, id=9740, stack(0x000000092b900000,0x000000092ba00000)]
  0x000001ad063770b0 JavaThread "Unconstrained build operations Thread 8" [_thread_blocked, id=23712, stack(0x000000092ba00000,0x000000092bb00000)]
  0x000001ad06372d50 JavaThread "Unconstrained build operations Thread 9" [_thread_blocked, id=18116, stack(0x000000092bb00000,0x000000092bc00000)]
  0x000001ad06524980 JavaThread "Unconstrained build operations Thread 10" [_thread_blocked, id=23728, stack(0x000000092bc00000,0x000000092bd00000)]
  0x000001ad065291b0 JavaThread "Unconstrained build operations Thread 11" [_thread_blocked, id=14112, stack(0x000000092bd00000,0x000000092be00000)]
  0x000001ad065274d0 JavaThread "Unconstrained build operations Thread 12" [_thread_blocked, id=19608, stack(0x000000092be00000,0x000000092bf00000)]
  0x000001ad06522300 JavaThread "Unconstrained build operations Thread 13" [_thread_blocked, id=6644, stack(0x000000092bf00000,0x000000092c000000)]
  0x000001ad065257f0 JavaThread "Unconstrained build operations Thread 14" [_thread_blocked, id=12860, stack(0x000000092c000000,0x000000092c100000)]
  0x000001ad06526660 JavaThread "Unconstrained build operations Thread 15" [_thread_blocked, id=21536, stack(0x000000092c100000,0x000000092c200000)]
  0x000001ad06528340 JavaThread "Unconstrained build operations Thread 16" [_thread_blocked, id=20316, stack(0x000000092c200000,0x000000092c300000)]
  0x000001ad06529680 JavaThread "Unconstrained build operations Thread 17" [_thread_blocked, id=23476, stack(0x000000092c300000,0x000000092c400000)]
  0x000001ad06525cc0 JavaThread "Unconstrained build operations Thread 18" [_thread_blocked, id=6596, stack(0x000000092c400000,0x000000092c500000)]
  0x000001ad06528810 JavaThread "Unconstrained build operations Thread 19" [_thread_blocked, id=17816, stack(0x000000092c500000,0x000000092c600000)]
  0x000001ad06526190 JavaThread "Unconstrained build operations Thread 20" [_thread_blocked, id=20812, stack(0x000000092c600000,0x000000092c700000)]
  0x000001ad06527e70 JavaThread "Unconstrained build operations Thread 21" [_thread_blocked, id=25484, stack(0x000000092c700000,0x000000092c800000)]
  0x000001ad06523640 JavaThread "Unconstrained build operations Thread 22" [_thread_blocked, id=4964, stack(0x000000092c800000,0x000000092c900000)]
  0x000001ad06528ce0 JavaThread "Unconstrained build operations Thread 23" [_thread_blocked, id=10232, stack(0x000000092c900000,0x000000092ca00000)]
  0x000001ad06529b50 JavaThread "Unconstrained build operations Thread 24" [_thread_blocked, id=22912, stack(0x000000092ca00000,0x000000092cb00000)]
  0x000001ad06522ca0 JavaThread "Unconstrained build operations Thread 25" [_thread_blocked, id=12340, stack(0x000000092cb00000,0x000000092cc00000)]
  0x000001ad065279a0 JavaThread "Unconstrained build operations Thread 26" [_thread_blocked, id=16248, stack(0x000000092cc00000,0x000000092cd00000)]
  0x000001ad06525320 JavaThread "Unconstrained build operations Thread 27" [_thread_blocked, id=11500, stack(0x000000092cd00000,0x000000092ce00000)]
  0x000001ad065227d0 JavaThread "Unconstrained build operations Thread 28" [_thread_blocked, id=14184, stack(0x000000092ce00000,0x000000092cf00000)]
  0x000001ad06527000 JavaThread "Unconstrained build operations Thread 29" [_thread_blocked, id=8068, stack(0x000000092cf00000,0x000000092d000000)]
  0x000001ad06526b30 JavaThread "Unconstrained build operations Thread 30" [_thread_blocked, id=8860, stack(0x000000092d000000,0x000000092d100000)]
  0x000001ad06523170 JavaThread "Unconstrained build operations Thread 31" [_thread_blocked, id=19360, stack(0x000000092d100000,0x000000092d200000)]
  0x000001ad06523b10 JavaThread "Unconstrained build operations Thread 32" [_thread_blocked, id=4652, stack(0x000000092d200000,0x000000092d300000)]
  0x000001ad06523fe0 JavaThread "Unconstrained build operations Thread 33" [_thread_blocked, id=272, stack(0x000000092d300000,0x000000092d400000)]
  0x000001ad065244b0 JavaThread "Unconstrained build operations Thread 34" [_thread_blocked, id=3096, stack(0x000000092d400000,0x000000092d500000)]
  0x000001ad06524e50 JavaThread "Unconstrained build operations Thread 35" [_thread_blocked, id=2368, stack(0x000000092d500000,0x000000092d600000)]
  0x000001ad03965600 JavaThread "Unconstrained build operations Thread 36" [_thread_blocked, id=11560, stack(0x000000092d600000,0x000000092d700000)]
  0x000001ad0395fa90 JavaThread "Unconstrained build operations Thread 37" [_thread_blocked, id=10500, stack(0x000000092d700000,0x000000092d800000)]
  0x000001ad03964790 JavaThread "Unconstrained build operations Thread 38" [_thread_blocked, id=7392, stack(0x000000092d800000,0x000000092d900000)]
  0x000001ad03962110 JavaThread "Unconstrained build operations Thread 39" [_thread_blocked, id=11060, stack(0x000000092d900000,0x000000092da00000)]
  0x000001ad0395e750 JavaThread "Unconstrained build operations Thread 40" [_thread_blocked, id=12436, stack(0x000000092da00000,0x000000092db00000)]
  0x000001ad03963450 JavaThread "build event listener" [_thread_blocked, id=9720, stack(0x000000092db00000,0x000000092dc00000)]
  0x000001ad03960430 JavaThread "Memory manager" [_thread_blocked, id=24128, stack(0x000000092dc00000,0x000000092dd00000)]
  0x000001ad039642c0 JavaThread "pool-3-thread-1" [_thread_blocked, id=18584, stack(0x000000092dd00000,0x000000092de00000)]
  0x000001ad03960900 JavaThread "build event listener" [_thread_blocked, id=22052, stack(0x000000092de00000,0x000000092df00000)]
  0x000001ad0395ddb0 JavaThread "included builds" [_thread_blocked, id=1152, stack(0x000000092df00000,0x000000092e000000)]
  0x000001ad03964c60 JavaThread "Execution worker" [_thread_blocked, id=25332, stack(0x000000092e000000,0x000000092e100000)]
  0x000001ad03965130 JavaThread "Execution worker Thread 2" [_thread_blocked, id=12276, stack(0x000000092e100000,0x000000092e200000)]
  0x000001ad0395f0f0 JavaThread "Execution worker Thread 3" [_thread_blocked, id=9204, stack(0x000000092e200000,0x000000092e300000)]
  0x000001ad0395f5c0 JavaThread "Cache worker for execution history cache (C:\Users\Tafita\AndroidStudioProjects\TourismeMadagascar\.gradle\8.0\executionHistory)" [_thread_blocked, id=11048, stack(0x000000092e300000,0x000000092e400000)]
  0x000001ad093e0170 JavaThread "WorkerExecutor Queue" [_thread_in_native, id=15368, stack(0x000000092e400000,0x000000092e500000)]
  0x000001ad093e0b10 JavaThread "RMI Scheduler(0)" daemon [_thread_blocked, id=15072, stack(0x000000092e500000,0x000000092e600000)]
  0x000001ad093dd620 JavaThread "Thread-73" [_thread_in_native, id=8216, stack(0x000000092eb00000,0x000000092ec00000)]
  0x000001ad093df300 JavaThread "WorkerExecutor Queue Thread 2" [_thread_blocked, id=12336, stack(0x000000092ec00000,0x000000092ed00000)]
  0x000001ad093e4000 JavaThread "WorkerExecutor Queue Thread 3" [_thread_blocked, id=24540, stack(0x000000092e600000,0x000000092e700000)]
  0x000001ad093e4e70 JavaThread "WorkerExecutor Queue Thread 4" [_thread_blocked, id=19776, stack(0x000000092e800000,0x000000092e900000)]

Other Threads:
=>0x000001ad7fbc8f70 VMThread "VM Thread" [stack: 0x0000000928600000,0x0000000928700000] [id=11112]
  0x000001ad039adb70 WatcherThread [stack: 0x0000000929200000,0x0000000929300000] [id=18956]
  0x000001ad670a52a0 GCTaskThread "GC Thread#0" [stack: 0x0000000928100000,0x0000000928200000] [id=10728]
  0x000001ad041d8030 GCTaskThread "GC Thread#1" [stack: 0x0000000929400000,0x0000000929500000] [id=800]
  0x000001ad041d82e0 GCTaskThread "GC Thread#2" [stack: 0x0000000929500000,0x0000000929600000] [id=23924]
  0x000001ad041d8590 GCTaskThread "GC Thread#3" [stack: 0x0000000929600000,0x0000000929700000] [id=22648]
  0x000001ad670b2f80 ConcurrentGCThread "G1 Main Marker" [stack: 0x0000000928200000,0x0000000928300000] [id=3648]
  0x000001ad670b38a0 ConcurrentGCThread "G1 Conc#0" [stack: 0x0000000928300000,0x0000000928400000] [id=24648]
  0x000001ad67113270 ConcurrentGCThread "G1 Refine#0" [stack: 0x0000000928400000,0x0000000928500000] [id=19144]
  0x000001ad03b3e320 ConcurrentGCThread "G1 Refine#1" [stack: 0x000000092ae00000,0x000000092af00000] [id=19384]
  0x000001ad0e85f8c0 ConcurrentGCThread "G1 Refine#2" [stack: 0x000000092e700000,0x000000092e800000] [id=25176]
  0x000001ad0e85d360 ConcurrentGCThread "G1 Refine#3" [stack: 0x000000092e900000,0x000000092ea00000] [id=13220]
  0x000001ad67113ba0 ConcurrentGCThread "G1 Service" [stack: 0x0000000928500000,0x0000000928600000] [id=22420]

Threads with active compile tasks:

VM state: at safepoint (normal execution)

VM Mutex/Monitor currently owned by a thread:  ([mutex/lock_event])
[0x000001ad6704e600] Threads_lock - owner thread: 0x000001ad7fbc8f70
[0x000001ad6704e060] Heap_lock - owner thread: 0x000001ad093e4000

Heap address: 0x0000000741800000, size: 3048 MB, Compressed Oops mode: Zero based, Oop shift amount: 3

CDS archive(s) not mapped
Compressed class space mapped at: 0x0000000800000000-0x0000000840000000, reserved size: 1073741824
Narrow klass base: 0x0000000800000000, Narrow klass shift: 0, Narrow klass range: 0x40000000

GC Precious Log:
 CPUs: 4 total, 4 available
 Memory: 12190M
 Large Page Support: Disabled
 NUMA Support: Disabled
 Compressed Oops: Enabled (Zero based)
 Heap Region Size: 2M
 Heap Min Capacity: 8M
 Heap Initial Capacity: 192M
 Heap Max Capacity: 3048M
 Pre-touch: Disabled
 Parallel Workers: 4
 Concurrent Workers: 1
 Concurrent Refinement Workers: 4
 Periodic GC: Disabled

Heap:
 garbage-first heap   total 305152K, used 212827K [0x0000000741800000, 0x0000000800000000)
  region size 2048K, 2 young (4096K), 2 survivors (4096K)
 Metaspace       used 105186K, committed 105920K, reserved 1146880K
  class space    used 14154K, committed 14528K, reserved 1048576K

Heap Regions: E=young(eden), S=young(survivor), O=old, HS=humongous(starts), HC=humongous(continues), CS=collection set, F=free, OA=open archive, CA=closed archive, TAMS=top-at-mark-start (previous, next)
|   0|0x0000000741800000, 0x0000000741a00000, 0x0000000741a00000|100%| O|  |TAMS 0x0000000741a00000, 0x0000000741a00000| Untracked 
|   1|0x0000000741a00000, 0x0000000741c00000, 0x0000000741c00000|100%|HS|  |TAMS 0x0000000741c00000, 0x0000000741c00000| Complete 
|   2|0x0000000741c00000, 0x0000000741e00000, 0x0000000741e00000|100%|HC|  |TAMS 0x0000000741e00000, 0x0000000741e00000| Complete 
|   3|0x0000000741e00000, 0x0000000741fdee00, 0x0000000742000000| 93%| O|  |TAMS 0x0000000741fdee00, 0x0000000741fdee00| Untracked 
|   4|0x0000000742000000, 0x0000000742200000, 0x0000000742200000|100%| O|  |TAMS 0x0000000742200000, 0x0000000742200000| Untracked 
|   5|0x0000000742200000, 0x0000000742400000, 0x0000000742400000|100%| O|  |TAMS 0x0000000742400000, 0x0000000742400000| Untracked 
|   6|0x0000000742400000, 0x0000000742600000, 0x0000000742600000|100%| O|  |TAMS 0x0000000742600000, 0x0000000742600000| Untracked 
|   7|0x0000000742600000, 0x0000000742800000, 0x0000000742800000|100%| O|  |TAMS 0x0000000742800000, 0x0000000742800000| Untracked 
|   8|0x0000000742800000, 0x0000000742a00000, 0x0000000742a00000|100%| O|  |TAMS 0x0000000742a00000, 0x0000000742a00000| Untracked 
|   9|0x0000000742a00000, 0x0000000742c00000, 0x0000000742c00000|100%| O|  |TAMS 0x0000000742c00000, 0x0000000742c00000| Untracked 
|  10|0x0000000742c00000, 0x0000000742e00000, 0x0000000742e00000|100%| O|  |TAMS 0x0000000742e00000, 0x0000000742e00000| Untracked 
|  11|0x0000000742e00000, 0x0000000743000000, 0x0000000743000000|100%| O|  |TAMS 0x0000000743000000, 0x0000000743000000| Untracked 
|  12|0x0000000743000000, 0x0000000743200000, 0x0000000743200000|100%| O|  |TAMS 0x0000000743200000, 0x0000000743200000| Untracked 
|  13|0x0000000743200000, 0x0000000743400000, 0x0000000743400000|100%| O|  |TAMS 0x0000000743400000, 0x0000000743400000| Untracked 
|  14|0x0000000743400000, 0x0000000743600000, 0x0000000743600000|100%| O|  |TAMS 0x0000000743600000, 0x0000000743600000| Untracked 
|  15|0x0000000743600000, 0x0000000743800000, 0x0000000743800000|100%|HS|  |TAMS 0x0000000743800000, 0x0000000743800000| Complete 
|  16|0x0000000743800000, 0x0000000743a00000, 0x0000000743a00000|100%|HC|  |TAMS 0x0000000743a00000, 0x0000000743a00000| Complete 
|  17|0x0000000743a00000, 0x0000000743c00000, 0x0000000743c00000|100%| O|  |TAMS 0x0000000743c00000, 0x0000000743c00000| Untracked 
|  18|0x0000000743c00000, 0x0000000743e00000, 0x0000000743e00000|100%| O|  |TAMS 0x0000000743e00000, 0x0000000743e00000| Untracked 
|  19|0x0000000743e00000, 0x0000000744000000, 0x0000000744000000|100%| O|  |TAMS 0x0000000744000000, 0x0000000744000000| Untracked 
|  20|0x0000000744000000, 0x0000000744200000, 0x0000000744200000|100%| O|  |TAMS 0x0000000744200000, 0x0000000744200000| Untracked 
|  21|0x0000000744200000, 0x0000000744400000, 0x0000000744400000|100%| O|  |TAMS 0x0000000744400000, 0x0000000744400000| Untracked 
|  22|0x0000000744400000, 0x0000000744600000, 0x0000000744600000|100%| O|  |TAMS 0x0000000744600000, 0x0000000744600000| Untracked 
|  23|0x0000000744600000, 0x0000000744800000, 0x0000000744800000|100%| O|  |TAMS 0x0000000744800000, 0x0000000744800000| Untracked 
|  24|0x0000000744800000, 0x0000000744a00000, 0x0000000744a00000|100%| O|  |TAMS 0x0000000744a00000, 0x0000000744a00000| Untracked 
|  25|0x0000000744a00000, 0x0000000744c00000, 0x0000000744c00000|100%| O|  |TAMS 0x0000000744c00000, 0x0000000744c00000| Untracked 
|  26|0x0000000744c00000, 0x0000000744e00000, 0x0000000744e00000|100%| O|  |TAMS 0x0000000744e00000, 0x0000000744e00000| Untracked 
|  27|0x0000000744e00000, 0x0000000745000000, 0x0000000745000000|100%| O|  |TAMS 0x0000000745000000, 0x0000000745000000| Untracked 
|  28|0x0000000745000000, 0x0000000745200000, 0x0000000745200000|100%|HS|  |TAMS 0x0000000745000000, 0x0000000745200000| Complete 
|  29|0x0000000745200000, 0x0000000745400000, 0x0000000745400000|100%| O|  |TAMS 0x0000000745400000, 0x0000000745400000| Untracked 
|  30|0x0000000745400000, 0x0000000745600000, 0x0000000745600000|100%| O|  |TAMS 0x0000000745600000, 0x0000000745600000| Untracked 
|  31|0x0000000745600000, 0x0000000745800000, 0x0000000745800000|100%| O|  |TAMS 0x0000000745800000, 0x0000000745800000| Untracked 
|  32|0x0000000745800000, 0x0000000745a00000, 0x0000000745a00000|100%| O|  |TAMS 0x0000000745a00000, 0x0000000745a00000| Untracked 
|  33|0x0000000745a00000, 0x0000000745c00000, 0x0000000745c00000|100%| O|  |TAMS 0x0000000745c00000, 0x0000000745c00000| Untracked 
|  34|0x0000000745c00000, 0x0000000745e00000, 0x0000000745e00000|100%| O|  |TAMS 0x0000000745e00000, 0x0000000745e00000| Untracked 
|  35|0x0000000745e00000, 0x0000000746000000, 0x0000000746000000|100%| O|  |TAMS 0x0000000746000000, 0x0000000746000000| Untracked 
|  36|0x0000000746000000, 0x0000000746200000, 0x0000000746200000|100%| O|  |TAMS 0x0000000746200000, 0x0000000746200000| Untracked 
|  37|0x0000000746200000, 0x0000000746400000, 0x0000000746400000|100%| O|  |TAMS 0x0000000746400000, 0x0000000746400000| Untracked 
|  38|0x0000000746400000, 0x0000000746600000, 0x0000000746600000|100%| O|  |TAMS 0x0000000746600000, 0x0000000746600000| Untracked 
|  39|0x0000000746600000, 0x0000000746800000, 0x0000000746800000|100%| O|  |TAMS 0x0000000746800000, 0x0000000746800000| Untracked 
|  40|0x0000000746800000, 0x0000000746a00000, 0x0000000746a00000|100%| O|  |TAMS 0x0000000746a00000, 0x0000000746a00000| Untracked 
|  41|0x0000000746a00000, 0x0000000746c00000, 0x0000000746c00000|100%| O|  |TAMS 0x0000000746c00000, 0x0000000746c00000| Untracked 
|  42|0x0000000746c00000, 0x0000000746e00000, 0x0000000746e00000|100%| O|  |TAMS 0x0000000746e00000, 0x0000000746e00000| Untracked 
|  43|0x0000000746e00000, 0x0000000747000000, 0x0000000747000000|100%| O|  |TAMS 0x0000000747000000, 0x0000000747000000| Untracked 
|  44|0x0000000747000000, 0x0000000747200000, 0x0000000747200000|100%| O|  |TAMS 0x0000000747200000, 0x0000000747200000| Untracked 
|  45|0x0000000747200000, 0x0000000747400000, 0x0000000747400000|100%| O|  |TAMS 0x0000000747400000, 0x0000000747400000| Untracked 
|  46|0x0000000747400000, 0x0000000747600000, 0x0000000747600000|100%| O|  |TAMS 0x0000000747600000, 0x0000000747600000| Untracked 
|  47|0x0000000747600000, 0x0000000747800000, 0x0000000747800000|100%| O|  |TAMS 0x0000000747800000, 0x0000000747800000| Untracked 
|  48|0x0000000747800000, 0x0000000747a00000, 0x0000000747a00000|100%| O|  |TAMS 0x0000000747a00000, 0x0000000747a00000| Untracked 
|  49|0x0000000747a00000, 0x0000000747c00000, 0x0000000747c00000|100%| O|  |TAMS 0x0000000747c00000, 0x0000000747c00000| Untracked 
|  50|0x0000000747c00000, 0x0000000747e00000, 0x0000000747e00000|100%| O|  |TAMS 0x0000000747dcd600, 0x0000000747e00000| Untracked 
|  51|0x0000000747e00000, 0x0000000748000000, 0x0000000748000000|100%|HS|  |TAMS 0x0000000748000000, 0x0000000748000000| Complete 
|  52|0x0000000748000000, 0x0000000748200000, 0x0000000748200000|100%|HS|  |TAMS 0x0000000748200000, 0x0000000748200000| Complete 
|  53|0x0000000748200000, 0x0000000748400000, 0x0000000748400000|100%|HS|  |TAMS 0x0000000748400000, 0x0000000748400000| Complete 
|  54|0x0000000748400000, 0x0000000748600000, 0x0000000748600000|100%|HS|  |TAMS 0x0000000748600000, 0x0000000748600000| Complete 
|  55|0x0000000748600000, 0x0000000748800000, 0x0000000748800000|100%|HS|  |TAMS 0x0000000748800000, 0x0000000748800000| Complete 
|  56|0x0000000748800000, 0x0000000748a00000, 0x0000000748a00000|100%|HS|  |TAMS 0x0000000748a00000, 0x0000000748a00000| Complete 
|  57|0x0000000748a00000, 0x0000000748c00000, 0x0000000748c00000|100%|HS|  |TAMS 0x0000000748c00000, 0x0000000748c00000| Complete 
|  58|0x0000000748c00000, 0x0000000748e00000, 0x0000000748e00000|100%|HS|  |TAMS 0x0000000748e00000, 0x0000000748e00000| Complete 
|  59|0x0000000748e00000, 0x0000000749000000, 0x0000000749000000|100%|HS|  |TAMS 0x0000000749000000, 0x0000000749000000| Complete 
|  60|0x0000000749000000, 0x0000000749200000, 0x0000000749200000|100%|HC|  |TAMS 0x0000000749200000, 0x0000000749200000| Complete 
|  61|0x0000000749200000, 0x0000000749400000, 0x0000000749400000|100%|HS|  |TAMS 0x0000000749200000, 0x0000000749400000| Complete 
|  62|0x0000000749400000, 0x0000000749600000, 0x0000000749600000|100%|HS|  |TAMS 0x0000000749600000, 0x0000000749600000| Complete 
|  63|0x0000000749600000, 0x0000000749800000, 0x0000000749800000|100%| O|  |TAMS 0x0000000749600000, 0x0000000749800000| Untracked 
|  64|0x0000000749800000, 0x0000000749a00000, 0x0000000749a00000|100%| O|  |TAMS 0x0000000749800000, 0x0000000749a00000| Untracked 
|  65|0x0000000749a00000, 0x0000000749c00000, 0x0000000749c00000|100%| O|  |TAMS 0x0000000749a00000, 0x0000000749c00000| Untracked 
|  66|0x0000000749c00000, 0x0000000749e00000, 0x0000000749e00000|100%| O|  |TAMS 0x0000000749c00000, 0x0000000749e00000| Untracked 
|  67|0x0000000749e00000, 0x000000074a000000, 0x000000074a000000|100%| O|  |TAMS 0x0000000749e00000, 0x000000074a000000| Untracked 
|  68|0x000000074a000000, 0x000000074a200000, 0x000000074a200000|100%|HS|  |TAMS 0x000000074a000000, 0x000000074a200000| Complete 
|  69|0x000000074a200000, 0x000000074a400000, 0x000000074a400000|100%| O|  |TAMS 0x000000074a200000, 0x000000074a400000| Untracked 
|  70|0x000000074a400000, 0x000000074a600000, 0x000000074a600000|100%|HS|  |TAMS 0x000000074a400000, 0x000000074a600000| Complete 
|  71|0x000000074a600000, 0x000000074a800000, 0x000000074a800000|100%| O|  |TAMS 0x000000074a600000, 0x000000074a800000| Untracked 
|  72|0x000000074a800000, 0x000000074aa00000, 0x000000074aa00000|100%|HS|  |TAMS 0x000000074a800000, 0x000000074aa00000| Complete 
|  73|0x000000074aa00000, 0x000000074ac00000, 0x000000074ac00000|100%| O|  |TAMS 0x000000074aa00000, 0x000000074ac00000| Untracked 
|  74|0x000000074ac00000, 0x000000074ae00000, 0x000000074ae00000|100%|HS|  |TAMS 0x000000074ac00000, 0x000000074ae00000| Complete 
|  75|0x000000074ae00000, 0x000000074b000000, 0x000000074b000000|100%| O|  |TAMS 0x000000074ae00000, 0x000000074b000000| Untracked 
|  76|0x000000074b000000, 0x000000074b200000, 0x000000074b200000|100%|HS|  |TAMS 0x000000074b000000, 0x000000074b200000| Complete 
|  77|0x000000074b200000, 0x000000074b400000, 0x000000074b400000|100%| O|  |TAMS 0x000000074b200000, 0x000000074b400000| Untracked 
|  78|0x000000074b400000, 0x000000074b600000, 0x000000074b600000|100%|HS|  |TAMS 0x000000074b400000, 0x000000074b600000| Complete 
|  79|0x000000074b600000, 0x000000074b800000, 0x000000074b800000|100%| O|  |TAMS 0x000000074b600000, 0x000000074b800000| Untracked 
|  80|0x000000074b800000, 0x000000074ba00000, 0x000000074ba00000|100%| O|  |TAMS 0x000000074b800000, 0x000000074ba00000| Untracked 
|  81|0x000000074ba00000, 0x000000074bc00000, 0x000000074bc00000|100%| O|  |TAMS 0x000000074ba00000, 0x000000074bc00000| Untracked 
|  82|0x000000074bc00000, 0x000000074be00000, 0x000000074be00000|100%|HS|  |TAMS 0x000000074bc00000, 0x000000074be00000| Complete 
|  83|0x000000074be00000, 0x000000074c000000, 0x000000074c000000|100%|HC|  |TAMS 0x000000074be00000, 0x000000074c000000| Complete 
|  84|0x000000074c000000, 0x000000074c200000, 0x000000074c200000|100%| O|  |TAMS 0x000000074c000000, 0x000000074c200000| Untracked 
|  85|0x000000074c200000, 0x000000074c400000, 0x000000074c400000|100%| O|  |TAMS 0x000000074c200000, 0x000000074c400000| Untracked 
|  86|0x000000074c400000, 0x000000074c600000, 0x000000074c600000|100%| O|  |TAMS 0x000000074c400000, 0x000000074c600000| Untracked 
|  87|0x000000074c600000, 0x000000074c800000, 0x000000074c800000|100%| O|  |TAMS 0x000000074c600000, 0x000000074c800000| Untracked 
|  88|0x000000074c800000, 0x000000074ca00000, 0x000000074ca00000|100%| O|  |TAMS 0x000000074c800000, 0x000000074ca00000| Untracked 
|  89|0x000000074ca00000, 0x000000074cc00000, 0x000000074cc00000|100%| O|  |TAMS 0x000000074ca00000, 0x000000074cc00000| Untracked 
|  90|0x000000074cc00000, 0x000000074ce00000, 0x000000074ce00000|100%| O|  |TAMS 0x000000074cc00000, 0x000000074ce00000| Untracked 
|  91|0x000000074ce00000, 0x000000074d000000, 0x000000074d000000|100%| O|  |TAMS 0x000000074ce00000, 0x000000074d000000| Untracked 
|  92|0x000000074d000000, 0x000000074d200000, 0x000000074d200000|100%| O|  |TAMS 0x000000074d000000, 0x000000074d200000| Untracked 
|  93|0x000000074d200000, 0x000000074d400000, 0x000000074d400000|100%| O|  |TAMS 0x000000074d200000, 0x000000074d400000| Untracked 
|  94|0x000000074d400000, 0x000000074d600000, 0x000000074d600000|100%| O|  |TAMS 0x000000074d400000, 0x000000074d600000| Untracked 
|  95|0x000000074d600000, 0x000000074d800000, 0x000000074d800000|100%| O|  |TAMS 0x000000074d600000, 0x000000074d800000| Untracked 
|  96|0x000000074d800000, 0x000000074da00000, 0x000000074da00000|100%| O|  |TAMS 0x000000074d800000, 0x000000074da00000| Untracked 
|  97|0x000000074da00000, 0x000000074dc00000, 0x000000074dc00000|100%| O|  |TAMS 0x000000074da00000, 0x000000074db89c00| Untracked 
|  98|0x000000074dc00000, 0x000000074de00000, 0x000000074de00000|100%| O|  |TAMS 0x000000074dc00000, 0x000000074dc00000| Untracked 
|  99|0x000000074de00000, 0x000000074e000000, 0x000000074e000000|100%| O|  |TAMS 0x000000074de00000, 0x000000074de00000| Untracked 
| 100|0x000000074e000000, 0x000000074e200000, 0x000000074e200000|100%| O|  |TAMS 0x000000074e000000, 0x000000074e000000| Untracked 
| 101|0x000000074e200000, 0x000000074e400000, 0x000000074e400000|100%| O|  |TAMS 0x000000074e200000, 0x000000074e200000| Untracked 
| 102|0x000000074e400000, 0x000000074e4cfa00, 0x000000074e600000| 40%| O|  |TAMS 0x000000074e400000, 0x000000074e400000| Untracked 
| 103|0x000000074e600000, 0x000000074e600000, 0x000000074e800000|  0%| F|  |TAMS 0x000000074e600000, 0x000000074e600000| Untracked 
| 104|0x000000074e800000, 0x000000074e800000, 0x000000074ea00000|  0%| F|  |TAMS 0x000000074e800000, 0x000000074e800000| Untracked 
| 105|0x000000074ea00000, 0x000000074ea00000, 0x000000074ec00000|  0%| F|  |TAMS 0x000000074ea00000, 0x000000074ea00000| Untracked 
| 106|0x000000074ec00000, 0x000000074ec00000, 0x000000074ee00000|  0%| F|  |TAMS 0x000000074ec00000, 0x000000074ec00000| Untracked 
| 107|0x000000074ee00000, 0x000000074ee00000, 0x000000074f000000|  0%| F|  |TAMS 0x000000074ee00000, 0x000000074ee00000| Untracked 
| 108|0x000000074f000000, 0x000000074f000000, 0x000000074f200000|  0%| F|  |TAMS 0x000000074f000000, 0x000000074f000000| Untracked 
| 109|0x000000074f200000, 0x000000074f200000, 0x000000074f400000|  0%| F|  |TAMS 0x000000074f200000, 0x000000074f200000| Untracked 
| 110|0x000000074f400000, 0x000000074f400000, 0x000000074f600000|  0%| F|  |TAMS 0x000000074f400000, 0x000000074f400000| Untracked 
| 111|0x000000074f600000, 0x000000074f600000, 0x000000074f800000|  0%| F|  |TAMS 0x000000074f600000, 0x000000074f600000| Untracked 
| 112|0x000000074f800000, 0x000000074f800000, 0x000000074fa00000|  0%| F|  |TAMS 0x000000074f800000, 0x000000074f800000| Untracked 
| 113|0x000000074fa00000, 0x000000074fa00000, 0x000000074fc00000|  0%| F|  |TAMS 0x000000074fa00000, 0x000000074fa00000| Untracked 
| 114|0x000000074fc00000, 0x000000074fc00000, 0x000000074fe00000|  0%| F|  |TAMS 0x000000074fc00000, 0x000000074fc00000| Untracked 
| 115|0x000000074fe00000, 0x000000074fe00000, 0x0000000750000000|  0%| F|  |TAMS 0x000000074fe00000, 0x000000074fe00000| Untracked 
| 116|0x0000000750000000, 0x0000000750000000, 0x0000000750200000|  0%| F|  |TAMS 0x0000000750000000, 0x0000000750000000| Untracked 
| 117|0x0000000750200000, 0x0000000750200000, 0x0000000750400000|  0%| F|  |TAMS 0x0000000750200000, 0x0000000750200000| Untracked 
| 118|0x0000000750400000, 0x0000000750400000, 0x0000000750600000|  0%| F|  |TAMS 0x0000000750400000, 0x0000000750400000| Untracked 
| 119|0x0000000750600000, 0x0000000750600000, 0x0000000750800000|  0%| F|  |TAMS 0x0000000750600000, 0x0000000750600000| Untracked 
| 120|0x0000000750800000, 0x0000000750800000, 0x0000000750a00000|  0%| F|  |TAMS 0x0000000750800000, 0x0000000750800000| Untracked 
| 121|0x0000000750a00000, 0x0000000750a00000, 0x0000000750c00000|  0%| F|  |TAMS 0x0000000750a00000, 0x0000000750a00000| Untracked 
| 122|0x0000000750c00000, 0x0000000750c00000, 0x0000000750e00000|  0%| F|  |TAMS 0x0000000750c00000, 0x0000000750c00000| Untracked 
| 123|0x0000000750e00000, 0x0000000750e00000, 0x0000000751000000|  0%| F|  |TAMS 0x0000000750e00000, 0x0000000750e00000| Untracked 
| 124|0x0000000751000000, 0x0000000751000000, 0x0000000751200000|  0%| F|  |TAMS 0x0000000751000000, 0x0000000751000000| Untracked 
| 125|0x0000000751200000, 0x0000000751200000, 0x0000000751400000|  0%| F|  |TAMS 0x0000000751200000, 0x0000000751200000| Untracked 
| 126|0x0000000751400000, 0x0000000751400000, 0x0000000751600000|  0%| F|  |TAMS 0x0000000751400000, 0x0000000751400000| Untracked 
| 127|0x0000000751600000, 0x0000000751600000, 0x0000000751800000|  0%| F|  |TAMS 0x0000000751600000, 0x0000000751600000| Untracked 
| 128|0x0000000751800000, 0x0000000751800000, 0x0000000751a00000|  0%| F|  |TAMS 0x0000000751800000, 0x0000000751800000| Untracked 
| 129|0x0000000751a00000, 0x0000000751a00000, 0x0000000751c00000|  0%| F|  |TAMS 0x0000000751a00000, 0x0000000751a00000| Untracked 
| 130|0x0000000751c00000, 0x0000000751c00000, 0x0000000751e00000|  0%| F|  |TAMS 0x0000000751c00000, 0x0000000751c00000| Untracked 
| 131|0x0000000751e00000, 0x0000000751e00000, 0x0000000752000000|  0%| F|  |TAMS 0x0000000751e00000, 0x0000000751e00000| Untracked 
| 132|0x0000000752000000, 0x0000000752000000, 0x0000000752200000|  0%| F|  |TAMS 0x0000000752000000, 0x0000000752000000| Untracked 
| 133|0x0000000752200000, 0x0000000752200000, 0x0000000752400000|  0%| F|  |TAMS 0x0000000752200000, 0x0000000752200000| Untracked 
| 134|0x0000000752400000, 0x0000000752400000, 0x0000000752600000|  0%| F|  |TAMS 0x0000000752400000, 0x0000000752400000| Untracked 
| 135|0x0000000752600000, 0x0000000752600000, 0x0000000752800000|  0%| F|  |TAMS 0x0000000752600000, 0x0000000752600000| Untracked 
| 136|0x0000000752800000, 0x0000000752800000, 0x0000000752a00000|  0%| F|  |TAMS 0x0000000752800000, 0x0000000752800000| Untracked 
| 137|0x0000000752a00000, 0x0000000752a00000, 0x0000000752c00000|  0%| F|  |TAMS 0x0000000752a00000, 0x0000000752a00000| Untracked 
| 138|0x0000000752c00000, 0x0000000752c00000, 0x0000000752e00000|  0%| F|  |TAMS 0x0000000752c00000, 0x0000000752c00000| Untracked 
| 139|0x0000000752e00000, 0x0000000752e00000, 0x0000000753000000|  0%| F|  |TAMS 0x0000000752e00000, 0x0000000752e00000| Untracked 
| 140|0x0000000753000000, 0x0000000753000000, 0x0000000753200000|  0%| F|  |TAMS 0x0000000753000000, 0x0000000753000000| Untracked 
| 141|0x0000000753200000, 0x0000000753200000, 0x0000000753400000|  0%| F|  |TAMS 0x0000000753200000, 0x0000000753200000| Untracked 
| 142|0x0000000753400000, 0x0000000753400000, 0x0000000753600000|  0%| F|  |TAMS 0x0000000753400000, 0x0000000753400000| Untracked 
| 143|0x0000000753600000, 0x00000007537286a0, 0x0000000753800000| 57%| S|CS|TAMS 0x0000000753600000, 0x0000000753600000| Complete 
| 144|0x0000000753800000, 0x0000000753a00000, 0x0000000753a00000|100%| S|CS|TAMS 0x0000000753800000, 0x0000000753800000| Complete 
| 145|0x0000000753a00000, 0x0000000753a00000, 0x0000000753c00000|  0%| F|  |TAMS 0x0000000753a00000, 0x0000000753a00000| Untracked 
| 146|0x0000000753c00000, 0x0000000753c00000, 0x0000000753e00000|  0%| F|  |TAMS 0x0000000753c00000, 0x0000000753c00000| Untracked 
| 147|0x0000000753e00000, 0x0000000753e00000, 0x0000000754000000|  0%| F|  |TAMS 0x0000000753e00000, 0x0000000753e00000| Untracked 
| 148|0x0000000754000000, 0x0000000754000000, 0x0000000754200000|  0%| F|  |TAMS 0x0000000754000000, 0x0000000754000000| Untracked 

Card table byte_map: [0x000001ad79b20000,0x000001ad7a120000] _byte_map_base: 0x000001ad76114000

Marking Bits (Prev, Next): (CMBitMap*) 0x000001ad670a5800, (CMBitMap*) 0x000001ad670a57c0
 Prev Bits: [0x000001ad00000000, 0x000001ad02fa0000)
 Next Bits: [0x000001ad7a720000, 0x000001ad7d6c0000)

Polling page: 0x000001ad651e0000

Metaspace:

Usage:
  Non-class:     88.90 MB used.
      Class:     13.82 MB used.
       Both:    102.72 MB used.

Virtual space:
  Non-class space:       96.00 MB reserved,      89.25 MB ( 93%) committed,  12 nodes.
      Class space:        1.00 GB reserved,      14.19 MB (  1%) committed,  1 nodes.
             Both:        1.09 GB reserved,     103.44 MB (  9%) committed. 

Chunk freelists:
   Non-Class:  1.83 MB
       Class:  1.67 MB
        Both:  3.50 MB

MaxMetaspaceSize: unlimited
CompressedClassSpaceSize: 1.00 GB
Initial GC threshold: 21.00 MB
Current GC threshold: 172.44 MB
CDS: off
MetaspaceReclaimPolicy: balanced
 - commit_granule_bytes: 65536.
 - commit_granule_words: 8192.
 - virtual_space_node_default_size: 1048576.
 - enlarge_chunks_in_place: 1.
 - new_chunks_are_fully_committed: 0.
 - uncommit_free_chunks: 1.
 - use_allocation_guard: 0.
 - handle_deallocations: 1.


Internal statistics:

num_allocs_failed_limit: 12.
num_arena_births: 1048.
num_arena_deaths: 2.
num_vsnodes_births: 13.
num_vsnodes_deaths: 0.
num_space_committed: 1655.
num_space_uncommitted: 0.
num_chunks_returned_to_freelist: 15.
num_chunks_taken_from_freelist: 4976.
num_chunk_merges: 12.
num_chunk_splits: 3293.
num_chunks_enlarged: 2188.
num_purges: 2.
num_inconsistent_stats: 0.

CodeHeap 'non-profiled nmethods': size=120000Kb used=7327Kb max_used=7327Kb free=112672Kb
 bounds [0x000001ad71ff0000, 0x000001ad72720000, 0x000001ad79520000]
CodeHeap 'profiled nmethods': size=120000Kb used=23618Kb max_used=23620Kb free=96381Kb
 bounds [0x000001ad6a520000, 0x000001ad6bc40000, 0x000001ad71a50000]
CodeHeap 'non-nmethods': size=5760Kb used=2422Kb max_used=2466Kb free=3337Kb
 bounds [0x000001ad71a50000, 0x000001ad71cc0000, 0x000001ad71ff0000]
 total_blobs=12578 nmethods=11618 adapters=872
 compilation: enabled
              stopped_count=0, restarted_count=0
 full_count=0

Compilation events (20 events):
Event: 37.649 Thread 0x000001ad7fbe1130 nmethod 13196 0x000001ad7270d990 code [0x000001ad7270db20, 0x000001ad7270dcf8]
Event: 37.649 Thread 0x000001ad7fbe1130 13197       4       com.android.tools.r8.internal.Bs::p (114 bytes)
Event: 37.651 Thread 0x000001ad04286110 nmethod 13192% 0x000001ad7270de10 code [0x000001ad7270e0a0, 0x000001ad72710ec8]
Event: 37.652 Thread 0x000001ad7fbe1130 nmethod 13197 0x000001ad72711f10 code [0x000001ad727120a0, 0x000001ad727122c8]
Event: 37.665 Thread 0x000001ad7fbe1130 13198       4       com.android.tools.r8.internal.Dy::hasNext (20 bytes)
Event: 37.665 Thread 0x000001ad7fbe1130 nmethod 13198 0x000001ad72712490 code [0x000001ad72712600, 0x000001ad72712698]
Event: 37.666 Thread 0x000001ad04286110 13199       4       com.android.tools.r8.internal.zy::next (60 bytes)
Event: 37.668 Thread 0x000001ad0383eee0 13200       3       com.android.tools.r8.internal.xp::d (191 bytes)
Event: 37.669 Thread 0x000001ad04286110 nmethod 13199 0x000001ad72712790 code [0x000001ad72712900, 0x000001ad72712b98]
Event: 37.670 Thread 0x000001ad0383eee0 nmethod 13200 0x000001ad6ae51010 code [0x000001ad6ae51240, 0x000001ad6ae51f08]
Event: 37.670 Thread 0x000001ad04286110 13201   !   4       java.util.concurrent.ConcurrentHashMap::transfer (849 bytes)
Event: 37.687 Thread 0x000001ad7fbe1130 13202       4       com.android.tools.r8.graph.m2::h (62 bytes)
Event: 37.697 Thread 0x000001ad7fbe1130 nmethod 13202 0x000001ad72712c90 code [0x000001ad72712e20, 0x000001ad727134b8]
Event: 37.789 Thread 0x000001ad0383eee0 13203       3       com.android.tools.r8.internal.TE::d (195 bytes)
Event: 37.790 Thread 0x000001ad0383eee0 nmethod 13203 0x000001ad6bc31310 code [0x000001ad6bc31580, 0x000001ad6bc321f8]
Event: 37.825 Thread 0x000001ad04286110 nmethod 13201 0x000001ad72713890 code [0x000001ad72713b20, 0x000001ad72716c08]
Event: 37.845 Thread 0x000001ad0383eee0 13204       1       com.android.tools.r8.internal.Bs::b (6 bytes)
Event: 37.845 Thread 0x000001ad0383eee0 nmethod 13204 0x000001ad72717b10 code [0x000001ad72717ca0, 0x000001ad72717d78]
Event: 37.937 Thread 0x000001ad0383eee0 13205       3       com.android.tools.r8.graph.m2::h (62 bytes)
Event: 37.938 Thread 0x000001ad0383eee0 nmethod 13205 0x000001ad6bc32710 code [0x000001ad6bc32940, 0x000001ad6bc33348]

GC Heap History (20 events):
Event: 28.327 GC heap after
{Heap after GC invocations=33 (full 0):
 garbage-first heap   total 167936K, used 92275K [0x0000000741800000, 0x0000000800000000)
  region size 2048K, 4 young (8192K), 4 survivors (8192K)
 Metaspace       used 91442K, committed 92032K, reserved 1130496K
  class space    used 12335K, committed 12608K, reserved 1048576K
}
Event: 29.350 GC heap before
{Heap before GC invocations=33 (full 0):
 garbage-first heap   total 167936K, used 131187K [0x0000000741800000, 0x0000000800000000)
  region size 2048K, 24 young (49152K), 4 survivors (8192K)
 Metaspace       used 91736K, committed 92352K, reserved 1130496K
  class space    used 12337K, committed 12608K, reserved 1048576K
}
Event: 29.364 GC heap after
{Heap after GC invocations=34 (full 0):
 garbage-first heap   total 167936K, used 95682K [0x0000000741800000, 0x0000000800000000)
  region size 2048K, 2 young (4096K), 2 survivors (4096K)
 Metaspace       used 91736K, committed 92352K, reserved 1130496K
  class space    used 12337K, committed 12608K, reserved 1048576K
}
Event: 30.504 GC heap before
{Heap before GC invocations=34 (full 0):
 garbage-first heap   total 167936K, used 132546K [0x0000000741800000, 0x0000000800000000)
  region size 2048K, 21 young (43008K), 2 survivors (4096K)
 Metaspace       used 92220K, committed 92864K, reserved 1130496K
  class space    used 12374K, committed 12672K, reserved 1048576K
}
Event: 30.514 GC heap after
{Heap after GC invocations=35 (full 0):
 garbage-first heap   total 235520K, used 97847K [0x0000000741800000, 0x0000000800000000)
  region size 2048K, 3 young (6144K), 3 survivors (6144K)
 Metaspace       used 92220K, committed 92864K, reserved 1130496K
  class space    used 12374K, committed 12672K, reserved 1048576K
}
Event: 33.086 GC heap before
{Heap before GC invocations=35 (full 0):
 garbage-first heap   total 235520K, used 183863K [0x0000000741800000, 0x0000000800000000)
  region size 2048K, 46 young (94208K), 3 survivors (6144K)
 Metaspace       used 98053K, committed 98688K, reserved 1138688K
  class space    used 13143K, committed 13440K, reserved 1048576K
}
Event: 33.112 GC heap after
{Heap after GC invocations=36 (full 0):
 garbage-first heap   total 235520K, used 104504K [0x0000000741800000, 0x0000000800000000)
  region size 2048K, 6 young (12288K), 6 survivors (12288K)
 Metaspace       used 98053K, committed 98688K, reserved 1138688K
  class space    used 13143K, committed 13440K, reserved 1048576K
}
Event: 35.305 GC heap before
{Heap before GC invocations=36 (full 0):
 garbage-first heap   total 235520K, used 184376K [0x0000000741800000, 0x0000000800000000)
  region size 2048K, 46 young (94208K), 6 survivors (12288K)
 Metaspace       used 101552K, committed 102336K, reserved 1138688K
  class space    used 13641K, committed 14016K, reserved 1048576K
}
Event: 35.331 GC heap after
{Heap after GC invocations=37 (full 0):
 garbage-first heap   total 235520K, used 110217K [0x0000000741800000, 0x0000000800000000)
  region size 2048K, 3 young (6144K), 3 survivors (6144K)
 Metaspace       used 101552K, committed 102336K, reserved 1138688K
  class space    used 13641K, committed 14016K, reserved 1048576K
}
Event: 36.329 GC heap before
{Heap before GC invocations=37 (full 0):
 garbage-first heap   total 235520K, used 169609K [0x0000000741800000, 0x0000000800000000)
  region size 2048K, 21 young (43008K), 3 survivors (6144K)
 Metaspace       used 104836K, committed 105600K, reserved 1146880K
  class space    used 14106K, committed 14464K, reserved 1048576K
}
Event: 36.342 GC heap after
{Heap after GC invocations=38 (full 0):
 garbage-first heap   total 235520K, used 147323K [0x0000000741800000, 0x0000000800000000)
  region size 2048K, 6 young (12288K), 6 survivors (12288K)
 Metaspace       used 104836K, committed 105600K, reserved 1146880K
  class space    used 14106K, committed 14464K, reserved 1048576K
}
Event: 36.419 GC heap before
{Heap before GC invocations=38 (full 0):
 garbage-first heap   total 235520K, used 208763K [0x0000000741800000, 0x0000000800000000)
  region size 2048K, 20 young (40960K), 6 survivors (12288K)
 Metaspace       used 104842K, committed 105600K, reserved 1146880K
  class space    used 14106K, committed 14464K, reserved 1048576K
}
Event: 36.430 GC heap after
{Heap after GC invocations=39 (full 0):
 garbage-first heap   total 235520K, used 173311K [0x0000000741800000, 0x0000000800000000)
  region size 2048K, 4 young (8192K), 4 survivors (8192K)
 Metaspace       used 104842K, committed 105600K, reserved 1146880K
  class space    used 14106K, committed 14464K, reserved 1048576K
}
Event: 37.039 GC heap before
{Heap before GC invocations=40 (full 0):
 garbage-first heap   total 305152K, used 191743K [0x0000000741800000, 0x0000000800000000)
  region size 2048K, 14 young (28672K), 4 survivors (8192K)
 Metaspace       used 105169K, committed 105920K, reserved 1146880K
  class space    used 14153K, committed 14528K, reserved 1048576K
}
Event: 37.054 GC heap after
{Heap after GC invocations=41 (full 0):
 garbage-first heap   total 305152K, used 180694K [0x0000000741800000, 0x0000000800000000)
  region size 2048K, 2 young (4096K), 2 survivors (4096K)
 Metaspace       used 105169K, committed 105920K, reserved 1146880K
  class space    used 14153K, committed 14528K, reserved 1048576K
}
Event: 37.209 GC heap before
{Heap before GC invocations=41 (full 0):
 garbage-first heap   total 305152K, used 190934K [0x0000000741800000, 0x0000000800000000)
  region size 2048K, 7 young (14336K), 2 survivors (4096K)
 Metaspace       used 105169K, committed 105920K, reserved 1146880K
  class space    used 14153K, committed 14528K, reserved 1048576K
}
Event: 37.226 GC heap after
{Heap after GC invocations=42 (full 0):
 garbage-first heap   total 305152K, used 183919K [0x0000000741800000, 0x0000000800000000)
  region size 2048K, 1 young (2048K), 1 survivors (2048K)
 Metaspace       used 105169K, committed 105920K, reserved 1146880K
  class space    used 14153K, committed 14528K, reserved 1048576K
}
Event: 37.861 GC heap before
{Heap before GC invocations=42 (full 0):
 garbage-first heap   total 305152K, used 237167K [0x0000000741800000, 0x0000000800000000)
  region size 2048K, 26 young (53248K), 1 survivors (2048K)
 Metaspace       used 105186K, committed 105920K, reserved 1146880K
  class space    used 14154K, committed 14528K, reserved 1048576K
}
Event: 37.909 GC heap after
{Heap after GC invocations=43 (full 0):
 garbage-first heap   total 305152K, used 208290K [0x0000000741800000, 0x0000000800000000)
  region size 2048K, 4 young (8192K), 4 survivors (8192K)
 Metaspace       used 105186K, committed 105920K, reserved 1146880K
  class space    used 14154K, committed 14528K, reserved 1048576K
}
Event: 37.948 GC heap before
{Heap before GC invocations=43 (full 0):
 garbage-first heap   total 305152K, used 214434K [0x0000000741800000, 0x0000000800000000)
  region size 2048K, 8 young (16384K), 4 survivors (8192K)
 Metaspace       used 105186K, committed 105920K, reserved 1146880K
  class space    used 14154K, committed 14528K, reserved 1048576K
}

Dll operation events (2 events):
Event: 0.053 Loaded shared library D:\app\AndroidStudio\jbr\bin\java.dll
Event: 1.811 Loaded shared library D:\app\AndroidStudio\jbr\bin\verify.dll

Deoptimization events (20 events):
Event: 37.501 Thread 0x000001ad093e4000 DEOPT PACKING pc=0x000001ad726b84a4 sp=0x000000092e6fd670
Event: 37.501 Thread 0x000001ad093e4000 DEOPT UNPACKING pc=0x000001ad71aa69a3 sp=0x000000092e6fd608 mode 2
Event: 37.501 Thread 0x000001ad093e4000 Uncommon trap: trap_request=0xffffff45 fr.pc=0x000001ad720a5ed0 relative=0x0000000000000ff0
Event: 37.501 Thread 0x000001ad093e4000 Uncommon trap: reason=unstable_if action=reinterpret pc=0x000001ad720a5ed0 method=java.util.concurrent.ConcurrentHashMap.transfer([Ljava/util/concurrent/ConcurrentHashMap$Node;[Ljava/util/concurrent/ConcurrentHashMap$Node;)V @ 352 c2
Event: 37.501 Thread 0x000001ad093e4000 DEOPT PACKING pc=0x000001ad720a5ed0 sp=0x000000092e6fd6a0
Event: 37.501 Thread 0x000001ad093e4000 DEOPT UNPACKING pc=0x000001ad71aa69a3 sp=0x000000092e6fd608 mode 2
Event: 37.542 Thread 0x000001ad093e4000 DEOPT PACKING pc=0x000001ad6bbfbe59 sp=0x000000092e6fd740
Event: 37.542 Thread 0x000001ad093e4000 DEOPT UNPACKING pc=0x000001ad71aa7143 sp=0x000000092e6fcda0 mode 0
Event: 37.545 Thread 0x000001ad093e4000 DEOPT PACKING pc=0x000001ad6bbfbe59 sp=0x000000092e6fd740
Event: 37.545 Thread 0x000001ad093e4000 DEOPT UNPACKING pc=0x000001ad71aa7143 sp=0x000000092e6fcda0 mode 0
Event: 37.670 Thread 0x000001ad093e4000 DEOPT PACKING pc=0x000001ad6bc2bc42 sp=0x000000092e6fd6b0
Event: 37.670 Thread 0x000001ad093e4000 DEOPT UNPACKING pc=0x000001ad71aa7143 sp=0x000000092e6fcbc0 mode 0
Event: 37.767 Thread 0x000001ad093e4000 DEOPT PACKING pc=0x000001ad6bc2bc42 sp=0x000000092e6fd6b0
Event: 37.767 Thread 0x000001ad093e4000 DEOPT UNPACKING pc=0x000001ad71aa7143 sp=0x000000092e6fcbc0 mode 0
Event: 37.814 Thread 0x000001ad093e4000 DEOPT PACKING pc=0x000001ad6bc2bc63 sp=0x000000092e6fd6b0
Event: 37.814 Thread 0x000001ad093e4000 DEOPT UNPACKING pc=0x000001ad71aa7143 sp=0x000000092e6fcbc0 mode 0
Event: 37.936 Thread 0x000001ad093e4000 Uncommon trap: trap_request=0xffffff45 fr.pc=0x000001ad72713078 relative=0x0000000000000258
Event: 37.936 Thread 0x000001ad093e4000 Uncommon trap: reason=unstable_if action=reinterpret pc=0x000001ad72713078 method=com.android.tools.r8.graph.r2.equals(Ljava/lang/Object;)Z @ 28 c2
Event: 37.936 Thread 0x000001ad093e4000 DEOPT PACKING pc=0x000001ad72713078 sp=0x000000092e6fd7e0
Event: 37.936 Thread 0x000001ad093e4000 DEOPT UNPACKING pc=0x000001ad71aa69a3 sp=0x000000092e6fd708 mode 2

Classes unloaded (1 events):
Event: 36.705 Thread 0x000001ad7fbc8f70 Unloading class 0x0000000800c5c000 'java/lang/invoke/LambdaForm$DMH+0x0000000800c5c000'

Classes redefined (0 events):
No events

Internal exceptions (20 events):
Event: 34.327 Thread 0x000001ad093e0170 Exception <a 'java/lang/NoSuchMethodError'{0x000000074d706540}: static [Ljava/rmi/server/ObjID;.<clinit>()V> (0x000000074d706540) 
thrown [s\src\hotspot\share\prims\jni.cpp, line 1108]
Event: 34.332 Thread 0x000001ad093e0170 Exception <a 'java/lang/NoSuchMethodError'{0x000000074d73b850}: static [B.<clinit>()V> (0x000000074d73b850) 
thrown [s\src\hotspot\share\prims\jni.cpp, line 1108]
Event: 34.350 Thread 0x000001ad093e0170 Exception <a 'java/lang/NoSuchMethodError'{0x000000074d7cf640}: static Lorg/jetbrains/kotlin/daemon/common/CompileService$CallResult;.<clinit>()V> (0x000000074d7cf640) 
thrown [s\src\hotspot\share\prims\jni.cpp, line 1108]
Event: 34.351 Thread 0x000001ad093e0170 Exception <a 'java/lang/NoSuchMethodError'{0x000000074d7db2f0}: static Lorg/jetbrains/kotlin/daemon/common/CompileService$CallResult$Good;.<clinit>()V> (0x000000074d7db2f0) 
thrown [s\src\hotspot\share\prims\jni.cpp, line 1108]
Event: 34.352 Thread 0x000001ad093e0170 Exception <a 'java/lang/NoSuchMethodError'{0x000000074d7e81c8}: static Lorg/jetbrains/kotlin/daemon/common/DaemonJVMOptions;.<clinit>()V> (0x000000074d7e81c8) 
thrown [s\src\hotspot\share\prims\jni.cpp, line 1108]
Event: 34.400 Thread 0x000001ad093e0170 Exception <a 'java/lang/NoSuchMethodError'{0x000000074d201db0}: static Lorg/jetbrains/kotlin/daemon/common/CompileService$CallResult$Dying;.<clinit>()V> (0x000000074d201db0) 
thrown [s\src\hotspot\share\prims\jni.cpp, line 1108]
Event: 34.868 Thread 0x000001ad093e0170 Exception <a 'java/lang/NoSuchMethodError'{0x000000074c3bd7b0}: 'void java.lang.invoke.DirectMethodHandle$Holder.invokeStatic(java.lang.Object, long)'> (0x000000074c3bd7b0) 
thrown [s\src\hotspot\share\interpreter\linkResolver.cpp, line 771]
Event: 34.869 Thread 0x000001ad093e0170 Exception <a 'java/lang/NoSuchMethodError'{0x000000074bc62a30}: 'java.lang.Object java.lang.invoke.DirectMethodHandle$Holder.newInvokeSpecial(java.lang.Object, long)'> (0x000000074bc62a30) 
thrown [s\src\hotspot\share\interpreter\linkResolver.cpp, line 771]
Event: 34.871 Thread 0x000001ad093e0170 Exception <a 'java/lang/NoSuchMethodError'{0x000000074bc69670}: 'java.lang.Object java.lang.invoke.DirectMethodHandle$Holder.invokeStatic(java.lang.Object, java.lang.Object, long, java.lang.Object)'> (0x000000074bc69670) 
thrown [s\src\hotspot\share\interpreter\linkResolver.cpp, line 771]
Event: 34.872 Thread 0x000001ad093e0170 Exception <a 'java/lang/NoSuchMethodError'{0x000000074bc6d388}: 'java.lang.Object java.lang.invoke.DirectMethodHandle$Holder.invokeStaticInit(java.lang.Object, java.lang.Object, long, java.lang.Object)'> (0x000000074bc6d388) 
thrown [s\src\hotspot\share\interpreter\linkResolver.cpp, line 771]
Event: 35.233 Thread 0x000001ad03964c60 Exception <a 'sun/nio/fs/WindowsException'{0x000000074b0cffb0}> (0x000000074b0cffb0) 
thrown [s\src\hotspot\share\prims\jni.cpp, line 517]
Event: 35.336 Thread 0x000001ad093de490 Exception <a 'java/lang/NoSuchMethodError'{0x000000074fc172d8}: 'java.lang.Object java.lang.invoke.DirectMethodHandle$Holder.invokeSpecial(java.lang.Object, java.lang.Object, int, java.lang.Object, long)'> (0x000000074fc172d8) 
thrown [s\src\hotspot\share\interpreter\linkResolver.cpp, line 771]
Event: 35.337 Thread 0x000001ad093e4e70 Exception <a 'java/lang/NoSuchMethodError'{0x000000074fc28098}: 'java.lang.Object java.lang.invoke.DirectMethodHandle$Holder.invokeSpecial(java.lang.Object, java.lang.Object, int, java.lang.Object, long)'> (0x000000074fc28098) 
thrown [s\src\hotspot\share\interpreter\linkResolver.cpp, line 771]
Event: 35.337 Thread 0x000001ad093e2cc0 Exception <a 'java/lang/NoSuchMethodError'{0x000000074fc1f898}: 'java.lang.Object java.lang.invoke.DirectMethodHandle$Holder.invokeSpecial(java.lang.Object, java.lang.Object, int, java.lang.Object, long)'> (0x000000074fc1f898) 
thrown [s\src\hotspot\share\interpreter\linkResolver.cpp, line 771]
Event: 35.338 Thread 0x000001ad093e3190 Exception <a 'java/lang/NoSuchMethodError'{0x000000074fc16418}: 'java.lang.Object java.lang.invoke.DirectMethodHandle$Holder.newInvokeSpecial(java.lang.Object, java.lang.Object, int, java.lang.Object, long)'> (0x000000074fc16418) 
thrown [s\src\hotspot\share\interpreter\linkResolver.cpp, line 771]
Event: 35.342 Thread 0x000001ad093e4e70 Implicit null exception at 0x000001ad723c9f27 to 0x000001ad723ca7c4
Event: 35.342 Thread 0x000001ad093e3190 Implicit null exception at 0x000001ad723c9f27 to 0x000001ad723ca7c4
Event: 35.506 Thread 0x000001ad03964c60 Exception <a 'sun/nio/fs/WindowsException'{0x000000074f2aed50}> (0x000000074f2aed50) 
thrown [s\src\hotspot\share\prims\jni.cpp, line 517]
Event: 35.840 Thread 0x000001ad093e4000 Exception <a 'sun/nio/fs/WindowsException'{0x000000074e6e22e0}> (0x000000074e6e22e0) 
thrown [s\src\hotspot\share\prims\jni.cpp, line 517]
Event: 36.285 Thread 0x000001ad093e4000 Exception <a 'java/lang/NoSuchMethodError'{0x000000074dff7fb0}: 'java.lang.Object java.lang.invoke.DirectMethodHandle$Holder.invokeStaticInit(java.lang.Object, java.lang.Object, java.lang.Object, java.lang.Object, java.lang.Object, java.lang.Object, java.lang.Object, java.lang.Object, java.lang.Object, java.lang.Object, java.lang.Object, java.lang.Object, java.lang.Object, java.lang.Object, java.lang.Object, java.lang.Object, java.lang.Object, java.lang.Object, java.lang.Object, int, java.lang.Object, java

VM Operations (20 events):
Event: 35.857 Executing VM operation: HandshakeAllThreads done
Event: 35.928 Executing VM operation: HandshakeAllThreads
Event: 35.975 Executing VM operation: HandshakeAllThreads done
Event: 36.329 Executing VM operation: G1TryInitiateConcMark
Event: 36.342 Executing VM operation: G1TryInitiateConcMark done
Event: 36.419 Executing VM operation: G1CollectForAllocation
Event: 36.430 Executing VM operation: G1CollectForAllocation done
Event: 36.704 Executing VM operation: G1Concurrent
Event: 36.744 Executing VM operation: G1Concurrent done
Event: 36.901 Executing VM operation: G1Concurrent
Event: 36.933 Executing VM operation: G1Concurrent done
Event: 37.039 Executing VM operation: G1CollectForAllocation
Event: 37.054 Executing VM operation: G1CollectForAllocation done
Event: 37.209 Executing VM operation: G1CollectForAllocation
Event: 37.226 Executing VM operation: G1CollectForAllocation done
Event: 37.566 Executing VM operation: HandshakeAllThreads
Event: 37.586 Executing VM operation: HandshakeAllThreads done
Event: 37.861 Executing VM operation: G1CollectForAllocation
Event: 37.910 Executing VM operation: G1CollectForAllocation done
Event: 37.948 Executing VM operation: G1TryInitiateConcMark

Events (20 events):
Event: 35.619 loading class sun/nio/fs/WindowsFileSystem$2 done
Event: 35.802 loading class java/util/zip/ZipInputStream
Event: 35.803 loading class java/util/zip/ZipInputStream done
Event: 35.901 loading class java/io/UTFDataFormatException
Event: 35.901 loading class java/io/UTFDataFormatException done
Event: 35.963 Thread 0x000001ad093e27f0 Thread exited: 0x000001ad093e27f0
Event: 36.254 loading class java/nio/BufferUnderflowException
Event: 36.254 loading class java/nio/BufferUnderflowException done
Event: 37.387 loading class java/util/concurrent/ConcurrentHashMap$TreeNode
Event: 37.387 loading class java/util/concurrent/ConcurrentHashMap$TreeNode done
Event: 37.387 loading class java/util/concurrent/ConcurrentHashMap$TreeBin
Event: 37.387 loading class java/util/concurrent/ConcurrentHashMap$TreeBin done
Event: 37.592 Thread 0x000001ad03859f60 flushing nmethod 0x000001ad6a69f290
Event: 37.599 Thread 0x000001ad03859f60 flushing nmethod 0x000001ad6ae50810
Event: 37.600 Thread 0x000001ad03859f60 flushing nmethod 0x000001ad6ae7ae10
Event: 37.600 Thread 0x000001ad03859f60 flushing nmethod 0x000001ad6aee1b90
Event: 37.601 Thread 0x000001ad03859f60 flushing nmethod 0x000001ad6b009490
Event: 37.606 Thread 0x000001ad03859f60 flushing nmethod 0x000001ad6b4c1610
Event: 37.608 Thread 0x000001ad03859f60 flushing nmethod 0x000001ad6b745110
Event: 37.937 Thread 0x000001ad04286110 Thread exited: 0x000001ad04286110


Dynamic libraries:
0x00007ff60ce20000 - 0x00007ff60ce2a000 	D:\app\AndroidStudio\jbr\bin\java.exe
0x00007ffd9d770000 - 0x00007ffd9d968000 	C:\Windows\SYSTEM32\ntdll.dll
0x00007ffd9cbf0000 - 0x00007ffd9ccaf000 	C:\Windows\System32\KERNEL32.DLL
0x00007ffd9b380000 - 0x00007ffd9b652000 	C:\Windows\System32\KERNELBASE.dll
0x00007ffd9ae60000 - 0x00007ffd9af60000 	C:\Windows\System32\ucrtbase.dll
0x00007ffd8c740000 - 0x00007ffd8c757000 	D:\app\AndroidStudio\jbr\bin\jli.dll
0x00007ffd9d380000 - 0x00007ffd9d521000 	C:\Windows\System32\USER32.dll
0x00007ffd9afb0000 - 0x00007ffd9afd2000 	C:\Windows\System32\win32u.dll
0x00007ffd9d700000 - 0x00007ffd9d72b000 	C:\Windows\System32\GDI32.dll
0x00007ffd9b270000 - 0x00007ffd9b37f000 	C:\Windows\System32\gdi32full.dll
0x00007ffd9b1d0000 - 0x00007ffd9b26d000 	C:\Windows\System32\msvcp_win.dll
0x00007ffd8c6c0000 - 0x00007ffd8c6db000 	D:\app\AndroidStudio\jbr\bin\VCRUNTIME140.dll
0x00007ffd82be0000 - 0x00007ffd82e7a000 	C:\Windows\WinSxS\amd64_microsoft.windows.common-controls_6595b64144ccf1df_6.0.19041.1110_none_60b5254171f9507e\COMCTL32.dll
0x00007ffd9d2e0000 - 0x00007ffd9d37e000 	C:\Windows\System32\msvcrt.dll
0x00007ffd9b980000 - 0x00007ffd9b9b2000 	C:\Windows\System32\IMM32.DLL
0x00007ffd97bc0000 - 0x00007ffd97bcc000 	D:\app\AndroidStudio\jbr\bin\vcruntime140_1.dll
0x00007ffd7e380000 - 0x00007ffd7e40d000 	D:\app\AndroidStudio\jbr\bin\msvcp140.dll
0x00007ffd58310000 - 0x00007ffd58f7d000 	D:\app\AndroidStudio\jbr\bin\server\jvm.dll
0x00007ffd9c1f0000 - 0x00007ffd9c29e000 	C:\Windows\System32\ADVAPI32.dll
0x00007ffd9cb50000 - 0x00007ffd9cbec000 	C:\Windows\System32\sechost.dll
0x00007ffd9cf90000 - 0x00007ffd9d0b5000 	C:\Windows\System32\RPCRT4.dll
0x00007ffd85be0000 - 0x00007ffd85be9000 	C:\Windows\SYSTEM32\WSOCK32.dll
0x00007ffd9d530000 - 0x00007ffd9d59b000 	C:\Windows\System32\WS2_32.dll
0x00007ffd88bc0000 - 0x00007ffd88be7000 	C:\Windows\SYSTEM32\WINMM.dll
0x00007ffd93510000 - 0x00007ffd9351a000 	C:\Windows\SYSTEM32\VERSION.dll
0x00007ffd99700000 - 0x00007ffd99712000 	C:\Windows\SYSTEM32\kernel.appcore.dll
0x00007ffd98390000 - 0x00007ffd9839a000 	D:\app\AndroidStudio\jbr\bin\jimage.dll
0x00007ffd98c20000 - 0x00007ffd98e04000 	C:\Windows\SYSTEM32\DBGHELP.DLL
0x00007ffd87800000 - 0x00007ffd87835000 	C:\Windows\SYSTEM32\dbgcore.DLL
0x00007ffd9b140000 - 0x00007ffd9b1c2000 	C:\Windows\System32\bcryptPrimitives.dll
0x00007ffd89db0000 - 0x00007ffd89dd5000 	D:\app\AndroidStudio\jbr\bin\java.dll
0x00007ffd90960000 - 0x00007ffd90978000 	D:\app\AndroidStudio\jbr\bin\zip.dll
0x00007ffd9c2a0000 - 0x00007ffd9c9e5000 	C:\Windows\System32\SHELL32.dll
0x00007ffd98e10000 - 0x00007ffd995a2000 	C:\Windows\SYSTEM32\windows.storage.dll
0x00007ffd9be90000 - 0x00007ffd9c1e5000 	C:\Windows\System32\combase.dll
0x00007ffd9a7e0000 - 0x00007ffd9a810000 	C:\Windows\SYSTEM32\Wldp.dll
0x00007ffd9c9f0000 - 0x00007ffd9ca9d000 	C:\Windows\System32\SHCORE.dll
0x00007ffd9d680000 - 0x00007ffd9d6d5000 	C:\Windows\System32\shlwapi.dll
0x00007ffd9ada0000 - 0x00007ffd9adbf000 	C:\Windows\SYSTEM32\profapi.dll
0x00007ffd8c7f0000 - 0x00007ffd8c809000 	D:\app\AndroidStudio\jbr\bin\net.dll
0x00007ffd92480000 - 0x00007ffd9258c000 	C:\Windows\SYSTEM32\WINHTTP.dll
0x00007ffd9a540000 - 0x00007ffd9a5aa000 	C:\Windows\system32\mswsock.dll
0x00007ffd8a590000 - 0x00007ffd8a5a6000 	D:\app\AndroidStudio\jbr\bin\nio.dll
0x00007ffd948a0000 - 0x00007ffd948b0000 	D:\app\AndroidStudio\jbr\bin\verify.dll
0x00007ffd86b30000 - 0x00007ffd86b57000 	C:\Users\Tafita\.gradle\native\68d5fa5c4cc2d200863cafc0d521ce42e7d3e7ee720ec0a83991735586a16f82\windows-amd64\native-platform.dll
0x00007ffd78ad0000 - 0x00007ffd78c14000 	C:\Users\Tafita\.gradle\native\e376f236ea51e6404a007f0833ffe2c6e607c4080706a723a18a27aeea778392\windows-amd64\native-platform-file-events.dll
0x00007ffd94b70000 - 0x00007ffd94b79000 	D:\app\AndroidStudio\jbr\bin\management.dll
0x00007ffd94940000 - 0x00007ffd9494b000 	D:\app\AndroidStudio\jbr\bin\management_ext.dll
0x00007ffd9d1e0000 - 0x00007ffd9d1e8000 	C:\Windows\System32\PSAPI.DLL
0x00007ffd9a740000 - 0x00007ffd9a758000 	C:\Windows\SYSTEM32\CRYPTSP.dll
0x00007ffd99e60000 - 0x00007ffd99e94000 	C:\Windows\system32\rsaenh.dll
0x00007ffd9b6d0000 - 0x00007ffd9b6f7000 	C:\Windows\System32\bcrypt.dll
0x00007ffd9ad60000 - 0x00007ffd9ad8e000 	C:\Windows\SYSTEM32\USERENV.dll
0x00007ffd9a730000 - 0x00007ffd9a73c000 	C:\Windows\SYSTEM32\CRYPTBASE.dll
0x00007ffd9a230000 - 0x00007ffd9a26b000 	C:\Windows\SYSTEM32\IPHLPAPI.DLL
0x00007ffd9b970000 - 0x00007ffd9b978000 	C:\Windows\System32\NSI.dll
0x00007ffd919a0000 - 0x00007ffd919b7000 	C:\Windows\SYSTEM32\dhcpcsvc6.DLL
0x00007ffd92110000 - 0x00007ffd9212d000 	C:\Windows\SYSTEM32\dhcpcsvc.DLL
0x00007ffd9a270000 - 0x00007ffd9a33b000 	C:\Windows\SYSTEM32\DNSAPI.dll
0x00007ffd8b5b0000 - 0x00007ffd8b5b7000 	C:\Windows\system32\wshunix.dll
0x00007ffd937b0000 - 0x00007ffd937b7000 	D:\app\AndroidStudio\jbr\bin\rmi.dll
0x00007ffd94b80000 - 0x00007ffd94b9e000 	C:\Users\Tafita\AppData\Local\Temp\native-platform13938842677073276715dir\native-platform.dll

dbghelp: loaded successfully - version: 4.0.5 - missing functions: none
symbol engine: initialized successfully - sym options: 0x614 - pdb path: .;D:\app\AndroidStudio\jbr\bin;C:\Windows\SYSTEM32;C:\Windows\WinSxS\amd64_microsoft.windows.common-controls_6595b64144ccf1df_6.0.19041.1110_none_60b5254171f9507e;D:\app\AndroidStudio\jbr\bin\server;C:\Users\Tafita\.gradle\native\68d5fa5c4cc2d200863cafc0d521ce42e7d3e7ee720ec0a83991735586a16f82\windows-amd64;C:\Users\Tafita\.gradle\native\e376f236ea51e6404a007f0833ffe2c6e607c4080706a723a18a27aeea778392\windows-amd64;C:\Users\Tafita\AppData\Local\Temp\native-platform13938842677073276715dir

VM Arguments:
jvm_args: --add-opens=java.base/java.util=ALL-UNNAMED --add-opens=java.base/java.lang=ALL-UNNAMED --add-opens=java.base/java.lang.invoke=ALL-UNNAMED --add-opens=java.prefs/java.util.prefs=ALL-UNNAMED --add-opens=java.base/java.nio.charset=ALL-UNNAMED --add-opens=java.base/java.net=ALL-UNNAMED --add-opens=java.base/java.util.concurrent.atomic=ALL-UNNAMED -Xmx3048m -Dfile.encoding=UTF-8 -Duser.country=FR -Duser.language=fr -Duser.variant 
java_command: org.gradle.launcher.daemon.bootstrap.GradleDaemon 8.0
java_class_path (initial): C:\Users\Tafita\.gradle\wrapper\dists\gradle-8.0-bin\ca5e32bp14vu59qr306oxotwh\gradle-8.0\lib\gradle-launcher-8.0.jar
Launcher Type: SUN_STANDARD

[Global flags]
     intx CICompilerCount                          = 3                                         {product} {ergonomic}
     uint ConcGCThreads                            = 1                                         {product} {ergonomic}
     uint G1ConcRefinementThreads                  = 4                                         {product} {ergonomic}
   size_t G1HeapRegionSize                         = 2097152                                   {product} {ergonomic}
    uintx GCDrainStackTargetSize                   = 64                                        {product} {ergonomic}
   size_t InitialHeapSize                          = 201326592                                 {product} {ergonomic}
   size_t MarkStackSize                            = 4194304                                   {product} {ergonomic}
   size_t MaxHeapSize                              = 3196059648                                {product} {command line}
   size_t MaxNewSize                               = 1916796928                                {product} {ergonomic}
   size_t MinHeapDeltaBytes                        = 2097152                                   {product} {ergonomic}
   size_t MinHeapSize                              = 8388608                                   {product} {ergonomic}
    uintx NonNMethodCodeHeapSize                   = 5832780                                {pd product} {ergonomic}
    uintx NonProfiledCodeHeapSize                  = 122912730                              {pd product} {ergonomic}
    uintx ProfiledCodeHeapSize                     = 122912730                              {pd product} {ergonomic}
    uintx ReservedCodeCacheSize                    = 251658240                              {pd product} {ergonomic}
     bool SegmentedCodeCache                       = true                                      {product} {ergonomic}
   size_t SoftMaxHeapSize                          = 3196059648                             {manageable} {ergonomic}
     bool UseCompressedClassPointers               = true                           {product lp64_product} {ergonomic}
     bool UseCompressedOops                        = true                           {product lp64_product} {ergonomic}
     bool UseG1GC                                  = true                                      {product} {ergonomic}
     bool UseLargePagesIndividualAllocation        = false                                  {pd product} {ergonomic}

Logging:
Log output configuration:
 #0: stdout all=warning uptime,level,tags
 #1: stderr all=off uptime,level,tags

Environment Variables:
JAVA_HOME=C:\Program Files\Java\jdk1.8.0_251
CLASSPATH=C:\Program Files (x86)\Java\jdk1.7.0\jre\lib\ext\ojdbc6.jar
PATH=C:\Program Files\Common Files\Oracle\Java\javapath;C:\Program Files (x86)\Common Files\Oracle\Java\javapath;C:\Python311\Scripts\;C:\Python311\;C:\Program Files (x86)\Common Files\Intel\Shared Libraries\redist\intel64\compiler;D:\app\Tafita\product\11.2.0\dbhome_1\bin;C:\Windows\system32;C:\Windows;C:\Windows\System32\Wbem;C:\Windows\System32\WindowsPowerShell\v1.0\;C:\Windows\System32\OpenSSH\;C:\program files (x86)\skype\Phone\;C:\Program Files\Java\jdk1.8.0_251\bin;C:\Program Files\Microsoft SQL Server\Client SDK\ODBC\170\Tools\Binn\;C:\Program Files\dotnet\;C:\Program Files\Microsoft SQL Server\130\Tools\Binn\;C:\Program Files (x86)\Microsoft SQL Server\150\Tools\Binn\;C:\Program Files\Microsoft SQL Server\150\Tools\Binn\;C:\Program Files\Microsoft SQL Server\150\DTS\Binn\;C:\xampp\mysql\bin;D:\Programmes files\Git\cmd;C:\Program Files\MongoDB\Server\3.2\bin;C:\Program Files\PostgreSQL\11\bin;C:\Program Files\MongoDB\Server\6.0\bin;C:\ProgramData\chocolatey\bin;C:\Program Files\nodejs\;C:\Users\Tafita\AppData\Local\Programs\Python\Python38-32\Scripts\;C:\Users\Tafita\AppData\Local\Programs\Python\Python38-32\;C:\Users\Tafita\AppData\Local\Microsoft\WindowsApps;C:\Users\Tafita\AppData\Local\GitHubDesktop\bin;C:\Users\Tafita\.dotnet\tools;C:\Program Files\JetBrains\PyCharm Community Edition 2019.3.3\bin;;C:\Users\Tafita\AppData\Local\Programs\Microsoft VS Code\bin;C:\Program Files\heroku\bin;C:\Users\Tafita\AppData\Roaming\npm;D:\app\IntelliJ IDEA Community Edition 2023.1.1\bin;
USERNAME=Tafita
OS=Windows_NT
PROCESSOR_IDENTIFIER=Intel64 Family 6 Model 61 Stepping 4, GenuineIntel
TMP=C:\Users\Tafita\AppData\Local\Temp
TEMP=C:\Users\Tafita\AppData\Local\Temp



---------------  S Y S T E M  ---------------

OS:
 Windows 10 , 64 bit Build 19041 (10.0.19041.2546)
OS uptime: 38 days 15:18 hours

CPU: total 4 (initial active 4) (2 cores per cpu, 2 threads per core) family 6 model 61 stepping 4 microcode 0x2d, cx8, cmov, fxsr, ht, mmx, 3dnowpref, sse, sse2, sse3, ssse3, sse4.1, sse4.2, popcnt, lzcnt, tsc, tscinvbit, avx, avx2, aes, erms, clmul, bmi1, bmi2, adx, fma, vzeroupper, clflush

Memory: 4k page, system-wide physical 12190M (2632M free)
TotalPageFile size 14238M (AvailPageFile size 99M)
current process WorkingSet (physical memory assigned to process): 562M, peak: 562M
current process commit charge ("private bytes"): 599M, peak: 829M

vm_info: OpenJDK 64-Bit Server VM (17.0.6+0-b2043.56-9586694) for windows-amd64 JRE (17.0.6+0-b2043.56-9586694), built on Feb  9 2023 20:06:20 by "androidbuild" with MS VC++ 16.10 / 16.11 (VS2019)

END.
