#
# There is insufficient memory for the Java Runtime Environment to continue.
# Native memory allocation (mmap) failed to map 199229440 bytes for G1 virtual space
# Possible reasons:
#   The system is out of physical RAM or swap space
#   The process is running with CompressedOops enabled, and the Java Heap may be blocking the growth of the native heap
# Possible solutions:
#   Reduce memory load on the system
#   Increase physical memory or swap space
#   Check if swap backing store is full
#   Decrease Java heap size (-Xmx/-Xms)
#   Decrease number of Java threads
#   Decrease Java thread stack sizes (-Xss)
#   Set larger code cache with -XX:ReservedCodeCacheSize=
#   JVM is running with Zero Based Compressed Oops mode in which the Java heap is
#     placed in the first 32GB address space. The Java Heap base address is the
#     maximum limit for the native heap growth. Please use -XX:HeapBaseMinAddress
#     to set the Java Heap base and to place the Java Heap above 32GB virtual address.
# This output file may be truncated or incomplete.
#
#  Out of Memory Error (os_windows.cpp:3769), pid=26332, tid=3248
#
# JRE version: OpenJDK Runtime Environment (17.0.6) (build 17.0.6+0-b2043.56-9586694)
# Java VM: OpenJDK 64-Bit Server VM (17.0.6+0-b2043.56-9586694, mixed mode, tiered, compressed oops, compressed class ptrs, g1 gc, windows-amd64)
# No core dump will be written. Minidumps are not enabled by default on client versions of Windows
#

---------------  S U M M A R Y ------------

Command Line: --add-opens=java.base/java.util=ALL-UNNAMED --add-opens=java.base/java.lang=ALL-UNNAMED --add-opens=java.base/java.lang.invoke=ALL-UNNAMED --add-opens=java.prefs/java.util.prefs=ALL-UNNAMED --add-opens=java.base/java.nio.charset=ALL-UNNAMED --add-opens=java.base/java.net=ALL-UNNAMED --add-opens=java.base/java.util.concurrent.atomic=ALL-UNNAMED -Xmx3048m -Dfile.encoding=UTF-8 -Duser.country=FR -Duser.language=fr -Duser.variant org.gradle.launcher.daemon.bootstrap.GradleDaemon 8.0

Host: Intel(R) Core(TM) i5-5200U CPU @ 2.20GHz, 4 cores, 11G,  Windows 10 , 64 bit Build 19041 (10.0.19041.2546)
Time: Thu Aug  3 12:39:26 2023 Afrique de l, 64 bit Build 19041 (10.0.19041.2546) elapsed time: 69.607678 seconds (0d 0h 1m 9s)

---------------  T H R E A D  ---------------

Current thread (0x00000157bb63f7a0):  VMThread "VM Thread" [stack: 0x0000003b74b00000,0x0000003b74c00000] [id=3248]

Stack: [0x0000003b74b00000,0x0000003b74c00000]
Native frames: (J=compiled Java code, j=interpreted, Vv=VM code, C=native code)
V  [jvm.dll+0x683b4a]
V  [jvm.dll+0x842654]
V  [jvm.dll+0x843dfe]
V  [jvm.dll+0x844463]
V  [jvm.dll+0x249b75]
V  [jvm.dll+0x680a19]
V  [jvm.dll+0x674f0a]
V  [jvm.dll+0x309acb]
V  [jvm.dll+0x310f86]
V  [jvm.dll+0x3608ee]
V  [jvm.dll+0x360b1f]
V  [jvm.dll+0x2dfbf8]
V  [jvm.dll+0x2ddec4]
V  [jvm.dll+0x2dd4cc]
V  [jvm.dll+0x321f3b]
V  [jvm.dll+0x84893b]
V  [jvm.dll+0x849674]
V  [jvm.dll+0x849b8d]
V  [jvm.dll+0x849f64]
V  [jvm.dll+0x84a030]
V  [jvm.dll+0x7f25fa]
V  [jvm.dll+0x682985]
C  [ucrtbase.dll+0x21bb2]
C  [KERNEL32.DLL+0x17614]
C  [ntdll.dll+0x526a1]

VM_Operation (0x0000003b743fde60): G1CollectForAllocation, mode: safepoint, requested by thread 0x00000157c176f390


---------------  P R O C E S S  ---------------

Threads class SMR info:
_java_thread_list=0x00000157be963570, length=100, elements={
0x000001579fb20f50, 0x00000157bc014630, 0x00000157bc01b650, 0x00000157bb657a10,
0x00000157bb6582d0, 0x00000157bc036030, 0x00000157bc036500, 0x00000157bc0371a0,
0x00000157bc03b050, 0x00000157bc03d960, 0x00000157bc1b8470, 0x00000157bc1b8d50,
0x00000157bcd83040, 0x00000157bcd82b70, 0x00000157bcd804f0, 0x00000157bcd80e90,
0x00000157bcd81360, 0x00000157bcd81d00, 0x00000157bcd83510, 0x00000157bcd81830,
0x00000157bcd826a0, 0x00000157bcd7fb50, 0x00000157bcd80020, 0x00000157bed7c8d0,
0x00000157bed80c30, 0x00000157bed7f420, 0x00000157bed80290, 0x00000157bed81100,
0x00000157bed80760, 0x00000157bed7e5b0, 0x00000157bed7ef50, 0x00000157bed82de0,
0x00000157bed7c400, 0x00000157bed832b0, 0x00000157bed815d0, 0x00000157bed81f70,
0x00000157bed83780, 0x00000157bed81aa0, 0x00000157bed82440, 0x00000157bed7d740,
0x00000157bed7e0e0, 0x00000157bed7ea80, 0x00000157bed82910, 0x00000157bed7bf30,
0x00000157bed7f8f0, 0x00000157bed7fdc0, 0x00000157bec6c700, 0x00000157bec69bb0,
0x00000157bec6aa20, 0x00000157bec6c230, 0x00000157bec6cbd0, 0x00000157bec69210,
0x00000157bec6d0a0, 0x00000157bec6d570, 0x00000157bec68870, 0x00000157bec67060,
0x00000157bec6da40, 0x00000157bec696e0, 0x00000157bec67530, 0x00000157bec6a080,
0x00000157bec68d40, 0x00000157bec67a00, 0x00000157bec6df10, 0x00000157bec6a550,
0x00000157bec6e8b0, 0x00000157bec6aef0, 0x00000157bec67ed0, 0x00000157bec6b3c0,
0x00000157bec6b890, 0x00000157bec683a0, 0x00000157bec6e3e0, 0x00000157bec6bd60,
0x00000157c1a89550, 0x00000157c1a88210, 0x00000157c1a86530, 0x00000157c1a8a890,
0x00000157c1a86ed0, 0x00000157c1a8c570, 0x00000157c1a86060, 0x00000157c1a8bbd0,
0x00000157c1a8b700, 0x00000157c1a89080, 0x00000157c1a8b230, 0x00000157c1a89a20,
0x00000157c1a8ca40, 0x00000157c1a873a0, 0x00000157c1a8d8b0, 0x00000157c6631860,
0x00000157c176e050, 0x00000157c176e520, 0x00000157c176eec0, 0x00000157bc920da0,
0x00000157bc921c10, 0x00000157bf777040, 0x00000157c176f390, 0x00000157bc921270,
0x00000157bc921740, 0x00000157bc9220e0, 0x00000157bc9225b0, 0x00000157c16e3020
}

Java Threads: ( => current thread )
  0x000001579fb20f50 JavaThread "main" [_thread_blocked, id=25416, stack(0x0000003b74500000,0x0000003b74600000)]
  0x00000157bc014630 JavaThread "Reference Handler" daemon [_thread_blocked, id=11176, stack(0x0000003b74c00000,0x0000003b74d00000)]
  0x00000157bc01b650 JavaThread "Finalizer" daemon [_thread_blocked, id=15792, stack(0x0000003b74d00000,0x0000003b74e00000)]
  0x00000157bb657a10 JavaThread "Signal Dispatcher" daemon [_thread_blocked, id=26504, stack(0x0000003b74e00000,0x0000003b74f00000)]
  0x00000157bb6582d0 JavaThread "Attach Listener" daemon [_thread_blocked, id=5704, stack(0x0000003b74f00000,0x0000003b75000000)]
  0x00000157bc036030 JavaThread "Service Thread" daemon [_thread_blocked, id=15260, stack(0x0000003b75000000,0x0000003b75100000)]
  0x00000157bc036500 JavaThread "Monitor Deflation Thread" daemon [_thread_blocked, id=12228, stack(0x0000003b75100000,0x0000003b75200000)]
  0x00000157bc0371a0 JavaThread "C2 CompilerThread0" daemon [_thread_in_native, id=23836, stack(0x0000003b75200000,0x0000003b75300000)]
  0x00000157bc03b050 JavaThread "C1 CompilerThread0" daemon [_thread_blocked, id=26132, stack(0x0000003b75300000,0x0000003b75400000)]
  0x00000157bc03d960 JavaThread "Sweeper thread" daemon [_thread_blocked, id=8808, stack(0x0000003b75400000,0x0000003b75500000)]
  0x00000157bc1b8470 JavaThread "Common-Cleaner" daemon [_thread_blocked, id=11948, stack(0x0000003b75500000,0x0000003b75600000)]
  0x00000157bc1b8d50 JavaThread "Notification Thread" daemon [_thread_blocked, id=3092, stack(0x0000003b75600000,0x0000003b75700000)]
  0x00000157bcd83040 JavaThread "Daemon health stats" [_thread_blocked, id=12180, stack(0x0000003b75c00000,0x0000003b75d00000)]
  0x00000157bcd82b70 JavaThread "Incoming local TCP Connector on port 62678" [_thread_in_native, id=22944, stack(0x0000003b75b00000,0x0000003b75c00000)]
  0x00000157bcd804f0 JavaThread "Daemon periodic checks" [_thread_blocked, id=6668, stack(0x0000003b75d00000,0x0000003b75e00000)]
  0x00000157bcd80e90 JavaThread "Daemon" [_thread_blocked, id=21404, stack(0x0000003b75f00000,0x0000003b76000000)]
  0x00000157bcd81360 JavaThread "Handler for socket connection from /127.0.0.1:62678 to /127.0.0.1:62679" [_thread_in_native, id=23276, stack(0x0000003b76000000,0x0000003b76100000)]
  0x00000157bcd81d00 JavaThread "Cancel handler" [_thread_blocked, id=17088, stack(0x0000003b76100000,0x0000003b76200000)]
  0x00000157bcd83510 JavaThread "Daemon worker" [_thread_blocked, id=25192, stack(0x0000003b76200000,0x0000003b76300000)]
  0x00000157bcd81830 JavaThread "Asynchronous log dispatcher for DefaultDaemonConnection: socket connection from /127.0.0.1:62678 to /127.0.0.1:62679" [_thread_blocked, id=15460, stack(0x0000003b76300000,0x0000003b76400000)]
  0x00000157bcd826a0 JavaThread "Daemon client event forwarder" [_thread_blocked, id=11344, stack(0x0000003b76500000,0x0000003b76600000)]
  0x00000157bcd7fb50 JavaThread "Cache worker for journal cache (C:\Users\Tafita\.gradle\caches\journal-1)" [_thread_blocked, id=9332, stack(0x0000003b75e00000,0x0000003b75f00000)]
  0x00000157bcd80020 JavaThread "File lock request listener" [_thread_in_native, id=18128, stack(0x0000003b76600000,0x0000003b76700000)]
  0x00000157bed7c8d0 JavaThread "Cache worker for file hash cache (C:\Users\Tafita\.gradle\caches\8.0\fileHashes)" [_thread_blocked, id=19444, stack(0x0000003b76700000,0x0000003b76800000)]
  0x00000157bed80c30 JavaThread "File watcher server" daemon [_thread_blocked, id=24036, stack(0x0000003b76900000,0x0000003b76a00000)]
  0x00000157bed7f420 JavaThread "File watcher consumer" daemon [_thread_blocked, id=26356, stack(0x0000003b76a00000,0x0000003b76b00000)]
  0x00000157bed80290 JavaThread "Cache worker for checksums cache (C:\Users\Tafita\AndroidStudioProjects\TourismeMadagascar\.gradle\8.0\checksums)" [_thread_blocked, id=11396, stack(0x0000003b76b00000,0x0000003b76c00000)]
  0x00000157bed81100 JavaThread "Cache worker for cache directory md-rule (C:\Users\Tafita\.gradle\caches\8.0\md-rule)" [_thread_blocked, id=10728, stack(0x0000003b76c00000,0x0000003b76d00000)]
  0x00000157bed80760 JavaThread "Cache worker for file content cache (C:\Users\Tafita\.gradle\caches\8.0\fileContent)" [_thread_blocked, id=3344, stack(0x0000003b76d00000,0x0000003b76e00000)]
  0x00000157bed7e5b0 JavaThread "Cache worker for file hash cache (C:\Users\Tafita\AndroidStudioProjects\TourismeMadagascar\.gradle\8.0\fileHashes)" [_thread_blocked, id=25012, stack(0x0000003b76e00000,0x0000003b76f00000)]
  0x00000157bed7ef50 JavaThread "Cache worker for cache directory md-supplier (C:\Users\Tafita\.gradle\caches\8.0\md-supplier)" [_thread_blocked, id=24868, stack(0x0000003b76800000,0x0000003b76900000)]
  0x00000157bed82de0 JavaThread "Cache worker for execution history cache (C:\Users\Tafita\.gradle\caches\8.0\executionHistory)" [_thread_blocked, id=25896, stack(0x0000003b76f00000,0x0000003b77000000)]
  0x00000157bed7c400 JavaThread "jar transforms" [_thread_blocked, id=20664, stack(0x0000003b77000000,0x0000003b77100000)]
  0x00000157bed832b0 JavaThread "jar transforms Thread 2" [_thread_blocked, id=19524, stack(0x0000003b77100000,0x0000003b77200000)]
  0x00000157bed815d0 JavaThread "jar transforms Thread 3" [_thread_blocked, id=17860, stack(0x0000003b77400000,0x0000003b77500000)]
  0x00000157bed81f70 JavaThread "jar transforms Thread 4" [_thread_blocked, id=9976, stack(0x0000003b77500000,0x0000003b77600000)]
  0x00000157bed83780 JavaThread "Cache worker for dependencies-accessors (C:\Users\Tafita\AndroidStudioProjects\TourismeMadagascar\.gradle\8.0\dependencies-accessors)" [_thread_blocked, id=24536, stack(0x0000003b77600000,0x0000003b77700000)]
  0x00000157bed81aa0 JavaThread "Cache worker for Build Output Cleanup Cache (C:\Users\Tafita\AndroidStudioProjects\TourismeMadagascar\.gradle\buildOutputCleanup)" [_thread_blocked, id=7336, stack(0x0000003b77700000,0x0000003b77800000)]
  0x00000157bed82440 JavaThread "Unconstrained build operations" [_thread_blocked, id=12104, stack(0x0000003b77800000,0x0000003b77900000)]
  0x00000157bed7d740 JavaThread "Unconstrained build operations Thread 2" [_thread_blocked, id=25008, stack(0x0000003b77900000,0x0000003b77a00000)]
  0x00000157bed7e0e0 JavaThread "Unconstrained build operations Thread 3" [_thread_blocked, id=11604, stack(0x0000003b77a00000,0x0000003b77b00000)]
  0x00000157bed7ea80 JavaThread "Unconstrained build operations Thread 4" [_thread_blocked, id=19760, stack(0x0000003b77b00000,0x0000003b77c00000)]
  0x00000157bed82910 JavaThread "Unconstrained build operations Thread 5" [_thread_blocked, id=26000, stack(0x0000003b77c00000,0x0000003b77d00000)]
  0x00000157bed7bf30 JavaThread "Unconstrained build operations Thread 6" [_thread_blocked, id=17868, stack(0x0000003b77d00000,0x0000003b77e00000)]
  0x00000157bed7f8f0 JavaThread "Unconstrained build operations Thread 7" [_thread_blocked, id=21956, stack(0x0000003b77e00000,0x0000003b77f00000)]
  0x00000157bed7fdc0 JavaThread "Unconstrained build operations Thread 8" [_thread_blocked, id=21564, stack(0x0000003b77f00000,0x0000003b78000000)]
  0x00000157bec6c700 JavaThread "Unconstrained build operations Thread 9" [_thread_blocked, id=19664, stack(0x0000003b78000000,0x0000003b78100000)]
  0x00000157bec69bb0 JavaThread "Unconstrained build operations Thread 10" [_thread_blocked, id=26284, stack(0x0000003b78100000,0x0000003b78200000)]
  0x00000157bec6aa20 JavaThread "Unconstrained build operations Thread 11" [_thread_blocked, id=19100, stack(0x0000003b78200000,0x0000003b78300000)]
  0x00000157bec6c230 JavaThread "Unconstrained build operations Thread 12" [_thread_blocked, id=13920, stack(0x0000003b78300000,0x0000003b78400000)]
  0x00000157bec6cbd0 JavaThread "Unconstrained build operations Thread 13" [_thread_blocked, id=23976, stack(0x0000003b78400000,0x0000003b78500000)]
  0x00000157bec69210 JavaThread "Unconstrained build operations Thread 14" [_thread_blocked, id=25772, stack(0x0000003b78500000,0x0000003b78600000)]
  0x00000157bec6d0a0 JavaThread "Unconstrained build operations Thread 15" [_thread_blocked, id=21192, stack(0x0000003b78600000,0x0000003b78700000)]
  0x00000157bec6d570 JavaThread "Unconstrained build operations Thread 16" [_thread_blocked, id=4144, stack(0x0000003b78700000,0x0000003b78800000)]
  0x00000157bec68870 JavaThread "Unconstrained build operations Thread 17" [_thread_blocked, id=18852, stack(0x0000003b78800000,0x0000003b78900000)]
  0x00000157bec67060 JavaThread "Unconstrained build operations Thread 18" [_thread_blocked, id=25564, stack(0x0000003b78900000,0x0000003b78a00000)]
  0x00000157bec6da40 JavaThread "Unconstrained build operations Thread 19" [_thread_blocked, id=2368, stack(0x0000003b78a00000,0x0000003b78b00000)]
  0x00000157bec696e0 JavaThread "Unconstrained build operations Thread 20" [_thread_blocked, id=15540, stack(0x0000003b78b00000,0x0000003b78c00000)]
  0x00000157bec67530 JavaThread "Unconstrained build operations Thread 21" [_thread_blocked, id=19248, stack(0x0000003b78c00000,0x0000003b78d00000)]
  0x00000157bec6a080 JavaThread "Unconstrained build operations Thread 22" [_thread_blocked, id=24428, stack(0x0000003b78d00000,0x0000003b78e00000)]
  0x00000157bec68d40 JavaThread "Unconstrained build operations Thread 23" [_thread_blocked, id=4148, stack(0x0000003b78e00000,0x0000003b78f00000)]
  0x00000157bec67a00 JavaThread "Unconstrained build operations Thread 24" [_thread_blocked, id=23188, stack(0x0000003b78f00000,0x0000003b79000000)]
  0x00000157bec6df10 JavaThread "Unconstrained build operations Thread 25" [_thread_blocked, id=1624, stack(0x0000003b79000000,0x0000003b79100000)]
  0x00000157bec6a550 JavaThread "Unconstrained build operations Thread 26" [_thread_blocked, id=23420, stack(0x0000003b79100000,0x0000003b79200000)]
  0x00000157bec6e8b0 JavaThread "Unconstrained build operations Thread 27" [_thread_blocked, id=23172, stack(0x0000003b79200000,0x0000003b79300000)]
  0x00000157bec6aef0 JavaThread "Unconstrained build operations Thread 28" [_thread_blocked, id=9448, stack(0x0000003b79300000,0x0000003b79400000)]
  0x00000157bec67ed0 JavaThread "Unconstrained build operations Thread 29" [_thread_blocked, id=17108, stack(0x0000003b79400000,0x0000003b79500000)]
  0x00000157bec6b3c0 JavaThread "Unconstrained build operations Thread 30" [_thread_blocked, id=26364, stack(0x0000003b79500000,0x0000003b79600000)]
  0x00000157bec6b890 JavaThread "Unconstrained build operations Thread 31" [_thread_blocked, id=23952, stack(0x0000003b79600000,0x0000003b79700000)]
  0x00000157bec683a0 JavaThread "Unconstrained build operations Thread 32" [_thread_blocked, id=18984, stack(0x0000003b79700000,0x0000003b79800000)]
  0x00000157bec6e3e0 JavaThread "Unconstrained build operations Thread 33" [_thread_blocked, id=21284, stack(0x0000003b79800000,0x0000003b79900000)]
  0x00000157bec6bd60 JavaThread "Unconstrained build operations Thread 34" [_thread_blocked, id=23784, stack(0x0000003b79900000,0x0000003b79a00000)]
  0x00000157c1a89550 JavaThread "Unconstrained build operations Thread 35" [_thread_blocked, id=25648, stack(0x0000003b79a00000,0x0000003b79b00000)]
  0x00000157c1a88210 JavaThread "Unconstrained build operations Thread 36" [_thread_blocked, id=14712, stack(0x0000003b79b00000,0x0000003b79c00000)]
  0x00000157c1a86530 JavaThread "Unconstrained build operations Thread 37" [_thread_blocked, id=4416, stack(0x0000003b79c00000,0x0000003b79d00000)]
  0x00000157c1a8a890 JavaThread "Unconstrained build operations Thread 38" [_thread_blocked, id=13184, stack(0x0000003b79d00000,0x0000003b79e00000)]
  0x00000157c1a86ed0 JavaThread "Unconstrained build operations Thread 39" [_thread_blocked, id=10188, stack(0x0000003b79e00000,0x0000003b79f00000)]
  0x00000157c1a8c570 JavaThread "Unconstrained build operations Thread 40" [_thread_blocked, id=10280, stack(0x0000003b79f00000,0x0000003b7a000000)]
  0x00000157c1a86060 JavaThread "build event listener" [_thread_blocked, id=4248, stack(0x0000003b7a000000,0x0000003b7a100000)]
  0x00000157c1a8bbd0 JavaThread "Memory manager" [_thread_blocked, id=10776, stack(0x0000003b7a100000,0x0000003b7a200000)]
  0x00000157c1a8b700 JavaThread "pool-3-thread-1" [_thread_blocked, id=19160, stack(0x0000003b7a200000,0x0000003b7a300000)]
  0x00000157c1a89080 JavaThread "build event listener" [_thread_blocked, id=21780, stack(0x0000003b7a300000,0x0000003b7a400000)]
  0x00000157c1a8b230 JavaThread "included builds" [_thread_blocked, id=3304, stack(0x0000003b7a400000,0x0000003b7a500000)]
  0x00000157c1a89a20 JavaThread "Execution worker" [_thread_blocked, id=2028, stack(0x0000003b7a500000,0x0000003b7a600000)]
  0x00000157c1a8ca40 JavaThread "Execution worker Thread 2" [_thread_blocked, id=25968, stack(0x0000003b7a600000,0x0000003b7a700000)]
  0x00000157c1a873a0 JavaThread "Execution worker Thread 3" [_thread_blocked, id=17252, stack(0x0000003b7a700000,0x0000003b7a800000)]
  0x00000157c1a8d8b0 JavaThread "Cache worker for execution history cache (C:\Users\Tafita\AndroidStudioProjects\TourismeMadagascar\.gradle\8.0\executionHistory)" [_thread_blocked, id=8216, stack(0x0000003b7a800000,0x0000003b7a900000)]
  0x00000157c6631860 JavaThread "WorkerExecutor Queue" [_thread_blocked, id=3648, stack(0x0000003b7ab00000,0x0000003b7ac00000)]
  0x00000157c176e050 JavaThread "RMI Scheduler(0)" daemon [_thread_blocked, id=20936, stack(0x0000003b77300000,0x0000003b77400000)]
  0x00000157c176e520 JavaThread "RMI RenewClean-[127.0.0.1:17688,org.jetbrains.kotlin.daemon.common.LoopbackNetworkInterface$ClientLoopbackSocketFactory@612b2fe4]" daemon [_thread_blocked, id=16484, stack(0x0000003b7ac00000,0x0000003b7ad00000)]
  0x00000157c176eec0 JavaThread "RMI GC Daemon" daemon [_thread_blocked, id=22932, stack(0x0000003b7ad00000,0x0000003b7ae00000)]
  0x00000157bc920da0 JavaThread "RMI TCP Accept-0" daemon [_thread_in_native, id=16308, stack(0x0000003b7ae00000,0x0000003b7af00000)]
  0x00000157bc921c10 JavaThread "RMI Reaper" [_thread_blocked, id=24856, stack(0x0000003b7af00000,0x0000003b7b000000)]
  0x00000157bf777040 JavaThread "RMI TCP Connection(2)-127.0.0.1" daemon [_thread_in_native, id=11684, stack(0x0000003b7b100000,0x0000003b7b200000)]
  0x00000157c176f390 JavaThread "Cache worker for Java compile cache (C:\Users\Tafita\.gradle\caches\8.0\javaCompile)" [_thread_blocked, id=16952, stack(0x0000003b74300000,0x0000003b74400000)]
  0x00000157bc921270 JavaThread "Build operations" [_thread_blocked, id=19644, stack(0x0000003b74200000,0x0000003b74300000)]
  0x00000157bc921740 JavaThread "Build operations Thread 2" [_thread_blocked, id=3100, stack(0x0000003b74400000,0x0000003b74500000)]
  0x00000157bc9220e0 JavaThread "Build operations Thread 3" [_thread_blocked, id=10028, stack(0x0000003b76400000,0x0000003b76500000)]
  0x00000157bc9225b0 JavaThread "Build operations Thread 4" [_thread_blocked, id=14644, stack(0x0000003b7b000000,0x0000003b7b100000)]
  0x00000157c16e3020 JavaThread "C2 CompilerThread1" daemon [_thread_blocked, id=20096, stack(0x0000003b7b200000,0x0000003b7b300000)]

Other Threads:
=>0x00000157bb63f7a0 VMThread "VM Thread" [stack: 0x0000003b74b00000,0x0000003b74c00000] [id=3248]
  0x000001579fb928e0 WatcherThread [stack: 0x0000003b75700000,0x0000003b75800000] [id=264]
  0x000001579fb75cc0 GCTaskThread "GC Thread#0" [stack: 0x0000003b74600000,0x0000003b74700000] [id=11944]
  0x00000157bc3613e0 GCTaskThread "GC Thread#1" [stack: 0x0000003b75800000,0x0000003b75900000] [id=11568]
  0x00000157bcbc8010 GCTaskThread "GC Thread#2" [stack: 0x0000003b75900000,0x0000003b75a00000] [id=24656]
  0x00000157bcbc82c0 GCTaskThread "GC Thread#3" [stack: 0x0000003b75a00000,0x0000003b75b00000] [id=8000]
  0x000001579fb839a0 ConcurrentGCThread "G1 Main Marker" [stack: 0x0000003b74700000,0x0000003b74800000] [id=5656]
  0x000001579fb84a60 ConcurrentGCThread "G1 Conc#0" [stack: 0x0000003b74800000,0x0000003b74900000] [id=9700]
  0x000001579fbe7160 ConcurrentGCThread "G1 Refine#0" [stack: 0x0000003b74900000,0x0000003b74a00000] [id=4568]
  0x00000157c01da9b0 ConcurrentGCThread "G1 Refine#1" [stack: 0x0000003b77200000,0x0000003b77300000] [id=8388]
  0x000001579fbe7a90 ConcurrentGCThread "G1 Service" [stack: 0x0000003b74a00000,0x0000003b74b00000] [id=16656]

Threads with active compile tasks:
C2 CompilerThread0    69674 13411       4       org.gradle.api.internal.tasks.compile.incremental.serialization.HierarchicalNameSerializer::readName (51 bytes)
C2 CompilerThread1    69674 13428       4       org.gradle.api.internal.tasks.compile.incremental.serialization.HierarchicalNameSerializer::read (20 bytes)

VM state: at safepoint (normal execution)

VM Mutex/Monitor currently owned by a thread:  ([mutex/lock_event])
[0x000001579fb1a370] Threads_lock - owner thread: 0x00000157bb63f7a0
[0x000001579fb1ad90] Heap_lock - owner thread: 0x00000157c176f390

Heap address: 0x0000000741800000, size: 3048 MB, Compressed Oops mode: Zero based, Oop shift amount: 3

CDS archive(s) not mapped
Compressed class space mapped at: 0x0000000800000000-0x0000000840000000, reserved size: 1073741824
Narrow klass base: 0x0000000800000000, Narrow klass shift: 0, Narrow klass range: 0x40000000

GC Precious Log:
 CPUs: 4 total, 4 available
 Memory: 12190M
 Large Page Support: Disabled
 NUMA Support: Disabled
 Compressed Oops: Enabled (Zero based)
 Heap Region Size: 2M
 Heap Min Capacity: 8M
 Heap Initial Capacity: 192M
 Heap Max Capacity: 3048M
 Pre-touch: Disabled
 Parallel Workers: 4
 Concurrent Workers: 1
 Concurrent Refinement Workers: 4
 Periodic GC: Disabled

Heap:
 garbage-first heap   total 194560K, used 110738K [0x0000000741800000, 0x0000000800000000)
  region size 2048K, 3 young (6144K), 3 survivors (6144K)
 Metaspace       used 102902K, committed 103680K, reserved 1146880K
  class space    used 13851K, committed 14208K, reserved 1048576K

Heap Regions: E=young(eden), S=young(survivor), O=old, HS=humongous(starts), HC=humongous(continues), CS=collection set, F=free, OA=open archive, CA=closed archive, TAMS=top-at-mark-start (previous, next)
|   0|0x0000000741800000, 0x0000000741a00000, 0x0000000741a00000|100%| O|  |TAMS 0x0000000741a00000, 0x0000000741800000| Untracked 
|   1|0x0000000741a00000, 0x0000000741c00000, 0x0000000741c00000|100%|HS|  |TAMS 0x0000000741c00000, 0x0000000741a00000| Complete 
|   2|0x0000000741c00000, 0x0000000741e00000, 0x0000000741e00000|100%|HC|  |TAMS 0x0000000741e00000, 0x0000000741c00000| Complete 
|   3|0x0000000741e00000, 0x0000000742000000, 0x0000000742000000|100%| O|  |TAMS 0x0000000742000000, 0x0000000741e00000| Untracked 
|   4|0x0000000742000000, 0x0000000742200000, 0x0000000742200000|100%| O|  |TAMS 0x0000000742200000, 0x0000000742000000| Untracked 
|   5|0x0000000742200000, 0x0000000742400000, 0x0000000742400000|100%| O|  |TAMS 0x0000000742400000, 0x0000000742200000| Untracked 
|   6|0x0000000742400000, 0x0000000742600000, 0x0000000742600000|100%| O|  |TAMS 0x0000000742600000, 0x0000000742400000| Untracked 
|   7|0x0000000742600000, 0x0000000742800000, 0x0000000742800000|100%| O|  |TAMS 0x0000000742800000, 0x0000000742600000| Untracked 
|   8|0x0000000742800000, 0x0000000742a00000, 0x0000000742a00000|100%| O|  |TAMS 0x0000000742a00000, 0x0000000742800000| Untracked 
|   9|0x0000000742a00000, 0x0000000742c00000, 0x0000000742c00000|100%| O|  |TAMS 0x0000000742c00000, 0x0000000742a00000| Untracked 
|  10|0x0000000742c00000, 0x0000000742e00000, 0x0000000742e00000|100%| O|  |TAMS 0x0000000742e00000, 0x0000000742c00000| Untracked 
|  11|0x0000000742e00000, 0x0000000743000000, 0x0000000743000000|100%| O|  |TAMS 0x0000000743000000, 0x0000000742e00000| Untracked 
|  12|0x0000000743000000, 0x0000000743200000, 0x0000000743200000|100%| O|  |TAMS 0x0000000743000000, 0x0000000743000000| Untracked 
|  13|0x0000000743200000, 0x0000000743400000, 0x0000000743400000|100%| O|  |TAMS 0x0000000743400000, 0x0000000743200000| Untracked 
|  14|0x0000000743400000, 0x0000000743600000, 0x0000000743600000|100%| O|  |TAMS 0x0000000743600000, 0x0000000743400000| Untracked 
|  15|0x0000000743600000, 0x0000000743800000, 0x0000000743800000|100%| O|  |TAMS 0x0000000743800000, 0x0000000743600000| Untracked 
|  16|0x0000000743800000, 0x0000000743a00000, 0x0000000743a00000|100%| O|  |TAMS 0x0000000743a00000, 0x0000000743800000| Untracked 
|  17|0x0000000743a00000, 0x0000000743c00000, 0x0000000743c00000|100%| O|  |TAMS 0x0000000743c00000, 0x0000000743a00000| Untracked 
|  18|0x0000000743c00000, 0x0000000743e00000, 0x0000000743e00000|100%| O|  |TAMS 0x0000000743e00000, 0x0000000743c00000| Untracked 
|  19|0x0000000743e00000, 0x0000000744000000, 0x0000000744000000|100%| O|  |TAMS 0x0000000744000000, 0x0000000743e00000| Untracked 
|  20|0x0000000744000000, 0x0000000744200000, 0x0000000744200000|100%| O|  |TAMS 0x0000000744200000, 0x0000000744000000| Untracked 
|  21|0x0000000744200000, 0x0000000744400000, 0x0000000744400000|100%| O|  |TAMS 0x0000000744400000, 0x0000000744200000| Untracked 
|  22|0x0000000744400000, 0x0000000744600000, 0x0000000744600000|100%|HS|  |TAMS 0x0000000744600000, 0x0000000744400000| Complete 
|  23|0x0000000744600000, 0x0000000744800000, 0x0000000744800000|100%|HC|  |TAMS 0x0000000744800000, 0x0000000744600000| Complete 
|  24|0x0000000744800000, 0x0000000744a00000, 0x0000000744a00000|100%| O|  |TAMS 0x0000000744a00000, 0x0000000744800000| Untracked 
|  25|0x0000000744a00000, 0x0000000744c00000, 0x0000000744c00000|100%| O|  |TAMS 0x0000000744c00000, 0x0000000744a00000| Untracked 
|  26|0x0000000744c00000, 0x0000000744e00000, 0x0000000744e00000|100%| O|  |TAMS 0x0000000744e00000, 0x0000000744c00000| Untracked 
|  27|0x0000000744e00000, 0x0000000745000000, 0x0000000745000000|100%| O|  |TAMS 0x0000000745000000, 0x0000000744e00000| Untracked 
|  28|0x0000000745000000, 0x0000000745200000, 0x0000000745200000|100%| O|  |TAMS 0x0000000745200000, 0x0000000745000000| Untracked 
|  29|0x0000000745200000, 0x0000000745400000, 0x0000000745400000|100%| O|  |TAMS 0x0000000745400000, 0x0000000745200000| Untracked 
|  30|0x0000000745400000, 0x0000000745600000, 0x0000000745600000|100%| O|  |TAMS 0x0000000745600000, 0x0000000745400000| Untracked 
|  31|0x0000000745600000, 0x0000000745800000, 0x0000000745800000|100%| O|  |TAMS 0x0000000745800000, 0x0000000745600000| Untracked 
|  32|0x0000000745800000, 0x0000000745a00000, 0x0000000745a00000|100%| O|  |TAMS 0x0000000745a00000, 0x0000000745800000| Untracked 
|  33|0x0000000745a00000, 0x0000000745c00000, 0x0000000745c00000|100%| O|  |TAMS 0x0000000745c00000, 0x0000000745a00000| Untracked 
|  34|0x0000000745c00000, 0x0000000745e00000, 0x0000000745e00000|100%| O|  |TAMS 0x0000000745e00000, 0x0000000745c00000| Untracked 
|  35|0x0000000745e00000, 0x0000000746000000, 0x0000000746000000|100%| O|  |TAMS 0x0000000746000000, 0x0000000745e00000| Untracked 
|  36|0x0000000746000000, 0x0000000746200000, 0x0000000746200000|100%| O|  |TAMS 0x0000000746200000, 0x0000000746000000| Untracked 
|  37|0x0000000746200000, 0x0000000746400000, 0x0000000746400000|100%| O|  |TAMS 0x0000000746400000, 0x0000000746200000| Untracked 
|  38|0x0000000746400000, 0x0000000746600000, 0x0000000746600000|100%| O|  |TAMS 0x0000000746600000, 0x0000000746400000| Untracked 
|  39|0x0000000746600000, 0x0000000746800000, 0x0000000746800000|100%| O|  |TAMS 0x0000000746800000, 0x0000000746600000| Untracked 
|  40|0x0000000746800000, 0x0000000746a00000, 0x0000000746a00000|100%| O|  |TAMS 0x0000000746a00000, 0x0000000746800000| Untracked 
|  41|0x0000000746a00000, 0x0000000746c00000, 0x0000000746c00000|100%| O|  |TAMS 0x0000000746c00000, 0x0000000746a00000| Untracked 
|  42|0x0000000746c00000, 0x0000000746e00000, 0x0000000746e00000|100%| O|  |TAMS 0x0000000746e00000, 0x0000000746c00000| Untracked 
|  43|0x0000000746e00000, 0x0000000747000000, 0x0000000747000000|100%| O|  |TAMS 0x0000000747000000, 0x0000000746e00000| Untracked 
|  44|0x0000000747000000, 0x0000000747200000, 0x0000000747200000|100%| O|  |TAMS 0x0000000747200000, 0x0000000747000000| Untracked 
|  45|0x0000000747200000, 0x0000000747400000, 0x0000000747400000|100%| O|  |TAMS 0x0000000747400000, 0x0000000747200000| Untracked 
|  46|0x0000000747400000, 0x0000000747600000, 0x0000000747600000|100%| O|  |TAMS 0x0000000747600000, 0x0000000747400000| Untracked 
|  47|0x0000000747600000, 0x0000000747800000, 0x0000000747800000|100%| O|  |TAMS 0x0000000747800000, 0x0000000747600000| Untracked 
|  48|0x0000000747800000, 0x0000000747a00000, 0x0000000747a00000|100%| O|  |TAMS 0x0000000747a00000, 0x0000000747800000| Untracked 
|  49|0x0000000747a00000, 0x0000000747c00000, 0x0000000747c00000|100%| O|  |TAMS 0x0000000747c00000, 0x0000000747a00000| Untracked 
|  50|0x0000000747c00000, 0x0000000747e00000, 0x0000000747e00000|100%| O|  |TAMS 0x0000000747cec600, 0x0000000747c00000| Untracked 
|  51|0x0000000747e00000, 0x0000000747ea4a00, 0x0000000748000000| 32%| O|  |TAMS 0x0000000747e00000, 0x0000000747e00000| Untracked 
|  52|0x0000000748000000, 0x0000000748000000, 0x0000000748200000|  0%| F|  |TAMS 0x0000000748000000, 0x0000000748000000| Untracked 
|  53|0x0000000748200000, 0x0000000748200000, 0x0000000748400000|  0%| F|  |TAMS 0x0000000748200000, 0x0000000748200000| Untracked 
|  54|0x0000000748400000, 0x0000000748400000, 0x0000000748600000|  0%| F|  |TAMS 0x0000000748400000, 0x0000000748400000| Untracked 
|  55|0x0000000748600000, 0x0000000748600000, 0x0000000748800000|  0%| F|  |TAMS 0x0000000748600000, 0x0000000748600000| Untracked 
|  56|0x0000000748800000, 0x0000000748800000, 0x0000000748a00000|  0%| F|  |TAMS 0x0000000748800000, 0x0000000748800000| Untracked 
|  57|0x0000000748a00000, 0x0000000748a00000, 0x0000000748c00000|  0%| F|  |TAMS 0x0000000748a00000, 0x0000000748a00000| Untracked 
|  58|0x0000000748c00000, 0x0000000748c00000, 0x0000000748e00000|  0%| F|  |TAMS 0x0000000748c00000, 0x0000000748c00000| Untracked 
|  59|0x0000000748e00000, 0x0000000748e00000, 0x0000000749000000|  0%| F|  |TAMS 0x0000000748e00000, 0x0000000748e00000| Untracked 
|  60|0x0000000749000000, 0x0000000749000000, 0x0000000749200000|  0%| F|  |TAMS 0x0000000749000000, 0x0000000749000000| Untracked 
|  61|0x0000000749200000, 0x0000000749200000, 0x0000000749400000|  0%| F|  |TAMS 0x0000000749200000, 0x0000000749200000| Untracked 
|  62|0x0000000749400000, 0x0000000749400000, 0x0000000749600000|  0%| F|  |TAMS 0x0000000749400000, 0x0000000749400000| Untracked 
|  63|0x0000000749600000, 0x0000000749600000, 0x0000000749800000|  0%| F|  |TAMS 0x0000000749600000, 0x0000000749600000| Untracked 
|  64|0x0000000749800000, 0x0000000749800000, 0x0000000749a00000|  0%| F|  |TAMS 0x0000000749800000, 0x0000000749800000| Untracked 
|  65|0x0000000749a00000, 0x0000000749b80188, 0x0000000749c00000| 75%| S|CS|TAMS 0x0000000749a00000, 0x0000000749a00000| Complete 
|  66|0x0000000749c00000, 0x0000000749e00000, 0x0000000749e00000|100%| S|CS|TAMS 0x0000000749c00000, 0x0000000749c00000| Complete 
|  67|0x0000000749e00000, 0x000000074a000000, 0x000000074a000000|100%| S|CS|TAMS 0x0000000749e00000, 0x0000000749e00000| Complete 
|  68|0x000000074a000000, 0x000000074a000000, 0x000000074a200000|  0%| F|  |TAMS 0x000000074a000000, 0x000000074a000000| Untracked 
|  69|0x000000074a200000, 0x000000074a200000, 0x000000074a400000|  0%| F|  |TAMS 0x000000074a200000, 0x000000074a200000| Untracked 
|  70|0x000000074a400000, 0x000000074a400000, 0x000000074a600000|  0%| F|  |TAMS 0x000000074a400000, 0x000000074a400000| Untracked 
|  71|0x000000074a600000, 0x000000074a600000, 0x000000074a800000|  0%| F|  |TAMS 0x000000074a600000, 0x000000074a600000| Untracked 
|  72|0x000000074a800000, 0x000000074a800000, 0x000000074aa00000|  0%| F|  |TAMS 0x000000074a800000, 0x000000074a800000| Untracked 
|  73|0x000000074aa00000, 0x000000074aa00000, 0x000000074ac00000|  0%| F|  |TAMS 0x000000074aa00000, 0x000000074aa00000| Untracked 
|  74|0x000000074ac00000, 0x000000074ac00000, 0x000000074ae00000|  0%| F|  |TAMS 0x000000074ac00000, 0x000000074ac00000| Untracked 
|  75|0x000000074ae00000, 0x000000074ae00000, 0x000000074b000000|  0%| F|  |TAMS 0x000000074ae00000, 0x000000074ae00000| Untracked 
|  76|0x000000074b000000, 0x000000074b000000, 0x000000074b200000|  0%| F|  |TAMS 0x000000074b000000, 0x000000074b000000| Untracked 
|  77|0x000000074b200000, 0x000000074b200000, 0x000000074b400000|  0%| F|  |TAMS 0x000000074b200000, 0x000000074b200000| Untracked 
|  78|0x000000074b400000, 0x000000074b400000, 0x000000074b600000|  0%| F|  |TAMS 0x000000074b400000, 0x000000074b400000| Untracked 
|  79|0x000000074b600000, 0x000000074b600000, 0x000000074b800000|  0%| F|  |TAMS 0x000000074b600000, 0x000000074b600000| Untracked 
|  80|0x000000074b800000, 0x000000074b800000, 0x000000074ba00000|  0%| F|  |TAMS 0x000000074b800000, 0x000000074b800000| Untracked 
|  81|0x000000074ba00000, 0x000000074ba00000, 0x000000074bc00000|  0%| F|  |TAMS 0x000000074ba00000, 0x000000074ba00000| Untracked 
|  82|0x000000074bc00000, 0x000000074bc00000, 0x000000074be00000|  0%| F|  |TAMS 0x000000074bc00000, 0x000000074bc00000| Untracked 
|  83|0x000000074be00000, 0x000000074be00000, 0x000000074c000000|  0%| F|  |TAMS 0x000000074be00000, 0x000000074be00000| Untracked 
|  84|0x000000074c000000, 0x000000074c000000, 0x000000074c200000|  0%| F|  |TAMS 0x000000074c000000, 0x000000074c000000| Untracked 
|  85|0x000000074c200000, 0x000000074c200000, 0x000000074c400000|  0%| F|  |TAMS 0x000000074c200000, 0x000000074c200000| Untracked 
|  86|0x000000074c400000, 0x000000074c400000, 0x000000074c600000|  0%| F|  |TAMS 0x000000074c400000, 0x000000074c400000| Untracked 
|  87|0x000000074c600000, 0x000000074c600000, 0x000000074c800000|  0%| F|  |TAMS 0x000000074c600000, 0x000000074c600000| Untracked 
|  88|0x000000074c800000, 0x000000074c800000, 0x000000074ca00000|  0%| F|  |TAMS 0x000000074c800000, 0x000000074c800000| Untracked 
|  89|0x000000074ca00000, 0x000000074ca00000, 0x000000074cc00000|  0%| F|  |TAMS 0x000000074ca00000, 0x000000074ca00000| Untracked 
|  90|0x000000074cc00000, 0x000000074cc00000, 0x000000074ce00000|  0%| F|  |TAMS 0x000000074cc00000, 0x000000074cc00000| Untracked 
|  91|0x000000074ce00000, 0x000000074ce00000, 0x000000074d000000|  0%| F|  |TAMS 0x000000074ce00000, 0x000000074ce00000| Untracked 
|  92|0x000000074d000000, 0x000000074d000000, 0x000000074d200000|  0%| F|  |TAMS 0x000000074d000000, 0x000000074d000000| Untracked 
|  93|0x000000074d200000, 0x000000074d200000, 0x000000074d400000|  0%| F|  |TAMS 0x000000074d200000, 0x000000074d200000| Untracked 
|  94|0x000000074d400000, 0x000000074d400000, 0x000000074d600000|  0%| F|  |TAMS 0x000000074d400000, 0x000000074d400000| Untracked 

Card table byte_map: [0x00000157b25f0000,0x00000157b2bf0000] _byte_map_base: 0x00000157aebe4000

Marking Bits (Prev, Next): (CMBitMap*) 0x000001579fb761e0, (CMBitMap*) 0x000001579fb76220
 Prev Bits: [0x00000157b31f0000, 0x00000157b6190000)
 Next Bits: [0x00000157b6190000, 0x00000157b9130000)

Polling page: 0x000001579dcb0000

Metaspace:

Usage:
  Non-class:     86.96 MB used.
      Class:     13.53 MB used.
       Both:    100.49 MB used.

Virtual space:
  Non-class space:       96.00 MB reserved,      87.38 MB ( 91%) committed,  12 nodes.
      Class space:        1.00 GB reserved,      13.88 MB (  1%) committed,  1 nodes.
             Both:        1.09 GB reserved,     101.25 MB (  9%) committed. 

Chunk freelists:
   Non-Class:  3.84 MB
       Class:  1.98 MB
        Both:  5.83 MB

MaxMetaspaceSize: unlimited
CompressedClassSpaceSize: 1.00 GB
Initial GC threshold: 21.00 MB
Current GC threshold: 165.12 MB
CDS: off
MetaspaceReclaimPolicy: balanced
 - commit_granule_bytes: 65536.
 - commit_granule_words: 8192.
 - virtual_space_node_default_size: 1048576.
 - enlarge_chunks_in_place: 1.
 - new_chunks_are_fully_committed: 0.
 - uncommit_free_chunks: 1.
 - use_allocation_guard: 0.
 - handle_deallocations: 1.


Internal statistics:

num_allocs_failed_limit: 6.
num_arena_births: 1066.
num_arena_deaths: 6.
num_vsnodes_births: 13.
num_vsnodes_deaths: 0.
num_space_committed: 1620.
num_space_uncommitted: 0.
num_chunks_returned_to_freelist: 14.
num_chunks_taken_from_freelist: 4922.
num_chunk_merges: 8.
num_chunk_splits: 3224.
num_chunks_enlarged: 2124.
num_purges: 2.
num_inconsistent_stats: 0.

CodeHeap 'non-profiled nmethods': size=120000Kb used=7348Kb max_used=7580Kb free=112651Kb
 bounds [0x00000157aaac0000, 0x00000157ab230000, 0x00000157b1ff0000]
CodeHeap 'profiled nmethods': size=120000Kb used=23069Kb max_used=24124Kb free=96930Kb
 bounds [0x00000157a2ff0000, 0x00000157a4780000, 0x00000157aa520000]
CodeHeap 'non-nmethods': size=5760Kb used=2418Kb max_used=2460Kb free=3341Kb
 bounds [0x00000157aa520000, 0x00000157aa790000, 0x00000157aaac0000]
 total_blobs=12494 nmethods=11535 adapters=871
 compilation: enabled
              stopped_count=0, restarted_count=0
 full_count=0

Compilation events (20 events):
Event: 69.319 Thread 0x00000157bc0371a0 13411       4       org.gradle.api.internal.tasks.compile.incremental.serialization.HierarchicalNameSerializer::readName (51 bytes)
Event: 69.423 Thread 0x00000157bc03b050 13418       3       com.google.common.collect.HashBiMap::insert (188 bytes)
Event: 69.424 Thread 0x00000157bc03b050 nmethod 13418 0x00000157a3aca210 code [0x00000157a3aca420, 0x00000157a3acaf58]
Event: 69.424 Thread 0x00000157bc03b050 13419       3       org.gradle.api.internal.tasks.compile.incremental.compilerapi.deps.DependentsSet$DefaultDependentsSet::<init> (8 bytes)
Event: 69.425 Thread 0x00000157bc03b050 nmethod 13419 0x00000157a30ad390 code [0x00000157a30ad540, 0x00000157a30ad8f8]
Event: 69.425 Thread 0x00000157bc03b050 13420       3       org.gradle.api.internal.tasks.compile.incremental.compilerapi.deps.DependentsSet$DefaultDependentsSet::<init> (21 bytes)
Event: 69.425 Thread 0x00000157bc03b050 nmethod 13420 0x00000157a337fa90 code [0x00000157a337fc40, 0x00000157a337ff98]
Event: 69.425 Thread 0x00000157bc03b050 13421       3       org.gradle.api.internal.tasks.compile.incremental.compilerapi.deps.DependentsSet::dependents (52 bytes)
Event: 69.426 Thread 0x00000157bc03b050 nmethod 13421 0x00000157a3a53290 code [0x00000157a3a534e0, 0x00000157a3a53de8]
Event: 69.526 Thread 0x00000157bc03b050 13425   !   3       org.gradle.internal.serialize.kryo.KryoBackedDecoder::readInt (15 bytes)
Event: 69.527 Thread 0x00000157bc03b050 nmethod 13425 0x00000157a32bc790 code [0x00000157a32bc9a0, 0x00000157a32bcf68]
Event: 69.527 Thread 0x00000157c16e3020 13426       4       com.google.common.collect.RegularImmutableMap::makeImmutable (44 bytes)
Event: 69.531 Thread 0x00000157c16e3020 nmethod 13426 0x00000157aabdf210 code [0x00000157aabdf3a0, 0x00000157aabdf518]
Event: 69.531 Thread 0x00000157c16e3020 13423       4       com.google.common.collect.HashBiMap::insert (188 bytes)
Event: 69.570 Thread 0x00000157c16e3020 nmethod 13423 0x00000157aadefe90 code [0x00000157aadf0020, 0x00000157aadf0e18]
Event: 69.570 Thread 0x00000157c16e3020 13415       4       com.google.common.collect.HashBiMap::get (13 bytes)
Event: 69.574 Thread 0x00000157c16e3020 nmethod 13415 0x00000157aafb5a10 code [0x00000157aafb5ba0, 0x00000157aafb5d98]
Event: 69.574 Thread 0x00000157c16e3020 13430       4       com.google.common.collect.HashBiMap::rehashIfNecessary (87 bytes)
Event: 69.585 Thread 0x00000157c16e3020 nmethod 13430 0x00000157ab09c390 code [0x00000157ab09c520, 0x00000157ab09ca68]
Event: 69.585 Thread 0x00000157c16e3020 13428       4       org.gradle.api.internal.tasks.compile.incremental.serialization.HierarchicalNameSerializer::read (20 bytes)

GC Heap History (20 events):
Event: 27.280 GC heap after
{Heap after GC invocations=34 (full 0):
 garbage-first heap   total 159744K, used 84701K [0x0000000741800000, 0x0000000800000000)
  region size 2048K, 4 young (8192K), 4 survivors (8192K)
 Metaspace       used 87658K, committed 88256K, reserved 1130496K
  class space    used 11817K, committed 12032K, reserved 1048576K
}
Event: 29.873 GC heap before
{Heap before GC invocations=35 (full 0):
 garbage-first heap   total 159744K, used 125661K [0x0000000741800000, 0x0000000800000000)
  region size 2048K, 24 young (49152K), 4 survivors (8192K)
 Metaspace       used 91327K, committed 91968K, reserved 1130496K
  class space    used 12315K, committed 12608K, reserved 1048576K
}
Event: 29.894 GC heap after
{Heap after GC invocations=36 (full 0):
 garbage-first heap   total 159744K, used 90697K [0x0000000741800000, 0x0000000800000000)
  region size 2048K, 3 young (6144K), 3 survivors (6144K)
 Metaspace       used 91327K, committed 91968K, reserved 1130496K
  class space    used 12315K, committed 12608K, reserved 1048576K
}
Event: 30.924 GC heap before
{Heap before GC invocations=36 (full 0):
 garbage-first heap   total 159744K, used 125513K [0x0000000741800000, 0x0000000800000000)
  region size 2048K, 21 young (43008K), 3 survivors (6144K)
 Metaspace       used 91767K, committed 92416K, reserved 1130496K
  class space    used 12356K, committed 12672K, reserved 1048576K
}
Event: 30.936 GC heap after
{Heap after GC invocations=37 (full 0):
 garbage-first heap   total 159744K, used 93680K [0x0000000741800000, 0x0000000800000000)
  region size 2048K, 2 young (4096K), 2 survivors (4096K)
 Metaspace       used 91767K, committed 92416K, reserved 1130496K
  class space    used 12356K, committed 12672K, reserved 1048576K
}
Event: 32.158 GC heap before
{Heap before GC invocations=38 (full 0):
 garbage-first heap   total 178176K, used 126448K [0x0000000741800000, 0x0000000800000000)
  region size 2048K, 19 young (38912K), 2 survivors (4096K)
 Metaspace       used 92169K, committed 92800K, reserved 1130496K
  class space    used 12393K, committed 12672K, reserved 1048576K
}
Event: 32.167 GC heap after
{Heap after GC invocations=39 (full 0):
 garbage-first heap   total 178176K, used 95990K [0x0000000741800000, 0x0000000800000000)
  region size 2048K, 3 young (6144K), 3 survivors (6144K)
 Metaspace       used 92169K, committed 92800K, reserved 1130496K
  class space    used 12393K, committed 12672K, reserved 1048576K
}
Event: 32.212 GC heap before
{Heap before GC invocations=39 (full 0):
 garbage-first heap   total 178176K, used 98038K [0x0000000741800000, 0x0000000800000000)
  region size 2048K, 4 young (8192K), 3 survivors (6144K)
 Metaspace       used 92198K, committed 92864K, reserved 1130496K
  class space    used 12393K, committed 12672K, reserved 1048576K
}
Event: 32.225 GC heap after
{Heap after GC invocations=40 (full 0):
 garbage-first heap   total 178176K, used 96122K [0x0000000741800000, 0x0000000800000000)
  region size 2048K, 1 young (2048K), 1 survivors (2048K)
 Metaspace       used 92198K, committed 92864K, reserved 1130496K
  class space    used 12393K, committed 12672K, reserved 1048576K
}
Event: 33.414 GC heap before
{Heap before GC invocations=40 (full 0):
 garbage-first heap   total 178176K, used 141178K [0x0000000741800000, 0x0000000800000000)
  region size 2048K, 24 young (49152K), 1 survivors (2048K)
 Metaspace       used 92577K, committed 93248K, reserved 1130496K
  class space    used 12413K, committed 12736K, reserved 1048576K
}
Event: 33.422 GC heap after
{Heap after GC invocations=41 (full 0):
 garbage-first heap   total 178176K, used 99025K [0x0000000741800000, 0x0000000800000000)
  region size 2048K, 2 young (4096K), 2 survivors (4096K)
 Metaspace       used 92577K, committed 93248K, reserved 1130496K
  class space    used 12413K, committed 12736K, reserved 1048576K
}
Event: 35.397 GC heap before
{Heap before GC invocations=42 (full 0):
 garbage-first heap   total 178176K, used 142033K [0x0000000741800000, 0x0000000800000000)
  region size 2048K, 24 young (49152K), 2 survivors (4096K)
 Metaspace       used 97194K, committed 97920K, reserved 1138688K
  class space    used 13043K, committed 13376K, reserved 1048576K
}
Event: 35.409 GC heap after
{Heap after GC invocations=43 (full 0):
 garbage-first heap   total 178176K, used 102020K [0x0000000741800000, 0x0000000800000000)
  region size 2048K, 2 young (4096K), 2 survivors (4096K)
 Metaspace       used 97194K, committed 97920K, reserved 1138688K
  class space    used 13043K, committed 13376K, reserved 1048576K
}
Event: 35.490 GC heap before
{Heap before GC invocations=43 (full 0):
 garbage-first heap   total 178176K, used 106116K [0x0000000741800000, 0x0000000800000000)
  region size 2048K, 4 young (8192K), 2 survivors (4096K)
 Metaspace       used 97617K, committed 98304K, reserved 1138688K
  class space    used 13103K, committed 13440K, reserved 1048576K
}
Event: 35.511 GC heap after
{Heap after GC invocations=44 (full 0):
 garbage-first heap   total 178176K, used 102392K [0x0000000741800000, 0x0000000800000000)
  region size 2048K, 1 young (2048K), 1 survivors (2048K)
 Metaspace       used 97617K, committed 98304K, reserved 1138688K
  class space    used 13103K, committed 13440K, reserved 1048576K
}
Event: 37.131 GC heap before
{Heap before GC invocations=44 (full 0):
 garbage-first heap   total 178176K, used 143352K [0x0000000741800000, 0x0000000800000000)
  region size 2048K, 22 young (45056K), 1 survivors (2048K)
 Metaspace       used 100536K, committed 101184K, reserved 1138688K
  class space    used 13483K, committed 13760K, reserved 1048576K
}
Event: 37.140 GC heap after
{Heap after GC invocations=45 (full 0):
 garbage-first heap   total 178176K, used 105214K [0x0000000741800000, 0x0000000800000000)
  region size 2048K, 2 young (4096K), 2 survivors (4096K)
 Metaspace       used 100536K, committed 101184K, reserved 1138688K
  class space    used 13483K, committed 13760K, reserved 1048576K
}
Event: 38.361 GC heap before
{Heap before GC invocations=46 (full 0):
 garbage-first heap   total 194560K, used 144126K [0x0000000741800000, 0x0000000800000000)
  region size 2048K, 22 young (45056K), 2 survivors (4096K)
 Metaspace       used 101050K, committed 101696K, reserved 1138688K
  class space    used 13574K, committed 13888K, reserved 1048576K
}
Event: 38.373 GC heap after
{Heap after GC invocations=47 (full 0):
 garbage-first heap   total 194560K, used 107463K [0x0000000741800000, 0x0000000800000000)
  region size 2048K, 2 young (4096K), 2 survivors (4096K)
 Metaspace       used 101050K, committed 101696K, reserved 1138688K
  class space    used 13574K, committed 13888K, reserved 1048576K
}
Event: 69.593 GC heap before
{Heap before GC invocations=47 (full 0):
 garbage-first heap   total 194560K, used 156615K [0x0000000741800000, 0x0000000800000000)
  region size 2048K, 27 young (55296K), 2 survivors (4096K)
 Metaspace       used 102902K, committed 103680K, reserved 1146880K
  class space    used 13851K, committed 14208K, reserved 1048576K
}

Dll operation events (2 events):
Event: 0.011 Loaded shared library D:\app\AndroidStudio\jbr\bin\java.dll
Event: 1.150 Loaded shared library D:\app\AndroidStudio\jbr\bin\verify.dll

Deoptimization events (20 events):
Event: 68.585 Thread 0x00000157c1a8ca40 Uncommon trap: trap_request=0xffffff45 fr.pc=0x00000157aaf4a73c relative=0x000000000000009c
Event: 68.585 Thread 0x00000157c1a8ca40 Uncommon trap: reason=unstable_if action=reinterpret pc=0x00000157aaf4a73c method=org.objectweb.asm.MethodWriter.visitMaxs(II)V @ 35 c2
Event: 68.585 Thread 0x00000157c1a8ca40 DEOPT PACKING pc=0x00000157aaf4a73c sp=0x0000003b7a6fbe20
Event: 68.586 Thread 0x00000157c1a8ca40 DEOPT UNPACKING pc=0x00000157aa5769a3 sp=0x0000003b7a6fbdb8 mode 2
Event: 68.873 Thread 0x00000157c1a8ca40 Uncommon trap: trap_request=0xffffff45 fr.pc=0x00000157ab20c0e4 relative=0x0000000000000064
Event: 68.873 Thread 0x00000157c1a8ca40 Uncommon trap: reason=unstable_if action=reinterpret pc=0x00000157ab20c0e4 method=java.util.zip.ZipFile$ZipEntryIterator.hasNext()Z @ 8 c2
Event: 68.873 Thread 0x00000157c1a8ca40 DEOPT PACKING pc=0x00000157ab20c0e4 sp=0x0000003b7a6fc410
Event: 68.873 Thread 0x00000157c1a8ca40 DEOPT UNPACKING pc=0x00000157aa5769a3 sp=0x0000003b7a6fc340 mode 2
Event: 68.874 Thread 0x00000157c1a8ca40 Uncommon trap: trap_request=0xffffff45 fr.pc=0x00000157aadfe6d0 relative=0x0000000000000670
Event: 68.874 Thread 0x00000157c1a8ca40 Uncommon trap: reason=unstable_if action=reinterpret pc=0x00000157aadfe6d0 method=sun.security.provider.DigestBase.engineUpdate([BII)V @ 1 c2
Event: 68.874 Thread 0x00000157c1a8ca40 DEOPT PACKING pc=0x00000157aadfe6d0 sp=0x0000003b7a6fc3d0
Event: 68.874 Thread 0x00000157c1a8ca40 DEOPT UNPACKING pc=0x00000157aa5769a3 sp=0x0000003b7a6fc3a8 mode 2
Event: 69.292 Thread 0x00000157c1a8ca40 Uncommon trap: trap_request=0xffffff45 fr.pc=0x00000157aac31c34 relative=0x0000000000000a94
Event: 69.292 Thread 0x00000157c1a8ca40 Uncommon trap: reason=unstable_if action=reinterpret pc=0x00000157aac31c34 method=com.google.common.collect.ImmutableSet$RegularSetBuilderImpl.hashFloodingDetected([Ljava/lang/Object;)Z @ 25 c2
Event: 69.292 Thread 0x00000157c1a8ca40 DEOPT PACKING pc=0x00000157aac31c34 sp=0x0000003b7a6fa1e0
Event: 69.292 Thread 0x00000157c1a8ca40 DEOPT UNPACKING pc=0x00000157aa5769a3 sp=0x0000003b7a6fa0d0 mode 2
Event: 69.423 Thread 0x00000157c176f390 Uncommon trap: trap_request=0xffffff45 fr.pc=0x00000157aadf3bec relative=0x0000000000000ccc
Event: 69.423 Thread 0x00000157c176f390 Uncommon trap: reason=unstable_if action=reinterpret pc=0x00000157aadf3bec method=com.google.common.collect.HashBiMap.insert(Lcom/google/common/collect/HashBiMap$BiEntry;Lcom/google/common/collect/HashBiMap$BiEntry;)V @ 78 c2
Event: 69.423 Thread 0x00000157c176f390 DEOPT PACKING pc=0x00000157aadf3bec sp=0x0000003b743fe030
Event: 69.423 Thread 0x00000157c176f390 DEOPT UNPACKING pc=0x00000157aa5769a3 sp=0x0000003b743fdfe8 mode 2

Classes unloaded (3 events):
Event: 33.735 Thread 0x00000157bb63f7a0 Unloading class 0x0000000800c58c00 'java/lang/invoke/LambdaForm$DMH+0x0000000800c58c00'
Event: 33.735 Thread 0x00000157bb63f7a0 Unloading class 0x0000000800c58800 'java/lang/invoke/LambdaForm$DMH+0x0000000800c58800'
Event: 33.735 Thread 0x00000157bb63f7a0 Unloading class 0x0000000800c58400 'java/lang/invoke/LambdaForm$DMH+0x0000000800c58400'

Classes redefined (0 events):
No events

Internal exceptions (20 events):
Event: 38.302 Thread 0x00000157c6631860 Exception <a 'java/lang/NoSuchMethodError'{0x000000074b688088}: 'void java.lang.invoke.DirectMethodHandle$Holder.invokeStatic(java.lang.Object, long)'> (0x000000074b688088) 
thrown [s\src\hotspot\share\interpreter\linkResolver.cpp, line 771]
Event: 38.303 Thread 0x00000157c6631860 Exception <a 'java/lang/NoSuchMethodError'{0x000000074b262708}: 'java.lang.Object java.lang.invoke.DirectMethodHandle$Holder.newInvokeSpecial(java.lang.Object, long)'> (0x000000074b262708) 
thrown [s\src\hotspot\share\interpreter\linkResolver.cpp, line 771]
Event: 38.305 Thread 0x00000157c6631860 Exception <a 'java/lang/NoSuchMethodError'{0x000000074b27bac8}: 'java.lang.Object java.lang.invoke.DirectMethodHandle$Holder.invokeStatic(java.lang.Object, java.lang.Object, long, java.lang.Object)'> (0x000000074b27bac8) 
thrown [s\src\hotspot\share\interpreter\linkResolver.cpp, line 771]
Event: 38.306 Thread 0x00000157c6631860 Exception <a 'java/lang/NoSuchMethodError'{0x000000074b27f548}: 'java.lang.Object java.lang.invoke.DirectMethodHandle$Holder.invokeStaticInit(java.lang.Object, java.lang.Object, long, java.lang.Object)'> (0x000000074b27f548) 
thrown [s\src\hotspot\share\interpreter\linkResolver.cpp, line 771]
Event: 38.420 Thread 0x00000157c1a873a0 Exception <a 'sun/nio/fs/WindowsException'{0x000000074d5bf820}> (0x000000074d5bf820) 
thrown [s\src\hotspot\share\prims\jni.cpp, line 517]
Event: 38.603 Thread 0x00000157c1a873a0 Exception <a 'sun/nio/fs/WindowsException'{0x000000074c994c60}> (0x000000074c994c60) 
thrown [s\src\hotspot\share\prims\jni.cpp, line 517]
Event: 39.933 Thread 0x00000157c6631860 Exception <a 'java/lang/NoSuchMethodError'{0x000000074c6b9f60}: static Lorg/jetbrains/kotlin/daemon/common/LoopbackNetworkInterface$AbstractClientLoopbackSocketFactory;.<clinit>()V> (0x000000074c6b9f60) 
thrown [s\src\hotspot\share\prims\jni.cpp, line 1108]
Event: 39.934 Thread 0x00000157c6631860 Exception <a 'java/lang/NoSuchMethodError'{0x000000074c6c5660}: static Lorg/jetbrains/kotlin/daemon/common/LoopbackNetworkInterface$ClientLoopbackSocketFactory;.<clinit>()V> (0x000000074c6c5660) 
thrown [s\src\hotspot\share\prims\jni.cpp, line 1108]
Event: 39.976 Thread 0x00000157c6631860 Exception <a 'java/lang/NoSuchMethodError'{0x000000074c718898}: static [Ljava/rmi/server/ObjID;.<clinit>()V> (0x000000074c718898) 
thrown [s\src\hotspot\share\prims\jni.cpp, line 1108]
Event: 39.981 Thread 0x00000157c6631860 Exception <a 'java/lang/NoSuchMethodError'{0x000000074c73b0a0}: static [B.<clinit>()V> (0x000000074c73b0a0) 
thrown [s\src\hotspot\share\prims\jni.cpp, line 1108]
Event: 40.000 Thread 0x00000157c176e520 Exception <a 'java/lang/InterruptedException'{0x000000074c748108}> (0x000000074c748108) 
thrown [s\src\hotspot\share\runtime\objectMonitor.cpp, line 1648]
Event: 40.001 Thread 0x00000157c176e520 Exception <a 'java/lang/NoSuchMethodError'{0x000000074c750918}: 'java.lang.Object java.lang.invoke.DirectMethodHandle$Holder.newInvokeSpecial(java.lang.Object, java.lang.Object, int, java.lang.Object, long)'> (0x000000074c750918) 
thrown [s\src\hotspot\share\interpreter\linkResolver.cpp, line 771]
Event: 40.029 Thread 0x00000157c6631860 Exception <a 'java/lang/NoSuchMethodError'{0x000000074c7888b0}: static Lorg/jetbrains/kotlin/daemon/common/CompileService$CallResult;.<clinit>()V> (0x000000074c7888b0) 
thrown [s\src\hotspot\share\prims\jni.cpp, line 1108]
Event: 40.030 Thread 0x00000157c6631860 Exception <a 'java/lang/NoSuchMethodError'{0x000000074c794270}: static Lorg/jetbrains/kotlin/daemon/common/CompileService$CallResult$Good;.<clinit>()V> (0x000000074c794270) 
thrown [s\src\hotspot\share\prims\jni.cpp, line 1108]
Event: 40.031 Thread 0x00000157c6631860 Exception <a 'java/lang/NoSuchMethodError'{0x000000074c7a1420}: static Lorg/jetbrains/kotlin/daemon/common/DaemonJVMOptions;.<clinit>()V> (0x000000074c7a1420) 
thrown [s\src\hotspot\share\prims\jni.cpp, line 1108]
Event: 40.040 Thread 0x00000157c6631860 Exception <a 'java/lang/NoSuchMethodError'{0x000000074c7b8468}: static Lorg/jetbrains/kotlin/daemon/common/CompileService$CallResult$Ok;.<clinit>()V> (0x000000074c7b8468) 
thrown [s\src\hotspot\share\prims\jni.cpp, line 1108]
Event: 40.074 Thread 0x00000157c6631860 Exception <a 'java/lang/NoSuchMethodError'{0x000000074c4c3d10}: static [Ljava/lang/Integer;.<clinit>()V> (0x000000074c4c3d10) 
thrown [s\src\hotspot\share\prims\jni.cpp, line 1108]
Event: 68.503 Thread 0x00000157bcd826a0 Exception <a 'java/lang/NoSuchMethodError'{0x000000074bc7e208}: static [Ljava/lang/Object;.<clinit>()V> (0x000000074bc7e208) 
thrown [s\src\hotspot\share\prims\jni.cpp, line 1108]
Event: 68.538 Thread 0x00000157c1a8ca40 Exception <a 'java/lang/NoSuchMethodError'{0x000000074bfe1da8}: static Ljava/lang/Object;.<clinit>()V> (0x000000074bfe1da8) 
thrown [s\src\hotspot\share\prims\jni.cpp, line 1108]
Event: 68.585 Thread 0x00000157c1a8ca40 Implicit null exception at 0x00000157aac03c45 to 0x00000157aac04a34

VM Operations (20 events):
Event: 58.025 Executing VM operation: Cleanup done
Event: 66.030 Executing VM operation: Cleanup
Event: 66.030 Executing VM operation: Cleanup done
Event: 67.030 Executing VM operation: Cleanup
Event: 67.030 Executing VM operation: Cleanup done
Event: 68.031 Executing VM operation: Cleanup
Event: 68.031 Executing VM operation: Cleanup done
Event: 68.476 Executing VM operation: HandshakeAllThreads
Event: 68.476 Executing VM operation: HandshakeAllThreads done
Event: 68.477 Executing VM operation: HandshakeAllThreads
Event: 68.478 Executing VM operation: HandshakeAllThreads done
Event: 68.768 Executing VM operation: HandshakeAllThreads
Event: 68.773 Executing VM operation: HandshakeAllThreads done
Event: 68.804 Executing VM operation: ICBufferFull
Event: 68.804 Executing VM operation: ICBufferFull done
Event: 68.810 Executing VM operation: HandshakeAllThreads
Event: 68.811 Executing VM operation: HandshakeAllThreads done
Event: 69.414 Executing VM operation: HandshakeAllThreads
Event: 69.415 Executing VM operation: HandshakeAllThreads done
Event: 69.593 Executing VM operation: G1CollectForAllocation

Events (20 events):
Event: 68.840 Thread 0x00000157bc03d960 flushing nmethod 0x00000157a42b4810
Event: 68.840 Thread 0x00000157bc03d960 flushing nmethod 0x00000157a42ba410
Event: 68.840 Thread 0x00000157bc03d960 flushing nmethod 0x00000157a42bd710
Event: 68.840 Thread 0x00000157bc03d960 flushing nmethod 0x00000157a432bb90
Event: 68.841 Thread 0x00000157bc03d960 flushing nmethod 0x00000157a43fbf10
Event: 68.934 loading class java/util/AbstractMap$2
Event: 68.934 loading class java/util/AbstractMap$2 done
Event: 69.022 Thread 0x00000157c176f390 Thread added: 0x00000157c176f390
Event: 69.255 Thread 0x00000157c16e3020 Thread exited: 0x00000157c16e3020
Event: 69.314 Thread 0x00000157bc921270 Thread added: 0x00000157bc921270
Event: 69.314 Thread 0x00000157bc921740 Thread added: 0x00000157bc921740
Event: 69.316 Thread 0x00000157bc9220e0 Thread added: 0x00000157bc9220e0
Event: 69.316 Thread 0x00000157bc9225b0 Thread added: 0x00000157bc9225b0
Event: 69.473 loading class java/util/PrimitiveIterator$OfInt
Event: 69.473 loading class java/util/PrimitiveIterator
Event: 69.474 loading class java/util/PrimitiveIterator done
Event: 69.474 loading class java/util/PrimitiveIterator$OfInt done
Event: 69.491 loading class java/io/SequenceInputStream
Event: 69.491 loading class java/io/SequenceInputStream done
Event: 69.527 Thread 0x00000157c16e3020 Thread added: 0x00000157c16e3020


Dynamic libraries:
0x00007ff74f0d0000 - 0x00007ff74f0da000 	D:\app\AndroidStudio\jbr\bin\java.exe
0x00007ffd9d770000 - 0x00007ffd9d968000 	C:\Windows\SYSTEM32\ntdll.dll
0x00007ffd9cbf0000 - 0x00007ffd9ccaf000 	C:\Windows\System32\KERNEL32.DLL
0x00007ffd9b380000 - 0x00007ffd9b652000 	C:\Windows\System32\KERNELBASE.dll
0x00007ffd9ae60000 - 0x00007ffd9af60000 	C:\Windows\System32\ucrtbase.dll
0x00007ffd8c740000 - 0x00007ffd8c757000 	D:\app\AndroidStudio\jbr\bin\jli.dll
0x00007ffd8c620000 - 0x00007ffd8c63b000 	D:\app\AndroidStudio\jbr\bin\VCRUNTIME140.dll
0x00007ffd9d380000 - 0x00007ffd9d521000 	C:\Windows\System32\USER32.dll
0x00007ffd9afb0000 - 0x00007ffd9afd2000 	C:\Windows\System32\win32u.dll
0x00007ffd9d700000 - 0x00007ffd9d72b000 	C:\Windows\System32\GDI32.dll
0x00007ffd9b270000 - 0x00007ffd9b37f000 	C:\Windows\System32\gdi32full.dll
0x00007ffd9b1d0000 - 0x00007ffd9b26d000 	C:\Windows\System32\msvcp_win.dll
0x00007ffd82be0000 - 0x00007ffd82e7a000 	C:\Windows\WinSxS\amd64_microsoft.windows.common-controls_6595b64144ccf1df_6.0.19041.1110_none_60b5254171f9507e\COMCTL32.dll
0x00007ffd9d2e0000 - 0x00007ffd9d37e000 	C:\Windows\System32\msvcrt.dll
0x00007ffd9b980000 - 0x00007ffd9b9b2000 	C:\Windows\System32\IMM32.DLL
0x00007ffd952f0000 - 0x00007ffd952fc000 	D:\app\AndroidStudio\jbr\bin\vcruntime140_1.dll
0x00007ffd79a00000 - 0x00007ffd79a8d000 	D:\app\AndroidStudio\jbr\bin\msvcp140.dll
0x00007ffd5a610000 - 0x00007ffd5b27d000 	D:\app\AndroidStudio\jbr\bin\server\jvm.dll
0x00007ffd9c1f0000 - 0x00007ffd9c29e000 	C:\Windows\System32\ADVAPI32.dll
0x00007ffd9cb50000 - 0x00007ffd9cbec000 	C:\Windows\System32\sechost.dll
0x00007ffd9cf90000 - 0x00007ffd9d0b5000 	C:\Windows\System32\RPCRT4.dll
0x00007ffd85be0000 - 0x00007ffd85be9000 	C:\Windows\SYSTEM32\WSOCK32.dll
0x00007ffd9d530000 - 0x00007ffd9d59b000 	C:\Windows\System32\WS2_32.dll
0x00007ffd93510000 - 0x00007ffd9351a000 	C:\Windows\SYSTEM32\VERSION.dll
0x00007ffd88bc0000 - 0x00007ffd88be7000 	C:\Windows\SYSTEM32\WINMM.dll
0x00007ffd99700000 - 0x00007ffd99712000 	C:\Windows\SYSTEM32\kernel.appcore.dll
0x00007ffd93b20000 - 0x00007ffd93b2a000 	D:\app\AndroidStudio\jbr\bin\jimage.dll
0x00007ffd98c20000 - 0x00007ffd98e04000 	C:\Windows\SYSTEM32\DBGHELP.DLL
0x00007ffd87800000 - 0x00007ffd87835000 	C:\Windows\SYSTEM32\dbgcore.DLL
0x00007ffd9b140000 - 0x00007ffd9b1c2000 	C:\Windows\System32\bcryptPrimitives.dll
0x00007ffd87f30000 - 0x00007ffd87f55000 	D:\app\AndroidStudio\jbr\bin\java.dll
0x00007ffd930c0000 - 0x00007ffd930d8000 	D:\app\AndroidStudio\jbr\bin\zip.dll
0x00007ffd9c2a0000 - 0x00007ffd9c9e5000 	C:\Windows\System32\SHELL32.dll
0x00007ffd98e10000 - 0x00007ffd995a2000 	C:\Windows\SYSTEM32\windows.storage.dll
0x00007ffd9be90000 - 0x00007ffd9c1e5000 	C:\Windows\System32\combase.dll
0x00007ffd9a7e0000 - 0x00007ffd9a810000 	C:\Windows\SYSTEM32\Wldp.dll
0x00007ffd9c9f0000 - 0x00007ffd9ca9d000 	C:\Windows\System32\SHCORE.dll
0x00007ffd9d680000 - 0x00007ffd9d6d5000 	C:\Windows\System32\shlwapi.dll
0x00007ffd9ada0000 - 0x00007ffd9adbf000 	C:\Windows\SYSTEM32\profapi.dll
0x00007ffd90960000 - 0x00007ffd90979000 	D:\app\AndroidStudio\jbr\bin\net.dll
0x00007ffd92480000 - 0x00007ffd9258c000 	C:\Windows\SYSTEM32\WINHTTP.dll
0x00007ffd9a540000 - 0x00007ffd9a5aa000 	C:\Windows\system32\mswsock.dll
0x00007ffd8c7f0000 - 0x00007ffd8c806000 	D:\app\AndroidStudio\jbr\bin\nio.dll
0x00007ffd93800000 - 0x00007ffd93810000 	D:\app\AndroidStudio\jbr\bin\verify.dll
0x00007ffd89c50000 - 0x00007ffd89c77000 	C:\Users\Tafita\.gradle\native\68d5fa5c4cc2d200863cafc0d521ce42e7d3e7ee720ec0a83991735586a16f82\windows-amd64\native-platform.dll
0x00007ffd661f0000 - 0x00007ffd66334000 	C:\Users\Tafita\.gradle\native\e376f236ea51e6404a007f0833ffe2c6e607c4080706a723a18a27aeea778392\windows-amd64\native-platform-file-events.dll
0x00007ffd93b10000 - 0x00007ffd93b19000 	D:\app\AndroidStudio\jbr\bin\management.dll
0x00007ffd93920000 - 0x00007ffd9392b000 	D:\app\AndroidStudio\jbr\bin\management_ext.dll
0x00007ffd9d1e0000 - 0x00007ffd9d1e8000 	C:\Windows\System32\PSAPI.DLL
0x00007ffd9a740000 - 0x00007ffd9a758000 	C:\Windows\SYSTEM32\CRYPTSP.dll
0x00007ffd99e60000 - 0x00007ffd99e94000 	C:\Windows\system32\rsaenh.dll
0x00007ffd9b6d0000 - 0x00007ffd9b6f7000 	C:\Windows\System32\bcrypt.dll
0x00007ffd9ad60000 - 0x00007ffd9ad8e000 	C:\Windows\SYSTEM32\USERENV.dll
0x00007ffd9a730000 - 0x00007ffd9a73c000 	C:\Windows\SYSTEM32\CRYPTBASE.dll
0x00007ffd9a230000 - 0x00007ffd9a26b000 	C:\Windows\SYSTEM32\IPHLPAPI.DLL
0x00007ffd9b970000 - 0x00007ffd9b978000 	C:\Windows\System32\NSI.dll
0x00007ffd919a0000 - 0x00007ffd919b7000 	C:\Windows\SYSTEM32\dhcpcsvc6.DLL
0x00007ffd92110000 - 0x00007ffd9212d000 	C:\Windows\SYSTEM32\dhcpcsvc.DLL
0x00007ffd9a270000 - 0x00007ffd9a33b000 	C:\Windows\SYSTEM32\DNSAPI.dll
0x00007ffd937b0000 - 0x00007ffd937b7000 	C:\Windows\system32\wshunix.dll
0x00007ffd948c0000 - 0x00007ffd948de000 	C:\Users\Tafita\AppData\Local\Temp\native-platform14776408124016002738dir\native-platform.dll
0x00007ffd95090000 - 0x00007ffd95097000 	D:\app\AndroidStudio\jbr\bin\rmi.dll

dbghelp: loaded successfully - version: 4.0.5 - missing functions: none
symbol engine: initialized successfully - sym options: 0x614 - pdb path: .;D:\app\AndroidStudio\jbr\bin;C:\Windows\SYSTEM32;C:\Windows\WinSxS\amd64_microsoft.windows.common-controls_6595b64144ccf1df_6.0.19041.1110_none_60b5254171f9507e;D:\app\AndroidStudio\jbr\bin\server;C:\Users\Tafita\.gradle\native\68d5fa5c4cc2d200863cafc0d521ce42e7d3e7ee720ec0a83991735586a16f82\windows-amd64;C:\Users\Tafita\.gradle\native\e376f236ea51e6404a007f0833ffe2c6e607c4080706a723a18a27aeea778392\windows-amd64;C:\Users\Tafita\AppData\Local\Temp\native-platform14776408124016002738dir

VM Arguments:
jvm_args: --add-opens=java.base/java.util=ALL-UNNAMED --add-opens=java.base/java.lang=ALL-UNNAMED --add-opens=java.base/java.lang.invoke=ALL-UNNAMED --add-opens=java.prefs/java.util.prefs=ALL-UNNAMED --add-opens=java.base/java.nio.charset=ALL-UNNAMED --add-opens=java.base/java.net=ALL-UNNAMED --add-opens=java.base/java.util.concurrent.atomic=ALL-UNNAMED -Xmx3048m -Dfile.encoding=UTF-8 -Duser.country=FR -Duser.language=fr -Duser.variant 
java_command: org.gradle.launcher.daemon.bootstrap.GradleDaemon 8.0
java_class_path (initial): C:\Users\Tafita\.gradle\wrapper\dists\gradle-8.0-bin\ca5e32bp14vu59qr306oxotwh\gradle-8.0\lib\gradle-launcher-8.0.jar
Launcher Type: SUN_STANDARD

[Global flags]
     intx CICompilerCount                          = 3                                         {product} {ergonomic}
     uint ConcGCThreads                            = 1                                         {product} {ergonomic}
     uint G1ConcRefinementThreads                  = 4                                         {product} {ergonomic}
   size_t G1HeapRegionSize                         = 2097152                                   {product} {ergonomic}
    uintx GCDrainStackTargetSize                   = 64                                        {product} {ergonomic}
   size_t InitialHeapSize                          = 201326592                                 {product} {ergonomic}
   size_t MarkStackSize                            = 4194304                                   {product} {ergonomic}
   size_t MaxHeapSize                              = 3196059648                                {product} {command line}
   size_t MaxNewSize                               = 1916796928                                {product} {ergonomic}
   size_t MinHeapDeltaBytes                        = 2097152                                   {product} {ergonomic}
   size_t MinHeapSize                              = 8388608                                   {product} {ergonomic}
    uintx NonNMethodCodeHeapSize                   = 5832780                                {pd product} {ergonomic}
    uintx NonProfiledCodeHeapSize                  = 122912730                              {pd product} {ergonomic}
    uintx ProfiledCodeHeapSize                     = 122912730                              {pd product} {ergonomic}
    uintx ReservedCodeCacheSize                    = 251658240                              {pd product} {ergonomic}
     bool SegmentedCodeCache                       = true                                      {product} {ergonomic}
   size_t SoftMaxHeapSize                          = 3196059648                             {manageable} {ergonomic}
     bool UseCompressedClassPointers               = true                           {product lp64_product} {ergonomic}
     bool UseCompressedOops                        = true                           {product lp64_product} {ergonomic}
     bool UseG1GC                                  = true                                      {product} {ergonomic}
     bool UseLargePagesIndividualAllocation        = false                                  {pd product} {ergonomic}

Logging:
Log output configuration:
 #0: stdout all=warning uptime,level,tags
 #1: stderr all=off uptime,level,tags

Environment Variables:
JAVA_HOME=C:\Program Files\Java\jdk1.8.0_251
CLASSPATH=C:\Program Files (x86)\Java\jdk1.7.0\jre\lib\ext\ojdbc6.jar
PATH=C:\Program Files\Common Files\Oracle\Java\javapath;C:\Program Files (x86)\Common Files\Oracle\Java\javapath;C:\Python311\Scripts\;C:\Python311\;C:\Program Files (x86)\Common Files\Intel\Shared Libraries\redist\intel64\compiler;D:\app\Tafita\product\11.2.0\dbhome_1\bin;C:\Windows\system32;C:\Windows;C:\Windows\System32\Wbem;C:\Windows\System32\WindowsPowerShell\v1.0\;C:\Windows\System32\OpenSSH\;C:\program files (x86)\skype\Phone\;C:\Program Files\Java\jdk1.8.0_251\bin;C:\Program Files\Microsoft SQL Server\Client SDK\ODBC\170\Tools\Binn\;C:\Program Files\dotnet\;C:\Program Files\Microsoft SQL Server\130\Tools\Binn\;C:\Program Files (x86)\Microsoft SQL Server\150\Tools\Binn\;C:\Program Files\Microsoft SQL Server\150\Tools\Binn\;C:\Program Files\Microsoft SQL Server\150\DTS\Binn\;C:\xampp\mysql\bin;D:\Programmes files\Git\cmd;C:\Program Files\MongoDB\Server\3.2\bin;C:\Program Files\PostgreSQL\11\bin;C:\Program Files\MongoDB\Server\6.0\bin;C:\ProgramData\chocolatey\bin;C:\Program Files\nodejs\;C:\Users\Tafita\AppData\Local\Programs\Python\Python38-32\Scripts\;C:\Users\Tafita\AppData\Local\Programs\Python\Python38-32\;C:\Users\Tafita\AppData\Local\Microsoft\WindowsApps;C:\Users\Tafita\AppData\Local\GitHubDesktop\bin;C:\Users\Tafita\.dotnet\tools;C:\Program Files\JetBrains\PyCharm Community Edition 2019.3.3\bin;;C:\Users\Tafita\AppData\Local\Programs\Microsoft VS Code\bin;C:\Program Files\heroku\bin;C:\Users\Tafita\AppData\Roaming\npm;D:\app\IntelliJ IDEA Community Edition 2023.1.1\bin;
USERNAME=Tafita
OS=Windows_NT
PROCESSOR_IDENTIFIER=Intel64 Family 6 Model 61 Stepping 4, GenuineIntel
TMP=C:\Users\Tafita\AppData\Local\Temp
TEMP=C:\Users\Tafita\AppData\Local\Temp



---------------  S Y S T E M  ---------------

OS:
 Windows 10 , 64 bit Build 19041 (10.0.19041.2546)
OS uptime: 40 days 6:58 hours

CPU: total 4 (initial active 4) (2 cores per cpu, 2 threads per core) family 6 model 61 stepping 4 microcode 0x2d, cx8, cmov, fxsr, ht, mmx, 3dnowpref, sse, sse2, sse3, ssse3, sse4.1, sse4.2, popcnt, lzcnt, tsc, tscinvbit, avx, avx2, aes, erms, clmul, bmi1, bmi2, adx, fma, vzeroupper, clflush

Memory: 4k page, system-wide physical 12190M (1542M free)
TotalPageFile size 14238M (AvailPageFile size 153M)
current process WorkingSet (physical memory assigned to process): 453M, peak: 458M
current process commit charge ("private bytes"): 480M, peak: 667M

vm_info: OpenJDK 64-Bit Server VM (17.0.6+0-b2043.56-9586694) for windows-amd64 JRE (17.0.6+0-b2043.56-9586694), built on Feb  9 2023 20:06:20 by "androidbuild" with MS VC++ 16.10 / 16.11 (VS2019)

END.
