#
# There is insufficient memory for the Java Runtime Environment to continue.
# Native memory allocation (malloc) failed to allocate 958688 bytes for Chunk::new
# Possible reasons:
#   The system is out of physical RAM or swap space
#   The process is running with CompressedOops enabled, and the Java Heap may be blocking the growth of the native heap
# Possible solutions:
#   Reduce memory load on the system
#   Increase physical memory or swap space
#   Check if swap backing store is full
#   Decrease Java heap size (-Xmx/-Xms)
#   Decrease number of Java threads
#   Decrease Java thread stack sizes (-Xss)
#   Set larger code cache with -XX:ReservedCodeCacheSize=
#   JVM is running with Zero Based Compressed Oops mode in which the Java heap is
#     placed in the first 32GB address space. The Java Heap base address is the
#     maximum limit for the native heap growth. Please use -XX:HeapBaseMinAddress
#     to set the Java Heap base and to place the Java Heap above 32GB virtual address.
# This output file may be truncated or incomplete.
#
#  Out of Memory Error (arena.cpp:189), pid=8800, tid=7380
#
# JRE version: OpenJDK Runtime Environment (17.0.6) (build 17.0.6+0-b2043.56-9586694)
# Java VM: OpenJDK 64-Bit Server VM (17.0.6+0-b2043.56-9586694, mixed mode, tiered, compressed oops, compressed class ptrs, g1 gc, windows-amd64)
# No core dump will be written. Minidumps are not enabled by default on client versions of Windows
#

---------------  S U M M A R Y ------------

Command Line: --add-opens=java.base/java.util=ALL-UNNAMED --add-opens=java.base/java.lang=ALL-UNNAMED --add-opens=java.base/java.lang.invoke=ALL-UNNAMED --add-opens=java.prefs/java.util.prefs=ALL-UNNAMED --add-opens=java.base/java.nio.charset=ALL-UNNAMED --add-opens=java.base/java.net=ALL-UNNAMED --add-opens=java.base/java.util.concurrent.atomic=ALL-UNNAMED -Xmx3048m -Dfile.encoding=UTF-8 -Duser.country=FR -Duser.language=fr -Duser.variant org.gradle.launcher.daemon.bootstrap.GradleDaemon 8.0

Host: Intel(R) Core(TM) i5-5200U CPU @ 2.20GHz, 4 cores, 11G,  Windows 10 , 64 bit Build 19041 (10.0.19041.2546)
Time: Thu Aug  3 12:28:28 2023 Afrique de l, 64 bit Build 19041 (10.0.19041.2546) elapsed time: 314.210805 seconds (0d 0h 5m 14s)

---------------  T H R E A D  ---------------

Current thread (0x000001dfc18df800):  JavaThread "C2 CompilerThread1" daemon [_thread_in_native, id=7380, stack(0x000000420c100000,0x000000420c200000)]


Current CompileTask:
C2: 314210 15856       4       org.gradle.internal.snapshot.impl.AbstractValueProcessor::processValue (775 bytes)

Stack: [0x000000420c100000,0x000000420c200000]
Native frames: (J=compiled Java code, j=interpreted, Vv=VM code, C=native code)
V  [jvm.dll+0x683b4a]
V  [jvm.dll+0x842654]
V  [jvm.dll+0x843dfe]
V  [jvm.dll+0x844463]
V  [jvm.dll+0x249b75]
V  [jvm.dll+0xabcac]
V  [jvm.dll+0xac27c]
V  [jvm.dll+0x368857]
V  [jvm.dll+0x1bced2]
V  [jvm.dll+0x21c359]
V  [jvm.dll+0x21b621]
V  [jvm.dll+0x1a4fdd]
V  [jvm.dll+0x22b098]
V  [jvm.dll+0x229159]
V  [jvm.dll+0x7f809c]
V  [jvm.dll+0x7f25fa]
V  [jvm.dll+0x682985]
C  [ucrtbase.dll+0x21bb2]
C  [KERNEL32.DLL+0x17614]
C  [ntdll.dll+0x526a1]


---------------  P R O C E S S  ---------------

Threads class SMR info:
_java_thread_list=0x000001dfbc4c7140, length=92, elements={
0x000001df9cf70990, 0x000001dfba9e4110, 0x000001dfba9eb130, 0x000001dfbb422590,
0x000001dfbb432a90, 0x000001dfbb432f60, 0x000001dfbb433820, 0x000001dfbb4344c0,
0x000001dfbb440380, 0x000001dfbb473460, 0x000001dfbb5d24e0, 0x000001dfbb5f50a0,
0x000001dfbcd49480, 0x000001dfbde16030, 0x000001dfbe71a830, 0x000001dfbc20a3d0,
0x000001dfbc209090, 0x000001dfbc209a30, 0x000001dfbc209560, 0x000001dfbe3aa6e0,
0x000001dfbe3ac890, 0x000001dfbe3af8b0, 0x000001dfbe3a9870, 0x000001dfbe3acd60,
0x000001dfbe3a8060, 0x000001dfbe3ad700, 0x000001dfbdeb94b0, 0x000001dfbdebce70,
0x000001dfbc57d220, 0x000001dfbc57a6d0, 0x000001dfbc57c880, 0x000001dfbc581580,
0x000001dfbc57ef00, 0x000001dfbc57cd50, 0x000001dfbc581a50, 0x000001dfbc57a200,
0x000001dfbc57aba0, 0x000001dfbc57b070, 0x000001dfbc57b540, 0x000001dfbc57ba10,
0x000001dfbc57d6f0, 0x000001dfbc57e560, 0x000001dfbc57bee0, 0x000001dfbc57dbc0,
0x000001dfbc57f3d0, 0x000001dfbc57f8a0, 0x000001dfbc57fd70, 0x000001dfbc580240,
0x000001dfbe3aef10, 0x000001dfbe3aabb0, 0x000001dfbe3ab080, 0x000001dfbe3aea40,
0x000001dfbe3af3e0, 0x000001dfbe3a8530, 0x000001dfbe3ad230, 0x000001dfbe3a9d40,
0x000001dfbe3a8ed0, 0x000001dfbe3adbd0, 0x000001dfbe3a93a0, 0x000001dfbe3aa210,
0x000001dfbe3aba20, 0x000001dfbe3abef0, 0x000001dfbdebc4d0, 0x000001dfbdeb7ca0,
0x000001dfbdebd340, 0x000001dfbdeba7f0, 0x000001dfbdeb8170, 0x000001dfbdeb8640,
0x000001dfbdeb8b10, 0x000001dfbdeb8fe0, 0x000001dfbdeb9980, 0x000001dfbdebb660,
0x000001dfbdebd810, 0x000001dfbdeb6960, 0x000001dfbc209f00, 0x000001dfbc20a8a0,
0x000001dfc1a04fa0, 0x000001dfc1a03c60, 0x000001dfc1a07af0, 0x000001dfc1a05e10,
0x000001dfc1a08490, 0x000001dfc1a032c0, 0x000001dfc1a02df0, 0x000001dfc1a02450,
0x000001dfc1a04600, 0x000001dfc1a05470, 0x000001dfc1a07620, 0x000001dfc1a03790,
0x000001dfc1a05940, 0x000001dfc1a062e0, 0x000001dfc18df800, 0x000001dfc1a07fc0
}
_to_delete_list=0x000001dfbd840eb0, length=91, elements={
0x000001df9cf70990, 0x000001dfba9e4110, 0x000001dfba9eb130, 0x000001dfbb422590,
0x000001dfbb432a90, 0x000001dfbb432f60, 0x000001dfbb433820, 0x000001dfbb4344c0,
0x000001dfbb440380, 0x000001dfbb473460, 0x000001dfbb5d24e0, 0x000001dfbb5f50a0,
0x000001dfbcd49480, 0x000001dfbde16030, 0x000001dfbe71a830, 0x000001dfbc20a3d0,
0x000001dfbc209090, 0x000001dfbc209a30, 0x000001dfbc209560, 0x000001dfbe3aa6e0,
0x000001dfbe3ac890, 0x000001dfbe3af8b0, 0x000001dfbe3a9870, 0x000001dfbe3acd60,
0x000001dfbe3a8060, 0x000001dfbe3ad700, 0x000001dfbdeb94b0, 0x000001dfbdebce70,
0x000001dfbc57d220, 0x000001dfbc57a6d0, 0x000001dfbc57c880, 0x000001dfbc581580,
0x000001dfbc57ef00, 0x000001dfbc57cd50, 0x000001dfbc581a50, 0x000001dfbc57a200,
0x000001dfbc57aba0, 0x000001dfbc57b070, 0x000001dfbc57b540, 0x000001dfbc57ba10,
0x000001dfbc57d6f0, 0x000001dfbc57e560, 0x000001dfbc57bee0, 0x000001dfbc57dbc0,
0x000001dfbc57f3d0, 0x000001dfbc57f8a0, 0x000001dfbc57fd70, 0x000001dfbc580240,
0x000001dfbe3aef10, 0x000001dfbe3aabb0, 0x000001dfbe3ab080, 0x000001dfbe3aea40,
0x000001dfbe3af3e0, 0x000001dfbe3a8530, 0x000001dfbe3ad230, 0x000001dfbe3a9d40,
0x000001dfbe3a8ed0, 0x000001dfbe3adbd0, 0x000001dfbe3a93a0, 0x000001dfbe3aa210,
0x000001dfbe3aba20, 0x000001dfbe3abef0, 0x000001dfbdebc4d0, 0x000001dfbdeb7ca0,
0x000001dfbdebd340, 0x000001dfbdeba7f0, 0x000001dfbdeb8170, 0x000001dfbdeb8640,
0x000001dfbdeb8b10, 0x000001dfbdeb8fe0, 0x000001dfbdeb9980, 0x000001dfbdebb660,
0x000001dfbdebd810, 0x000001dfbdeb6960, 0x000001dfbc209f00, 0x000001dfbc20a8a0,
0x000001dfc1a04fa0, 0x000001dfc1a03c60, 0x000001dfc1a07af0, 0x000001dfc1a05e10,
0x000001dfc1a08490, 0x000001dfc1a032c0, 0x000001dfc1a02df0, 0x000001dfc1a02450,
0x000001dfc1a04600, 0x000001dfc1a05470, 0x000001dfc1a07620, 0x000001dfc1a03790,
0x000001dfc1a05940, 0x000001dfc1a062e0, 0x000001dfc18df800
}

Java Threads: ( => current thread )
  0x000001df9cf70990 JavaThread "main" [_thread_blocked, id=18428, stack(0x0000004205e00000,0x0000004205f00000)]
  0x000001dfba9e4110 JavaThread "Reference Handler" daemon [_thread_blocked, id=18672, stack(0x0000004206500000,0x0000004206600000)]
  0x000001dfba9eb130 JavaThread "Finalizer" daemon [_thread_blocked, id=7384, stack(0x0000004206600000,0x0000004206700000)]
  0x000001dfbb422590 JavaThread "Signal Dispatcher" daemon [_thread_blocked, id=8388, stack(0x0000004206700000,0x0000004206800000)]
  0x000001dfbb432a90 JavaThread "Attach Listener" daemon [_thread_blocked, id=26056, stack(0x0000004206800000,0x0000004206900000)]
  0x000001dfbb432f60 JavaThread "Service Thread" daemon [_thread_blocked, id=25392, stack(0x0000004206900000,0x0000004206a00000)]
  0x000001dfbb433820 JavaThread "Monitor Deflation Thread" daemon [_thread_blocked, id=356, stack(0x0000004206a00000,0x0000004206b00000)]
  0x000001dfbb4344c0 JavaThread "C2 CompilerThread0" daemon [_thread_blocked, id=12616, stack(0x0000004206b00000,0x0000004206c00000)]
  0x000001dfbb440380 JavaThread "C1 CompilerThread0" daemon [_thread_blocked, id=2340, stack(0x0000004206c00000,0x0000004206d00000)]
  0x000001dfbb473460 JavaThread "Sweeper thread" daemon [_thread_blocked, id=13756, stack(0x0000004206d00000,0x0000004206e00000)]
  0x000001dfbb5d24e0 JavaThread "Common-Cleaner" daemon [_thread_blocked, id=24908, stack(0x0000004206e00000,0x0000004206f00000)]
  0x000001dfbb5f50a0 JavaThread "Notification Thread" daemon [_thread_blocked, id=8016, stack(0x0000004206f00000,0x0000004207000000)]
  0x000001dfbcd49480 JavaThread "Daemon health stats" [_thread_blocked, id=25628, stack(0x0000004207500000,0x0000004207600000)]
  0x000001dfbde16030 JavaThread "Incoming local TCP Connector on port 61225" [_thread_in_native, id=20616, stack(0x0000004207600000,0x0000004207700000)]
  0x000001dfbe71a830 JavaThread "Daemon periodic checks" [_thread_blocked, id=26312, stack(0x0000004207700000,0x0000004207800000)]
  0x000001dfbc20a3d0 JavaThread "Cache worker for journal cache (C:\Users\Tafita\.gradle\caches\journal-1)" [_thread_blocked, id=18708, stack(0x0000004207100000,0x0000004207200000)]
  0x000001dfbc209090 JavaThread "File lock request listener" [_thread_in_native, id=12184, stack(0x0000004207f00000,0x0000004208000000)]
  0x000001dfbc209a30 JavaThread "Cache worker for file hash cache (C:\Users\Tafita\.gradle\caches\8.0\fileHashes)" [_thread_blocked, id=25428, stack(0x0000004208000000,0x0000004208100000)]
  0x000001dfbc209560 JavaThread "File watcher server" daemon [_thread_in_native, id=15800, stack(0x0000004208200000,0x0000004208300000)]
  0x000001dfbe3aa6e0 JavaThread "File watcher consumer" daemon [_thread_blocked, id=4168, stack(0x0000004208300000,0x0000004208400000)]
  0x000001dfbe3ac890 JavaThread "jar transforms" [_thread_blocked, id=16272, stack(0x0000004208400000,0x0000004208500000)]
  0x000001dfbe3af8b0 JavaThread "jar transforms Thread 2" [_thread_blocked, id=11900, stack(0x0000004208500000,0x0000004208600000)]
  0x000001dfbe3a9870 JavaThread "jar transforms Thread 3" [_thread_blocked, id=23728, stack(0x0000004208600000,0x0000004208700000)]
  0x000001dfbe3acd60 JavaThread "jar transforms Thread 4" [_thread_blocked, id=14100, stack(0x0000004208700000,0x0000004208800000)]
  0x000001dfbe3a8060 JavaThread "Cache worker for file content cache (C:\Users\Tafita\.gradle\caches\8.0\fileContent)" [_thread_blocked, id=21560, stack(0x0000004208a00000,0x0000004208b00000)]
  0x000001dfbe3ad700 JavaThread "Cache worker for execution history cache (C:\Users\Tafita\.gradle\caches\8.0\executionHistory)" [_thread_blocked, id=25808, stack(0x0000004208900000,0x0000004208a00000)]
  0x000001dfbdeb94b0 JavaThread "Memory manager" [_thread_blocked, id=18892, stack(0x000000420b800000,0x000000420b900000)]
  0x000001dfbdebce70 JavaThread "pool-3-thread-1" [_thread_blocked, id=1984, stack(0x000000420b900000,0x000000420ba00000)]
  0x000001dfbc57d220 JavaThread "Daemon Thread 2" [_thread_blocked, id=26320, stack(0x0000004205d00000,0x0000004205e00000)]
  0x000001dfbc57a6d0 JavaThread "Handler for socket connection from /127.0.0.1:61225 to /127.0.0.1:61910" [_thread_in_native, id=13420, stack(0x0000004207800000,0x0000004207900000)]
  0x000001dfbc57c880 JavaThread "Cancel handler" [_thread_blocked, id=14276, stack(0x0000004207900000,0x0000004207a00000)]
  0x000001dfbc581580 JavaThread "Daemon worker Thread 2" [_thread_blocked, id=26040, stack(0x0000004207a00000,0x0000004207b00000)]
  0x000001dfbc57ef00 JavaThread "Asynchronous log dispatcher for DefaultDaemonConnection: socket connection from /127.0.0.1:61225 to /127.0.0.1:61910" [_thread_blocked, id=19400, stack(0x0000004207b00000,0x0000004207c00000)]
  0x000001dfbc57cd50 JavaThread "Stdin handler" [_thread_blocked, id=11324, stack(0x0000004207c00000,0x0000004207d00000)]
  0x000001dfbc581a50 JavaThread "Daemon client event forwarder" [_thread_blocked, id=24620, stack(0x0000004207d00000,0x0000004207e00000)]
  0x000001dfbc57a200 JavaThread "Cache worker for checksums cache (C:\Users\Tafita\AndroidStudioProjects\TourismeMadagascar\.gradle\8.0\checksums)" [_thread_blocked, id=24992, stack(0x0000004207e00000,0x0000004207f00000)]
  0x000001dfbc57aba0 JavaThread "Cache worker for cache directory md-rule (C:\Users\Tafita\.gradle\caches\8.0\md-rule)" [_thread_blocked, id=26192, stack(0x0000004208100000,0x0000004208200000)]
  0x000001dfbc57b070 JavaThread "Cache worker for file hash cache (C:\Users\Tafita\AndroidStudioProjects\TourismeMadagascar\.gradle\8.0\fileHashes)" [_thread_blocked, id=7368, stack(0x0000004208800000,0x0000004208900000)]
  0x000001dfbc57b540 JavaThread "Cache worker for cache directory md-supplier (C:\Users\Tafita\.gradle\caches\8.0\md-supplier)" [_thread_blocked, id=24676, stack(0x0000004208b00000,0x0000004208c00000)]
  0x000001dfbc57ba10 JavaThread "Cache worker for dependencies-accessors (C:\Users\Tafita\AndroidStudioProjects\TourismeMadagascar\.gradle\8.0\dependencies-accessors)" [_thread_blocked, id=8752, stack(0x0000004208c00000,0x0000004208d00000)]
  0x000001dfbc57d6f0 JavaThread "Cache worker for Build Output Cleanup Cache (C:\Users\Tafita\AndroidStudioProjects\TourismeMadagascar\.gradle\buildOutputCleanup)" [_thread_blocked, id=26356, stack(0x0000004208d00000,0x0000004208e00000)]
  0x000001dfbc57e560 JavaThread "Unconstrained build operations" [_thread_blocked, id=4020, stack(0x0000004208f00000,0x0000004209000000)]
  0x000001dfbc57bee0 JavaThread "Unconstrained build operations Thread 2" [_thread_blocked, id=17252, stack(0x0000004209000000,0x0000004209100000)]
  0x000001dfbc57dbc0 JavaThread "Unconstrained build operations Thread 3" [_thread_blocked, id=22184, stack(0x0000004209100000,0x0000004209200000)]
  0x000001dfbc57f3d0 JavaThread "Unconstrained build operations Thread 4" [_thread_blocked, id=800, stack(0x0000004209200000,0x0000004209300000)]
  0x000001dfbc57f8a0 JavaThread "Unconstrained build operations Thread 5" [_thread_blocked, id=900, stack(0x0000004209300000,0x0000004209400000)]
  0x000001dfbc57fd70 JavaThread "Unconstrained build operations Thread 6" [_thread_blocked, id=21580, stack(0x0000004209400000,0x0000004209500000)]
  0x000001dfbc580240 JavaThread "Unconstrained build operations Thread 7" [_thread_blocked, id=25212, stack(0x0000004209500000,0x0000004209600000)]
  0x000001dfbe3aef10 JavaThread "Unconstrained build operations Thread 8" [_thread_blocked, id=22748, stack(0x0000004209600000,0x0000004209700000)]
  0x000001dfbe3aabb0 JavaThread "Unconstrained build operations Thread 9" [_thread_blocked, id=21300, stack(0x0000004209700000,0x0000004209800000)]
  0x000001dfbe3ab080 JavaThread "Unconstrained build operations Thread 10" [_thread_blocked, id=7204, stack(0x0000004209800000,0x0000004209900000)]
  0x000001dfbe3aea40 JavaThread "Unconstrained build operations Thread 11" [_thread_blocked, id=19276, stack(0x0000004209900000,0x0000004209a00000)]
  0x000001dfbe3af3e0 JavaThread "Unconstrained build operations Thread 12" [_thread_blocked, id=9600, stack(0x0000004209a00000,0x0000004209b00000)]
  0x000001dfbe3a8530 JavaThread "Unconstrained build operations Thread 13" [_thread_blocked, id=23856, stack(0x0000004209b00000,0x0000004209c00000)]
  0x000001dfbe3ad230 JavaThread "Unconstrained build operations Thread 14" [_thread_blocked, id=7516, stack(0x0000004209c00000,0x0000004209d00000)]
  0x000001dfbe3a9d40 JavaThread "Unconstrained build operations Thread 15" [_thread_blocked, id=9788, stack(0x0000004209d00000,0x0000004209e00000)]
  0x000001dfbe3a8ed0 JavaThread "Unconstrained build operations Thread 16" [_thread_blocked, id=11020, stack(0x0000004209e00000,0x0000004209f00000)]
  0x000001dfbe3adbd0 JavaThread "Unconstrained build operations Thread 17" [_thread_blocked, id=20288, stack(0x0000004209f00000,0x000000420a000000)]
  0x000001dfbe3a93a0 JavaThread "Unconstrained build operations Thread 18" [_thread_blocked, id=5696, stack(0x000000420a000000,0x000000420a100000)]
  0x000001dfbe3aa210 JavaThread "Unconstrained build operations Thread 19" [_thread_blocked, id=20404, stack(0x000000420a100000,0x000000420a200000)]
  0x000001dfbe3aba20 JavaThread "Unconstrained build operations Thread 20" [_thread_blocked, id=24396, stack(0x000000420a200000,0x000000420a300000)]
  0x000001dfbe3abef0 JavaThread "Unconstrained build operations Thread 21" [_thread_blocked, id=22624, stack(0x000000420a300000,0x000000420a400000)]
  0x000001dfbdebc4d0 JavaThread "Unconstrained build operations Thread 22" [_thread_blocked, id=5944, stack(0x000000420a400000,0x000000420a500000)]
  0x000001dfbdeb7ca0 JavaThread "Unconstrained build operations Thread 23" [_thread_blocked, id=11604, stack(0x000000420a500000,0x000000420a600000)]
  0x000001dfbdebd340 JavaThread "Unconstrained build operations Thread 24" [_thread_blocked, id=25240, stack(0x000000420a600000,0x000000420a700000)]
  0x000001dfbdeba7f0 JavaThread "Unconstrained build operations Thread 25" [_thread_blocked, id=23764, stack(0x000000420a700000,0x000000420a800000)]
  0x000001dfbdeb8170 JavaThread "Unconstrained build operations Thread 26" [_thread_blocked, id=1892, stack(0x000000420a800000,0x000000420a900000)]
  0x000001dfbdeb8640 JavaThread "Unconstrained build operations Thread 27" [_thread_blocked, id=19760, stack(0x000000420a900000,0x000000420aa00000)]
  0x000001dfbdeb8b10 JavaThread "Unconstrained build operations Thread 28" [_thread_blocked, id=22064, stack(0x000000420aa00000,0x000000420ab00000)]
  0x000001dfbdeb8fe0 JavaThread "Unconstrained build operations Thread 29" [_thread_blocked, id=20956, stack(0x000000420ab00000,0x000000420ac00000)]
  0x000001dfbdeb9980 JavaThread "Unconstrained build operations Thread 30" [_thread_blocked, id=5804, stack(0x000000420ac00000,0x000000420ad00000)]
  0x000001dfbdebb660 JavaThread "Unconstrained build operations Thread 31" [_thread_blocked, id=20772, stack(0x000000420ad00000,0x000000420ae00000)]
  0x000001dfbdebd810 JavaThread "Unconstrained build operations Thread 32" [_thread_blocked, id=26156, stack(0x000000420ae00000,0x000000420af00000)]
  0x000001dfbdeb6960 JavaThread "Unconstrained build operations Thread 33" [_thread_blocked, id=17608, stack(0x000000420af00000,0x000000420b000000)]
  0x000001dfbc209f00 JavaThread "Unconstrained build operations Thread 34" [_thread_blocked, id=22460, stack(0x000000420b000000,0x000000420b100000)]
  0x000001dfbc20a8a0 JavaThread "Unconstrained build operations Thread 35" [_thread_blocked, id=18728, stack(0x000000420b100000,0x000000420b200000)]
  0x000001dfc1a04fa0 JavaThread "Unconstrained build operations Thread 36" [_thread_blocked, id=24504, stack(0x000000420b200000,0x000000420b300000)]
  0x000001dfc1a03c60 JavaThread "Unconstrained build operations Thread 37" [_thread_blocked, id=18600, stack(0x000000420b300000,0x000000420b400000)]
  0x000001dfc1a07af0 JavaThread "Unconstrained build operations Thread 38" [_thread_blocked, id=14608, stack(0x000000420b400000,0x000000420b500000)]
  0x000001dfc1a05e10 JavaThread "Unconstrained build operations Thread 39" [_thread_blocked, id=14132, stack(0x000000420b500000,0x000000420b600000)]
  0x000001dfc1a08490 JavaThread "Unconstrained build operations Thread 40" [_thread_blocked, id=2824, stack(0x000000420b600000,0x000000420b700000)]
  0x000001dfc1a032c0 JavaThread "build event listener" [_thread_blocked, id=16304, stack(0x000000420b700000,0x000000420b800000)]
  0x000001dfc1a02df0 JavaThread "pool-6-thread-1" [_thread_blocked, id=15356, stack(0x000000420ba00000,0x000000420bb00000)]
  0x000001dfc1a02450 JavaThread "build event listener" [_thread_blocked, id=24664, stack(0x000000420bb00000,0x000000420bc00000)]
  0x000001dfc1a04600 JavaThread "included builds" [_thread_blocked, id=25964, stack(0x000000420bc00000,0x000000420bd00000)]
  0x000001dfc1a05470 JavaThread "Execution worker" [_thread_blocked, id=26564, stack(0x000000420bd00000,0x000000420be00000)]
  0x000001dfc1a07620 JavaThread "Execution worker Thread 2" [_thread_blocked, id=18256, stack(0x000000420be00000,0x000000420bf00000)]
  0x000001dfc1a03790 JavaThread "Execution worker Thread 3" [_thread_blocked, id=3564, stack(0x000000420bf00000,0x000000420c000000)]
  0x000001dfc1a05940 JavaThread "Cache worker for execution history cache (C:\Users\Tafita\AndroidStudioProjects\TourismeMadagascar\.gradle\8.0\executionHistory)" [_thread_blocked, id=12652, stack(0x000000420c000000,0x000000420c100000)]
  0x000001dfc1a062e0 JavaThread "WorkerExecutor Queue" [_thread_blocked, id=4144, stack(0x0000004208e00000,0x0000004208f00000)]
=>0x000001dfc18df800 JavaThread "C2 CompilerThread1" daemon [_thread_in_native, id=7380, stack(0x000000420c100000,0x000000420c200000)]
  0x000001dfc1a07fc0 JavaThread "Thread-129" [_thread_in_native, id=26576, stack(0x000000420c200000,0x000000420c300000)]

Other Threads:
  0x000001dfbaa1e630 VMThread "VM Thread" [stack: 0x0000004206400000,0x0000004206500000] [id=23904]
  0x000001df9cfdde70 WatcherThread [stack: 0x0000004207000000,0x0000004207100000] [id=8860]
  0x000001df9cfc60c0 GCTaskThread "GC Thread#0" [stack: 0x0000004205f00000,0x0000004206000000] [id=15332]
  0x000001dfbb8626f0 GCTaskThread "GC Thread#1" [stack: 0x0000004207200000,0x0000004207300000] [id=19084]
  0x000001dfbb754880 GCTaskThread "GC Thread#2" [stack: 0x0000004207300000,0x0000004207400000] [id=22424]
  0x000001dfbb754b30 GCTaskThread "GC Thread#3" [stack: 0x0000004207400000,0x0000004207500000] [id=18384]
  0x000001df9cfd3da0 ConcurrentGCThread "G1 Main Marker" [stack: 0x0000004206000000,0x0000004206100000] [id=10952]
  0x000001df9cfd4e60 ConcurrentGCThread "G1 Conc#0" [stack: 0x0000004206100000,0x0000004206200000] [id=15460]
  0x000001df9d037c70 ConcurrentGCThread "G1 Refine#0" [stack: 0x0000004206200000,0x0000004206300000] [id=7636]
  0x000001df9d0385a0 ConcurrentGCThread "G1 Service" [stack: 0x0000004206300000,0x0000004206400000] [id=16704]

Threads with active compile tasks:
C2 CompilerThread1   314334 15856       4       org.gradle.internal.snapshot.impl.AbstractValueProcessor::processValue (775 bytes)

VM state: not at safepoint (normal execution)

VM Mutex/Monitor currently owned by a thread: None

Heap address: 0x0000000741800000, size: 3048 MB, Compressed Oops mode: Zero based, Oop shift amount: 3

CDS archive(s) not mapped
Compressed class space mapped at: 0x0000000800000000-0x0000000840000000, reserved size: 1073741824
Narrow klass base: 0x0000000800000000, Narrow klass shift: 0, Narrow klass range: 0x40000000

GC Precious Log:
 CPUs: 4 total, 4 available
 Memory: 12190M
 Large Page Support: Disabled
 NUMA Support: Disabled
 Compressed Oops: Enabled (Zero based)
 Heap Region Size: 2M
 Heap Min Capacity: 8M
 Heap Initial Capacity: 192M
 Heap Max Capacity: 3048M
 Pre-touch: Disabled
 Parallel Workers: 4
 Concurrent Workers: 1
 Concurrent Refinement Workers: 4
 Periodic GC: Disabled

Heap:
 garbage-first heap   total 372736K, used 245578K [0x0000000741800000, 0x0000000800000000)
  region size 2048K, 10 young (20480K), 3 survivors (6144K)
 Metaspace       used 120169K, committed 121152K, reserved 1155072K
  class space    used 15800K, committed 16256K, reserved 1048576K

Heap Regions: E=young(eden), S=young(survivor), O=old, HS=humongous(starts), HC=humongous(continues), CS=collection set, F=free, OA=open archive, CA=closed archive, TAMS=top-at-mark-start (previous, next)
|   0|0x0000000741800000, 0x0000000741a00000, 0x0000000741a00000|100%| O|  |TAMS 0x0000000741a00000, 0x0000000741800000| Untracked 
|   1|0x0000000741a00000, 0x0000000741c00000, 0x0000000741c00000|100%|HS|  |TAMS 0x0000000741c00000, 0x0000000741a00000| Complete 
|   2|0x0000000741c00000, 0x0000000741e00000, 0x0000000741e00000|100%|HC|  |TAMS 0x0000000741e00000, 0x0000000741c00000| Complete 
|   3|0x0000000741e00000, 0x0000000742000000, 0x0000000742000000|100%| O|  |TAMS 0x0000000742000000, 0x0000000741e00000| Untracked 
|   4|0x0000000742000000, 0x0000000742200000, 0x0000000742200000|100%|HS|  |TAMS 0x0000000742200000, 0x0000000742000000| Complete 
|   5|0x0000000742200000, 0x0000000742400000, 0x0000000742400000|100%| O|  |TAMS 0x0000000742400000, 0x0000000742200000| Untracked 
|   6|0x0000000742400000, 0x0000000742600000, 0x0000000742600000|100%| O|  |TAMS 0x0000000742600000, 0x0000000742400000| Untracked 
|   7|0x0000000742600000, 0x0000000742800000, 0x0000000742800000|100%| O|  |TAMS 0x0000000742800000, 0x0000000742600000| Untracked 
|   8|0x0000000742800000, 0x0000000742a00000, 0x0000000742a00000|100%| O|  |TAMS 0x0000000742a00000, 0x0000000742800000| Untracked 
|   9|0x0000000742a00000, 0x0000000742c00000, 0x0000000742c00000|100%| O|  |TAMS 0x0000000742c00000, 0x0000000742a00000| Untracked 
|  10|0x0000000742c00000, 0x0000000742e00000, 0x0000000742e00000|100%|HS|  |TAMS 0x0000000742e00000, 0x0000000742c00000| Complete 
|  11|0x0000000742e00000, 0x0000000743000000, 0x0000000743000000|100%|HS|  |TAMS 0x0000000743000000, 0x0000000742e00000| Complete 
|  12|0x0000000743000000, 0x0000000743200000, 0x0000000743200000|100%|HC|  |TAMS 0x0000000743200000, 0x0000000743000000| Complete 
|  13|0x0000000743200000, 0x0000000743400000, 0x0000000743400000|100%|HS|  |TAMS 0x0000000743400000, 0x0000000743200000| Complete 
|  14|0x0000000743400000, 0x0000000743600000, 0x0000000743600000|100%| O|  |TAMS 0x0000000743600000, 0x0000000743400000| Untracked 
|  15|0x0000000743600000, 0x0000000743800000, 0x0000000743800000|100%| O|  |TAMS 0x0000000743800000, 0x0000000743600000| Untracked 
|  16|0x0000000743800000, 0x0000000743a00000, 0x0000000743a00000|100%|HS|  |TAMS 0x0000000743a00000, 0x0000000743800000| Complete 
|  17|0x0000000743a00000, 0x0000000743c00000, 0x0000000743c00000|100%|HC|  |TAMS 0x0000000743c00000, 0x0000000743a00000| Complete 
|  18|0x0000000743c00000, 0x0000000743e00000, 0x0000000743e00000|100%|HS|  |TAMS 0x0000000743e00000, 0x0000000743c00000| Complete 
|  19|0x0000000743e00000, 0x0000000744000000, 0x0000000744000000|100%|HC|  |TAMS 0x0000000744000000, 0x0000000743e00000| Complete 
|  20|0x0000000744000000, 0x0000000744200000, 0x0000000744200000|100%|HC|  |TAMS 0x0000000744200000, 0x0000000744000000| Complete 
|  21|0x0000000744200000, 0x0000000744400000, 0x0000000744400000|100%|HC|  |TAMS 0x0000000744400000, 0x0000000744200000| Complete 
|  22|0x0000000744400000, 0x0000000744600000, 0x0000000744600000|100%|HC|  |TAMS 0x0000000744600000, 0x0000000744400000| Complete 
|  23|0x0000000744600000, 0x0000000744800000, 0x0000000744800000|100%| O|  |TAMS 0x0000000744800000, 0x0000000744600000| Untracked 
|  24|0x0000000744800000, 0x0000000744a00000, 0x0000000744a00000|100%|HS|  |TAMS 0x0000000744a00000, 0x0000000744800000| Complete 
|  25|0x0000000744a00000, 0x0000000744c00000, 0x0000000744c00000|100%|HS|  |TAMS 0x0000000744c00000, 0x0000000744a00000| Complete 
|  26|0x0000000744c00000, 0x0000000744e00000, 0x0000000744e00000|100%|HC|  |TAMS 0x0000000744e00000, 0x0000000744c00000| Complete 
|  27|0x0000000744e00000, 0x0000000745000000, 0x0000000745000000|100%|HC|  |TAMS 0x0000000745000000, 0x0000000744e00000| Complete 
|  28|0x0000000745000000, 0x0000000745200000, 0x0000000745200000|100%| O|  |TAMS 0x0000000745200000, 0x0000000745000000| Untracked 
|  29|0x0000000745200000, 0x0000000745400000, 0x0000000745400000|100%| O|  |TAMS 0x0000000745400000, 0x0000000745200000| Untracked 
|  30|0x0000000745400000, 0x0000000745600000, 0x0000000745600000|100%| O|  |TAMS 0x0000000745600000, 0x0000000745400000| Untracked 
|  31|0x0000000745600000, 0x0000000745800000, 0x0000000745800000|100%| O|  |TAMS 0x0000000745800000, 0x0000000745600000| Untracked 
|  32|0x0000000745800000, 0x0000000745a00000, 0x0000000745a00000|100%|HS|  |TAMS 0x0000000745a00000, 0x0000000745800000| Complete 
|  33|0x0000000745a00000, 0x0000000745c00000, 0x0000000745c00000|100%| O|  |TAMS 0x0000000745c00000, 0x0000000745a00000| Untracked 
|  34|0x0000000745c00000, 0x0000000745e00000, 0x0000000745e00000|100%|HS|  |TAMS 0x0000000745e00000, 0x0000000745c00000| Complete 
|  35|0x0000000745e00000, 0x0000000746000000, 0x0000000746000000|100%|HC|  |TAMS 0x0000000746000000, 0x0000000745e00000| Complete 
|  36|0x0000000746000000, 0x0000000746200000, 0x0000000746200000|100%|HC|  |TAMS 0x0000000746200000, 0x0000000746000000| Complete 
|  37|0x0000000746200000, 0x0000000746400000, 0x0000000746400000|100%|HC|  |TAMS 0x0000000746400000, 0x0000000746200000| Complete 
|  38|0x0000000746400000, 0x0000000746600000, 0x0000000746600000|100%|HC|  |TAMS 0x0000000746600000, 0x0000000746400000| Complete 
|  39|0x0000000746600000, 0x0000000746800000, 0x0000000746800000|100%|HC|  |TAMS 0x0000000746800000, 0x0000000746600000| Complete 
|  40|0x0000000746800000, 0x0000000746a00000, 0x0000000746a00000|100%|HS|  |TAMS 0x0000000746a00000, 0x0000000746800000| Complete 
|  41|0x0000000746a00000, 0x0000000746c00000, 0x0000000746c00000|100%|HS|  |TAMS 0x0000000746c00000, 0x0000000746a00000| Complete 
|  42|0x0000000746c00000, 0x0000000746e00000, 0x0000000746e00000|100%|HC|  |TAMS 0x0000000746e00000, 0x0000000746c00000| Complete 
|  43|0x0000000746e00000, 0x0000000747000000, 0x0000000747000000|100%|HS|  |TAMS 0x0000000747000000, 0x0000000746e00000| Complete 
|  44|0x0000000747000000, 0x0000000747200000, 0x0000000747200000|100%|HC|  |TAMS 0x0000000747200000, 0x0000000747000000| Complete 
|  45|0x0000000747200000, 0x0000000747400000, 0x0000000747400000|100%|HS|  |TAMS 0x0000000747400000, 0x0000000747200000| Complete 
|  46|0x0000000747400000, 0x0000000747600000, 0x0000000747600000|100%|HC|  |TAMS 0x0000000747600000, 0x0000000747400000| Complete 
|  47|0x0000000747600000, 0x0000000747800000, 0x0000000747800000|100%|HC|  |TAMS 0x0000000747800000, 0x0000000747600000| Complete 
|  48|0x0000000747800000, 0x0000000747a00000, 0x0000000747a00000|100%| O|  |TAMS 0x0000000747a00000, 0x0000000747800000| Untracked 
|  49|0x0000000747a00000, 0x0000000747c00000, 0x0000000747c00000|100%| O|  |TAMS 0x0000000747c00000, 0x0000000747a00000| Untracked 
|  50|0x0000000747c00000, 0x0000000747e00000, 0x0000000747e00000|100%| O|  |TAMS 0x0000000747e00000, 0x0000000747c00000| Untracked 
|  51|0x0000000747e00000, 0x0000000748000000, 0x0000000748000000|100%| O|  |TAMS 0x0000000748000000, 0x0000000747e00000| Untracked 
|  52|0x0000000748000000, 0x0000000748200000, 0x0000000748200000|100%| O|  |TAMS 0x0000000748200000, 0x0000000748000000| Untracked 
|  53|0x0000000748200000, 0x0000000748400000, 0x0000000748400000|100%| O|  |TAMS 0x0000000748400000, 0x0000000748200000| Untracked 
|  54|0x0000000748400000, 0x0000000748600000, 0x0000000748600000|100%|HS|  |TAMS 0x0000000748600000, 0x0000000748400000| Complete 
|  55|0x0000000748600000, 0x0000000748800000, 0x0000000748800000|100%|HC|  |TAMS 0x0000000748800000, 0x0000000748600000| Complete 
|  56|0x0000000748800000, 0x0000000748a00000, 0x0000000748a00000|100%| O|  |TAMS 0x0000000748a00000, 0x0000000748800000| Untracked 
|  57|0x0000000748a00000, 0x0000000748c00000, 0x0000000748c00000|100%|HS|  |TAMS 0x0000000748c00000, 0x0000000748a00000| Complete 
|  58|0x0000000748c00000, 0x0000000748e00000, 0x0000000748e00000|100%| O|  |TAMS 0x0000000748e00000, 0x0000000748c00000| Untracked 
|  59|0x0000000748e00000, 0x0000000749000000, 0x0000000749000000|100%| O|  |TAMS 0x0000000749000000, 0x0000000748e00000| Untracked 
|  60|0x0000000749000000, 0x0000000749200000, 0x0000000749200000|100%| O|  |TAMS 0x0000000749200000, 0x0000000749000000| Untracked 
|  61|0x0000000749200000, 0x0000000749400000, 0x0000000749400000|100%| O|  |TAMS 0x0000000749400000, 0x0000000749200000| Untracked 
|  62|0x0000000749400000, 0x0000000749600000, 0x0000000749600000|100%| O|  |TAMS 0x0000000749600000, 0x0000000749400000| Untracked 
|  63|0x0000000749600000, 0x0000000749800000, 0x0000000749800000|100%| O|  |TAMS 0x0000000749800000, 0x0000000749600000| Untracked 
|  64|0x0000000749800000, 0x0000000749a00000, 0x0000000749a00000|100%| O|  |TAMS 0x0000000749a00000, 0x0000000749800000| Untracked 
|  65|0x0000000749a00000, 0x0000000749c00000, 0x0000000749c00000|100%|HS|  |TAMS 0x0000000749c00000, 0x0000000749a00000| Complete 
|  66|0x0000000749c00000, 0x0000000749e00000, 0x0000000749e00000|100%|HC|  |TAMS 0x0000000749e00000, 0x0000000749c00000| Complete 
|  67|0x0000000749e00000, 0x000000074a000000, 0x000000074a000000|100%|HS|  |TAMS 0x000000074a000000, 0x0000000749e00000| Complete 
|  68|0x000000074a000000, 0x000000074a200000, 0x000000074a200000|100%|HC|  |TAMS 0x000000074a200000, 0x000000074a000000| Complete 
|  69|0x000000074a200000, 0x000000074a400000, 0x000000074a400000|100%|HS|  |TAMS 0x000000074a400000, 0x000000074a200000| Complete 
|  70|0x000000074a400000, 0x000000074a600000, 0x000000074a600000|100%| O|  |TAMS 0x000000074a600000, 0x000000074a400000| Untracked 
|  71|0x000000074a600000, 0x000000074a800000, 0x000000074a800000|100%| O|  |TAMS 0x000000074a800000, 0x000000074a600000| Untracked 
|  72|0x000000074a800000, 0x000000074aa00000, 0x000000074aa00000|100%| O|  |TAMS 0x000000074aa00000, 0x000000074a800000| Untracked 
|  73|0x000000074aa00000, 0x000000074ac00000, 0x000000074ac00000|100%| O|  |TAMS 0x000000074ac00000, 0x000000074aa00000| Untracked 
|  74|0x000000074ac00000, 0x000000074ae00000, 0x000000074ae00000|100%| O|  |TAMS 0x000000074ae00000, 0x000000074ac00000| Untracked 
|  75|0x000000074ae00000, 0x000000074b000000, 0x000000074b000000|100%| O|  |TAMS 0x000000074b000000, 0x000000074ae00000| Untracked 
|  76|0x000000074b000000, 0x000000074b200000, 0x000000074b200000|100%| O|  |TAMS 0x000000074b200000, 0x000000074b000000| Untracked 
|  77|0x000000074b200000, 0x000000074b400000, 0x000000074b400000|100%| O|  |TAMS 0x000000074b400000, 0x000000074b200000| Untracked 
|  78|0x000000074b400000, 0x000000074b600000, 0x000000074b600000|100%| O|  |TAMS 0x000000074b600000, 0x000000074b400000| Untracked 
|  79|0x000000074b600000, 0x000000074b800000, 0x000000074b800000|100%|HS|  |TAMS 0x000000074b800000, 0x000000074b600000| Complete 
|  80|0x000000074b800000, 0x000000074ba00000, 0x000000074ba00000|100%|HC|  |TAMS 0x000000074ba00000, 0x000000074b800000| Complete 
|  81|0x000000074ba00000, 0x000000074bc00000, 0x000000074bc00000|100%|HC|  |TAMS 0x000000074bc00000, 0x000000074ba00000| Complete 
|  82|0x000000074bc00000, 0x000000074be00000, 0x000000074be00000|100%|HC|  |TAMS 0x000000074be00000, 0x000000074bc00000| Complete 
|  83|0x000000074be00000, 0x000000074c000000, 0x000000074c000000|100%|HC|  |TAMS 0x000000074c000000, 0x000000074be00000| Complete 
|  84|0x000000074c000000, 0x000000074c200000, 0x000000074c200000|100%|HS|  |TAMS 0x000000074c200000, 0x000000074c000000| Complete 
|  85|0x000000074c200000, 0x000000074c400000, 0x000000074c400000|100%|HC|  |TAMS 0x000000074c400000, 0x000000074c200000| Complete 
|  86|0x000000074c400000, 0x000000074c600000, 0x000000074c600000|100%|HC|  |TAMS 0x000000074c600000, 0x000000074c400000| Complete 
|  87|0x000000074c600000, 0x000000074c800000, 0x000000074c800000|100%| O|  |TAMS 0x000000074c800000, 0x000000074c600000| Untracked 
|  88|0x000000074c800000, 0x000000074ca00000, 0x000000074ca00000|100%| O|  |TAMS 0x000000074ca00000, 0x000000074c800000| Untracked 
|  89|0x000000074ca00000, 0x000000074cc00000, 0x000000074cc00000|100%| O|  |TAMS 0x000000074cc00000, 0x000000074ca00000| Untracked 
|  90|0x000000074cc00000, 0x000000074ce00000, 0x000000074ce00000|100%| O|  |TAMS 0x000000074ce00000, 0x000000074cc00000| Untracked 
|  91|0x000000074ce00000, 0x000000074d000000, 0x000000074d000000|100%| O|  |TAMS 0x000000074d000000, 0x000000074ce00000| Untracked 
|  92|0x000000074d000000, 0x000000074d200000, 0x000000074d200000|100%| O|  |TAMS 0x000000074d200000, 0x000000074d000000| Untracked 
|  93|0x000000074d200000, 0x000000074d400000, 0x000000074d400000|100%| O|  |TAMS 0x000000074d400000, 0x000000074d200000| Untracked 
|  94|0x000000074d400000, 0x000000074d600000, 0x000000074d600000|100%| O|  |TAMS 0x000000074d600000, 0x000000074d400000| Untracked 
|  95|0x000000074d600000, 0x000000074d800000, 0x000000074d800000|100%| O|  |TAMS 0x000000074d611400, 0x000000074d600000| Untracked 
|  96|0x000000074d800000, 0x000000074da00000, 0x000000074da00000|100%| O|  |TAMS 0x000000074d800000, 0x000000074d800000| Untracked 
|  97|0x000000074da00000, 0x000000074dc00000, 0x000000074dc00000|100%| O|  |TAMS 0x000000074da00000, 0x000000074da00000| Untracked 
|  98|0x000000074dc00000, 0x000000074de00000, 0x000000074de00000|100%| O|  |TAMS 0x000000074dc00000, 0x000000074dc00000| Untracked 
|  99|0x000000074de00000, 0x000000074e000000, 0x000000074e000000|100%| O|  |TAMS 0x000000074de00000, 0x000000074de00000| Untracked 
| 100|0x000000074e000000, 0x000000074e200000, 0x000000074e200000|100%| O|  |TAMS 0x000000074e000000, 0x000000074e000000| Untracked 
| 101|0x000000074e200000, 0x000000074e400000, 0x000000074e400000|100%| O|  |TAMS 0x000000074e200000, 0x000000074e200000| Untracked 
| 102|0x000000074e400000, 0x000000074e600000, 0x000000074e600000|100%| O|  |TAMS 0x000000074e400000, 0x000000074e400000| Untracked 
| 103|0x000000074e600000, 0x000000074e800000, 0x000000074e800000|100%| O|  |TAMS 0x000000074e600000, 0x000000074e600000| Untracked 
| 104|0x000000074e800000, 0x000000074ea00000, 0x000000074ea00000|100%| O|  |TAMS 0x000000074e800000, 0x000000074e800000| Untracked 
| 105|0x000000074ea00000, 0x000000074ec00000, 0x000000074ec00000|100%| O|  |TAMS 0x000000074ea00000, 0x000000074ea00000| Untracked 
| 106|0x000000074ec00000, 0x000000074ee00000, 0x000000074ee00000|100%| O|  |TAMS 0x000000074ec00000, 0x000000074ec00000| Untracked 
| 107|0x000000074ee00000, 0x000000074f000000, 0x000000074f000000|100%| O|  |TAMS 0x000000074ee00000, 0x000000074ee00000| Untracked 
| 108|0x000000074f000000, 0x000000074f200000, 0x000000074f200000|100%| O|  |TAMS 0x000000074f000000, 0x000000074f000000| Untracked 
| 109|0x000000074f200000, 0x000000074f400000, 0x000000074f400000|100%| O|  |TAMS 0x000000074f200000, 0x000000074f200000| Untracked 
| 110|0x000000074f400000, 0x000000074f600000, 0x000000074f600000|100%| O|  |TAMS 0x000000074f400000, 0x000000074f400000| Untracked 
| 111|0x000000074f600000, 0x000000074f800000, 0x000000074f800000|100%| O|  |TAMS 0x000000074f600000, 0x000000074f600000| Untracked 
| 112|0x000000074f800000, 0x000000074f86a600, 0x000000074fa00000| 20%| O|  |TAMS 0x000000074f800000, 0x000000074f800000| Untracked 
| 113|0x000000074fa00000, 0x000000074fa00000, 0x000000074fc00000|  0%| F|  |TAMS 0x000000074fa00000, 0x000000074fa00000| Untracked 
| 114|0x000000074fc00000, 0x000000074fc00000, 0x000000074fe00000|  0%| F|  |TAMS 0x000000074fc00000, 0x000000074fc00000| Untracked 
| 115|0x000000074fe00000, 0x000000074fe00000, 0x0000000750000000|  0%| F|  |TAMS 0x000000074fe00000, 0x000000074fe00000| Untracked 
| 116|0x0000000750000000, 0x0000000750000000, 0x0000000750200000|  0%| F|  |TAMS 0x0000000750000000, 0x0000000750000000| Untracked 
| 117|0x0000000750200000, 0x0000000750200000, 0x0000000750400000|  0%| F|  |TAMS 0x0000000750200000, 0x0000000750200000| Untracked 
| 118|0x0000000750400000, 0x0000000750400000, 0x0000000750600000|  0%| F|  |TAMS 0x0000000750400000, 0x0000000750400000| Untracked 
| 119|0x0000000750600000, 0x0000000750600000, 0x0000000750800000|  0%| F|  |TAMS 0x0000000750600000, 0x0000000750600000| Untracked 
| 120|0x0000000750800000, 0x0000000750800000, 0x0000000750a00000|  0%| F|  |TAMS 0x0000000750800000, 0x0000000750800000| Untracked 
| 121|0x0000000750a00000, 0x0000000750a00000, 0x0000000750c00000|  0%| F|  |TAMS 0x0000000750a00000, 0x0000000750a00000| Untracked 
| 122|0x0000000750c00000, 0x0000000750c00000, 0x0000000750e00000|  0%| F|  |TAMS 0x0000000750c00000, 0x0000000750c00000| Untracked 
| 123|0x0000000750e00000, 0x0000000750e00000, 0x0000000751000000|  0%| F|  |TAMS 0x0000000750e00000, 0x0000000750e00000| Untracked 
| 124|0x0000000751000000, 0x0000000751000000, 0x0000000751200000|  0%| F|  |TAMS 0x0000000751000000, 0x0000000751000000| Untracked 
| 125|0x0000000751200000, 0x0000000751200000, 0x0000000751400000|  0%| F|  |TAMS 0x0000000751200000, 0x0000000751200000| Untracked 
| 126|0x0000000751400000, 0x0000000751400000, 0x0000000751600000|  0%| F|  |TAMS 0x0000000751400000, 0x0000000751400000| Untracked 
| 127|0x0000000751600000, 0x0000000751600000, 0x0000000751800000|  0%| F|  |TAMS 0x0000000751600000, 0x0000000751600000| Untracked 
| 128|0x0000000751800000, 0x0000000751800000, 0x0000000751a00000|  0%| F|  |TAMS 0x0000000751800000, 0x0000000751800000| Untracked 
| 129|0x0000000751a00000, 0x0000000751a00000, 0x0000000751c00000|  0%| F|  |TAMS 0x0000000751a00000, 0x0000000751a00000| Untracked 
| 130|0x0000000751c00000, 0x0000000751c00000, 0x0000000751e00000|  0%| F|  |TAMS 0x0000000751c00000, 0x0000000751c00000| Untracked 
| 131|0x0000000751e00000, 0x0000000751e00000, 0x0000000752000000|  0%| F|  |TAMS 0x0000000751e00000, 0x0000000751e00000| Untracked 
| 132|0x0000000752000000, 0x0000000752000000, 0x0000000752200000|  0%| F|  |TAMS 0x0000000752000000, 0x0000000752000000| Untracked 
| 133|0x0000000752200000, 0x0000000752200000, 0x0000000752400000|  0%| F|  |TAMS 0x0000000752200000, 0x0000000752200000| Untracked 
| 134|0x0000000752400000, 0x0000000752400000, 0x0000000752600000|  0%| F|  |TAMS 0x0000000752400000, 0x0000000752400000| Untracked 
| 135|0x0000000752600000, 0x0000000752600000, 0x0000000752800000|  0%| F|  |TAMS 0x0000000752600000, 0x0000000752600000| Untracked 
| 136|0x0000000752800000, 0x0000000752800000, 0x0000000752a00000|  0%| F|  |TAMS 0x0000000752800000, 0x0000000752800000| Untracked 
| 137|0x0000000752a00000, 0x0000000752a00000, 0x0000000752c00000|  0%| F|  |TAMS 0x0000000752a00000, 0x0000000752a00000| Untracked 
| 138|0x0000000752c00000, 0x0000000752c00000, 0x0000000752e00000|  0%| F|  |TAMS 0x0000000752c00000, 0x0000000752c00000| Untracked 
| 139|0x0000000752e00000, 0x0000000752e00000, 0x0000000753000000|  0%| F|  |TAMS 0x0000000752e00000, 0x0000000752e00000| Untracked 
| 140|0x0000000753000000, 0x0000000753168520, 0x0000000753200000| 70%| S|CS|TAMS 0x0000000753000000, 0x0000000753000000| Complete 
| 141|0x0000000753200000, 0x0000000753400000, 0x0000000753400000|100%| S|CS|TAMS 0x0000000753200000, 0x0000000753200000| Complete 
| 142|0x0000000753400000, 0x0000000753600000, 0x0000000753600000|100%| S|CS|TAMS 0x0000000753400000, 0x0000000753400000| Complete 
| 143|0x0000000753600000, 0x0000000753600000, 0x0000000753800000|  0%| F|  |TAMS 0x0000000753600000, 0x0000000753600000| Untracked 
| 144|0x0000000753800000, 0x0000000753800000, 0x0000000753a00000|  0%| F|  |TAMS 0x0000000753800000, 0x0000000753800000| Untracked 
| 145|0x0000000753a00000, 0x0000000753a00000, 0x0000000753c00000|  0%| F|  |TAMS 0x0000000753a00000, 0x0000000753a00000| Untracked 
| 146|0x0000000753c00000, 0x0000000753c00000, 0x0000000753e00000|  0%| F|  |TAMS 0x0000000753c00000, 0x0000000753c00000| Untracked 
| 147|0x0000000753e00000, 0x0000000753e00000, 0x0000000754000000|  0%| F|  |TAMS 0x0000000753e00000, 0x0000000753e00000| Untracked 
| 148|0x0000000754000000, 0x0000000754000000, 0x0000000754200000|  0%| F|  |TAMS 0x0000000754000000, 0x0000000754000000| Untracked 
| 149|0x0000000754200000, 0x0000000754200000, 0x0000000754400000|  0%| F|  |TAMS 0x0000000754200000, 0x0000000754200000| Untracked 
| 150|0x0000000754400000, 0x0000000754400000, 0x0000000754600000|  0%| F|  |TAMS 0x0000000754400000, 0x0000000754400000| Untracked 
| 151|0x0000000754600000, 0x0000000754600000, 0x0000000754800000|  0%| F|  |TAMS 0x0000000754600000, 0x0000000754600000| Untracked 
| 152|0x0000000754800000, 0x0000000754800000, 0x0000000754a00000|  0%| F|  |TAMS 0x0000000754800000, 0x0000000754800000| Untracked 
| 153|0x0000000754a00000, 0x0000000754a00000, 0x0000000754c00000|  0%| F|  |TAMS 0x0000000754a00000, 0x0000000754a00000| Untracked 
| 154|0x0000000754c00000, 0x0000000754c00000, 0x0000000754e00000|  0%| F|  |TAMS 0x0000000754c00000, 0x0000000754c00000| Untracked 
| 155|0x0000000754e00000, 0x0000000754e00000, 0x0000000755000000|  0%| F|  |TAMS 0x0000000754e00000, 0x0000000754e00000| Untracked 
| 156|0x0000000755000000, 0x0000000755000000, 0x0000000755200000|  0%| F|  |TAMS 0x0000000755000000, 0x0000000755000000| Untracked 
| 157|0x0000000755200000, 0x0000000755200000, 0x0000000755400000|  0%| F|  |TAMS 0x0000000755200000, 0x0000000755200000| Untracked 
| 158|0x0000000755400000, 0x0000000755400000, 0x0000000755600000|  0%| F|  |TAMS 0x0000000755400000, 0x0000000755400000| Untracked 
| 159|0x0000000755600000, 0x0000000755600000, 0x0000000755800000|  0%| F|  |TAMS 0x0000000755600000, 0x0000000755600000| Untracked 
| 160|0x0000000755800000, 0x0000000755800000, 0x0000000755a00000|  0%| F|  |TAMS 0x0000000755800000, 0x0000000755800000| Untracked 
| 161|0x0000000755a00000, 0x0000000755a00000, 0x0000000755c00000|  0%| F|  |TAMS 0x0000000755a00000, 0x0000000755a00000| Untracked 
| 162|0x0000000755c00000, 0x0000000755c00000, 0x0000000755e00000|  0%| F|  |TAMS 0x0000000755c00000, 0x0000000755c00000| Untracked 
| 163|0x0000000755e00000, 0x0000000755e00000, 0x0000000756000000|  0%| F|  |TAMS 0x0000000755e00000, 0x0000000755e00000| Untracked 
| 164|0x0000000756000000, 0x0000000756000000, 0x0000000756200000|  0%| F|  |TAMS 0x0000000756000000, 0x0000000756000000| Untracked 
| 165|0x0000000756200000, 0x0000000756200000, 0x0000000756400000|  0%| F|  |TAMS 0x0000000756200000, 0x0000000756200000| Untracked 
| 166|0x0000000756400000, 0x0000000756400000, 0x0000000756600000|  0%| F|  |TAMS 0x0000000756400000, 0x0000000756400000| Untracked 
| 167|0x0000000756600000, 0x0000000756600000, 0x0000000756800000|  0%| F|  |TAMS 0x0000000756600000, 0x0000000756600000| Untracked 
| 168|0x0000000756800000, 0x0000000756800000, 0x0000000756a00000|  0%| F|  |TAMS 0x0000000756800000, 0x0000000756800000| Untracked 
| 169|0x0000000756a00000, 0x0000000756a00000, 0x0000000756c00000|  0%| F|  |TAMS 0x0000000756a00000, 0x0000000756a00000| Untracked 
| 170|0x0000000756c00000, 0x0000000756c00000, 0x0000000756e00000|  0%| F|  |TAMS 0x0000000756c00000, 0x0000000756c00000| Untracked 
| 171|0x0000000756e00000, 0x0000000756e00000, 0x0000000757000000|  0%| F|  |TAMS 0x0000000756e00000, 0x0000000756e00000| Untracked 
| 172|0x0000000757000000, 0x0000000757000000, 0x0000000757200000|  0%| F|  |TAMS 0x0000000757000000, 0x0000000757000000| Untracked 
| 173|0x0000000757200000, 0x0000000757200000, 0x0000000757400000|  0%| F|  |TAMS 0x0000000757200000, 0x0000000757200000| Untracked 
| 174|0x0000000757400000, 0x0000000757400000, 0x0000000757600000|  0%| F|  |TAMS 0x0000000757400000, 0x0000000757400000| Untracked 
| 175|0x0000000757600000, 0x000000075769b0c0, 0x0000000757800000| 30%| E|  |TAMS 0x0000000757600000, 0x0000000757600000| Complete 
| 176|0x0000000757800000, 0x0000000757a00000, 0x0000000757a00000|100%| E|  |TAMS 0x0000000757800000, 0x0000000757800000| Complete 
| 177|0x0000000757a00000, 0x0000000757c00000, 0x0000000757c00000|100%| E|CS|TAMS 0x0000000757a00000, 0x0000000757a00000| Complete 
| 178|0x0000000757c00000, 0x0000000757e00000, 0x0000000757e00000|100%| E|CS|TAMS 0x0000000757c00000, 0x0000000757c00000| Complete 
| 179|0x0000000757e00000, 0x0000000758000000, 0x0000000758000000|100%| E|CS|TAMS 0x0000000757e00000, 0x0000000757e00000| Complete 
| 180|0x0000000758000000, 0x0000000758200000, 0x0000000758200000|100%| E|CS|TAMS 0x0000000758000000, 0x0000000758000000| Complete 
| 181|0x0000000758200000, 0x0000000758400000, 0x0000000758400000|100%| E|CS|TAMS 0x0000000758200000, 0x0000000758200000| Complete 

Card table byte_map: [0x000001dfb1860000,0x000001dfb1e60000] _byte_map_base: 0x000001dfade54000

Marking Bits (Prev, Next): (CMBitMap*) 0x000001df9cfc65e0, (CMBitMap*) 0x000001df9cfc6620
 Prev Bits: [0x000001dfb2460000, 0x000001dfb5400000)
 Next Bits: [0x000001dfb5400000, 0x000001dfb83a0000)

Polling page: 0x000001df9cd60000

Metaspace:

Usage:
  Non-class:    101.92 MB used.
      Class:     15.43 MB used.
       Both:    117.35 MB used.

Virtual space:
  Non-class space:      104.00 MB reserved,     102.44 MB ( 98%) committed,  13 nodes.
      Class space:        1.00 GB reserved,      15.88 MB (  2%) committed,  1 nodes.
             Both:        1.10 GB reserved,     118.31 MB ( 10%) committed. 

Chunk freelists:
   Non-Class:  1.57 MB
       Class:  171.00 KB
        Both:  1.74 MB

MaxMetaspaceSize: unlimited
CompressedClassSpaceSize: 1.00 GB
Initial GC threshold: 21.00 MB
Current GC threshold: 190.12 MB
CDS: off
MetaspaceReclaimPolicy: balanced
 - commit_granule_bytes: 65536.
 - commit_granule_words: 8192.
 - virtual_space_node_default_size: 1048576.
 - enlarge_chunks_in_place: 1.
 - new_chunks_are_fully_committed: 0.
 - uncommit_free_chunks: 1.
 - use_allocation_guard: 0.
 - handle_deallocations: 1.


Internal statistics:

num_allocs_failed_limit: 3.
num_arena_births: 1498.
num_arena_deaths: 0.
num_vsnodes_births: 14.
num_vsnodes_deaths: 0.
num_space_committed: 1893.
num_space_uncommitted: 0.
num_chunks_returned_to_freelist: 3.
num_chunks_taken_from_freelist: 6337.
num_chunk_merges: 3.
num_chunk_splits: 4049.
num_chunks_enlarged: 2516.
num_purges: 0.
num_inconsistent_stats: 0.

CodeHeap 'non-profiled nmethods': size=120000Kb used=9075Kb max_used=9075Kb free=110924Kb
 bounds [0x000001dfa9710000, 0x000001dfa9ff0000, 0x000001dfb0c40000]
CodeHeap 'profiled nmethods': size=120000Kb used=27126Kb max_used=27367Kb free=92873Kb
 bounds [0x000001dfa1c40000, 0x000001dfa3720000, 0x000001dfa9170000]
CodeHeap 'non-nmethods': size=5760Kb used=2460Kb max_used=2518Kb free=3299Kb
 bounds [0x000001dfa9170000, 0x000001dfa93f0000, 0x000001dfa9710000]
 total_blobs=14388 nmethods=13386 adapters=914
 compilation: enabled
              stopped_count=0, restarted_count=0
 full_count=0

Compilation events (20 events):
Event: 313.991 Thread 0x000001dfbb4344c0 15862       4       org.gradle.internal.classloader.ClassLoaderVisitor::visitSpec (1 bytes)
Event: 313.991 Thread 0x000001dfbb4344c0 nmethod 15862 0x000001dfa9fec390 code [0x000001dfa9fec500, 0x000001dfa9fec578]
Event: 313.991 Thread 0x000001dfbb4344c0 15858       4       java.nio.charset.CharsetDecoder::implReplaceWith (1 bytes)
Event: 313.992 Thread 0x000001dfbb4344c0 nmethod 15858 0x000001dfa9fec690 code [0x000001dfa9fec800, 0x000001dfa9fec878]
Event: 313.994 Thread 0x000001dfbb440380 15874       1       org.gradle.api.internal.tasks.properties.DefaultTaskProperties::getInputFileProperties (5 bytes)
Event: 313.994 Thread 0x000001dfbb440380 nmethod 15874 0x000001dfa9fec990 code [0x000001dfa9fecb20, 0x000001dfa9fecbf8]
Event: 313.997 Thread 0x000001dfbb440380 15875       3       org.gradle.api.internal.provider.AbstractProperty$NonFinalizedValue::finalState (10 bytes)
Event: 313.998 Thread 0x000001dfbb440380 nmethod 15875 0x000001dfa1fb9e10 code [0x000001dfa1fb9fc0, 0x000001dfa1fba198]
Event: 313.998 Thread 0x000001dfbb440380 15876   !   3       org.gradle.api.internal.provider.AbstractProperty::finalizeNow (73 bytes)
Event: 313.999 Thread 0x000001dfbb440380 nmethod 15876 0x000001dfa23f1110 code [0x000001dfa23f13c0, 0x000001dfa23f2398]
Event: 314.000 Thread 0x000001dfbb440380 15877       3       org.gradle.api.internal.tasks.properties.AbstractValidatingProperty::cleanupValue (1 bytes)
Event: 314.000 Thread 0x000001dfbb440380 nmethod 15877 0x000001dfa29b2790 code [0x000001dfa29b2920, 0x000001dfa29b2a38]
Event: 314.000 Thread 0x000001dfbb440380 15878       3       org.gradle.internal.resources.ExclusiveAccessResourceLock::releaseLock (6 bytes)
Event: 314.001 Thread 0x000001dfbb440380 nmethod 15878 0x000001dfa29d1b10 code [0x000001dfa29d1ca0, 0x000001dfa29d1dd8]
Event: 314.010 Thread 0x000001dfbb440380 15879       3       org.gradle.internal.logging.serializer.ProgressStartEventSerializer::write (10 bytes)
Event: 314.011 Thread 0x000001dfbb440380 nmethod 15879 0x000001dfa1fb9910 code [0x000001dfa1fb9ac0, 0x000001dfa1fb9d08]
Event: 314.014 Thread 0x000001dfbb440380 15880       3       org.gradle.internal.serialize.kryo.KryoBackedEncoder::writeBoolean (9 bytes)
Event: 314.014 Thread 0x000001dfbb440380 nmethod 15880 0x000001dfa262c310 code [0x000001dfa262c4c0, 0x000001dfa262c628]
Event: 314.014 Thread 0x000001dfbb440380 15881       3       org.gradle.internal.operations.OperationIdentifier::equals (47 bytes)
Event: 314.015 Thread 0x000001dfbb440380 nmethod 15881 0x000001dfa23f0a90 code [0x000001dfa23f0c40, 0x000001dfa23f1018]

GC Heap History (20 events):
Event: 29.163 GC heap before
{Heap before GC invocations=42 (full 0):
 garbage-first heap   total 307200K, used 255124K [0x0000000741800000, 0x0000000800000000)
  region size 2048K, 40 young (81920K), 1 survivors (2048K)
 Metaspace       used 91826K, committed 92544K, reserved 1130496K
  class space    used 12282K, committed 12608K, reserved 1048576K
}
Event: 29.176 GC heap after
{Heap after GC invocations=43 (full 0):
 garbage-first heap   total 307200K, used 184467K [0x0000000741800000, 0x0000000800000000)
  region size 2048K, 5 young (10240K), 5 survivors (10240K)
 Metaspace       used 91826K, committed 92544K, reserved 1130496K
  class space    used 12282K, committed 12608K, reserved 1048576K
}
Event: 29.359 GC heap before
{Heap before GC invocations=43 (full 0):
 garbage-first heap   total 307200K, used 188563K [0x0000000741800000, 0x0000000800000000)
  region size 2048K, 7 young (14336K), 5 survivors (10240K)
 Metaspace       used 92187K, committed 92928K, reserved 1130496K
  class space    used 12328K, committed 12672K, reserved 1048576K
}
Event: 29.375 GC heap after
{Heap after GC invocations=44 (full 0):
 garbage-first heap   total 307200K, used 184293K [0x0000000741800000, 0x0000000800000000)
  region size 2048K, 1 young (2048K), 1 survivors (2048K)
 Metaspace       used 92187K, committed 92928K, reserved 1130496K
  class space    used 12328K, committed 12672K, reserved 1048576K
}
Event: 32.371 GC heap before
{Heap before GC invocations=44 (full 0):
 garbage-first heap   total 307200K, used 255973K [0x0000000741800000, 0x0000000800000000)
  region size 2048K, 36 young (73728K), 1 survivors (2048K)
 Metaspace       used 99541K, committed 100352K, reserved 1138688K
  class space    used 13276K, committed 13632K, reserved 1048576K
}
Event: 32.386 GC heap after
{Heap after GC invocations=45 (full 0):
 garbage-first heap   total 307200K, used 190753K [0x0000000741800000, 0x0000000800000000)
  region size 2048K, 4 young (8192K), 4 survivors (8192K)
 Metaspace       used 99541K, committed 100352K, reserved 1138688K
  class space    used 13276K, committed 13632K, reserved 1048576K
}
Event: 34.296 GC heap before
{Heap before GC invocations=46 (full 0):
 garbage-first heap   total 335872K, used 250145K [0x0000000741800000, 0x0000000800000000)
  region size 2048K, 34 young (69632K), 4 survivors (8192K)
 Metaspace       used 100242K, committed 100992K, reserved 1138688K
  class space    used 13315K, committed 13632K, reserved 1048576K
}
Event: 34.314 GC heap after
{Heap after GC invocations=47 (full 0):
 garbage-first heap   total 335872K, used 195003K [0x0000000741800000, 0x0000000800000000)
  region size 2048K, 3 young (6144K), 3 survivors (6144K)
 Metaspace       used 100242K, committed 100992K, reserved 1138688K
  class space    used 13315K, committed 13632K, reserved 1048576K
}
Event: 37.297 GC heap before
{Heap before GC invocations=47 (full 0):
 garbage-first heap   total 335872K, used 272827K [0x0000000741800000, 0x0000000800000000)
  region size 2048K, 42 young (86016K), 3 survivors (6144K)
 Metaspace       used 103568K, committed 104384K, reserved 1146880K
  class space    used 13768K, committed 14144K, reserved 1048576K
}
Event: 37.318 GC heap after
{Heap after GC invocations=48 (full 0):
 garbage-first heap   total 335872K, used 199469K [0x0000000741800000, 0x0000000800000000)
  region size 2048K, 5 young (10240K), 5 survivors (10240K)
 Metaspace       used 103568K, committed 104384K, reserved 1146880K
  class space    used 13768K, committed 14144K, reserved 1048576K
}
Event: 40.549 GC heap before
{Heap before GC invocations=48 (full 0):
 garbage-first heap   total 335872K, used 277293K [0x0000000741800000, 0x0000000800000000)
  region size 2048K, 43 young (88064K), 5 survivors (10240K)
 Metaspace       used 109740K, committed 110592K, reserved 1146880K
  class space    used 14534K, committed 14912K, reserved 1048576K
}
Event: 40.575 GC heap after
{Heap after GC invocations=49 (full 0):
 garbage-first heap   total 335872K, used 206755K [0x0000000741800000, 0x0000000800000000)
  region size 2048K, 6 young (12288K), 6 survivors (12288K)
 Metaspace       used 109740K, committed 110592K, reserved 1146880K
  class space    used 14534K, committed 14912K, reserved 1048576K
}
Event: 307.125 GC heap before
{Heap before GC invocations=49 (full 0):
 garbage-first heap   total 335872K, used 278435K [0x0000000741800000, 0x0000000800000000)
  region size 2048K, 42 young (86016K), 6 survivors (12288K)
 Metaspace       used 115507K, committed 116480K, reserved 1155072K
  class space    used 15122K, committed 15552K, reserved 1048576K
}
Event: 307.155 GC heap after
{Heap after GC invocations=50 (full 0):
 garbage-first heap   total 335872K, used 214130K [0x0000000741800000, 0x0000000800000000)
  region size 2048K, 4 young (8192K), 4 survivors (8192K)
 Metaspace       used 115507K, committed 116480K, reserved 1155072K
  class space    used 15122K, committed 15552K, reserved 1048576K
}
Event: 308.742 GC heap before
{Heap before GC invocations=51 (full 0):
 garbage-first heap   total 372736K, used 279666K [0x0000000741800000, 0x0000000800000000)
  region size 2048K, 36 young (73728K), 4 survivors (8192K)
 Metaspace       used 116862K, committed 117760K, reserved 1155072K
  class space    used 15276K, committed 15680K, reserved 1048576K
}
Event: 308.767 GC heap after
{Heap after GC invocations=52 (full 0):
 garbage-first heap   total 372736K, used 222691K [0x0000000741800000, 0x0000000800000000)
  region size 2048K, 5 young (10240K), 5 survivors (10240K)
 Metaspace       used 116862K, committed 117760K, reserved 1155072K
  class space    used 15276K, committed 15680K, reserved 1048576K
}
Event: 311.081 GC heap before
{Heap before GC invocations=52 (full 0):
 garbage-first heap   total 372736K, used 304611K [0x0000000741800000, 0x0000000800000000)
  region size 2048K, 46 young (94208K), 5 survivors (10240K)
 Metaspace       used 117897K, committed 118848K, reserved 1155072K
  class space    used 15443K, committed 15872K, reserved 1048576K
}
Event: 311.110 GC heap after
{Heap after GC invocations=53 (full 0):
 garbage-first heap   total 372736K, used 230468K [0x0000000741800000, 0x0000000800000000)
  region size 2048K, 4 young (8192K), 4 survivors (8192K)
 Metaspace       used 117897K, committed 118848K, reserved 1155072K
  class space    used 15443K, committed 15872K, reserved 1048576K
}
Event: 313.675 GC heap before
{Heap before GC invocations=53 (full 0):
 garbage-first heap   total 372736K, used 308292K [0x0000000741800000, 0x0000000800000000)
  region size 2048K, 43 young (88064K), 4 survivors (8192K)
 Metaspace       used 120155K, committed 121152K, reserved 1155072K
  class space    used 15799K, committed 16256K, reserved 1048576K
}
Event: 313.697 GC heap after
{Heap after GC invocations=54 (full 0):
 garbage-first heap   total 372736K, used 235338K [0x0000000741800000, 0x0000000800000000)
  region size 2048K, 3 young (6144K), 3 survivors (6144K)
 Metaspace       used 120155K, committed 121152K, reserved 1155072K
  class space    used 15799K, committed 16256K, reserved 1048576K
}

Dll operation events (2 events):
Event: 0.010 Loaded shared library D:\app\AndroidStudio\jbr\bin\java.dll
Event: 0.637 Loaded shared library D:\app\AndroidStudio\jbr\bin\verify.dll

Deoptimization events (20 events):
Event: 312.912 Thread 0x000001dfc1a03790 DEOPT PACKING pc=0x000001dfa2116024 sp=0x000000420bffaa70
Event: 312.912 Thread 0x000001dfc1a03790 DEOPT UNPACKING pc=0x000001dfa91c7143 sp=0x000000420bff9fc8 mode 0
Event: 313.053 Thread 0x000001dfbc57bee0 DEOPT PACKING pc=0x000001dfa2116024 sp=0x00000042090fe100
Event: 313.053 Thread 0x000001dfbc57bee0 DEOPT UNPACKING pc=0x000001dfa91c7143 sp=0x00000042090fd658 mode 0
Event: 313.116 Thread 0x000001dfbe3ad230 DEOPT PACKING pc=0x000001dfa2116024 sp=0x0000004209cfe020
Event: 313.116 Thread 0x000001dfbe3ad230 DEOPT UNPACKING pc=0x000001dfa91c7143 sp=0x0000004209cfd578 mode 0
Event: 313.178 Thread 0x000001dfbdebb660 DEOPT PACKING pc=0x000001dfa2116024 sp=0x000000420adfda70
Event: 313.178 Thread 0x000001dfbdebb660 DEOPT UNPACKING pc=0x000001dfa91c7143 sp=0x000000420adfcfc8 mode 0
Event: 313.283 Thread 0x000001dfc1a03790 DEOPT PACKING pc=0x000001dfa2116024 sp=0x000000420bffab00
Event: 313.283 Thread 0x000001dfc1a03790 DEOPT UNPACKING pc=0x000001dfa91c7143 sp=0x000000420bffa058 mode 0
Event: 313.383 Thread 0x000001dfc1a03790 DEOPT PACKING pc=0x000001dfa2116024 sp=0x000000420bff9650
Event: 313.383 Thread 0x000001dfc1a03790 DEOPT UNPACKING pc=0x000001dfa91c7143 sp=0x000000420bff8ba8 mode 0
Event: 313.446 Thread 0x000001dfbc57f8a0 DEOPT PACKING pc=0x000001dfa2116024 sp=0x00000042093fc590
Event: 313.446 Thread 0x000001dfbc57f8a0 DEOPT UNPACKING pc=0x000001dfa91c7143 sp=0x00000042093fbae8 mode 0
Event: 313.658 Thread 0x000001dfc1a03790 Uncommon trap: trap_request=0xffffffc6 fr.pc=0x000001dfa9a4448c relative=0x00000000000000ec
Event: 313.658 Thread 0x000001dfc1a03790 Uncommon trap: reason=bimorphic_or_optimized_type_check action=maybe_recompile pc=0x000001dfa9a4448c method=com.google.common.collect.RegularImmutableMap.checkNoConflictInKeyBucket(Ljava/lang/Object;Ljava/lang/Object;Lcom/google/common/collect/ImmutableMa
Event: 313.658 Thread 0x000001dfc1a03790 DEOPT PACKING pc=0x000001dfa9a4448c sp=0x000000420bffd0f0
Event: 313.658 Thread 0x000001dfc1a03790 DEOPT UNPACKING pc=0x000001dfa91c69a3 sp=0x000000420bffd088 mode 2
Event: 313.672 Thread 0x000001dfc1a03790 DEOPT PACKING pc=0x000001dfa24484d0 sp=0x000000420bffbc50
Event: 313.672 Thread 0x000001dfc1a03790 DEOPT UNPACKING pc=0x000001dfa91c7143 sp=0x000000420bffb150 mode 0

Classes unloaded (0 events):
No events

Classes redefined (0 events):
No events

Internal exceptions (20 events):
Event: 310.478 Thread 0x000001dfc1a03790 Exception <a 'java/lang/NoSuchMethodError'{0x0000000754ebbe78}: static Lcom/android/build/api/artifact/ArtifactKind;.<clinit>()V> (0x0000000754ebbe78) 
thrown [s\src\hotspot\share\prims\jni.cpp, line 1108]
Event: 311.202 Thread 0x000001dfc1a04600 Exception <a 'java/lang/NoSuchMethodError'{0x0000000758150398}: 'int java.lang.invoke.DirectMethodHandle$Holder.invokeSpecial(java.lang.Object, java.lang.Object, java.lang.Object, java.lang.Object, java.lang.Object)'> (0x0000000758150398) 
thrown [s\src\hotspot\share\interpreter\linkResolver.cpp, line 771]
Event: 312.316 Thread 0x000001dfc1a04600 Exception <a 'java/lang/NoSuchMethodError'{0x0000000756e527f0}: static Lorg/jetbrains/kotlin/incremental/ChangedFiles$Known;.<clinit>()V> (0x0000000756e527f0) 
thrown [s\src\hotspot\share\prims\jni.cpp, line 1108]
Event: 312.321 Thread 0x000001dfc1a04600 Exception <a 'java/lang/NoSuchMethodError'{0x0000000756e74e10}: static Lorg/jetbrains/kotlin/incremental/ClasspathChanges;.<clinit>()V> (0x0000000756e74e10) 
thrown [s\src\hotspot\share\prims\jni.cpp, line 1108]
Event: 312.321 Thread 0x000001dfc1a04600 Exception <a 'java/lang/NoSuchMethodError'{0x0000000756e76908}: static Lorg/jetbrains/kotlin/incremental/ClasspathChanges;.<clinit>()V> (0x0000000756e76908) 
thrown [s\src\hotspot\share\prims\jni.cpp, line 1108]
Event: 312.339 Thread 0x000001dfc1a04600 Exception <a 'java/lang/NoSuchMethodError'{0x0000000756ed0640}: static Lorg/jetbrains/kotlin/build/report/metrics/BuildMetricsReporterImpl;.<clinit>()V> (0x0000000756ed0640) 
thrown [s\src\hotspot\share\prims\jni.cpp, line 1108]
Event: 312.373 Thread 0x000001dfc1a07620 Exception <a 'sun/nio/fs/WindowsException'{0x0000000756fd5bd0}> (0x0000000756fd5bd0) 
thrown [s\src\hotspot\share\prims\jni.cpp, line 517]
Event: 312.521 Thread 0x000001dfc1a062e0 Exception <a 'java/net/ConnectException'{0x0000000756968d90}: Connection refused: connect> (0x0000000756968d90) 
thrown [s\src\hotspot\share\prims\jni.cpp, line 536]
Event: 312.521 Thread 0x000001dfc1a062e0 Exception <a 'java/net/SocketException'{0x0000000756969720}: Socket is not connected: shutdown> (0x0000000756969720) 
thrown [s\src\hotspot\share\prims\jni.cpp, line 536]
Event: 312.559 Thread 0x000001dfc1a062e0 Exception <a 'java/net/ConnectException'{0x000000075696a570}: Connection refused: connect> (0x000000075696a570) 
thrown [s\src\hotspot\share\prims\jni.cpp, line 536]
Event: 312.559 Thread 0x000001dfc1a062e0 Exception <a 'java/net/SocketException'{0x000000075696adf8}: Socket is not connected: shutdown> (0x000000075696adf8) 
thrown [s\src\hotspot\share\prims\jni.cpp, line 536]
Event: 312.593 Thread 0x000001dfc1a062e0 Exception <a 'java/net/ConnectException'{0x000000075696bb78}: Connection refused: connect> (0x000000075696bb78) 
thrown [s\src\hotspot\share\prims\jni.cpp, line 536]
Event: 312.593 Thread 0x000001dfc1a062e0 Exception <a 'java/net/SocketException'{0x000000075696c400}: Socket is not connected: shutdown> (0x000000075696c400) 
thrown [s\src\hotspot\share\prims\jni.cpp, line 536]
Event: 312.614 Thread 0x000001dfc1a03790 Exception <a 'sun/nio/fs/WindowsException'{0x000000075806fd80}> (0x000000075806fd80) 
thrown [s\src\hotspot\share\prims\jni.cpp, line 517]
Event: 313.307 Thread 0x000001dfc1a062e0 Exception <a 'java/lang/NoSuchMethodError'{0x00000007546689f0}: 'void java.lang.invoke.DirectMethodHandle$Holder.invokeStatic(java.lang.Object, long)'> (0x00000007546689f0) 
thrown [s\src\hotspot\share\interpreter\linkResolver.cpp, line 771]
Event: 313.308 Thread 0x000001dfc1a062e0 Exception <a 'java/lang/NoSuchMethodError'{0x000000075466e2a8}: 'java.lang.Object java.lang.invoke.DirectMethodHandle$Holder.newInvokeSpecial(java.lang.Object, long)'> (0x000000075466e2a8) 
thrown [s\src\hotspot\share\interpreter\linkResolver.cpp, line 771]
Event: 313.311 Thread 0x000001dfc1a062e0 Exception <a 'java/lang/NoSuchMethodError'{0x00000007546838c0}: 'java.lang.Object java.lang.invoke.DirectMethodHandle$Holder.invokeStatic(java.lang.Object, java.lang.Object, long, java.lang.Object)'> (0x00000007546838c0) 
thrown [s\src\hotspot\share\interpreter\linkResolver.cpp, line 771]
Event: 313.311 Thread 0x000001dfc1a062e0 Exception <a 'java/lang/NoSuchMethodError'{0x0000000754687340}: 'java.lang.Object java.lang.invoke.DirectMethodHandle$Holder.invokeStaticInit(java.lang.Object, java.lang.Object, long, java.lang.Object)'> (0x0000000754687340) 
thrown [s\src\hotspot\share\interpreter\linkResolver.cpp, line 771]
Event: 313.671 Thread 0x000001dfc1a03790 Exception <a 'sun/nio/fs/WindowsException'{0x00000007537cb520}> (0x00000007537cb520) 
thrown [s\src\hotspot\share\prims\jni.cpp, line 517]
Event: 313.966 Thread 0x000001dfc1a03790 Exception <a 'sun/nio/fs/WindowsException'{0x0000000757de42d0}> (0x0000000757de42d0) 
thrown [s\src\hotspot\share\prims\jni.cpp, line 517]

VM Operations (20 events):
Event: 311.074 Executing VM operation: ICBufferFull
Event: 311.075 Executing VM operation: ICBufferFull done
Event: 311.081 Executing VM operation: G1CollectForAllocation
Event: 311.110 Executing VM operation: G1CollectForAllocation done
Event: 311.193 Executing VM operation: HandshakeAllThreads
Event: 311.194 Executing VM operation: HandshakeAllThreads done
Event: 311.198 Executing VM operation: HandshakeAllThreads
Event: 311.198 Executing VM operation: HandshakeAllThreads done
Event: 311.200 Executing VM operation: HandshakeAllThreads
Event: 311.200 Executing VM operation: HandshakeAllThreads done
Event: 311.813 Executing VM operation: ICBufferFull
Event: 311.814 Executing VM operation: ICBufferFull done
Event: 312.820 Executing VM operation: Cleanup
Event: 312.842 Executing VM operation: Cleanup done
Event: 313.315 Executing VM operation: HandshakeAllThreads
Event: 313.317 Executing VM operation: HandshakeAllThreads done
Event: 313.675 Executing VM operation: G1CollectForAllocation
Event: 313.697 Executing VM operation: G1CollectForAllocation done
Event: 313.977 Executing VM operation: HandshakeAllThreads
Event: 314.011 Executing VM operation: HandshakeAllThreads done

Events (20 events):
Event: 313.264 Loaded shared library C:\Users\Tafita\AppData\Local\Temp\native-platform7785000004794616304dir\native-platform.dll
Event: 313.281 loading class java/lang/ProcessImpl
Event: 313.282 loading class java/lang/ProcessImpl done
Event: 313.309 loading class java/lang/ProcessHandleImpl
Event: 313.310 loading class java/lang/ProcessHandleImpl done
Event: 313.313 loading class java/lang/ProcessImpl$2
Event: 313.314 loading class java/lang/ProcessImpl$2 done
Event: 313.314 loading class java/lang/Process$PipeInputStream
Event: 313.314 loading class java/lang/Process$PipeInputStream done
Event: 313.317 loading class java/lang/ProcessBuilder$NullInputStream
Event: 313.317 loading class java/lang/ProcessBuilder$NullInputStream done
Event: 313.317 loading class jdk/internal/event/ProcessStartEvent
Event: 313.317 loading class jdk/internal/event/ProcessStartEvent done
Event: 313.317 loading class java/util/concurrent/Semaphore$NonfairSync
Event: 313.318 loading class java/util/concurrent/Semaphore$Sync
Event: 313.318 loading class java/util/concurrent/Semaphore$Sync done
Event: 313.318 loading class java/util/concurrent/Semaphore$NonfairSync done
Event: 313.320 Thread 0x000001dfc1a07fc0 Thread added: 0x000001dfc1a07fc0
Event: 314.026 Thread 0x000001dfbb473460 flushing nmethod 0x000001dfa297e410
Event: 314.033 Thread 0x000001dfbb473460 flushing nmethod 0x000001dfa3560b10


Dynamic libraries:
0x00007ff74f0d0000 - 0x00007ff74f0da000 	D:\app\AndroidStudio\jbr\bin\java.exe
0x00007ffd9d770000 - 0x00007ffd9d968000 	C:\Windows\SYSTEM32\ntdll.dll
0x00007ffd9cbf0000 - 0x00007ffd9ccaf000 	C:\Windows\System32\KERNEL32.DLL
0x00007ffd9b380000 - 0x00007ffd9b652000 	C:\Windows\System32\KERNELBASE.dll
0x00007ffd9ae60000 - 0x00007ffd9af60000 	C:\Windows\System32\ucrtbase.dll
0x00007ffd95720000 - 0x00007ffd95737000 	D:\app\AndroidStudio\jbr\bin\jli.dll
0x00007ffd90960000 - 0x00007ffd9097b000 	D:\app\AndroidStudio\jbr\bin\VCRUNTIME140.dll
0x00007ffd9d380000 - 0x00007ffd9d521000 	C:\Windows\System32\USER32.dll
0x00007ffd9afb0000 - 0x00007ffd9afd2000 	C:\Windows\System32\win32u.dll
0x00007ffd82be0000 - 0x00007ffd82e7a000 	C:\Windows\WinSxS\amd64_microsoft.windows.common-controls_6595b64144ccf1df_6.0.19041.1110_none_60b5254171f9507e\COMCTL32.dll
0x00007ffd9d700000 - 0x00007ffd9d72b000 	C:\Windows\System32\GDI32.dll
0x00007ffd9b270000 - 0x00007ffd9b37f000 	C:\Windows\System32\gdi32full.dll
0x00007ffd9d2e0000 - 0x00007ffd9d37e000 	C:\Windows\System32\msvcrt.dll
0x00007ffd9b1d0000 - 0x00007ffd9b26d000 	C:\Windows\System32\msvcp_win.dll
0x00007ffd9b980000 - 0x00007ffd9b9b2000 	C:\Windows\System32\IMM32.DLL
0x00007ffd931d0000 - 0x00007ffd931dc000 	D:\app\AndroidStudio\jbr\bin\vcruntime140_1.dll
0x00007ffd7e380000 - 0x00007ffd7e40d000 	D:\app\AndroidStudio\jbr\bin\msvcp140.dll
0x00007ffd5a610000 - 0x00007ffd5b27d000 	D:\app\AndroidStudio\jbr\bin\server\jvm.dll
0x00007ffd9c1f0000 - 0x00007ffd9c29e000 	C:\Windows\System32\ADVAPI32.dll
0x00007ffd9cb50000 - 0x00007ffd9cbec000 	C:\Windows\System32\sechost.dll
0x00007ffd9cf90000 - 0x00007ffd9d0b5000 	C:\Windows\System32\RPCRT4.dll
0x00007ffd85be0000 - 0x00007ffd85be9000 	C:\Windows\SYSTEM32\WSOCK32.dll
0x00007ffd9d530000 - 0x00007ffd9d59b000 	C:\Windows\System32\WS2_32.dll
0x00007ffd88bc0000 - 0x00007ffd88be7000 	C:\Windows\SYSTEM32\WINMM.dll
0x00007ffd93510000 - 0x00007ffd9351a000 	C:\Windows\SYSTEM32\VERSION.dll
0x00007ffd99700000 - 0x00007ffd99712000 	C:\Windows\SYSTEM32\kernel.appcore.dll
0x00007ffd98390000 - 0x00007ffd9839a000 	D:\app\AndroidStudio\jbr\bin\jimage.dll
0x00007ffd98c20000 - 0x00007ffd98e04000 	C:\Windows\SYSTEM32\DBGHELP.DLL
0x00007ffd87800000 - 0x00007ffd87835000 	C:\Windows\SYSTEM32\dbgcore.DLL
0x00007ffd9b140000 - 0x00007ffd9b1c2000 	C:\Windows\System32\bcryptPrimitives.dll
0x00007ffd8ad20000 - 0x00007ffd8ad45000 	D:\app\AndroidStudio\jbr\bin\java.dll
0x00007ffd948c0000 - 0x00007ffd948d8000 	D:\app\AndroidStudio\jbr\bin\zip.dll
0x00007ffd9c2a0000 - 0x00007ffd9c9e5000 	C:\Windows\System32\SHELL32.dll
0x00007ffd98e10000 - 0x00007ffd995a2000 	C:\Windows\SYSTEM32\windows.storage.dll
0x00007ffd9be90000 - 0x00007ffd9c1e5000 	C:\Windows\System32\combase.dll
0x00007ffd9a7e0000 - 0x00007ffd9a810000 	C:\Windows\SYSTEM32\Wldp.dll
0x00007ffd9c9f0000 - 0x00007ffd9ca9d000 	C:\Windows\System32\SHCORE.dll
0x00007ffd9d680000 - 0x00007ffd9d6d5000 	C:\Windows\System32\shlwapi.dll
0x00007ffd9ada0000 - 0x00007ffd9adbf000 	C:\Windows\SYSTEM32\profapi.dll
0x00007ffd94090000 - 0x00007ffd940a9000 	D:\app\AndroidStudio\jbr\bin\net.dll
0x00007ffd92480000 - 0x00007ffd9258c000 	C:\Windows\SYSTEM32\WINHTTP.dll
0x00007ffd9a540000 - 0x00007ffd9a5aa000 	C:\Windows\system32\mswsock.dll
0x00007ffd93eb0000 - 0x00007ffd93ec6000 	D:\app\AndroidStudio\jbr\bin\nio.dll
0x00007ffd944e0000 - 0x00007ffd944f0000 	D:\app\AndroidStudio\jbr\bin\verify.dll
0x00007ffd866b0000 - 0x00007ffd866d7000 	C:\Users\Tafita\.gradle\native\68d5fa5c4cc2d200863cafc0d521ce42e7d3e7ee720ec0a83991735586a16f82\windows-amd64\native-platform.dll
0x00007ffd76140000 - 0x00007ffd76284000 	C:\Users\Tafita\.gradle\native\e376f236ea51e6404a007f0833ffe2c6e607c4080706a723a18a27aeea778392\windows-amd64\native-platform-file-events.dll
0x00007ffd961f0000 - 0x00007ffd961f9000 	D:\app\AndroidStudio\jbr\bin\management.dll
0x00007ffd948a0000 - 0x00007ffd948ab000 	D:\app\AndroidStudio\jbr\bin\management_ext.dll
0x00007ffd9d1e0000 - 0x00007ffd9d1e8000 	C:\Windows\System32\PSAPI.DLL
0x00007ffd9a740000 - 0x00007ffd9a758000 	C:\Windows\SYSTEM32\CRYPTSP.dll
0x00007ffd99e60000 - 0x00007ffd99e94000 	C:\Windows\system32\rsaenh.dll
0x00007ffd9b6d0000 - 0x00007ffd9b6f7000 	C:\Windows\System32\bcrypt.dll
0x00007ffd9ad60000 - 0x00007ffd9ad8e000 	C:\Windows\SYSTEM32\USERENV.dll
0x00007ffd9a730000 - 0x00007ffd9a73c000 	C:\Windows\SYSTEM32\CRYPTBASE.dll
0x00007ffd9a230000 - 0x00007ffd9a26b000 	C:\Windows\SYSTEM32\IPHLPAPI.DLL
0x00007ffd9b970000 - 0x00007ffd9b978000 	C:\Windows\System32\NSI.dll
0x00007ffd919a0000 - 0x00007ffd919b7000 	C:\Windows\SYSTEM32\dhcpcsvc6.DLL
0x00007ffd92110000 - 0x00007ffd9212d000 	C:\Windows\SYSTEM32\dhcpcsvc.DLL
0x00007ffd9a270000 - 0x00007ffd9a33b000 	C:\Windows\SYSTEM32\DNSAPI.dll
0x00007ffd93e80000 - 0x00007ffd93e87000 	C:\Windows\system32\wshunix.dll
0x00007ffd8c9d0000 - 0x00007ffd8c9ee000 	C:\Users\Tafita\AppData\Local\Temp\native-platform7785000004794616304dir\native-platform.dll

dbghelp: loaded successfully - version: 4.0.5 - missing functions: none
symbol engine: initialized successfully - sym options: 0x614 - pdb path: .;D:\app\AndroidStudio\jbr\bin;C:\Windows\SYSTEM32;C:\Windows\WinSxS\amd64_microsoft.windows.common-controls_6595b64144ccf1df_6.0.19041.1110_none_60b5254171f9507e;D:\app\AndroidStudio\jbr\bin\server;C:\Users\Tafita\.gradle\native\68d5fa5c4cc2d200863cafc0d521ce42e7d3e7ee720ec0a83991735586a16f82\windows-amd64;C:\Users\Tafita\.gradle\native\e376f236ea51e6404a007f0833ffe2c6e607c4080706a723a18a27aeea778392\windows-amd64;C:\Users\Tafita\AppData\Local\Temp\native-platform7785000004794616304dir

VM Arguments:
jvm_args: --add-opens=java.base/java.util=ALL-UNNAMED --add-opens=java.base/java.lang=ALL-UNNAMED --add-opens=java.base/java.lang.invoke=ALL-UNNAMED --add-opens=java.prefs/java.util.prefs=ALL-UNNAMED --add-opens=java.base/java.nio.charset=ALL-UNNAMED --add-opens=java.base/java.net=ALL-UNNAMED --add-opens=java.base/java.util.concurrent.atomic=ALL-UNNAMED -Xmx3048m -Dfile.encoding=UTF-8 -Duser.country=FR -Duser.language=fr -Duser.variant 
java_command: org.gradle.launcher.daemon.bootstrap.GradleDaemon 8.0
java_class_path (initial): C:\Users\Tafita\.gradle\wrapper\dists\gradle-8.0-bin\ca5e32bp14vu59qr306oxotwh\gradle-8.0\lib\gradle-launcher-8.0.jar
Launcher Type: SUN_STANDARD

[Global flags]
     intx CICompilerCount                          = 3                                         {product} {ergonomic}
     uint ConcGCThreads                            = 1                                         {product} {ergonomic}
     uint G1ConcRefinementThreads                  = 4                                         {product} {ergonomic}
   size_t G1HeapRegionSize                         = 2097152                                   {product} {ergonomic}
    uintx GCDrainStackTargetSize                   = 64                                        {product} {ergonomic}
   size_t InitialHeapSize                          = 201326592                                 {product} {ergonomic}
   size_t MarkStackSize                            = 4194304                                   {product} {ergonomic}
   size_t MaxHeapSize                              = 3196059648                                {product} {command line}
   size_t MaxNewSize                               = 1916796928                                {product} {ergonomic}
   size_t MinHeapDeltaBytes                        = 2097152                                   {product} {ergonomic}
   size_t MinHeapSize                              = 8388608                                   {product} {ergonomic}
    uintx NonNMethodCodeHeapSize                   = 5832780                                {pd product} {ergonomic}
    uintx NonProfiledCodeHeapSize                  = 122912730                              {pd product} {ergonomic}
    uintx ProfiledCodeHeapSize                     = 122912730                              {pd product} {ergonomic}
    uintx ReservedCodeCacheSize                    = 251658240                              {pd product} {ergonomic}
     bool SegmentedCodeCache                       = true                                      {product} {ergonomic}
   size_t SoftMaxHeapSize                          = 3196059648                             {manageable} {ergonomic}
     bool UseCompressedClassPointers               = true                           {product lp64_product} {ergonomic}
     bool UseCompressedOops                        = true                           {product lp64_product} {ergonomic}
     bool UseG1GC                                  = true                                      {product} {ergonomic}
     bool UseLargePagesIndividualAllocation        = false                                  {pd product} {ergonomic}

Logging:
Log output configuration:
 #0: stdout all=warning uptime,level,tags
 #1: stderr all=off uptime,level,tags

Environment Variables:
JAVA_HOME=C:\Program Files\Java\jdk1.8.0_251
CLASSPATH=C:\Program Files (x86)\Java\jdk1.7.0\jre\lib\ext\ojdbc6.jar
PATH=C:\Program Files\Common Files\Oracle\Java\javapath;C:\Program Files (x86)\Common Files\Oracle\Java\javapath;C:\Python311\Scripts\;C:\Python311\;C:\Program Files (x86)\Common Files\Intel\Shared Libraries\redist\intel64\compiler;D:\app\Tafita\product\11.2.0\dbhome_1\bin;C:\Windows\system32;C:\Windows;C:\Windows\System32\Wbem;C:\Windows\System32\WindowsPowerShell\v1.0\;C:\Windows\System32\OpenSSH\;C:\program files (x86)\skype\Phone\;C:\Program Files\Java\jdk1.8.0_251\bin;C:\Program Files\Microsoft SQL Server\Client SDK\ODBC\170\Tools\Binn\;C:\Program Files\dotnet\;C:\Program Files\Microsoft SQL Server\130\Tools\Binn\;C:\Program Files (x86)\Microsoft SQL Server\150\Tools\Binn\;C:\Program Files\Microsoft SQL Server\150\Tools\Binn\;C:\Program Files\Microsoft SQL Server\150\DTS\Binn\;C:\xampp\mysql\bin;D:\Programmes files\Git\cmd;C:\Program Files\MongoDB\Server\3.2\bin;C:\Program Files\PostgreSQL\11\bin;C:\Program Files\MongoDB\Server\6.0\bin;C:\ProgramData\chocolatey\bin;C:\Program Files\nodejs\;C:\Users\Tafita\AppData\Local\Programs\Python\Python38-32\Scripts\;C:\Users\Tafita\AppData\Local\Programs\Python\Python38-32\;C:\Users\Tafita\AppData\Local\Microsoft\WindowsApps;C:\Users\Tafita\AppData\Local\GitHubDesktop\bin;C:\Users\Tafita\.dotnet\tools;C:\Program Files\JetBrains\PyCharm Community Edition 2019.3.3\bin;;C:\Users\Tafita\AppData\Local\Programs\Microsoft VS Code\bin;C:\Program Files\heroku\bin;C:\Users\Tafita\AppData\Roaming\npm;D:\app\IntelliJ IDEA Community Edition 2023.1.1\bin;
USERNAME=Tafita
OS=Windows_NT
PROCESSOR_IDENTIFIER=Intel64 Family 6 Model 61 Stepping 4, GenuineIntel
TMP=C:\Users\Tafita\AppData\Local\Temp
TEMP=C:\Users\Tafita\AppData\Local\Temp



---------------  S Y S T E M  ---------------

OS:
 Windows 10 , 64 bit Build 19041 (10.0.19041.2546)
OS uptime: 40 days 6:47 hours

CPU: total 4 (initial active 4) (2 cores per cpu, 2 threads per core) family 6 model 61 stepping 4 microcode 0x2d, cx8, cmov, fxsr, ht, mmx, 3dnowpref, sse, sse2, sse3, ssse3, sse4.1, sse4.2, popcnt, lzcnt, tsc, tscinvbit, avx, avx2, aes, erms, clmul, bmi1, bmi2, adx, fma, vzeroupper, clflush

Memory: 4k page, system-wide physical 12190M (1518M free)
TotalPageFile size 14238M (AvailPageFile size 1M)
current process WorkingSet (physical memory assigned to process): 667M, peak: 669M
current process commit charge ("private bytes"): 699M, peak: 710M

vm_info: OpenJDK 64-Bit Server VM (17.0.6+0-b2043.56-9586694) for windows-amd64 JRE (17.0.6+0-b2043.56-9586694), built on Feb  9 2023 20:06:20 by "androidbuild" with MS VC++ 16.10 / 16.11 (VS2019)

END.
