#
# There is insufficient memory for the Java Runtime Environment to continue.
# Native memory allocation (mmap) failed to map 73400320 bytes for G1 virtual space
# Possible reasons:
#   The system is out of physical RAM or swap space
#   The process is running with CompressedOops enabled, and the Java Heap may be blocking the growth of the native heap
# Possible solutions:
#   Reduce memory load on the system
#   Increase physical memory or swap space
#   Check if swap backing store is full
#   Decrease Java heap size (-Xmx/-Xms)
#   Decrease number of Java threads
#   Decrease Java thread stack sizes (-Xss)
#   Set larger code cache with -XX:ReservedCodeCacheSize=
#   JVM is running with Zero Based Compressed Oops mode in which the Java heap is
#     placed in the first 32GB address space. The Java Heap base address is the
#     maximum limit for the native heap growth. Please use -XX:HeapBaseMinAddress
#     to set the Java Heap base and to place the Java Heap above 32GB virtual address.
# This output file may be truncated or incomplete.
#
#  Out of Memory Error (os_windows.cpp:3769), pid=15220, tid=7384
#
# JRE version: OpenJDK Runtime Environment (17.0.6) (build 17.0.6+0-b2043.56-9586694)
# Java VM: OpenJDK 64-Bit Server VM (17.0.6+0-b2043.56-9586694, mixed mode, tiered, compressed oops, compressed class ptrs, g1 gc, windows-amd64)
# No core dump will be written. Minidumps are not enabled by default on client versions of Windows
#

---------------  S U M M A R Y ------------

Command Line: --add-opens=java.base/java.util=ALL-UNNAMED --add-opens=java.base/java.lang=ALL-UNNAMED --add-opens=java.base/java.lang.invoke=ALL-UNNAMED --add-opens=java.prefs/java.util.prefs=ALL-UNNAMED --add-opens=java.base/java.nio.charset=ALL-UNNAMED --add-opens=java.base/java.net=ALL-UNNAMED --add-opens=java.base/java.util.concurrent.atomic=ALL-UNNAMED -Xmx3048m -Dfile.encoding=UTF-8 -Duser.country=FR -Duser.language=fr -Duser.variant org.gradle.launcher.daemon.bootstrap.GradleDaemon 8.0

Host: Intel(R) Core(TM) i5-5200U CPU @ 2.20GHz, 4 cores, 11G,  Windows 10 , 64 bit Build 19041 (10.0.19041.2546)
Time: Tue Aug  1 20:58:58 2023 Afrique de l, 64 bit Build 19041 (10.0.19041.2546) elapsed time: 85.909552 seconds (0d 0h 1m 25s)

---------------  T H R E A D  ---------------

Current thread (0x000001dae241f610):  VMThread "VM Thread" [stack: 0x0000002143a00000,0x0000002143b00000] [id=7384]

Stack: [0x0000002143a00000,0x0000002143b00000]
Native frames: (J=compiled Java code, j=interpreted, Vv=VM code, C=native code)
V  [jvm.dll+0x683b4a]
V  [jvm.dll+0x842654]
V  [jvm.dll+0x843dfe]
V  [jvm.dll+0x844463]
V  [jvm.dll+0x249b75]
V  [jvm.dll+0x680a19]
V  [jvm.dll+0x674f0a]
V  [jvm.dll+0x309acb]
V  [jvm.dll+0x310f86]
V  [jvm.dll+0x3608ee]
V  [jvm.dll+0x360b1f]
V  [jvm.dll+0x2dfbf8]
V  [jvm.dll+0x2e2ce6]
V  [jvm.dll+0x2ed478]
V  [jvm.dll+0x322150]
V  [jvm.dll+0x84893b]
V  [jvm.dll+0x849674]
V  [jvm.dll+0x849b8d]
V  [jvm.dll+0x849f64]
V  [jvm.dll+0x84a030]
V  [jvm.dll+0x7f25fa]
V  [jvm.dll+0x682985]
C  [ucrtbase.dll+0x21bb2]
C  [KERNEL32.DLL+0x17614]
C  [ntdll.dll+0x526a1]

VM_Operation (0x00000021436ff590): G1Concurrent, mode: safepoint, requested by thread 0x000001dac5f01ee0


---------------  P R O C E S S  ---------------

Threads class SMR info:
_java_thread_list=0x000001dae3467390, length=98, elements={
0x000001dac5e80de0, 0x000001dae2434270, 0x000001dae2437000, 0x000001dae19af880,
0x000001dae19b1150, 0x000001dae19b1a10, 0x000001dae19b22d0, 0x000001dae245c350,
0x000001dae2464d10, 0x000001dae2470200, 0x000001dae25dbf50, 0x000001dae25df4d0,
0x000001dae3c61230, 0x000001dae4d6b1c0, 0x000001dae4c39030, 0x000001dae3e4d830,
0x000001dae4c5fe90, 0x000001dae2f034f0, 0x000001dae2f00e70, 0x000001dae2f01ce0,
0x000001dae2f01340, 0x000001dae2f021b0, 0x000001dae2f01810, 0x000001dae2f02b50,
0x000001dae2f039c0, 0x000001dae2f03020, 0x000001dae2f03e90, 0x000001dae2f04360,
0x000001dae2f04830, 0x000001dae56a4890, 0x000001dae56a2bb0, 0x000001dae56a1870,
0x000001dae56a6f10, 0x000001dae56a5700, 0x000001dae56a78b0, 0x000001dae56a5bd0,
0x000001dae56a2210, 0x000001dae56a0060, 0x000001dae56a13a0, 0x000001dae56a5230,
0x000001dae56a60a0, 0x000001dae56a6570, 0x000001dae56a6a40, 0x000001dae56a0a00,
0x000001dae56a3a20, 0x000001dae56a26e0, 0x000001dae56a3080, 0x000001dae56a3550,
0x000001dae56a3ef0, 0x000001dae6f3f8b0, 0x000001dae6f3dbd0, 0x000001dae6f3b080,
0x000001dae6f38530, 0x000001dae6f3a210, 0x000001dae6f3ea40, 0x000001dae6f3b550,
0x000001dae6f3c3c0, 0x000001dae6f3a6e0, 0x000001dae6f39870, 0x000001dae6f38ed0,
0x000001dae6f3d230, 0x000001dae6f3f3e0, 0x000001dae6f3d700, 0x000001dae6f38a00,
0x000001dae6f3ba20, 0x000001dae6f393a0, 0x000001dae6f39d40, 0x000001dae6f38060,
0x000001dae6f3bef0, 0x000001dae6f3c890, 0x000001dae6f3e0a0, 0x000001dae6f3abb0,
0x000001dae6f3cd60, 0x000001dae6f3e570, 0x000001dae6f3ef10, 0x000001dae732d630,
0x000001dae732a140, 0x000001dae7330180, 0x000001dae732be20, 0x000001dae732fcb0,
0x000001dae7330b20, 0x000001dae732f310, 0x000001dae732f7e0, 0x000001dae7330ff0,
0x000001dae73314c0, 0x000001dae7329c70, 0x000001dae732c7c0, 0x000001dae732e970,
0x000001dae84880a0, 0x000001dae8486890, 0x000001dae8484210, 0x000001dae8488570,
0x000001dae8485ef0, 0x000001dae8483870, 0x000001dae8486d60, 0x000001dae8488f10,
0x000001dae8487230, 0x000001dae803c970
}

Java Threads: ( => current thread )
  0x000001dac5e80de0 JavaThread "main" [_thread_blocked, id=308, stack(0x0000002143400000,0x0000002143500000)]
  0x000001dae2434270 JavaThread "Reference Handler" daemon [_thread_blocked, id=16840, stack(0x0000002143b00000,0x0000002143c00000)]
  0x000001dae2437000 JavaThread "Finalizer" daemon [_thread_blocked, id=6760, stack(0x0000002143c00000,0x0000002143d00000)]
  0x000001dae19af880 JavaThread "Signal Dispatcher" daemon [_thread_blocked, id=12768, stack(0x0000002143d00000,0x0000002143e00000)]
  0x000001dae19b1150 JavaThread "Attach Listener" daemon [_thread_blocked, id=23088, stack(0x0000002143e00000,0x0000002143f00000)]
  0x000001dae19b1a10 JavaThread "Service Thread" daemon [_thread_blocked, id=5764, stack(0x0000002143f00000,0x0000002144000000)]
  0x000001dae19b22d0 JavaThread "Monitor Deflation Thread" daemon [_thread_blocked, id=2692, stack(0x0000002144000000,0x0000002144100000)]
  0x000001dae245c350 JavaThread "C2 CompilerThread0" daemon [_thread_blocked, id=23912, stack(0x0000002144100000,0x0000002144200000)]
  0x000001dae2464d10 JavaThread "C1 CompilerThread0" daemon [_thread_blocked, id=15132, stack(0x0000002144200000,0x0000002144300000)]
  0x000001dae2470200 JavaThread "Sweeper thread" daemon [_thread_blocked, id=2928, stack(0x0000002144300000,0x0000002144400000)]
  0x000001dae25dbf50 JavaThread "Common-Cleaner" daemon [_thread_blocked, id=19584, stack(0x0000002144400000,0x0000002144500000)]
  0x000001dae25df4d0 JavaThread "Notification Thread" daemon [_thread_blocked, id=24704, stack(0x0000002144500000,0x0000002144600000)]
  0x000001dae3c61230 JavaThread "Daemon health stats" [_thread_blocked, id=3824, stack(0x0000002144a00000,0x0000002144b00000)]
  0x000001dae4d6b1c0 JavaThread "Incoming local TCP Connector on port 61045" [_thread_in_native, id=23504, stack(0x0000002144b00000,0x0000002144c00000)]
  0x000001dae4c39030 JavaThread "Daemon periodic checks" [_thread_blocked, id=23236, stack(0x0000002144c00000,0x0000002144d00000)]
  0x000001dae3e4d830 JavaThread "Daemon" [_thread_blocked, id=24588, stack(0x0000002144d00000,0x0000002144e00000)]
  0x000001dae4c5fe90 JavaThread "Handler for socket connection from /127.0.0.1:61045 to /127.0.0.1:61046" [_thread_in_native, id=19216, stack(0x0000002144e00000,0x0000002144f00000)]
  0x000001dae2f034f0 JavaThread "Cancel handler" [_thread_blocked, id=2656, stack(0x0000002144f00000,0x0000002145000000)]
  0x000001dae2f00e70 JavaThread "Daemon worker" [_thread_blocked, id=4324, stack(0x0000002145000000,0x0000002145100000)]
  0x000001dae2f01ce0 JavaThread "Asynchronous log dispatcher for DefaultDaemonConnection: socket connection from /127.0.0.1:61045 to /127.0.0.1:61046" [_thread_blocked, id=14360, stack(0x0000002145100000,0x0000002145200000)]
  0x000001dae2f01340 JavaThread "Daemon client event forwarder" [_thread_blocked, id=24104, stack(0x0000002145300000,0x0000002145400000)]
  0x000001dae2f021b0 JavaThread "Cache worker for journal cache (C:\Users\Tafita\.gradle\caches\journal-1)" [_thread_blocked, id=25220, stack(0x0000002145400000,0x0000002145500000)]
  0x000001dae2f01810 JavaThread "File lock request listener" [_thread_in_native, id=4020, stack(0x0000002145500000,0x0000002145600000)]
  0x000001dae2f02b50 JavaThread "Cache worker for file hash cache (C:\Users\Tafita\.gradle\caches\8.0\fileHashes)" [_thread_blocked, id=3400, stack(0x0000002145600000,0x0000002145700000)]
  0x000001dae2f039c0 JavaThread "File watcher server" daemon [_thread_blocked, id=4604, stack(0x0000002145800000,0x0000002145900000)]
  0x000001dae2f03020 JavaThread "File watcher consumer" daemon [_thread_blocked, id=21132, stack(0x0000002145900000,0x0000002145a00000)]
  0x000001dae2f03e90 JavaThread "Cache worker for checksums cache (C:\Users\Tafita\AndroidStudioProjects\TourismeMadagascar\.gradle\8.0\checksums)" [_thread_blocked, id=4276, stack(0x0000002145a00000,0x0000002145b00000)]
  0x000001dae2f04360 JavaThread "Cache worker for cache directory md-rule (C:\Users\Tafita\.gradle\caches\8.0\md-rule)" [_thread_blocked, id=20292, stack(0x0000002145b00000,0x0000002145c00000)]
  0x000001dae2f04830 JavaThread "Cache worker for file content cache (C:\Users\Tafita\.gradle\caches\8.0\fileContent)" [_thread_blocked, id=13676, stack(0x0000002145c00000,0x0000002145d00000)]
  0x000001dae56a4890 JavaThread "Cache worker for file hash cache (C:\Users\Tafita\AndroidStudioProjects\TourismeMadagascar\.gradle\8.0\fileHashes)" [_thread_blocked, id=17248, stack(0x0000002145d00000,0x0000002145e00000)]
  0x000001dae56a2bb0 JavaThread "Cache worker for cache directory md-supplier (C:\Users\Tafita\.gradle\caches\8.0\md-supplier)" [_thread_blocked, id=20900, stack(0x0000002145e00000,0x0000002145f00000)]
  0x000001dae56a1870 JavaThread "Cache worker for execution history cache (C:\Users\Tafita\.gradle\caches\8.0\executionHistory)" [_thread_blocked, id=12072, stack(0x0000002145f00000,0x0000002146000000)]
  0x000001dae56a6f10 JavaThread "jar transforms" [_thread_blocked, id=10832, stack(0x0000002145700000,0x0000002145800000)]
  0x000001dae56a5700 JavaThread "jar transforms Thread 2" [_thread_blocked, id=16792, stack(0x0000002146000000,0x0000002146100000)]
  0x000001dae56a78b0 JavaThread "jar transforms Thread 3" [_thread_blocked, id=19644, stack(0x0000002146300000,0x0000002146400000)]
  0x000001dae56a5bd0 JavaThread "jar transforms Thread 4" [_thread_blocked, id=17356, stack(0x0000002146400000,0x0000002146500000)]
  0x000001dae56a2210 JavaThread "Cache worker for dependencies-accessors (C:\Users\Tafita\AndroidStudioProjects\TourismeMadagascar\.gradle\8.0\dependencies-accessors)" [_thread_blocked, id=872, stack(0x0000002146500000,0x0000002146600000)]
  0x000001dae56a0060 JavaThread "Cache worker for Build Output Cleanup Cache (C:\Users\Tafita\AndroidStudioProjects\TourismeMadagascar\.gradle\buildOutputCleanup)" [_thread_blocked, id=11848, stack(0x0000002146100000,0x0000002146200000)]
  0x000001dae56a13a0 JavaThread "Unconstrained build operations" [_thread_blocked, id=7892, stack(0x0000002146600000,0x0000002146700000)]
  0x000001dae56a5230 JavaThread "Unconstrained build operations Thread 2" [_thread_blocked, id=18844, stack(0x0000002146700000,0x0000002146800000)]
  0x000001dae56a60a0 JavaThread "Unconstrained build operations Thread 3" [_thread_blocked, id=22688, stack(0x0000002146800000,0x0000002146900000)]
  0x000001dae56a6570 JavaThread "Unconstrained build operations Thread 4" [_thread_blocked, id=24476, stack(0x0000002146900000,0x0000002146a00000)]
  0x000001dae56a6a40 JavaThread "Unconstrained build operations Thread 5" [_thread_blocked, id=23492, stack(0x0000002146a00000,0x0000002146b00000)]
  0x000001dae56a0a00 JavaThread "Unconstrained build operations Thread 6" [_thread_blocked, id=16448, stack(0x0000002146b00000,0x0000002146c00000)]
  0x000001dae56a3a20 JavaThread "Unconstrained build operations Thread 7" [_thread_blocked, id=284, stack(0x0000002146c00000,0x0000002146d00000)]
  0x000001dae56a26e0 JavaThread "Unconstrained build operations Thread 8" [_thread_blocked, id=8236, stack(0x0000002146d00000,0x0000002146e00000)]
  0x000001dae56a3080 JavaThread "Unconstrained build operations Thread 9" [_thread_blocked, id=18256, stack(0x0000002146e00000,0x0000002146f00000)]
  0x000001dae56a3550 JavaThread "Unconstrained build operations Thread 10" [_thread_blocked, id=18344, stack(0x0000002146f00000,0x0000002147000000)]
  0x000001dae56a3ef0 JavaThread "Unconstrained build operations Thread 11" [_thread_blocked, id=24912, stack(0x0000002147000000,0x0000002147100000)]
  0x000001dae6f3f8b0 JavaThread "Unconstrained build operations Thread 12" [_thread_blocked, id=15960, stack(0x0000002147100000,0x0000002147200000)]
  0x000001dae6f3dbd0 JavaThread "Unconstrained build operations Thread 13" [_thread_blocked, id=24116, stack(0x0000002147200000,0x0000002147300000)]
  0x000001dae6f3b080 JavaThread "Unconstrained build operations Thread 14" [_thread_blocked, id=23200, stack(0x0000002147300000,0x0000002147400000)]
  0x000001dae6f38530 JavaThread "Unconstrained build operations Thread 15" [_thread_blocked, id=18724, stack(0x0000002147400000,0x0000002147500000)]
  0x000001dae6f3a210 JavaThread "Unconstrained build operations Thread 16" [_thread_blocked, id=13184, stack(0x0000002147500000,0x0000002147600000)]
  0x000001dae6f3ea40 JavaThread "Unconstrained build operations Thread 17" [_thread_blocked, id=9368, stack(0x0000002147600000,0x0000002147700000)]
  0x000001dae6f3b550 JavaThread "Unconstrained build operations Thread 18" [_thread_blocked, id=20068, stack(0x0000002147700000,0x0000002147800000)]
  0x000001dae6f3c3c0 JavaThread "Unconstrained build operations Thread 19" [_thread_blocked, id=25564, stack(0x0000002147800000,0x0000002147900000)]
  0x000001dae6f3a6e0 JavaThread "Unconstrained build operations Thread 20" [_thread_blocked, id=24552, stack(0x0000002147900000,0x0000002147a00000)]
  0x000001dae6f39870 JavaThread "Unconstrained build operations Thread 21" [_thread_blocked, id=20608, stack(0x0000002147a00000,0x0000002147b00000)]
  0x000001dae6f38ed0 JavaThread "Unconstrained build operations Thread 22" [_thread_blocked, id=21324, stack(0x0000002147b00000,0x0000002147c00000)]
  0x000001dae6f3d230 JavaThread "Unconstrained build operations Thread 23" [_thread_blocked, id=12012, stack(0x0000002147c00000,0x0000002147d00000)]
  0x000001dae6f3f3e0 JavaThread "Unconstrained build operations Thread 24" [_thread_blocked, id=13628, stack(0x0000002147d00000,0x0000002147e00000)]
  0x000001dae6f3d700 JavaThread "Unconstrained build operations Thread 25" [_thread_blocked, id=15616, stack(0x0000002147e00000,0x0000002147f00000)]
  0x000001dae6f38a00 JavaThread "Unconstrained build operations Thread 26" [_thread_blocked, id=10652, stack(0x0000002147f00000,0x0000002148000000)]
  0x000001dae6f3ba20 JavaThread "Unconstrained build operations Thread 27" [_thread_blocked, id=1036, stack(0x0000002148000000,0x0000002148100000)]
  0x000001dae6f393a0 JavaThread "Unconstrained build operations Thread 28" [_thread_blocked, id=17412, stack(0x0000002148100000,0x0000002148200000)]
  0x000001dae6f39d40 JavaThread "Unconstrained build operations Thread 29" [_thread_blocked, id=12264, stack(0x0000002148200000,0x0000002148300000)]
  0x000001dae6f38060 JavaThread "Unconstrained build operations Thread 30" [_thread_blocked, id=5856, stack(0x0000002148300000,0x0000002148400000)]
  0x000001dae6f3bef0 JavaThread "Unconstrained build operations Thread 31" [_thread_blocked, id=17420, stack(0x0000002148400000,0x0000002148500000)]
  0x000001dae6f3c890 JavaThread "Unconstrained build operations Thread 32" [_thread_blocked, id=8660, stack(0x0000002148500000,0x0000002148600000)]
  0x000001dae6f3e0a0 JavaThread "Unconstrained build operations Thread 33" [_thread_blocked, id=7344, stack(0x0000002148600000,0x0000002148700000)]
  0x000001dae6f3abb0 JavaThread "Unconstrained build operations Thread 34" [_thread_blocked, id=5096, stack(0x0000002148700000,0x0000002148800000)]
  0x000001dae6f3cd60 JavaThread "Unconstrained build operations Thread 35" [_thread_blocked, id=13012, stack(0x0000002148800000,0x0000002148900000)]
  0x000001dae6f3e570 JavaThread "Unconstrained build operations Thread 36" [_thread_blocked, id=19068, stack(0x0000002148900000,0x0000002148a00000)]
  0x000001dae6f3ef10 JavaThread "Unconstrained build operations Thread 37" [_thread_blocked, id=23688, stack(0x0000002148a00000,0x0000002148b00000)]
  0x000001dae732d630 JavaThread "Unconstrained build operations Thread 38" [_thread_blocked, id=16756, stack(0x0000002148b00000,0x0000002148c00000)]
  0x000001dae732a140 JavaThread "Unconstrained build operations Thread 39" [_thread_blocked, id=24712, stack(0x0000002148c00000,0x0000002148d00000)]
  0x000001dae7330180 JavaThread "Unconstrained build operations Thread 40" [_thread_blocked, id=23656, stack(0x0000002148d00000,0x0000002148e00000)]
  0x000001dae732be20 JavaThread "build event listener" [_thread_blocked, id=24452, stack(0x0000002148e00000,0x0000002148f00000)]
  0x000001dae732fcb0 JavaThread "Memory manager" [_thread_blocked, id=12236, stack(0x0000002149000000,0x0000002149100000)]
  0x000001dae7330b20 JavaThread "pool-3-thread-1" [_thread_blocked, id=15736, stack(0x0000002149300000,0x0000002149400000)]
  0x000001dae732f310 JavaThread "build event listener" [_thread_blocked, id=10952, stack(0x0000002149400000,0x0000002149500000)]
  0x000001dae732f7e0 JavaThread "included builds" [_thread_blocked, id=6752, stack(0x0000002149500000,0x0000002149600000)]
  0x000001dae7330ff0 JavaThread "Execution worker" [_thread_blocked, id=14904, stack(0x0000002149600000,0x0000002149700000)]
  0x000001dae73314c0 JavaThread "Execution worker Thread 2" [_thread_blocked, id=15048, stack(0x0000002149700000,0x0000002149800000)]
  0x000001dae7329c70 JavaThread "Execution worker Thread 3" [_thread_blocked, id=20404, stack(0x0000002149800000,0x0000002149900000)]
  0x000001dae732c7c0 JavaThread "Cache worker for execution history cache (C:\Users\Tafita\AndroidStudioProjects\TourismeMadagascar\.gradle\8.0\executionHistory)" [_thread_blocked, id=9656, stack(0x0000002149900000,0x0000002149a00000)]
  0x000001dae732e970 JavaThread "WorkerExecutor Queue" [_thread_in_native, id=22596, stack(0x0000002143100000,0x0000002143200000)]
  0x000001dae84880a0 JavaThread "RMI Scheduler(0)" daemon [_thread_blocked, id=16148, stack(0x0000002143300000,0x0000002143400000)]
  0x000001dae8486890 JavaThread "Thread-73" [_thread_in_native, id=25372, stack(0x0000002143200000,0x0000002143300000)]
  0x000001dae8484210 JavaThread "WorkerExecutor Queue Thread 2" [_thread_blocked, id=9364, stack(0x0000002148f00000,0x0000002149000000)]
  0x000001dae8488570 JavaThread "WorkerExecutor Queue Thread 3" [_thread_blocked, id=22264, stack(0x0000002149a00000,0x0000002149b00000)]
  0x000001dae8485ef0 JavaThread "WorkerExecutor Queue Thread 4" [_thread_blocked, id=17072, stack(0x0000002149b00000,0x0000002149c00000)]
  0x000001dae8483870 JavaThread "ForkJoinPool-1-worker-1" daemon [_thread_blocked, id=24920, stack(0x0000002149f00000,0x000000214a000000)]
  0x000001dae8486d60 JavaThread "ForkJoinPool-1-worker-2" daemon [_thread_blocked, id=24284, stack(0x000000214a000000,0x000000214a100000)]
  0x000001dae8488f10 JavaThread "ForkJoinPool-1-worker-3" daemon [_thread_blocked, id=18192, stack(0x000000214a100000,0x000000214a200000)]
  0x000001dae8487230 JavaThread "ForkJoinPool-1-worker-4" daemon [_thread_blocked, id=5944, stack(0x000000214a200000,0x000000214a300000)]
  0x000001dae803c970 JavaThread "C2 CompilerThread1" daemon [_thread_blocked, id=8984, stack(0x0000002145200000,0x0000002145300000)]

Other Threads:
=>0x000001dae241f610 VMThread "VM Thread" [stack: 0x0000002143a00000,0x0000002143b00000] [id=7384]
  0x000001dae199e370 WatcherThread [stack: 0x0000002144600000,0x0000002144700000] [id=11972]
  0x000001dac5ed6190 GCTaskThread "GC Thread#0" [stack: 0x0000002143500000,0x0000002143600000] [id=20324]
  0x000001dae2d01840 GCTaskThread "GC Thread#1" [stack: 0x0000002144700000,0x0000002144800000] [id=21804]
  0x000001dae2d01af0 GCTaskThread "GC Thread#2" [stack: 0x0000002144800000,0x0000002144900000] [id=23864]
  0x000001dae28e6b10 GCTaskThread "GC Thread#3" [stack: 0x0000002144900000,0x0000002144a00000] [id=13048]
  0x000001dac5f01ee0 ConcurrentGCThread "G1 Main Marker" [stack: 0x0000002143600000,0x0000002143700000] [id=22788]
  0x000001dac5f02fa0 ConcurrentGCThread "G1 Conc#0" [stack: 0x0000002143700000,0x0000002143800000] [id=11248]
  0x000001dac5f42dd0 ConcurrentGCThread "G1 Refine#0" [stack: 0x0000002143800000,0x0000002143900000] [id=24980]
  0x000001dae7786ef0 ConcurrentGCThread "G1 Refine#1" [stack: 0x0000002146200000,0x0000002146300000] [id=14100]
  0x000001daeb19cdc0 ConcurrentGCThread "G1 Refine#2" [stack: 0x0000002149d00000,0x0000002149e00000] [id=25052]
  0x000001daeb19d380 ConcurrentGCThread "G1 Refine#3" [stack: 0x0000002149e00000,0x0000002149f00000] [id=17252]
  0x000001dac5f43700 ConcurrentGCThread "G1 Service" [stack: 0x0000002143900000,0x0000002143a00000] [id=23784]

Threads with active compile tasks:
C2 CompilerThread0    86760 13994       4       com.android.tools.r8.dex.B::a (1030 bytes)
C2 CompilerThread1    86760 14102       4       com.android.tools.r8.dex.code.O::a (3284 bytes)

VM state: at safepoint (normal execution)

VM Mutex/Monitor currently owned by a thread:  ([mutex/lock_event])
[0x000001dac5e7ad40] Threads_lock - owner thread: 0x000001dae241f610
[0x000001dac5e7b400] Heap_lock - owner thread: 0x000001dac5f01ee0

Heap address: 0x0000000741800000, size: 3048 MB, Compressed Oops mode: Zero based, Oop shift amount: 3

CDS archive(s) not mapped
Compressed class space mapped at: 0x0000000800000000-0x0000000840000000, reserved size: 1073741824
Narrow klass base: 0x0000000800000000, Narrow klass shift: 0, Narrow klass range: 0x40000000

GC Precious Log:
 CPUs: 4 total, 4 available
 Memory: 12190M
 Large Page Support: Disabled
 NUMA Support: Disabled
 Compressed Oops: Enabled (Zero based)
 Heap Region Size: 2M
 Heap Min Capacity: 8M
 Heap Initial Capacity: 192M
 Heap Max Capacity: 3048M
 Pre-touch: Disabled
 Parallel Workers: 4
 Concurrent Workers: 1
 Concurrent Refinement Workers: 4
 Periodic GC: Disabled

Heap:
 garbage-first heap   total 376832K, used 265033K [0x0000000741800000, 0x0000000800000000)
  region size 2048K, 11 young (22528K), 4 survivors (8192K)
 Metaspace       used 107868K, committed 108608K, reserved 1146880K
  class space    used 14678K, committed 15040K, reserved 1048576K

Heap Regions: E=young(eden), S=young(survivor), O=old, HS=humongous(starts), HC=humongous(continues), CS=collection set, F=free, OA=open archive, CA=closed archive, TAMS=top-at-mark-start (previous, next)
|   0|0x0000000741800000, 0x0000000741a00000, 0x0000000741a00000|100%| O|  |TAMS 0x0000000741a00000, 0x0000000741800000| Untracked 
|   1|0x0000000741a00000, 0x0000000741c00000, 0x0000000741c00000|100%|HS|  |TAMS 0x0000000741c00000, 0x0000000741a00000| Complete 
|   2|0x0000000741c00000, 0x0000000741e00000, 0x0000000741e00000|100%|HC|  |TAMS 0x0000000741e00000, 0x0000000741c00000| Complete 
|   3|0x0000000741e00000, 0x0000000741fd2600, 0x0000000742000000| 91%| O|  |TAMS 0x0000000741fd2600, 0x0000000741e00000| Untracked 
|   4|0x0000000742000000, 0x0000000742200000, 0x0000000742200000|100%| O|  |TAMS 0x0000000742200000, 0x0000000742000000| Untracked 
|   5|0x0000000742200000, 0x0000000742400000, 0x0000000742400000|100%| O|  |TAMS 0x0000000742400000, 0x0000000742200000| Untracked 
|   6|0x0000000742400000, 0x0000000742600000, 0x0000000742600000|100%| O|  |TAMS 0x0000000742600000, 0x0000000742400000| Updating 
|   7|0x0000000742600000, 0x0000000742800000, 0x0000000742800000|100%| O|  |TAMS 0x0000000742800000, 0x0000000742600000| Untracked 
|   8|0x0000000742800000, 0x0000000742a00000, 0x0000000742a00000|100%| O|  |TAMS 0x0000000742a00000, 0x0000000742800000| Updating 
|   9|0x0000000742a00000, 0x0000000742c00000, 0x0000000742c00000|100%| O|  |TAMS 0x0000000742c00000, 0x0000000742a00000| Untracked 
|  10|0x0000000742c00000, 0x0000000742e00000, 0x0000000742e00000|100%| O|  |TAMS 0x0000000742e00000, 0x0000000742c00000| Untracked 
|  11|0x0000000742e00000, 0x0000000743000000, 0x0000000743000000|100%| O|  |TAMS 0x0000000743000000, 0x0000000742e00000| Untracked 
|  12|0x0000000743000000, 0x0000000743200000, 0x0000000743200000|100%| O|  |TAMS 0x0000000743200000, 0x0000000743000000| Untracked 
|  13|0x0000000743200000, 0x0000000743400000, 0x0000000743400000|100%| O|  |TAMS 0x0000000743400000, 0x0000000743200000| Untracked 
|  14|0x0000000743400000, 0x0000000743600000, 0x0000000743600000|100%| O|  |TAMS 0x0000000743600000, 0x0000000743400000| Untracked 
|  15|0x0000000743600000, 0x0000000743800000, 0x0000000743800000|100%| O|  |TAMS 0x0000000743800000, 0x0000000743600000| Untracked 
|  16|0x0000000743800000, 0x0000000743a00000, 0x0000000743a00000|100%| O|  |TAMS 0x0000000743a00000, 0x0000000743800000| Untracked 
|  17|0x0000000743a00000, 0x0000000743c00000, 0x0000000743c00000|100%| O|  |TAMS 0x0000000743c00000, 0x0000000743a00000| Untracked 
|  18|0x0000000743c00000, 0x0000000743e00000, 0x0000000743e00000|100%| O|  |TAMS 0x0000000743e00000, 0x0000000743c00000| Untracked 
|  19|0x0000000743e00000, 0x0000000744000000, 0x0000000744000000|100%| O|  |TAMS 0x0000000744000000, 0x0000000743e00000| Updating 
|  20|0x0000000744000000, 0x0000000744200000, 0x0000000744200000|100%|HS|  |TAMS 0x0000000744200000, 0x0000000744000000| Complete 
|  21|0x0000000744200000, 0x0000000744400000, 0x0000000744400000|100%|HC|  |TAMS 0x0000000744400000, 0x0000000744200000| Complete 
|  22|0x0000000744400000, 0x0000000744600000, 0x0000000744600000|100%| O|  |TAMS 0x0000000744600000, 0x0000000744400000| Untracked 
|  23|0x0000000744600000, 0x0000000744800000, 0x0000000744800000|100%| O|  |TAMS 0x0000000744800000, 0x0000000744600000| Untracked 
|  24|0x0000000744800000, 0x0000000744a00000, 0x0000000744a00000|100%| O|  |TAMS 0x0000000744a00000, 0x0000000744800000| Untracked 
|  25|0x0000000744a00000, 0x0000000744c00000, 0x0000000744c00000|100%| O|  |TAMS 0x0000000744c00000, 0x0000000744a00000| Untracked 
|  26|0x0000000744c00000, 0x0000000744e00000, 0x0000000744e00000|100%| O|  |TAMS 0x0000000744e00000, 0x0000000744c00000| Untracked 
|  27|0x0000000744e00000, 0x0000000745000000, 0x0000000745000000|100%| O|  |TAMS 0x0000000745000000, 0x0000000744e00000| Untracked 
|  28|0x0000000745000000, 0x0000000745200000, 0x0000000745200000|100%| O|  |TAMS 0x0000000745200000, 0x0000000745000000| Untracked 
|  29|0x0000000745200000, 0x0000000745400000, 0x0000000745400000|100%| O|  |TAMS 0x0000000745400000, 0x0000000745200000| Untracked 
|  30|0x0000000745400000, 0x0000000745600000, 0x0000000745600000|100%| O|  |TAMS 0x0000000745600000, 0x0000000745400000| Untracked 
|  31|0x0000000745600000, 0x0000000745800000, 0x0000000745800000|100%| O|  |TAMS 0x0000000745800000, 0x0000000745600000| Untracked 
|  32|0x0000000745800000, 0x0000000745a00000, 0x0000000745a00000|100%| O|  |TAMS 0x0000000745a00000, 0x0000000745800000| Untracked 
|  33|0x0000000745a00000, 0x0000000745c00000, 0x0000000745c00000|100%| O|  |TAMS 0x0000000745c00000, 0x0000000745a00000| Untracked 
|  34|0x0000000745c00000, 0x0000000745e00000, 0x0000000745e00000|100%| O|  |TAMS 0x0000000745e00000, 0x0000000745c00000| Untracked 
|  35|0x0000000745e00000, 0x0000000746000000, 0x0000000746000000|100%| O|  |TAMS 0x0000000746000000, 0x0000000745e00000| Untracked 
|  36|0x0000000746000000, 0x0000000746200000, 0x0000000746200000|100%| O|  |TAMS 0x0000000746200000, 0x0000000746000000| Untracked 
|  37|0x0000000746200000, 0x0000000746400000, 0x0000000746400000|100%| O|  |TAMS 0x0000000746400000, 0x0000000746200000| Untracked 
|  38|0x0000000746400000, 0x0000000746600000, 0x0000000746600000|100%| O|  |TAMS 0x0000000746600000, 0x0000000746400000| Untracked 
|  39|0x0000000746600000, 0x0000000746800000, 0x0000000746800000|100%| O|  |TAMS 0x0000000746800000, 0x0000000746600000| Untracked 
|  40|0x0000000746800000, 0x0000000746a00000, 0x0000000746a00000|100%| O|  |TAMS 0x0000000746a00000, 0x0000000746800000| Untracked 
|  41|0x0000000746a00000, 0x0000000746c00000, 0x0000000746c00000|100%| O|  |TAMS 0x0000000746c00000, 0x0000000746a00000| Untracked 
|  42|0x0000000746c00000, 0x0000000746e00000, 0x0000000746e00000|100%| O|  |TAMS 0x0000000746e00000, 0x0000000746c00000| Untracked 
|  43|0x0000000746e00000, 0x0000000747000000, 0x0000000747000000|100%| O|  |TAMS 0x0000000747000000, 0x0000000746e00000| Untracked 
|  44|0x0000000747000000, 0x0000000747200000, 0x0000000747200000|100%| O|  |TAMS 0x0000000747200000, 0x0000000747000000| Updating 
|  45|0x0000000747200000, 0x0000000747400000, 0x0000000747400000|100%| O|  |TAMS 0x0000000747400000, 0x0000000747200000| Untracked 
|  46|0x0000000747400000, 0x0000000747600000, 0x0000000747600000|100%| O|  |TAMS 0x0000000747600000, 0x0000000747400000| Updating 
|  47|0x0000000747600000, 0x0000000747800000, 0x0000000747800000|100%| O|  |TAMS 0x0000000747800000, 0x0000000747600000| Untracked 
|  48|0x0000000747800000, 0x0000000747a00000, 0x0000000747a00000|100%| O|  |TAMS 0x0000000747a00000, 0x0000000747800000| Updating 
|  49|0x0000000747a00000, 0x0000000747c00000, 0x0000000747c00000|100%| O|  |TAMS 0x0000000747c00000, 0x0000000747a00000| Untracked 
|  50|0x0000000747c00000, 0x0000000747e00000, 0x0000000747e00000|100%| O|  |TAMS 0x0000000747e00000, 0x0000000747c00000| Untracked 
|  51|0x0000000747e00000, 0x0000000748000000, 0x0000000748000000|100%| O|  |TAMS 0x0000000748000000, 0x0000000747e00000| Untracked 
|  52|0x0000000748000000, 0x0000000748200000, 0x0000000748200000|100%|HS|  |TAMS 0x0000000748200000, 0x0000000748000000| Complete 
|  53|0x0000000748200000, 0x0000000748400000, 0x0000000748400000|100%|HS|  |TAMS 0x0000000748400000, 0x0000000748200000| Complete 
|  54|0x0000000748400000, 0x0000000748600000, 0x0000000748600000|100%|HS|  |TAMS 0x0000000748600000, 0x0000000748400000| Complete 
|  55|0x0000000748600000, 0x0000000748800000, 0x0000000748800000|100%| O|  |TAMS 0x0000000748800000, 0x0000000748600000| Untracked 
|  56|0x0000000748800000, 0x0000000748a00000, 0x0000000748a00000|100%|HS|  |TAMS 0x0000000748a00000, 0x0000000748800000| Complete 
|  57|0x0000000748a00000, 0x0000000748c00000, 0x0000000748c00000|100%|HS|  |TAMS 0x0000000748c00000, 0x0000000748a00000| Complete 
|  58|0x0000000748c00000, 0x0000000748e00000, 0x0000000748e00000|100%| O|  |TAMS 0x0000000748e00000, 0x0000000748c00000| Untracked 
|  59|0x0000000748e00000, 0x0000000749000000, 0x0000000749000000|100%|HS|  |TAMS 0x0000000749000000, 0x0000000748e00000| Complete 
|  60|0x0000000749000000, 0x0000000749200000, 0x0000000749200000|100%| O|  |TAMS 0x0000000749200000, 0x0000000749000000| Updating 
|  61|0x0000000749200000, 0x0000000749400000, 0x0000000749400000|100%|HS|  |TAMS 0x0000000749400000, 0x0000000749200000| Complete 
|  62|0x0000000749400000, 0x0000000749600000, 0x0000000749600000|100%| O|  |TAMS 0x0000000749600000, 0x0000000749400000| Untracked 
|  63|0x0000000749600000, 0x0000000749800000, 0x0000000749800000|100%|HS|  |TAMS 0x0000000749800000, 0x0000000749600000| Complete 
|  64|0x0000000749800000, 0x0000000749a00000, 0x0000000749a00000|100%| O|  |TAMS 0x0000000749a00000, 0x0000000749800000| Untracked 
|  65|0x0000000749a00000, 0x0000000749c00000, 0x0000000749c00000|100%|HS|  |TAMS 0x0000000749c00000, 0x0000000749a00000| Complete 
|  66|0x0000000749c00000, 0x0000000749e00000, 0x0000000749e00000|100%|HC|  |TAMS 0x0000000749e00000, 0x0000000749c00000| Complete 
|  67|0x0000000749e00000, 0x000000074a000000, 0x000000074a000000|100%| O|  |TAMS 0x000000074a000000, 0x0000000749e00000| Untracked 
|  68|0x000000074a000000, 0x000000074a200000, 0x000000074a200000|100%|HS|  |TAMS 0x000000074a200000, 0x000000074a000000| Complete 
|  69|0x000000074a200000, 0x000000074a400000, 0x000000074a400000|100%| O|  |TAMS 0x000000074a400000, 0x000000074a200000| Updating 
|  70|0x000000074a400000, 0x000000074a600000, 0x000000074a600000|100%|HS|  |TAMS 0x000000074a600000, 0x000000074a400000| Complete 
|  71|0x000000074a600000, 0x000000074a800000, 0x000000074a800000|100%| O|  |TAMS 0x000000074a800000, 0x000000074a600000| Untracked 
|  72|0x000000074a800000, 0x000000074aa00000, 0x000000074aa00000|100%|HS|  |TAMS 0x000000074aa00000, 0x000000074a800000| Complete 
|  73|0x000000074aa00000, 0x000000074ac00000, 0x000000074ac00000|100%| O|  |TAMS 0x000000074ac00000, 0x000000074aa00000| Untracked 
|  74|0x000000074ac00000, 0x000000074ae00000, 0x000000074ae00000|100%|HS|  |TAMS 0x000000074ae00000, 0x000000074ac00000| Complete 
|  75|0x000000074ae00000, 0x000000074b000000, 0x000000074b000000|100%| O|  |TAMS 0x000000074b000000, 0x000000074ae00000| Untracked 
|  76|0x000000074b000000, 0x000000074b200000, 0x000000074b200000|100%|HS|  |TAMS 0x000000074b200000, 0x000000074b000000| Complete 
|  77|0x000000074b200000, 0x000000074b400000, 0x000000074b400000|100%| O|  |TAMS 0x000000074b400000, 0x000000074b200000| Untracked 
|  78|0x000000074b400000, 0x000000074b600000, 0x000000074b600000|100%|HS|  |TAMS 0x000000074b600000, 0x000000074b400000| Complete 
|  79|0x000000074b600000, 0x000000074b800000, 0x000000074b800000|100%| O|  |TAMS 0x000000074b800000, 0x000000074b600000| Untracked 
|  80|0x000000074b800000, 0x000000074ba00000, 0x000000074ba00000|100%|HS|  |TAMS 0x000000074ba00000, 0x000000074b800000| Complete 
|  81|0x000000074ba00000, 0x000000074bc00000, 0x000000074bc00000|100%| O|  |TAMS 0x000000074bc00000, 0x000000074ba00000| Untracked 
|  82|0x000000074bc00000, 0x000000074be00000, 0x000000074be00000|100%|HS|  |TAMS 0x000000074be00000, 0x000000074bc00000| Complete 
|  83|0x000000074be00000, 0x000000074c000000, 0x000000074c000000|100%| O|  |TAMS 0x000000074c000000, 0x000000074be00000| Updating 
|  84|0x000000074c000000, 0x000000074c200000, 0x000000074c200000|100%| O|  |TAMS 0x000000074c200000, 0x000000074c000000| Updating 
|  85|0x000000074c200000, 0x000000074c400000, 0x000000074c400000|100%|HS|  |TAMS 0x000000074c400000, 0x000000074c200000| Complete 
|  86|0x000000074c400000, 0x000000074c600000, 0x000000074c600000|100%|HS|  |TAMS 0x000000074c600000, 0x000000074c400000| Complete 
|  87|0x000000074c600000, 0x000000074c800000, 0x000000074c800000|100%|HC|  |TAMS 0x000000074c800000, 0x000000074c600000| Complete 
|  88|0x000000074c800000, 0x000000074ca00000, 0x000000074ca00000|100%| O|  |TAMS 0x000000074ca00000, 0x000000074c800000| Untracked 
|  89|0x000000074ca00000, 0x000000074cc00000, 0x000000074cc00000|100%| O|  |TAMS 0x000000074cc00000, 0x000000074ca00000| Untracked 
|  90|0x000000074cc00000, 0x000000074ce00000, 0x000000074ce00000|100%| O|  |TAMS 0x000000074ce00000, 0x000000074cc00000| Untracked 
|  91|0x000000074ce00000, 0x000000074d000000, 0x000000074d000000|100%| O|  |TAMS 0x000000074d000000, 0x000000074ce00000| Untracked 
|  92|0x000000074d000000, 0x000000074d200000, 0x000000074d200000|100%| O|  |TAMS 0x000000074d200000, 0x000000074d000000| Untracked 
|  93|0x000000074d200000, 0x000000074d400000, 0x000000074d400000|100%|HS|  |TAMS 0x000000074d400000, 0x000000074d200000| Complete 
|  94|0x000000074d400000, 0x000000074d600000, 0x000000074d600000|100%| O|  |TAMS 0x000000074d600000, 0x000000074d400000| Untracked 
|  95|0x000000074d600000, 0x000000074d800000, 0x000000074d800000|100%| O|  |TAMS 0x000000074d800000, 0x000000074d600000| Untracked 
|  96|0x000000074d800000, 0x000000074da00000, 0x000000074da00000|100%| O|  |TAMS 0x000000074da00000, 0x000000074d800000| Untracked 
|  97|0x000000074da00000, 0x000000074dc00000, 0x000000074dc00000|100%| O|  |TAMS 0x000000074dc00000, 0x000000074da00000| Untracked 
|  98|0x000000074dc00000, 0x000000074de00000, 0x000000074de00000|100%| O|  |TAMS 0x000000074de00000, 0x000000074dc00000| Untracked 
|  99|0x000000074de00000, 0x000000074e000000, 0x000000074e000000|100%| O|  |TAMS 0x000000074e000000, 0x000000074de00000| Untracked 
| 100|0x000000074e000000, 0x000000074e200000, 0x000000074e200000|100%| O|  |TAMS 0x000000074e200000, 0x000000074e000000| Untracked 
| 101|0x000000074e200000, 0x000000074e400000, 0x000000074e400000|100%| O|  |TAMS 0x000000074e400000, 0x000000074e200000| Untracked 
| 102|0x000000074e400000, 0x000000074e600000, 0x000000074e600000|100%| O|  |TAMS 0x000000074e600000, 0x000000074e400000| Untracked 
| 103|0x000000074e600000, 0x000000074e800000, 0x000000074e800000|100%| O|  |TAMS 0x000000074e800000, 0x000000074e600000| Untracked 
| 104|0x000000074e800000, 0x000000074ea00000, 0x000000074ea00000|100%| O|  |TAMS 0x000000074ea00000, 0x000000074e800000| Untracked 
| 105|0x000000074ea00000, 0x000000074ec00000, 0x000000074ec00000|100%| O|  |TAMS 0x000000074ec00000, 0x000000074ea00000| Updating 
| 106|0x000000074ec00000, 0x000000074ee00000, 0x000000074ee00000|100%| O|  |TAMS 0x000000074ec95c00, 0x000000074ec00000| Untracked 
| 107|0x000000074ee00000, 0x000000074f000000, 0x000000074f000000|100%| O|  |TAMS 0x000000074ee00000, 0x000000074ee00000| Untracked 
| 108|0x000000074f000000, 0x000000074f200000, 0x000000074f200000|100%| O|  |TAMS 0x000000074f000000, 0x000000074f000000| Untracked 
| 109|0x000000074f200000, 0x000000074f400000, 0x000000074f400000|100%| O|  |TAMS 0x000000074f200000, 0x000000074f200000| Untracked 
| 110|0x000000074f400000, 0x000000074f600000, 0x000000074f600000|100%| O|  |TAMS 0x000000074f400000, 0x000000074f400000| Untracked 
| 111|0x000000074f600000, 0x000000074f800000, 0x000000074f800000|100%| O|  |TAMS 0x000000074f600000, 0x000000074f600000| Untracked 
| 112|0x000000074f800000, 0x000000074fa00000, 0x000000074fa00000|100%| O|  |TAMS 0x000000074f800000, 0x000000074f800000| Untracked 
| 113|0x000000074fa00000, 0x000000074fc00000, 0x000000074fc00000|100%| O|  |TAMS 0x000000074fa00000, 0x000000074fa00000| Untracked 
| 114|0x000000074fc00000, 0x000000074fe00000, 0x000000074fe00000|100%| O|  |TAMS 0x000000074fc00000, 0x000000074fc00000| Untracked 
| 115|0x000000074fe00000, 0x0000000750000000, 0x0000000750000000|100%| O|  |TAMS 0x000000074fe00000, 0x000000074fe00000| Untracked 
| 116|0x0000000750000000, 0x0000000750200000, 0x0000000750200000|100%| O|  |TAMS 0x0000000750000000, 0x0000000750000000| Untracked 
| 117|0x0000000750200000, 0x0000000750400000, 0x0000000750400000|100%| O|  |TAMS 0x0000000750200000, 0x0000000750200000| Untracked 
| 118|0x0000000750400000, 0x0000000750600000, 0x0000000750600000|100%| O|  |TAMS 0x0000000750400000, 0x0000000750400000| Untracked 
| 119|0x0000000750600000, 0x0000000750700000, 0x0000000750800000| 50%| O|  |TAMS 0x0000000750600000, 0x0000000750600000| Updating 
| 120|0x0000000750800000, 0x0000000750800000, 0x0000000750a00000|  0%| F|  |TAMS 0x0000000750800000, 0x0000000750800000| Untracked 
| 121|0x0000000750a00000, 0x0000000750a00000, 0x0000000750c00000|  0%| F|  |TAMS 0x0000000750a00000, 0x0000000750a00000| Untracked 
| 122|0x0000000750c00000, 0x0000000750c00000, 0x0000000750e00000|  0%| F|  |TAMS 0x0000000750c00000, 0x0000000750c00000| Untracked 
| 123|0x0000000750e00000, 0x0000000750e00000, 0x0000000751000000|  0%| F|  |TAMS 0x0000000750e00000, 0x0000000750e00000| Untracked 
| 124|0x0000000751000000, 0x0000000751000000, 0x0000000751200000|  0%| F|  |TAMS 0x0000000751000000, 0x0000000751000000| Untracked 
| 125|0x0000000751200000, 0x0000000751200000, 0x0000000751400000|  0%| F|  |TAMS 0x0000000751200000, 0x0000000751200000| Untracked 
| 126|0x0000000751400000, 0x0000000751400000, 0x0000000751600000|  0%| F|  |TAMS 0x0000000751400000, 0x0000000751400000| Untracked 
| 127|0x0000000751600000, 0x0000000751600000, 0x0000000751800000|  0%| F|  |TAMS 0x0000000751600000, 0x0000000751600000| Untracked 
| 128|0x0000000751800000, 0x0000000751800000, 0x0000000751a00000|  0%| F|  |TAMS 0x0000000751800000, 0x0000000751800000| Untracked 
| 129|0x0000000751a00000, 0x0000000751a00000, 0x0000000751c00000|  0%| F|  |TAMS 0x0000000751a00000, 0x0000000751a00000| Untracked 
| 130|0x0000000751c00000, 0x0000000751c00000, 0x0000000751e00000|  0%| F|  |TAMS 0x0000000751c00000, 0x0000000751c00000| Untracked 
| 131|0x0000000751e00000, 0x0000000751e00000, 0x0000000752000000|  0%| F|  |TAMS 0x0000000751e00000, 0x0000000751e00000| Untracked 
| 132|0x0000000752000000, 0x0000000752000000, 0x0000000752200000|  0%| F|  |TAMS 0x0000000752000000, 0x0000000752000000| Untracked 
| 133|0x0000000752200000, 0x0000000752200000, 0x0000000752400000|  0%| F|  |TAMS 0x0000000752200000, 0x0000000752200000| Untracked 
| 134|0x0000000752400000, 0x0000000752400000, 0x0000000752600000|  0%| F|  |TAMS 0x0000000752400000, 0x0000000752400000| Untracked 
| 135|0x0000000752600000, 0x0000000752600000, 0x0000000752800000|  0%| F|  |TAMS 0x0000000752600000, 0x0000000752600000| Untracked 
| 136|0x0000000752800000, 0x0000000752800000, 0x0000000752a00000|  0%| F|  |TAMS 0x0000000752800000, 0x0000000752800000| Untracked 
| 137|0x0000000752a00000, 0x0000000752a00000, 0x0000000752c00000|  0%| F|  |TAMS 0x0000000752a00000, 0x0000000752a00000| Untracked 
| 138|0x0000000752c00000, 0x0000000752c00000, 0x0000000752e00000|  0%| F|  |TAMS 0x0000000752c00000, 0x0000000752c00000| Untracked 
| 139|0x0000000752e00000, 0x0000000752e00000, 0x0000000753000000|  0%| F|  |TAMS 0x0000000752e00000, 0x0000000752e00000| Untracked 
| 140|0x0000000753000000, 0x0000000753000000, 0x0000000753200000|  0%| F|  |TAMS 0x0000000753000000, 0x0000000753000000| Untracked 
| 141|0x0000000753200000, 0x0000000753200000, 0x0000000753400000|  0%| F|  |TAMS 0x0000000753200000, 0x0000000753200000| Untracked 
| 142|0x0000000753400000, 0x0000000753400000, 0x0000000753600000|  0%| F|  |TAMS 0x0000000753400000, 0x0000000753400000| Untracked 
| 143|0x0000000753600000, 0x0000000753600000, 0x0000000753800000|  0%| F|  |TAMS 0x0000000753600000, 0x0000000753600000| Untracked 
| 144|0x0000000753800000, 0x0000000753800000, 0x0000000753a00000|  0%| F|  |TAMS 0x0000000753800000, 0x0000000753800000| Untracked 
| 145|0x0000000753a00000, 0x0000000753a00000, 0x0000000753c00000|  0%| F|  |TAMS 0x0000000753a00000, 0x0000000753a00000| Untracked 
| 146|0x0000000753c00000, 0x0000000753c00000, 0x0000000753e00000|  0%| F|  |TAMS 0x0000000753c00000, 0x0000000753c00000| Untracked 
| 147|0x0000000753e00000, 0x0000000753e00000, 0x0000000754000000|  0%| F|  |TAMS 0x0000000753e00000, 0x0000000753e00000| Untracked 
| 148|0x0000000754000000, 0x0000000754000000, 0x0000000754200000|  0%| F|  |TAMS 0x0000000754000000, 0x0000000754000000| Untracked 
| 149|0x0000000754200000, 0x0000000754200000, 0x0000000754400000|  0%| F|  |TAMS 0x0000000754200000, 0x0000000754200000| Untracked 
| 150|0x0000000754400000, 0x0000000754400000, 0x0000000754600000|  0%| F|  |TAMS 0x0000000754400000, 0x0000000754400000| Untracked 
| 151|0x0000000754600000, 0x0000000754600000, 0x0000000754800000|  0%| F|  |TAMS 0x0000000754600000, 0x0000000754600000| Untracked 
| 152|0x0000000754800000, 0x0000000754a00000, 0x0000000754a00000|100%| S|CS|TAMS 0x0000000754800000, 0x0000000754800000| Complete 
| 153|0x0000000754a00000, 0x0000000754a00000, 0x0000000754c00000|  0%| F|  |TAMS 0x0000000754a00000, 0x0000000754a00000| Untracked 
| 154|0x0000000754c00000, 0x0000000754c00000, 0x0000000754e00000|  0%| F|  |TAMS 0x0000000754c00000, 0x0000000754c00000| Untracked 
| 155|0x0000000754e00000, 0x0000000754e00000, 0x0000000755000000|  0%| F|  |TAMS 0x0000000754e00000, 0x0000000754e00000| Untracked 
| 156|0x0000000755000000, 0x0000000755000000, 0x0000000755200000|  0%| F|  |TAMS 0x0000000755000000, 0x0000000755000000| Untracked 
| 157|0x0000000755200000, 0x0000000755400000, 0x0000000755400000|100%| S|CS|TAMS 0x0000000755200000, 0x0000000755200000| Complete 
| 158|0x0000000755400000, 0x0000000755600000, 0x0000000755600000|100%| S|CS|TAMS 0x0000000755400000, 0x0000000755400000| Complete 
| 159|0x0000000755600000, 0x0000000755800000, 0x0000000755800000|100%| S|CS|TAMS 0x0000000755600000, 0x0000000755600000| Complete 
| 160|0x0000000755800000, 0x0000000755800000, 0x0000000755a00000|  0%| F|  |TAMS 0x0000000755800000, 0x0000000755800000| Untracked 
| 161|0x0000000755a00000, 0x0000000755a00000, 0x0000000755c00000|  0%| F|  |TAMS 0x0000000755a00000, 0x0000000755a00000| Untracked 
| 162|0x0000000755c00000, 0x0000000755c00000, 0x0000000755e00000|  0%| F|  |TAMS 0x0000000755c00000, 0x0000000755c00000| Untracked 
| 163|0x0000000755e00000, 0x0000000755e00000, 0x0000000756000000|  0%| F|  |TAMS 0x0000000755e00000, 0x0000000755e00000| Untracked 
| 164|0x0000000756000000, 0x0000000756000000, 0x0000000756200000|  0%| F|  |TAMS 0x0000000756000000, 0x0000000756000000| Untracked 
| 165|0x0000000756200000, 0x0000000756200000, 0x0000000756400000|  0%| F|  |TAMS 0x0000000756200000, 0x0000000756200000| Untracked 
| 166|0x0000000756400000, 0x0000000756400000, 0x0000000756600000|  0%| F|  |TAMS 0x0000000756400000, 0x0000000756400000| Untracked 
| 167|0x0000000756600000, 0x0000000756600000, 0x0000000756800000|  0%| F|  |TAMS 0x0000000756600000, 0x0000000756600000| Untracked 
| 168|0x0000000756800000, 0x0000000756800000, 0x0000000756a00000|  0%| F|  |TAMS 0x0000000756800000, 0x0000000756800000| Untracked 
| 169|0x0000000756a00000, 0x0000000756a00000, 0x0000000756c00000|  0%| F|  |TAMS 0x0000000756a00000, 0x0000000756a00000| Untracked 
| 170|0x0000000756c00000, 0x0000000756c00000, 0x0000000756e00000|  0%| F|  |TAMS 0x0000000756c00000, 0x0000000756c00000| Untracked 
| 171|0x0000000756e00000, 0x0000000756e00000, 0x0000000757000000|  0%| F|  |TAMS 0x0000000756e00000, 0x0000000756e00000| Untracked 
| 172|0x0000000757000000, 0x0000000757000000, 0x0000000757200000|  0%| F|  |TAMS 0x0000000757000000, 0x0000000757000000| Untracked 
| 173|0x0000000757200000, 0x0000000757200000, 0x0000000757400000|  0%| F|  |TAMS 0x0000000757200000, 0x0000000757200000| Untracked 
| 174|0x0000000757400000, 0x0000000757400000, 0x0000000757600000|  0%| F|  |TAMS 0x0000000757400000, 0x0000000757400000| Untracked 
| 175|0x0000000757600000, 0x0000000757600000, 0x0000000757800000|  0%| F|  |TAMS 0x0000000757600000, 0x0000000757600000| Untracked 
| 176|0x0000000757800000, 0x0000000757800000, 0x0000000757a00000|  0%| F|  |TAMS 0x0000000757800000, 0x0000000757800000| Untracked 
| 177|0x0000000757a00000, 0x0000000757b7eeb0, 0x0000000757c00000| 74%| E|  |TAMS 0x0000000757a00000, 0x0000000757a00000| Complete 
| 178|0x0000000757c00000, 0x0000000757e00000, 0x0000000757e00000|100%| E|CS|TAMS 0x0000000757c00000, 0x0000000757c00000| Complete 
| 179|0x0000000757e00000, 0x0000000758000000, 0x0000000758000000|100%| E|CS|TAMS 0x0000000757e00000, 0x0000000757e00000| Complete 
| 180|0x0000000758000000, 0x0000000758200000, 0x0000000758200000|100%| E|CS|TAMS 0x0000000758000000, 0x0000000758000000| Complete 
| 181|0x0000000758200000, 0x0000000758400000, 0x0000000758400000|100%| E|CS|TAMS 0x0000000758200000, 0x0000000758200000| Complete 
| 182|0x0000000758400000, 0x0000000758600000, 0x0000000758600000|100%| E|CS|TAMS 0x0000000758400000, 0x0000000758400000| Complete 
| 183|0x0000000758600000, 0x0000000758800000, 0x0000000758800000|100%| E|CS|TAMS 0x0000000758600000, 0x0000000758600000| Complete 

Card table byte_map: [0x000001dad8950000,0x000001dad8f50000] _byte_map_base: 0x000001dad4f44000

Marking Bits (Prev, Next): (CMBitMap*) 0x000001dac5ed66f0, (CMBitMap*) 0x000001dac5ed66b0
 Prev Bits: [0x000001dadc4f0000, 0x000001dadf490000)
 Next Bits: [0x000001dad9550000, 0x000001dadc4f0000)

Polling page: 0x000001dac3d30000

Metaspace:

Usage:
  Non-class:     91.01 MB used.
      Class:     14.33 MB used.
       Both:    105.34 MB used.

Virtual space:
  Non-class space:       96.00 MB reserved,      91.38 MB ( 95%) committed,  12 nodes.
      Class space:        1.00 GB reserved,      14.69 MB (  1%) committed,  1 nodes.
             Both:        1.09 GB reserved,     106.06 MB (  9%) committed. 

Chunk freelists:
   Non-Class:  3.83 MB
       Class:  1.17 MB
        Both:  5.00 MB

MaxMetaspaceSize: unlimited
CompressedClassSpaceSize: 1.00 GB
Initial GC threshold: 21.00 MB
Current GC threshold: 172.75 MB
CDS: off
MetaspaceReclaimPolicy: balanced
 - commit_granule_bytes: 65536.
 - commit_granule_words: 8192.
 - virtual_space_node_default_size: 1048576.
 - enlarge_chunks_in_place: 1.
 - new_chunks_are_fully_committed: 0.
 - uncommit_free_chunks: 1.
 - use_allocation_guard: 0.
 - handle_deallocations: 1.


Internal statistics:

num_allocs_failed_limit: 6.
num_arena_births: 1064.
num_arena_deaths: 6.
num_vsnodes_births: 13.
num_vsnodes_deaths: 0.
num_space_committed: 1697.
num_space_uncommitted: 0.
num_chunks_returned_to_freelist: 14.
num_chunks_taken_from_freelist: 5056.
num_chunk_merges: 8.
num_chunk_splits: 3372.
num_chunks_enlarged: 2303.
num_purges: 2.
num_inconsistent_stats: 0.

CodeHeap 'non-profiled nmethods': size=120000Kb used=7234Kb max_used=7392Kb free=112765Kb
 bounds [0x000001dad0e20000, 0x000001dad1570000, 0x000001dad8350000]
CodeHeap 'profiled nmethods': size=120000Kb used=23053Kb max_used=23418Kb free=96946Kb
 bounds [0x000001dac9350000, 0x000001dacaa90000, 0x000001dad0880000]
CodeHeap 'non-nmethods': size=5760Kb used=2429Kb max_used=2473Kb free=3331Kb
 bounds [0x000001dad0880000, 0x000001dad0af0000, 0x000001dad0e20000]
 total_blobs=12734 nmethods=11763 adapters=883
 compilation: enabled
              stopped_count=0, restarted_count=0
 full_count=0

Compilation events (20 events):
Event: 85.522 Thread 0x000001dae803c970 nmethod 14057% 0x000001dad13e8b90 code [0x000001dad13e8da0, 0x000001dad13e9eb8]
Event: 85.523 Thread 0x000001dae803c970 14062       4       com.android.tools.r8.graph.e2::h (62 bytes)
Event: 85.523 Thread 0x000001dae2464d10 nmethod 14095 0x000001dac9e7ca10 code [0x000001dac9e7d2a0, 0x000001dac9e83118]
Event: 85.527 Thread 0x000001dae2464d10 14096       2       com.android.tools.r8.internal.an::b (178 bytes)
Event: 85.528 Thread 0x000001dae2464d10 nmethod 14096 0x000001dac9d8a210 code [0x000001dac9d8a3e0, 0x000001dac9d8a9d8]
Event: 85.536 Thread 0x000001dae803c970 nmethod 14062 0x000001dad13e7d10 code [0x000001dad13e7ee0, 0x000001dad13e8698]
Event: 85.536 Thread 0x000001dae803c970 14064       4       com.android.tools.r8.graph.e2::a (10 bytes)
Event: 85.551 Thread 0x000001dae2464d10 14100       2       com.android.tools.r8.graph.X0$a::a (7 bytes)
Event: 85.552 Thread 0x000001dae2464d10 nmethod 14100 0x000001dac99d3690 code [0x000001dac99d3820, 0x000001dac99d3978]
Event: 85.552 Thread 0x000001dae2464d10 14101       2       com.android.tools.r8.graph.X0$a::c (7 bytes)
Event: 85.552 Thread 0x000001dae2464d10 nmethod 14101 0x000001dac9d89e90 code [0x000001dac9d8a020, 0x000001dac9d8a138]
Event: 85.574 Thread 0x000001dae2464d10 14103       2       java.util.function.Function$$Lambda$1377/0x0000000800dc6860::<init> (15 bytes)
Event: 85.574 Thread 0x000001dae2464d10 nmethod 14103 0x000001dac9d89a90 code [0x000001dac9d89c20, 0x000001dac9d89df8]
Event: 85.574 Thread 0x000001dae803c970 nmethod 14064 0x000001dad13e5f90 code [0x000001dad13e6160, 0x000001dad13e6d78]
Event: 85.574 Thread 0x000001dae803c970 14102       4       com.android.tools.r8.dex.code.O::a (3284 bytes)
Event: 85.615 Thread 0x000001dae2464d10 14109       2       com.android.tools.r8.graph.H4::b (157 bytes)
Event: 85.617 Thread 0x000001dae2464d10 nmethod 14109 0x000001dac9de6810 code [0x000001dac9de6a60, 0x000001dac9de7258]
Event: 85.623 Thread 0x000001dae2464d10 14110       2       com.android.tools.r8.graph.H4::a (160 bytes)
Event: 85.624 Thread 0x000001dae2464d10 nmethod 14110 0x000001daca4ac790 code [0x000001daca4ac9e0, 0x000001daca4ad1d8]
Event: 85.647 Thread 0x000001dae245c350 nmethod 13994 0x000001dad1558110 code [0x000001dad1558620, 0x000001dad155f510]

GC Heap History (20 events):
Event: 75.578 GC heap before
{Heap before GC invocations=56 (full 0):
 garbage-first heap   total 198656K, used 116453K [0x0000000741800000, 0x0000000800000000)
  region size 2048K, 4 young (8192K), 3 survivors (6144K)
 Metaspace       used 101918K, committed 102720K, reserved 1138688K
  class space    used 13696K, committed 14080K, reserved 1048576K
}
Event: 75.587 GC heap after
{Heap after GC invocations=57 (full 0):
 garbage-first heap   total 198656K, used 118298K [0x0000000741800000, 0x0000000800000000)
  region size 2048K, 2 young (4096K), 2 survivors (4096K)
 Metaspace       used 101918K, committed 102720K, reserved 1138688K
  class space    used 13696K, committed 14080K, reserved 1048576K
}
Event: 75.991 GC heap before
{Heap before GC invocations=58 (full 0):
 garbage-first heap   total 204800K, used 122394K [0x0000000741800000, 0x0000000800000000)
  region size 2048K, 3 young (6144K), 2 survivors (4096K)
 Metaspace       used 101918K, committed 102720K, reserved 1138688K
  class space    used 13696K, committed 14080K, reserved 1048576K
}
Event: 75.997 GC heap after
{Heap after GC invocations=59 (full 0):
 garbage-first heap   total 204800K, used 124535K [0x0000000741800000, 0x0000000800000000)
  region size 2048K, 2 young (4096K), 2 survivors (4096K)
 Metaspace       used 101918K, committed 102720K, reserved 1138688K
  class space    used 13696K, committed 14080K, reserved 1048576K
}
Event: 76.608 GC heap before
{Heap before GC invocations=60 (full 0):
 garbage-first heap   total 215040K, used 126583K [0x0000000741800000, 0x0000000800000000)
  region size 2048K, 3 young (6144K), 2 survivors (4096K)
 Metaspace       used 101918K, committed 102720K, reserved 1138688K
  class space    used 13696K, committed 14080K, reserved 1048576K
}
Event: 76.613 GC heap after
{Heap after GC invocations=61 (full 0):
 garbage-first heap   total 215040K, used 127910K [0x0000000741800000, 0x0000000800000000)
  region size 2048K, 2 young (4096K), 2 survivors (4096K)
 Metaspace       used 101918K, committed 102720K, reserved 1138688K
  class space    used 13696K, committed 14080K, reserved 1048576K
}
Event: 77.296 GC heap before
{Heap before GC invocations=62 (full 0):
 garbage-first heap   total 223232K, used 129958K [0x0000000741800000, 0x0000000800000000)
  region size 2048K, 3 young (6144K), 2 survivors (4096K)
 Metaspace       used 101918K, committed 102720K, reserved 1138688K
  class space    used 13696K, committed 14080K, reserved 1048576K
}
Event: 77.300 GC heap after
{Heap after GC invocations=63 (full 0):
 garbage-first heap   total 268288K, used 132157K [0x0000000741800000, 0x0000000800000000)
  region size 2048K, 2 young (4096K), 2 survivors (4096K)
 Metaspace       used 101918K, committed 102720K, reserved 1138688K
  class space    used 13696K, committed 14080K, reserved 1048576K
}
Event: 78.406 GC heap before
{Heap before GC invocations=64 (full 0):
 garbage-first heap   total 268288K, used 134205K [0x0000000741800000, 0x0000000800000000)
  region size 2048K, 3 young (6144K), 2 survivors (4096K)
 Metaspace       used 101918K, committed 102720K, reserved 1138688K
  class space    used 13696K, committed 14080K, reserved 1048576K
}
Event: 78.410 GC heap after
{Heap after GC invocations=65 (full 0):
 garbage-first heap   total 268288K, used 135049K [0x0000000741800000, 0x0000000800000000)
  region size 2048K, 2 young (4096K), 2 survivors (4096K)
 Metaspace       used 101918K, committed 102720K, reserved 1138688K
  class space    used 13696K, committed 14080K, reserved 1048576K
}
Event: 81.126 GC heap before
{Heap before GC invocations=66 (full 0):
 garbage-first heap   total 268288K, used 149385K [0x0000000741800000, 0x0000000800000000)
  region size 2048K, 9 young (18432K), 2 survivors (4096K)
 Metaspace       used 104908K, committed 105600K, reserved 1146880K
  class space    used 14123K, committed 14464K, reserved 1048576K
}
Event: 81.134 GC heap after
{Heap after GC invocations=67 (full 0):
 garbage-first heap   total 268288K, used 141945K [0x0000000741800000, 0x0000000800000000)
  region size 2048K, 3 young (6144K), 3 survivors (6144K)
 Metaspace       used 104908K, committed 105600K, reserved 1146880K
  class space    used 14123K, committed 14464K, reserved 1048576K
}
Event: 81.777 GC heap before
{Heap before GC invocations=68 (full 0):
 garbage-first heap   total 366592K, used 219769K [0x0000000741800000, 0x0000000800000000)
  region size 2048K, 21 young (43008K), 3 survivors (6144K)
 Metaspace       used 105193K, committed 105920K, reserved 1146880K
  class space    used 14169K, committed 14528K, reserved 1048576K
}
Event: 81.789 GC heap after
{Heap after GC invocations=69 (full 0):
 garbage-first heap   total 366592K, used 173098K [0x0000000741800000, 0x0000000800000000)
  region size 2048K, 3 young (6144K), 3 survivors (6144K)
 Metaspace       used 105193K, committed 105920K, reserved 1146880K
  class space    used 14169K, committed 14528K, reserved 1048576K
}
Event: 82.518 GC heap before
{Heap before GC invocations=69 (full 0):
 garbage-first heap   total 366592K, used 234538K [0x0000000741800000, 0x0000000800000000)
  region size 2048K, 35 young (71680K), 3 survivors (6144K)
 Metaspace       used 105229K, committed 105920K, reserved 1146880K
  class space    used 14171K, committed 14528K, reserved 1048576K
}
Event: 82.575 GC heap after
{Heap after GC invocations=70 (full 0):
 garbage-first heap   total 366592K, used 198392K [0x0000000741800000, 0x0000000800000000)
  region size 2048K, 5 young (10240K), 5 survivors (10240K)
 Metaspace       used 105229K, committed 105920K, reserved 1146880K
  class space    used 14171K, committed 14528K, reserved 1048576K
}
Event: 84.173 GC heap before
{Heap before GC invocations=71 (full 0):
 garbage-first heap   total 376832K, used 257784K [0x0000000741800000, 0x0000000800000000)
  region size 2048K, 32 young (65536K), 5 survivors (10240K)
 Metaspace       used 107793K, committed 108544K, reserved 1146880K
  class space    used 14674K, committed 15040K, reserved 1048576K
}
Event: 84.244 GC heap after
{Heap after GC invocations=72 (full 0):
 garbage-first heap   total 376832K, used 225696K [0x0000000741800000, 0x0000000800000000)
  region size 2048K, 4 young (8192K), 4 survivors (8192K)
 Metaspace       used 107793K, committed 108544K, reserved 1146880K
  class space    used 14674K, committed 15040K, reserved 1048576K
}
Event: 84.841 GC heap before
{Heap before GC invocations=72 (full 0):
 garbage-first heap   total 376832K, used 274848K [0x0000000741800000, 0x0000000800000000)
  region size 2048K, 28 young (57344K), 4 survivors (8192K)
 Metaspace       used 107840K, committed 108608K, reserved 1146880K
  class space    used 14678K, committed 15040K, reserved 1048576K
}
Event: 84.940 GC heap after
{Heap after GC invocations=73 (full 0):
 garbage-first heap   total 376832K, used 252745K [0x0000000741800000, 0x0000000800000000)
  region size 2048K, 4 young (8192K), 4 survivors (8192K)
 Metaspace       used 107840K, committed 108608K, reserved 1146880K
  class space    used 14678K, committed 15040K, reserved 1048576K
}

Dll operation events (2 events):
Event: 0.265 Loaded shared library D:\app\AndroidStudio\jbr\bin\java.dll
Event: 6.421 Loaded shared library D:\app\AndroidStudio\jbr\bin\verify.dll

Deoptimization events (20 events):
Event: 85.562 Thread 0x000001dae8488f10 DEOPT PACKING pc=0x000001daca8c17ee sp=0x000000214a1fef60
Event: 85.562 Thread 0x000001dae8488f10 DEOPT UNPACKING pc=0x000001dad08d7143 sp=0x000000214a1fe4f0 mode 0
Event: 85.568 Thread 0x000001dae8483870 DEOPT PACKING pc=0x000001daca8c17ee sp=0x0000002149ffee60
Event: 85.568 Thread 0x000001dae8483870 DEOPT UNPACKING pc=0x000001dad08d7143 sp=0x0000002149ffe3f0 mode 0
Event: 85.588 Thread 0x000001dae8488f10 DEOPT PACKING pc=0x000001daca8c17ee sp=0x000000214a1fef60
Event: 85.588 Thread 0x000001dae8488f10 DEOPT UNPACKING pc=0x000001dad08d7143 sp=0x000000214a1fe4f0 mode 0
Event: 85.602 Thread 0x000001dae8488f10 DEOPT PACKING pc=0x000001daca8c17ee sp=0x000000214a1fef60
Event: 85.602 Thread 0x000001dae8488f10 DEOPT UNPACKING pc=0x000001dad08d7143 sp=0x000000214a1fe4f0 mode 0
Event: 85.604 Thread 0x000001dae8483870 DEOPT PACKING pc=0x000001daca8c17ee sp=0x0000002149ffee50
Event: 85.604 Thread 0x000001dae8483870 DEOPT UNPACKING pc=0x000001dad08d7143 sp=0x0000002149ffe3e0 mode 0
Event: 85.608 Thread 0x000001dae8483870 DEOPT PACKING pc=0x000001daca8c17ee sp=0x0000002149ffee50
Event: 85.608 Thread 0x000001dae8483870 DEOPT UNPACKING pc=0x000001dad08d7143 sp=0x0000002149ffe3e0 mode 0
Event: 85.612 Thread 0x000001dae8483870 DEOPT PACKING pc=0x000001daca8c17ee sp=0x0000002149ffee60
Event: 85.612 Thread 0x000001dae8483870 DEOPT UNPACKING pc=0x000001dad08d7143 sp=0x0000002149ffe3f0 mode 0
Event: 85.622 Thread 0x000001dae8483870 DEOPT PACKING pc=0x000001daca8c17ee sp=0x0000002149ffee50
Event: 85.622 Thread 0x000001dae8483870 DEOPT UNPACKING pc=0x000001dad08d7143 sp=0x0000002149ffe3e0 mode 0
Event: 85.627 Thread 0x000001dae8483870 DEOPT PACKING pc=0x000001daca8c17ee sp=0x0000002149ffee60
Event: 85.627 Thread 0x000001dae8483870 DEOPT UNPACKING pc=0x000001dad08d7143 sp=0x0000002149ffe3f0 mode 0
Event: 85.633 Thread 0x000001dae8483870 DEOPT PACKING pc=0x000001daca8c17ee sp=0x0000002149ffee50
Event: 85.633 Thread 0x000001dae8483870 DEOPT UNPACKING pc=0x000001dad08d7143 sp=0x0000002149ffe3e0 mode 0

Classes unloaded (3 events):
Event: 66.389 Thread 0x000001dae241f610 Unloading class 0x0000000800c60c00 'java/lang/invoke/LambdaForm$DMH+0x0000000800c60c00'
Event: 66.389 Thread 0x000001dae241f610 Unloading class 0x0000000800c60800 'java/lang/invoke/LambdaForm$DMH+0x0000000800c60800'
Event: 66.389 Thread 0x000001dae241f610 Unloading class 0x0000000800c60000 'java/lang/invoke/LambdaForm$DMH+0x0000000800c60000'

Classes redefined (0 events):
No events

Internal exceptions (20 events):
Event: 71.269 Thread 0x000001dae732e970 Exception <a 'java/lang/NoSuchMethodError'{0x000000074c5fdd28}: static Lorg/jetbrains/kotlin/daemon/common/DaemonJVMOptions;.<clinit>()V> (0x000000074c5fdd28) 
thrown [s\src\hotspot\share\prims\jni.cpp, line 1108]
Event: 71.274 Thread 0x000001dae732e970 Exception <a 'java/lang/NoSuchMethodError'{0x000000074c027490}: static Lorg/jetbrains/kotlin/daemon/common/CompileService$CallResult$Dying;.<clinit>()V> (0x000000074c027490) 
thrown [s\src\hotspot\share\prims\jni.cpp, line 1108]
Event: 71.284 Thread 0x000001dae8486d60 Exception <a 'java/lang/InterruptedException'{0x000000074c03fe58}> (0x000000074c03fe58) 
thrown [s\src\hotspot\share\runtime\objectMonitor.cpp, line 1648]
Event: 71.297 Thread 0x000001dae8487bd0 Exception <a 'java/lang/InterruptedException'{0x000000074c0a6cc0}> (0x000000074c0a6cc0) 
thrown [s\src\hotspot\share\runtime\objectMonitor.cpp, line 1648]
Event: 71.309 Thread 0x000001dae8484bb0 Exception <a 'java/lang/InterruptedException'{0x000000074c0d6660}> (0x000000074c0d6660) 
thrown [s\src\hotspot\share\runtime\objectMonitor.cpp, line 1648]
Event: 71.534 Thread 0x000001dae73314c0 Exception <a 'sun/nio/fs/WindowsException'{0x000000074bf7bed0}> (0x000000074bf7bed0) 
thrown [s\src\hotspot\share\prims\jni.cpp, line 517]
Event: 71.982 Thread 0x000001dae732e970 Exception <a 'java/lang/NoSuchMethodError'{0x000000074b9bcb10}: 'void java.lang.invoke.DirectMethodHandle$Holder.invokeStatic(java.lang.Object, long)'> (0x000000074b9bcb10) 
thrown [s\src\hotspot\share\interpreter\linkResolver.cpp, line 771]
Event: 71.983 Thread 0x000001dae732e970 Exception <a 'java/lang/NoSuchMethodError'{0x000000074b9c2608}: 'java.lang.Object java.lang.invoke.DirectMethodHandle$Holder.newInvokeSpecial(java.lang.Object, long)'> (0x000000074b9c2608) 
thrown [s\src\hotspot\share\interpreter\linkResolver.cpp, line 771]
Event: 71.986 Thread 0x000001dae732e970 Exception <a 'java/lang/NoSuchMethodError'{0x000000074b9c9730}: 'java.lang.Object java.lang.invoke.DirectMethodHandle$Holder.invokeStatic(java.lang.Object, java.lang.Object, long, java.lang.Object)'> (0x000000074b9c9730) 
thrown [s\src\hotspot\share\interpreter\linkResolver.cpp, line 771]
Event: 71.986 Thread 0x000001dae732e970 Exception <a 'java/lang/NoSuchMethodError'{0x000000074b9cd418}: 'java.lang.Object java.lang.invoke.DirectMethodHandle$Holder.invokeStaticInit(java.lang.Object, java.lang.Object, long, java.lang.Object)'> (0x000000074b9cd418) 
thrown [s\src\hotspot\share\interpreter\linkResolver.cpp, line 771]
Event: 73.386 Thread 0x000001dae8487bd0 Implicit null exception at 0x000001dad118f803 to 0x000001dad118f9e4
Event: 73.941 Thread 0x000001dae7329c70 Exception <a 'sun/nio/fs/WindowsException'{0x000000074b9eee38}> (0x000000074b9eee38) 
thrown [s\src\hotspot\share\prims\jni.cpp, line 517]
Event: 74.569 Thread 0x000001dae7329c70 Exception <a 'sun/nio/fs/WindowsException'{0x000000074a87a988}> (0x000000074a87a988) 
thrown [s\src\hotspot\share\prims\jni.cpp, line 517]
Event: 78.931 Thread 0x000001dae8488570 Exception <a 'sun/nio/fs/WindowsException'{0x0000000751678ca8}> (0x0000000751678ca8) 
thrown [s\src\hotspot\share\prims\jni.cpp, line 517]
Event: 81.116 Thread 0x000001dae8488570 Exception <a 'java/lang/NoSuchMethodError'{0x0000000750f74468}: 'java.lang.Object java.lang.invoke.DirectMethodHandle$Holder.invokeStaticInit(java.lang.Object, java.lang.Object, java.lang.Object, java.lang.Object, java.lang.Object, java.lang.Object, java.lang.Object, java.lang.Object, java.lang.Object, java.lang.Object, java.lang.Object, java.lang.Object, java.lang.Object, java.lang.Object, java.lang.Object, java.lang.Object, java.lang.Object, java.lang.Object, java.lang.Object, int, java.lang.Object, java
Event: 83.298 Thread 0x000001dae8488f10 Exception <a 'java/lang/IncompatibleClassChangeError'{0x0000000756bd4330}: Found class java.lang.Object, but interface was expected> (0x0000000756bd4330) 
thrown [s\src\hotspot\share\interpreter\linkResolver.cpp, line 838]
Event: 83.298 Thread 0x000001dae8483870 Exception <a 'java/lang/IncompatibleClassChangeError'{0x0000000756911068}: Found class java.lang.Object, but interface was expected> (0x0000000756911068) 
thrown [s\src\hotspot\share\interpreter\linkResolver.cpp, line 838]
Event: 83.381 Thread 0x000001dae8483870 Exception <a 'java/lang/IncompatibleClassChangeError'{0x00000007569de6e0}: Found class java.lang.Object, but interface was expected> (0x00000007569de6e0) 
thrown [s\src\hotspot\share\interpreter\linkResolver.cpp, line 838]
Event: 83.384 Thread 0x000001dae8483870 Exception <a 'java/lang/IncompatibleClassChangeError'{0x00000007569e5898}: Found class java.lang.Object, but interface was expected> (0x00000007569e5898) 
thrown [s\src\hotspot\share\interpreter\linkResolver.cpp, line 838]
Event: 83.559 Thread 0x000001dae8486d60 Exception <a 'java/lang/NoSuchMethodError'{0x0000000756996a08}: 'long java.lang.invoke.DirectMethodHandle$Holder.invokeStatic(java.lang.Object, java.lang.Object, java.lang.Object)'> (0x0000000756996a08) 
thrown [s\src\hotspot\share\interpreter\linkResolver.cpp, line 771]

VM Operations (20 events):
Event: 81.134 Executing VM operation: G1TryInitiateConcMark done
Event: 81.414 Executing VM operation: G1Concurrent
Event: 81.426 Executing VM operation: G1Concurrent done
Event: 81.541 Executing VM operation: G1Concurrent
Event: 81.541 Executing VM operation: G1Concurrent done
Event: 81.777 Executing VM operation: G1CollectForAllocation
Event: 81.792 Executing VM operation: G1CollectForAllocation done
Event: 82.518 Executing VM operation: G1TryInitiateConcMark
Event: 82.591 Executing VM operation: G1TryInitiateConcMark done
Event: 82.969 Executing VM operation: G1Concurrent
Event: 82.976 Executing VM operation: G1Concurrent done
Event: 83.125 Executing VM operation: G1Concurrent
Event: 83.126 Executing VM operation: G1Concurrent done
Event: 84.128 Executing VM operation: Cleanup
Event: 84.167 Executing VM operation: Cleanup done
Event: 84.173 Executing VM operation: G1CollectForAllocation
Event: 84.257 Executing VM operation: G1CollectForAllocation done
Event: 84.803 Executing VM operation: G1CollectForAllocation
Event: 85.097 Executing VM operation: G1CollectForAllocation done
Event: 85.646 Executing VM operation: G1Concurrent

Events (20 events):
Event: 82.846 loading class java/util/concurrent/ForkJoinPool$DefaultForkJoinWorkerThreadFactory$1 done
Event: 82.847 Thread 0x000001dae8483870 Thread added: 0x000001dae8483870
Event: 82.848 Thread 0x000001dae8486d60 Thread added: 0x000001dae8486d60
Event: 82.849 Thread 0x000001dae8488f10 Thread added: 0x000001dae8488f10
Event: 82.850 Thread 0x000001dae8487230 Thread added: 0x000001dae8487230
Event: 83.012 loading class java/lang/reflect/GenericSignatureFormatError
Event: 83.012 loading class java/lang/reflect/GenericSignatureFormatError done
Event: 83.102 Thread 0x000001dae2f02680 Thread exited: 0x000001dae2f02680
Event: 83.479 loading class java/nio/ShortBuffer
Event: 83.549 loading class java/nio/ShortBuffer done
Event: 83.549 loading class java/nio/HeapShortBuffer
Event: 83.550 loading class java/nio/HeapShortBuffer done
Event: 83.557 Thread 0x000001dae803ce80 Thread exited: 0x000001dae803ce80
Event: 83.562 loading class java/util/AbstractList$RandomAccessSubList
Event: 83.563 loading class java/util/AbstractList$SubList
Event: 83.563 loading class java/util/AbstractList$SubList done
Event: 83.563 loading class java/util/AbstractList$RandomAccessSubList done
Event: 83.563 loading class java/util/AbstractList$SubList$1
Event: 83.564 loading class java/util/AbstractList$SubList$1 done
Event: 83.594 Thread 0x000001dae803c970 Thread added: 0x000001dae803c970


Dynamic libraries:
0x00007ff60ce20000 - 0x00007ff60ce2a000 	D:\app\AndroidStudio\jbr\bin\java.exe
0x00007ffd9d770000 - 0x00007ffd9d968000 	C:\Windows\SYSTEM32\ntdll.dll
0x00007ffd9cbf0000 - 0x00007ffd9ccaf000 	C:\Windows\System32\KERNEL32.DLL
0x00007ffd9b380000 - 0x00007ffd9b652000 	C:\Windows\System32\KERNELBASE.dll
0x00007ffd9ae60000 - 0x00007ffd9af60000 	C:\Windows\System32\ucrtbase.dll
0x00007ffd8c740000 - 0x00007ffd8c757000 	D:\app\AndroidStudio\jbr\bin\jli.dll
0x00007ffd8c6c0000 - 0x00007ffd8c6db000 	D:\app\AndroidStudio\jbr\bin\VCRUNTIME140.dll
0x00007ffd9d380000 - 0x00007ffd9d521000 	C:\Windows\System32\USER32.dll
0x00007ffd82be0000 - 0x00007ffd82e7a000 	C:\Windows\WinSxS\amd64_microsoft.windows.common-controls_6595b64144ccf1df_6.0.19041.1110_none_60b5254171f9507e\COMCTL32.dll
0x00007ffd9afb0000 - 0x00007ffd9afd2000 	C:\Windows\System32\win32u.dll
0x00007ffd9d2e0000 - 0x00007ffd9d37e000 	C:\Windows\System32\msvcrt.dll
0x00007ffd9d700000 - 0x00007ffd9d72b000 	C:\Windows\System32\GDI32.dll
0x00007ffd9b270000 - 0x00007ffd9b37f000 	C:\Windows\System32\gdi32full.dll
0x00007ffd9b1d0000 - 0x00007ffd9b26d000 	C:\Windows\System32\msvcp_win.dll
0x00007ffd9b980000 - 0x00007ffd9b9b2000 	C:\Windows\System32\IMM32.DLL
0x00007ffd97bc0000 - 0x00007ffd97bcc000 	D:\app\AndroidStudio\jbr\bin\vcruntime140_1.dll
0x00007ffd7e380000 - 0x00007ffd7e40d000 	D:\app\AndroidStudio\jbr\bin\msvcp140.dll
0x00007ffd58310000 - 0x00007ffd58f7d000 	D:\app\AndroidStudio\jbr\bin\server\jvm.dll
0x00007ffd9c1f0000 - 0x00007ffd9c29e000 	C:\Windows\System32\ADVAPI32.dll
0x00007ffd9cb50000 - 0x00007ffd9cbec000 	C:\Windows\System32\sechost.dll
0x00007ffd9cf90000 - 0x00007ffd9d0b5000 	C:\Windows\System32\RPCRT4.dll
0x00007ffd85be0000 - 0x00007ffd85be9000 	C:\Windows\SYSTEM32\WSOCK32.dll
0x00007ffd88bc0000 - 0x00007ffd88be7000 	C:\Windows\SYSTEM32\WINMM.dll
0x00007ffd9d530000 - 0x00007ffd9d59b000 	C:\Windows\System32\WS2_32.dll
0x00007ffd93510000 - 0x00007ffd9351a000 	C:\Windows\SYSTEM32\VERSION.dll
0x00007ffd99700000 - 0x00007ffd99712000 	C:\Windows\SYSTEM32\kernel.appcore.dll
0x00007ffd98390000 - 0x00007ffd9839a000 	D:\app\AndroidStudio\jbr\bin\jimage.dll
0x00007ffd98c20000 - 0x00007ffd98e04000 	C:\Windows\SYSTEM32\DBGHELP.DLL
0x00007ffd87800000 - 0x00007ffd87835000 	C:\Windows\SYSTEM32\dbgcore.DLL
0x00007ffd9b140000 - 0x00007ffd9b1c2000 	C:\Windows\System32\bcryptPrimitives.dll
0x00007ffd89db0000 - 0x00007ffd89dd5000 	D:\app\AndroidStudio\jbr\bin\java.dll
0x00007ffd90960000 - 0x00007ffd90978000 	D:\app\AndroidStudio\jbr\bin\zip.dll
0x00007ffd9c2a0000 - 0x00007ffd9c9e5000 	C:\Windows\System32\SHELL32.dll
0x00007ffd98e10000 - 0x00007ffd995a2000 	C:\Windows\SYSTEM32\windows.storage.dll
0x00007ffd9be90000 - 0x00007ffd9c1e5000 	C:\Windows\System32\combase.dll
0x00007ffd9a7e0000 - 0x00007ffd9a810000 	C:\Windows\SYSTEM32\Wldp.dll
0x00007ffd9c9f0000 - 0x00007ffd9ca9d000 	C:\Windows\System32\SHCORE.dll
0x00007ffd9d680000 - 0x00007ffd9d6d5000 	C:\Windows\System32\shlwapi.dll
0x00007ffd9ada0000 - 0x00007ffd9adbf000 	C:\Windows\SYSTEM32\profapi.dll
0x00007ffd8c7f0000 - 0x00007ffd8c809000 	D:\app\AndroidStudio\jbr\bin\net.dll
0x00007ffd92480000 - 0x00007ffd9258c000 	C:\Windows\SYSTEM32\WINHTTP.dll
0x00007ffd9a540000 - 0x00007ffd9a5aa000 	C:\Windows\system32\mswsock.dll
0x00007ffd8a590000 - 0x00007ffd8a5a6000 	D:\app\AndroidStudio\jbr\bin\nio.dll
0x00007ffd948a0000 - 0x00007ffd948b0000 	D:\app\AndroidStudio\jbr\bin\verify.dll
0x00007ffd86b30000 - 0x00007ffd86b57000 	C:\Users\Tafita\.gradle\native\68d5fa5c4cc2d200863cafc0d521ce42e7d3e7ee720ec0a83991735586a16f82\windows-amd64\native-platform.dll
0x00007ffd78ad0000 - 0x00007ffd78c14000 	C:\Users\Tafita\.gradle\native\e376f236ea51e6404a007f0833ffe2c6e607c4080706a723a18a27aeea778392\windows-amd64\native-platform-file-events.dll
0x00007ffd94b70000 - 0x00007ffd94b79000 	D:\app\AndroidStudio\jbr\bin\management.dll
0x00007ffd94940000 - 0x00007ffd9494b000 	D:\app\AndroidStudio\jbr\bin\management_ext.dll
0x00007ffd9d1e0000 - 0x00007ffd9d1e8000 	C:\Windows\System32\PSAPI.DLL
0x00007ffd9a740000 - 0x00007ffd9a758000 	C:\Windows\SYSTEM32\CRYPTSP.dll
0x00007ffd99e60000 - 0x00007ffd99e94000 	C:\Windows\system32\rsaenh.dll
0x00007ffd9b6d0000 - 0x00007ffd9b6f7000 	C:\Windows\System32\bcrypt.dll
0x00007ffd9ad60000 - 0x00007ffd9ad8e000 	C:\Windows\SYSTEM32\USERENV.dll
0x00007ffd9a730000 - 0x00007ffd9a73c000 	C:\Windows\SYSTEM32\CRYPTBASE.dll
0x00007ffd9a230000 - 0x00007ffd9a26b000 	C:\Windows\SYSTEM32\IPHLPAPI.DLL
0x00007ffd9b970000 - 0x00007ffd9b978000 	C:\Windows\System32\NSI.dll
0x00007ffd919a0000 - 0x00007ffd919b7000 	C:\Windows\SYSTEM32\dhcpcsvc6.DLL
0x00007ffd92110000 - 0x00007ffd9212d000 	C:\Windows\SYSTEM32\dhcpcsvc.DLL
0x00007ffd9a270000 - 0x00007ffd9a33b000 	C:\Windows\SYSTEM32\DNSAPI.dll
0x00007ffd8b5b0000 - 0x00007ffd8b5b7000 	C:\Windows\system32\wshunix.dll
0x00007ffd937b0000 - 0x00007ffd937b7000 	D:\app\AndroidStudio\jbr\bin\rmi.dll
0x00007ffd8c850000 - 0x00007ffd8c86e000 	C:\Users\Tafita\AppData\Local\Temp\native-platform16495739615367782647dir\native-platform.dll

dbghelp: loaded successfully - version: 4.0.5 - missing functions: none
symbol engine: initialized successfully - sym options: 0x614 - pdb path: .;D:\app\AndroidStudio\jbr\bin;C:\Windows\SYSTEM32;C:\Windows\WinSxS\amd64_microsoft.windows.common-controls_6595b64144ccf1df_6.0.19041.1110_none_60b5254171f9507e;D:\app\AndroidStudio\jbr\bin\server;C:\Users\Tafita\.gradle\native\68d5fa5c4cc2d200863cafc0d521ce42e7d3e7ee720ec0a83991735586a16f82\windows-amd64;C:\Users\Tafita\.gradle\native\e376f236ea51e6404a007f0833ffe2c6e607c4080706a723a18a27aeea778392\windows-amd64;C:\Users\Tafita\AppData\Local\Temp\native-platform16495739615367782647dir

VM Arguments:
jvm_args: --add-opens=java.base/java.util=ALL-UNNAMED --add-opens=java.base/java.lang=ALL-UNNAMED --add-opens=java.base/java.lang.invoke=ALL-UNNAMED --add-opens=java.prefs/java.util.prefs=ALL-UNNAMED --add-opens=java.base/java.nio.charset=ALL-UNNAMED --add-opens=java.base/java.net=ALL-UNNAMED --add-opens=java.base/java.util.concurrent.atomic=ALL-UNNAMED -Xmx3048m -Dfile.encoding=UTF-8 -Duser.country=FR -Duser.language=fr -Duser.variant 
java_command: org.gradle.launcher.daemon.bootstrap.GradleDaemon 8.0
java_class_path (initial): C:\Users\Tafita\.gradle\wrapper\dists\gradle-8.0-bin\ca5e32bp14vu59qr306oxotwh\gradle-8.0\lib\gradle-launcher-8.0.jar
Launcher Type: SUN_STANDARD

[Global flags]
     intx CICompilerCount                          = 3                                         {product} {ergonomic}
     uint ConcGCThreads                            = 1                                         {product} {ergonomic}
     uint G1ConcRefinementThreads                  = 4                                         {product} {ergonomic}
   size_t G1HeapRegionSize                         = 2097152                                   {product} {ergonomic}
    uintx GCDrainStackTargetSize                   = 64                                        {product} {ergonomic}
   size_t InitialHeapSize                          = 201326592                                 {product} {ergonomic}
   size_t MarkStackSize                            = 4194304                                   {product} {ergonomic}
   size_t MaxHeapSize                              = 3196059648                                {product} {command line}
   size_t MaxNewSize                               = 1916796928                                {product} {ergonomic}
   size_t MinHeapDeltaBytes                        = 2097152                                   {product} {ergonomic}
   size_t MinHeapSize                              = 8388608                                   {product} {ergonomic}
    uintx NonNMethodCodeHeapSize                   = 5832780                                {pd product} {ergonomic}
    uintx NonProfiledCodeHeapSize                  = 122912730                              {pd product} {ergonomic}
    uintx ProfiledCodeHeapSize                     = 122912730                              {pd product} {ergonomic}
    uintx ReservedCodeCacheSize                    = 251658240                              {pd product} {ergonomic}
     bool SegmentedCodeCache                       = true                                      {product} {ergonomic}
   size_t SoftMaxHeapSize                          = 3196059648                             {manageable} {ergonomic}
     bool UseCompressedClassPointers               = true                           {product lp64_product} {ergonomic}
     bool UseCompressedOops                        = true                           {product lp64_product} {ergonomic}
     bool UseG1GC                                  = true                                      {product} {ergonomic}
     bool UseLargePagesIndividualAllocation        = false                                  {pd product} {ergonomic}

Logging:
Log output configuration:
 #0: stdout all=warning uptime,level,tags
 #1: stderr all=off uptime,level,tags

Environment Variables:
JAVA_HOME=C:\Program Files\Java\jdk1.8.0_251
CLASSPATH=C:\Program Files (x86)\Java\jdk1.7.0\jre\lib\ext\ojdbc6.jar
PATH=C:\Program Files\Common Files\Oracle\Java\javapath;C:\Program Files (x86)\Common Files\Oracle\Java\javapath;C:\Python311\Scripts\;C:\Python311\;C:\Program Files (x86)\Common Files\Intel\Shared Libraries\redist\intel64\compiler;D:\app\Tafita\product\11.2.0\dbhome_1\bin;C:\Windows\system32;C:\Windows;C:\Windows\System32\Wbem;C:\Windows\System32\WindowsPowerShell\v1.0\;C:\Windows\System32\OpenSSH\;C:\program files (x86)\skype\Phone\;C:\Program Files\Java\jdk1.8.0_251\bin;C:\Program Files\Microsoft SQL Server\Client SDK\ODBC\170\Tools\Binn\;C:\Program Files\dotnet\;C:\Program Files\Microsoft SQL Server\130\Tools\Binn\;C:\Program Files (x86)\Microsoft SQL Server\150\Tools\Binn\;C:\Program Files\Microsoft SQL Server\150\Tools\Binn\;C:\Program Files\Microsoft SQL Server\150\DTS\Binn\;C:\xampp\mysql\bin;D:\Programmes files\Git\cmd;C:\Program Files\MongoDB\Server\3.2\bin;C:\Program Files\PostgreSQL\11\bin;C:\Program Files\MongoDB\Server\6.0\bin;C:\ProgramData\chocolatey\bin;C:\Program Files\nodejs\;C:\Users\Tafita\AppData\Local\Programs\Python\Python38-32\Scripts\;C:\Users\Tafita\AppData\Local\Programs\Python\Python38-32\;C:\Users\Tafita\AppData\Local\Microsoft\WindowsApps;C:\Users\Tafita\AppData\Local\GitHubDesktop\bin;C:\Users\Tafita\.dotnet\tools;C:\Program Files\JetBrains\PyCharm Community Edition 2019.3.3\bin;;C:\Users\Tafita\AppData\Local\Programs\Microsoft VS Code\bin;C:\Program Files\heroku\bin;C:\Users\Tafita\AppData\Roaming\npm;D:\app\IntelliJ IDEA Community Edition 2023.1.1\bin;
USERNAME=Tafita
OS=Windows_NT
PROCESSOR_IDENTIFIER=Intel64 Family 6 Model 61 Stepping 4, GenuineIntel
TMP=C:\Users\Tafita\AppData\Local\Temp
TEMP=C:\Users\Tafita\AppData\Local\Temp



---------------  S Y S T E M  ---------------

OS:
 Windows 10 , 64 bit Build 19041 (10.0.19041.2546)
OS uptime: 38 days 15:17 hours

CPU: total 4 (initial active 4) (2 cores per cpu, 2 threads per core) family 6 model 61 stepping 4 microcode 0x2d, cx8, cmov, fxsr, ht, mmx, 3dnowpref, sse, sse2, sse3, ssse3, sse4.1, sse4.2, popcnt, lzcnt, tsc, tscinvbit, avx, avx2, aes, erms, clmul, bmi1, bmi2, adx, fma, vzeroupper, clflush

Memory: 4k page, system-wide physical 12190M (2467M free)
TotalPageFile size 14238M (AvailPageFile size 89M)
current process WorkingSet (physical memory assigned to process): 641M, peak: 644M
current process commit charge ("private bytes"): 690M, peak: 760M

vm_info: OpenJDK 64-Bit Server VM (17.0.6+0-b2043.56-9586694) for windows-amd64 JRE (17.0.6+0-b2043.56-9586694), built on Feb  9 2023 20:06:20 by "androidbuild" with MS VC++ 16.10 / 16.11 (VS2019)

END.
