#
# There is insufficient memory for the Java Runtime Environment to continue.
# Native memory allocation (malloc) failed to allocate 1195696 bytes for Chunk::new
# Possible reasons:
#   The system is out of physical RAM or swap space
#   The process is running with CompressedOops enabled, and the Java Heap may be blocking the growth of the native heap
# Possible solutions:
#   Reduce memory load on the system
#   Increase physical memory or swap space
#   Check if swap backing store is full
#   Decrease Java heap size (-Xmx/-Xms)
#   Decrease number of Java threads
#   Decrease Java thread stack sizes (-Xss)
#   Set larger code cache with -XX:ReservedCodeCacheSize=
#   JVM is running with Zero Based Compressed Oops mode in which the Java heap is
#     placed in the first 32GB address space. The Java Heap base address is the
#     maximum limit for the native heap growth. Please use -XX:HeapBaseMinAddress
#     to set the Java Heap base and to place the Java Heap above 32GB virtual address.
# This output file may be truncated or incomplete.
#
#  Out of Memory Error (arena.cpp:189), pid=724, tid=25008
#
# JRE version: OpenJDK Runtime Environment (17.0.6) (build 17.0.6+0-b2043.56-9586694)
# Java VM: OpenJDK 64-Bit Server VM (17.0.6+0-b2043.56-9586694, mixed mode, tiered, compressed oops, compressed class ptrs, g1 gc, windows-amd64)
# No core dump will be written. Minidumps are not enabled by default on client versions of Windows
#

---------------  S U M M A R Y ------------

Command Line: --add-opens=java.base/java.util=ALL-UNNAMED --add-opens=java.base/java.lang=ALL-UNNAMED --add-opens=java.base/java.lang.invoke=ALL-UNNAMED --add-opens=java.prefs/java.util.prefs=ALL-UNNAMED --add-opens=java.base/java.nio.charset=ALL-UNNAMED --add-opens=java.base/java.net=ALL-UNNAMED --add-opens=java.base/java.util.concurrent.atomic=ALL-UNNAMED -Xmx3048m -Dfile.encoding=UTF-8 -Duser.country=FR -Duser.language=fr -Duser.variant org.gradle.launcher.daemon.bootstrap.GradleDaemon 8.0

Host: Intel(R) Core(TM) i5-5200U CPU @ 2.20GHz, 4 cores, 11G,  Windows 10 , 64 bit Build 19041 (10.0.19041.2546)
Time: Thu Aug  3 12:53:32 2023 Afrique de l, 64 bit Build 19041 (10.0.19041.2546) elapsed time: 25.128386 seconds (0d 0h 0m 25s)

---------------  T H R E A D  ---------------

Current thread (0x000002ce45059590):  JavaThread "C2 CompilerThread1" daemon [_thread_in_native, id=25008, stack(0x000000d934900000,0x000000d934a00000)]


Current CompileTask:
C2:  25128 10207       4       org.gradle.cache.internal.btree.StateCheckBlockStore::read (33 bytes)

Stack: [0x000000d934900000,0x000000d934a00000]
Native frames: (J=compiled Java code, j=interpreted, Vv=VM code, C=native code)
V  [jvm.dll+0x683b4a]
V  [jvm.dll+0x842654]
V  [jvm.dll+0x843dfe]
V  [jvm.dll+0x844463]
V  [jvm.dll+0x249b75]
V  [jvm.dll+0xabcac]
V  [jvm.dll+0xac27c]
V  [jvm.dll+0x368802]
V  [jvm.dll+0x332f31]
V  [jvm.dll+0x3323da]
V  [jvm.dll+0x21c201]
V  [jvm.dll+0x21b621]
V  [jvm.dll+0x1a4fdd]
V  [jvm.dll+0x22b098]
V  [jvm.dll+0x229159]
V  [jvm.dll+0x7f809c]
V  [jvm.dll+0x7f25fa]
V  [jvm.dll+0x682985]
C  [ucrtbase.dll+0x21bb2]
C  [KERNEL32.DLL+0x17614]
C  [ntdll.dll+0x526a1]


---------------  P R O C E S S  ---------------

Threads class SMR info:
_java_thread_list=0x000002ce4c460210, length=89, elements={
0x000002ce2629fe50, 0x000002ce42814630, 0x000002ce4281b650, 0x000002ce41dd7890,
0x000002ce42834410, 0x000002ce42834cd0, 0x000002ce42835590, 0x000002ce42839680,
0x000002ce42841f90, 0x000002ce428448a0, 0x000002ce429ac510, 0x000002ce429acdf0,
0x000002ce43b89430, 0x000002ce43b87280, 0x000002ce43b89900, 0x000002ce43b86db0,
0x000002ce43b880f0, 0x000002ce43b87c20, 0x000002ce43b8a770, 0x000002ce43b89dd0,
0x000002ce43b8a2a0, 0x000002ce43b87750, 0x000002ce43b885c0, 0x000002ce43b88a90,
0x000002ce43b88f60, 0x000002ce42d011e0, 0x000002ce42cff500, 0x000002ce42cfc4e0,
0x000002ce42cff9d0, 0x000002ce42cfc9b0, 0x000002ce42cfce80, 0x000002ce42d00370,
0x000002ce42cfe1c0, 0x000002ce42cffea0, 0x000002ce42cfa800, 0x000002ce42d016b0,
0x000002ce42cfd820, 0x000002ce42cfeb60, 0x000002ce42d00d10, 0x000002ce42d00840,
0x000002ce42cfdcf0, 0x000002ce42cfe690, 0x000002ce42cfacd0, 0x000002ce42d01b80,
0x000002ce42cfb1a0, 0x000002ce42cfb670, 0x000002ce42cfbb40, 0x000002ce42cff030,
0x000002ce4582d3c0, 0x000002ce4582cef0, 0x000002ce45829530, 0x000002ce45827d20,
0x000002ce458281f0, 0x000002ce45829a00, 0x000002ce458269e0, 0x000002ce45827380,
0x000002ce45829ed0, 0x000002ce45828b90, 0x000002ce4582c080, 0x000002ce4582a3a0,
0x000002ce4582e230, 0x000002ce458286c0, 0x000002ce45826eb0, 0x000002ce45829060,
0x000002ce4582dd60, 0x000002ce45827850, 0x000002ce4582b6e0, 0x000002ce4582a870,
0x000002ce4582d890, 0x000002ce4582bbb0, 0x000002ce4582ad40, 0x000002ce4582b210,
0x000002ce4582c550, 0x000002ce4582ca20, 0x000002ce47998490, 0x000002ce4799e9a0,
0x000002ce4799db30, 0x000002ce4799ab10, 0x000002ce4799c7f0, 0x000002ce4799ee70,
0x000002ce4799e000, 0x000002ce4799b4b0, 0x000002ce479997d0, 0x000002ce4799afe0,
0x000002ce4799e4d0, 0x000002ce4799f340, 0x000002ce4799b980, 0x000002ce4799a640,
0x000002ce45059590
}

Java Threads: ( => current thread )
  0x000002ce2629fe50 JavaThread "main" [_thread_blocked, id=24012, stack(0x000000d92ee00000,0x000000d92ef00000)]
  0x000002ce42814630 JavaThread "Reference Handler" daemon [_thread_blocked, id=284, stack(0x000000d92f500000,0x000000d92f600000)]
  0x000002ce4281b650 JavaThread "Finalizer" daemon [_thread_blocked, id=12920, stack(0x000000d92f600000,0x000000d92f700000)]
  0x000002ce41dd7890 JavaThread "Signal Dispatcher" daemon [_thread_blocked, id=24296, stack(0x000000d92f700000,0x000000d92f800000)]
  0x000002ce42834410 JavaThread "Attach Listener" daemon [_thread_blocked, id=10284, stack(0x000000d92f800000,0x000000d92f900000)]
  0x000002ce42834cd0 JavaThread "Service Thread" daemon [_thread_blocked, id=23288, stack(0x000000d92f900000,0x000000d92fa00000)]
  0x000002ce42835590 JavaThread "Monitor Deflation Thread" daemon [_thread_blocked, id=8068, stack(0x000000d92fa00000,0x000000d92fb00000)]
  0x000002ce42839680 JavaThread "C2 CompilerThread0" daemon [_thread_in_native, id=9492, stack(0x000000d92fb00000,0x000000d92fc00000)]
  0x000002ce42841f90 JavaThread "C1 CompilerThread0" daemon [_thread_blocked, id=14196, stack(0x000000d92fc00000,0x000000d92fd00000)]
  0x000002ce428448a0 JavaThread "Sweeper thread" daemon [_thread_blocked, id=7264, stack(0x000000d92fd00000,0x000000d92fe00000)]
  0x000002ce429ac510 JavaThread "Common-Cleaner" daemon [_thread_blocked, id=9808, stack(0x000000d92fe00000,0x000000d92ff00000)]
  0x000002ce429acdf0 JavaThread "Notification Thread" daemon [_thread_blocked, id=17252, stack(0x000000d92ff00000,0x000000d930000000)]
  0x000002ce43b89430 JavaThread "Daemon health stats" [_thread_blocked, id=17184, stack(0x000000d930500000,0x000000d930600000)]
  0x000002ce43b87280 JavaThread "Incoming local TCP Connector on port 63952" [_thread_in_native, id=25848, stack(0x000000d930100000,0x000000d930200000)]
  0x000002ce43b89900 JavaThread "Daemon periodic checks" [_thread_blocked, id=16212, stack(0x000000d930600000,0x000000d930700000)]
  0x000002ce43b86db0 JavaThread "Daemon" [_thread_blocked, id=18852, stack(0x000000d930700000,0x000000d930800000)]
  0x000002ce43b880f0 JavaThread "Handler for socket connection from /127.0.0.1:63952 to /127.0.0.1:63954" [_thread_in_native, id=22624, stack(0x000000d930800000,0x000000d930900000)]
  0x000002ce43b87c20 JavaThread "Cancel handler" [_thread_blocked, id=7516, stack(0x000000d930900000,0x000000d930a00000)]
  0x000002ce43b8a770 JavaThread "Daemon worker" [_thread_blocked, id=14352, stack(0x000000d930a00000,0x000000d930b00000)]
  0x000002ce43b89dd0 JavaThread "Asynchronous log dispatcher for DefaultDaemonConnection: socket connection from /127.0.0.1:63952 to /127.0.0.1:63954" [_thread_blocked, id=19664, stack(0x000000d930b00000,0x000000d930c00000)]
  0x000002ce43b8a2a0 JavaThread "Stdin handler" [_thread_blocked, id=10496, stack(0x000000d930c00000,0x000000d930d00000)]
  0x000002ce43b87750 JavaThread "Daemon client event forwarder" [_thread_blocked, id=12896, stack(0x000000d930d00000,0x000000d930e00000)]
  0x000002ce43b885c0 JavaThread "Cache worker for journal cache (C:\Users\Tafita\.gradle\caches\journal-1)" [_thread_blocked, id=25716, stack(0x000000d930e00000,0x000000d930f00000)]
  0x000002ce43b88a90 JavaThread "File lock request listener" [_thread_in_native, id=24104, stack(0x000000d930f00000,0x000000d931000000)]
  0x000002ce43b88f60 JavaThread "Cache worker for file hash cache (C:\Users\Tafita\.gradle\caches\8.0\fileHashes)" [_thread_blocked, id=25872, stack(0x000000d931000000,0x000000d931100000)]
  0x000002ce42d011e0 JavaThread "File watcher server" daemon [_thread_in_native, id=14220, stack(0x000000d931200000,0x000000d931300000)]
  0x000002ce42cff500 JavaThread "File watcher consumer" daemon [_thread_blocked, id=15300, stack(0x000000d931300000,0x000000d931400000)]
  0x000002ce42cfc4e0 JavaThread "Cache worker for checksums cache (C:\Users\Tafita\AndroidStudioProjects\TourismeMadagascar\.gradle\8.0\checksums)" [_thread_blocked, id=896, stack(0x000000d931400000,0x000000d931500000)]
  0x000002ce42cff9d0 JavaThread "Cache worker for cache directory md-rule (C:\Users\Tafita\.gradle\caches\8.0\md-rule)" [_thread_blocked, id=2304, stack(0x000000d931500000,0x000000d931600000)]
  0x000002ce42cfc9b0 JavaThread "Cache worker for file content cache (C:\Users\Tafita\.gradle\caches\8.0\fileContent)" [_thread_blocked, id=16312, stack(0x000000d931600000,0x000000d931700000)]
  0x000002ce42cfce80 JavaThread "Cache worker for file hash cache (C:\Users\Tafita\AndroidStudioProjects\TourismeMadagascar\.gradle\8.0\fileHashes)" [_thread_blocked, id=8544, stack(0x000000d931700000,0x000000d931800000)]
  0x000002ce42d00370 JavaThread "Cache worker for cache directory md-supplier (C:\Users\Tafita\.gradle\caches\8.0\md-supplier)" [_thread_blocked, id=19428, stack(0x000000d931800000,0x000000d931900000)]
  0x000002ce42cfe1c0 JavaThread "Cache worker for execution history cache (C:\Users\Tafita\.gradle\caches\8.0\executionHistory)" [_thread_blocked, id=20568, stack(0x000000d931100000,0x000000d931200000)]
  0x000002ce42cffea0 JavaThread "jar transforms" [_thread_blocked, id=7796, stack(0x000000d931a00000,0x000000d931b00000)]
  0x000002ce42cfa800 JavaThread "jar transforms Thread 2" [_thread_blocked, id=14580, stack(0x000000d931b00000,0x000000d931c00000)]
  0x000002ce42d016b0 JavaThread "jar transforms Thread 3" [_thread_blocked, id=10792, stack(0x000000d931d00000,0x000000d931e00000)]
  0x000002ce42cfd820 JavaThread "jar transforms Thread 4" [_thread_blocked, id=23232, stack(0x000000d931e00000,0x000000d931f00000)]
  0x000002ce42cfeb60 JavaThread "Cache worker for dependencies-accessors (C:\Users\Tafita\AndroidStudioProjects\TourismeMadagascar\.gradle\8.0\dependencies-accessors)" [_thread_blocked, id=1524, stack(0x000000d931f00000,0x000000d932000000)]
  0x000002ce42d00d10 JavaThread "Cache worker for Build Output Cleanup Cache (C:\Users\Tafita\AndroidStudioProjects\TourismeMadagascar\.gradle\buildOutputCleanup)" [_thread_blocked, id=26396, stack(0x000000d932000000,0x000000d932100000)]
  0x000002ce42d00840 JavaThread "Unconstrained build operations" [_thread_blocked, id=17080, stack(0x000000d932100000,0x000000d932200000)]
  0x000002ce42cfdcf0 JavaThread "Unconstrained build operations Thread 2" [_thread_blocked, id=16752, stack(0x000000d932200000,0x000000d932300000)]
  0x000002ce42cfe690 JavaThread "Unconstrained build operations Thread 3" [_thread_blocked, id=15172, stack(0x000000d932300000,0x000000d932400000)]
  0x000002ce42cfacd0 JavaThread "Unconstrained build operations Thread 4" [_thread_blocked, id=13008, stack(0x000000d932400000,0x000000d932500000)]
  0x000002ce42d01b80 JavaThread "Unconstrained build operations Thread 5" [_thread_blocked, id=18172, stack(0x000000d932500000,0x000000d932600000)]
  0x000002ce42cfb1a0 JavaThread "Unconstrained build operations Thread 6" [_thread_blocked, id=22752, stack(0x000000d932600000,0x000000d932700000)]
  0x000002ce42cfb670 JavaThread "Unconstrained build operations Thread 7" [_thread_blocked, id=1888, stack(0x000000d932700000,0x000000d932800000)]
  0x000002ce42cfbb40 JavaThread "Unconstrained build operations Thread 8" [_thread_blocked, id=25672, stack(0x000000d932800000,0x000000d932900000)]
  0x000002ce42cff030 JavaThread "Unconstrained build operations Thread 9" [_thread_blocked, id=19712, stack(0x000000d932900000,0x000000d932a00000)]
  0x000002ce4582d3c0 JavaThread "Unconstrained build operations Thread 10" [_thread_blocked, id=14712, stack(0x000000d932a00000,0x000000d932b00000)]
  0x000002ce4582cef0 JavaThread "Unconstrained build operations Thread 11" [_thread_blocked, id=5804, stack(0x000000d932b00000,0x000000d932c00000)]
  0x000002ce45829530 JavaThread "Unconstrained build operations Thread 12" [_thread_blocked, id=17444, stack(0x000000d932c00000,0x000000d932d00000)]
  0x000002ce45827d20 JavaThread "Unconstrained build operations Thread 13" [_thread_in_Java, id=22696, stack(0x000000d932d00000,0x000000d932e00000)]
  0x000002ce458281f0 JavaThread "Unconstrained build operations Thread 14" [_thread_blocked, id=12624, stack(0x000000d932e00000,0x000000d932f00000)]
  0x000002ce45829a00 JavaThread "Unconstrained build operations Thread 15" [_thread_blocked, id=2992, stack(0x000000d932f00000,0x000000d933000000)]
  0x000002ce458269e0 JavaThread "Unconstrained build operations Thread 16" [_thread_blocked, id=17284, stack(0x000000d933000000,0x000000d933100000)]
  0x000002ce45827380 JavaThread "Unconstrained build operations Thread 17" [_thread_blocked, id=11184, stack(0x000000d933100000,0x000000d933200000)]
  0x000002ce45829ed0 JavaThread "Unconstrained build operations Thread 18" [_thread_blocked, id=21900, stack(0x000000d933200000,0x000000d933300000)]
  0x000002ce45828b90 JavaThread "Unconstrained build operations Thread 19" [_thread_blocked, id=11212, stack(0x000000d933300000,0x000000d933400000)]
  0x000002ce4582c080 JavaThread "Unconstrained build operations Thread 20" [_thread_blocked, id=25408, stack(0x000000d933400000,0x000000d933500000)]
  0x000002ce4582a3a0 JavaThread "Unconstrained build operations Thread 21" [_thread_blocked, id=14012, stack(0x000000d933500000,0x000000d933600000)]
  0x000002ce4582e230 JavaThread "Unconstrained build operations Thread 22" [_thread_blocked, id=1412, stack(0x000000d933600000,0x000000d933700000)]
  0x000002ce458286c0 JavaThread "Unconstrained build operations Thread 23" [_thread_blocked, id=10584, stack(0x000000d933700000,0x000000d933800000)]
  0x000002ce45826eb0 JavaThread "Unconstrained build operations Thread 24" [_thread_blocked, id=23996, stack(0x000000d933800000,0x000000d933900000)]
  0x000002ce45829060 JavaThread "Unconstrained build operations Thread 25" [_thread_blocked, id=21564, stack(0x000000d933900000,0x000000d933a00000)]
  0x000002ce4582dd60 JavaThread "Unconstrained build operations Thread 26" [_thread_blocked, id=18984, stack(0x000000d933a00000,0x000000d933b00000)]
  0x000002ce45827850 JavaThread "Unconstrained build operations Thread 27" [_thread_blocked, id=17192, stack(0x000000d933b00000,0x000000d933c00000)]
  0x000002ce4582b6e0 JavaThread "Unconstrained build operations Thread 28" [_thread_blocked, id=24908, stack(0x000000d933c00000,0x000000d933d00000)]
  0x000002ce4582a870 JavaThread "Unconstrained build operations Thread 29" [_thread_blocked, id=18252, stack(0x000000d933d00000,0x000000d933e00000)]
  0x000002ce4582d890 JavaThread "Unconstrained build operations Thread 30" [_thread_blocked, id=24700, stack(0x000000d933e00000,0x000000d933f00000)]
  0x000002ce4582bbb0 JavaThread "Unconstrained build operations Thread 31" [_thread_blocked, id=16028, stack(0x000000d933f00000,0x000000d934000000)]
  0x000002ce4582ad40 JavaThread "Unconstrained build operations Thread 32" [_thread_blocked, id=17680, stack(0x000000d934000000,0x000000d934100000)]
  0x000002ce4582b210 JavaThread "Unconstrained build operations Thread 33" [_thread_blocked, id=10776, stack(0x000000d934100000,0x000000d934200000)]
  0x000002ce4582c550 JavaThread "Unconstrained build operations Thread 34" [_thread_blocked, id=13992, stack(0x000000d934200000,0x000000d934300000)]
  0x000002ce4582ca20 JavaThread "Unconstrained build operations Thread 35" [_thread_blocked, id=22492, stack(0x000000d934300000,0x000000d934400000)]
  0x000002ce47998490 JavaThread "Unconstrained build operations Thread 36" [_thread_blocked, id=17728, stack(0x000000d934400000,0x000000d934500000)]
  0x000002ce4799e9a0 JavaThread "Unconstrained build operations Thread 37" [_thread_blocked, id=10084, stack(0x000000d934500000,0x000000d934600000)]
  0x000002ce4799db30 JavaThread "Unconstrained build operations Thread 38" [_thread_in_Java, id=16564, stack(0x000000d934600000,0x000000d934700000)]
  0x000002ce4799ab10 JavaThread "Unconstrained build operations Thread 39" [_thread_blocked, id=17868, stack(0x000000d934700000,0x000000d934800000)]
  0x000002ce4799c7f0 JavaThread "Unconstrained build operations Thread 40" [_thread_blocked, id=22680, stack(0x000000d934800000,0x000000d934900000)]
  0x000002ce4799ee70 JavaThread "build event listener" [_thread_blocked, id=9784, stack(0x000000d931900000,0x000000d931a00000)]
  0x000002ce4799e000 JavaThread "Memory manager" [_thread_blocked, id=17968, stack(0x000000d934a00000,0x000000d934b00000)]
  0x000002ce4799b4b0 JavaThread "pool-3-thread-1" [_thread_blocked, id=24084, stack(0x000000d934c00000,0x000000d934d00000)]
  0x000002ce479997d0 JavaThread "build event listener" [_thread_blocked, id=18744, stack(0x000000d934d00000,0x000000d934e00000)]
  0x000002ce4799afe0 JavaThread "included builds" [_thread_in_Java, id=8828, stack(0x000000d934e00000,0x000000d934f00000)]
  0x000002ce4799e4d0 JavaThread "Execution worker" [_thread_blocked, id=2136, stack(0x000000d934f00000,0x000000d935000000)]
  0x000002ce4799f340 JavaThread "Execution worker Thread 2" [_thread_blocked, id=23640, stack(0x000000d935000000,0x000000d935100000)]
  0x000002ce4799b980 JavaThread "Execution worker Thread 3" [_thread_blocked, id=5324, stack(0x000000d935100000,0x000000d935200000)]
  0x000002ce4799a640 JavaThread "Cache worker for execution history cache (C:\Users\Tafita\AndroidStudioProjects\TourismeMadagascar\.gradle\8.0\executionHistory)" [_thread_blocked, id=19320, stack(0x000000d935200000,0x000000d935300000)]
=>0x000002ce45059590 JavaThread "C2 CompilerThread1" daemon [_thread_in_native, id=25008, stack(0x000000d934900000,0x000000d934a00000)]

Other Threads:
  0x000002ce41dbe440 VMThread "VM Thread" [stack: 0x000000d92f400000,0x000000d92f500000] [id=7336]
  0x000002ce429c74e0 WatcherThread [stack: 0x000000d930000000,0x000000d930100000] [id=25488]
  0x000002ce262f4bc0 GCTaskThread "GC Thread#0" [stack: 0x000000d92ef00000,0x000000d92f000000] [id=25276]
  0x000002ce42d3a2d0 GCTaskThread "GC Thread#1" [stack: 0x000000d930200000,0x000000d930300000] [id=22564]
  0x000002ce42fae210 GCTaskThread "GC Thread#2" [stack: 0x000000d930300000,0x000000d930400000] [id=21956]
  0x000002ce42fae4c0 GCTaskThread "GC Thread#3" [stack: 0x000000d930400000,0x000000d930500000] [id=24656]
  0x000002ce263028a0 ConcurrentGCThread "G1 Main Marker" [stack: 0x000000d92f000000,0x000000d92f100000] [id=12132]
  0x000002ce26303960 ConcurrentGCThread "G1 Conc#0" [stack: 0x000000d92f100000,0x000000d92f200000] [id=8216]
  0x000002ce26364e30 ConcurrentGCThread "G1 Refine#0" [stack: 0x000000d92f200000,0x000000d92f300000] [id=12764]
  0x000002ce438ac3f0 ConcurrentGCThread "G1 Refine#1" [stack: 0x000000d931c00000,0x000000d931d00000] [id=13936]
  0x000002ce42919b80 ConcurrentGCThread "G1 Refine#2" [stack: 0x000000d934b00000,0x000000d934c00000] [id=14084]
  0x000002ce26365760 ConcurrentGCThread "G1 Service" [stack: 0x000000d92f300000,0x000000d92f400000] [id=25068]

Threads with active compile tasks:
C2 CompilerThread0    25220 10202       4       org.gradle.cache.internal.btree.CachingBlockStore::read (56 bytes)
C1 CompilerThread0    25220 10336       3       org.gradle.internal.snapshot.impl.SnapshotSerializer::read (610 bytes)
C2 CompilerThread1    25220 10207       4       org.gradle.cache.internal.btree.StateCheckBlockStore::read (33 bytes)

VM state: not at safepoint (normal execution)

VM Mutex/Monitor currently owned by a thread: None

Heap address: 0x0000000741800000, size: 3048 MB, Compressed Oops mode: Zero based, Oop shift amount: 3

CDS archive(s) not mapped
Compressed class space mapped at: 0x0000000800000000-0x0000000840000000, reserved size: 1073741824
Narrow klass base: 0x0000000800000000, Narrow klass shift: 0, Narrow klass range: 0x40000000

GC Precious Log:
 CPUs: 4 total, 4 available
 Memory: 12190M
 Large Page Support: Disabled
 NUMA Support: Disabled
 Compressed Oops: Enabled (Zero based)
 Heap Region Size: 2M
 Heap Min Capacity: 8M
 Heap Initial Capacity: 192M
 Heap Max Capacity: 3048M
 Pre-touch: Disabled
 Parallel Workers: 4
 Concurrent Workers: 1
 Concurrent Refinement Workers: 4
 Periodic GC: Disabled

Heap:
 garbage-first heap   total 190464K, used 117396K [0x0000000741800000, 0x0000000800000000)
  region size 2048K, 20 young (40960K), 4 survivors (8192K)
 Metaspace       used 91612K, committed 92288K, reserved 1130496K
  class space    used 12359K, committed 12672K, reserved 1048576K

Heap Regions: E=young(eden), S=young(survivor), O=old, HS=humongous(starts), HC=humongous(continues), CS=collection set, F=free, OA=open archive, CA=closed archive, TAMS=top-at-mark-start (previous, next)
|   0|0x0000000741800000, 0x0000000741a00000, 0x0000000741a00000|100%| O|  |TAMS 0x0000000741a00000, 0x0000000741800000| Untracked 
|   1|0x0000000741a00000, 0x0000000741c00000, 0x0000000741c00000|100%|HS|  |TAMS 0x0000000741c00000, 0x0000000741a00000| Complete 
|   2|0x0000000741c00000, 0x0000000741e00000, 0x0000000741e00000|100%|HC|  |TAMS 0x0000000741e00000, 0x0000000741c00000| Complete 
|   3|0x0000000741e00000, 0x0000000741fe1c00, 0x0000000742000000| 94%| O|  |TAMS 0x0000000741fe1c00, 0x0000000741e00000| Untracked 
|   4|0x0000000742000000, 0x0000000742200000, 0x0000000742200000|100%| O|  |TAMS 0x0000000742200000, 0x0000000742000000| Untracked 
|   5|0x0000000742200000, 0x0000000742400000, 0x0000000742400000|100%| O|  |TAMS 0x0000000742400000, 0x0000000742200000| Untracked 
|   6|0x0000000742400000, 0x0000000742600000, 0x0000000742600000|100%| O|  |TAMS 0x0000000742600000, 0x0000000742400000| Untracked 
|   7|0x0000000742600000, 0x0000000742800000, 0x0000000742800000|100%| O|  |TAMS 0x0000000742800000, 0x0000000742600000| Untracked 
|   8|0x0000000742800000, 0x0000000742a00000, 0x0000000742a00000|100%| O|  |TAMS 0x0000000742a00000, 0x0000000742800000| Untracked 
|   9|0x0000000742a00000, 0x0000000742c00000, 0x0000000742c00000|100%| O|  |TAMS 0x0000000742c00000, 0x0000000742a00000| Untracked 
|  10|0x0000000742c00000, 0x0000000742e00000, 0x0000000742e00000|100%| O|  |TAMS 0x0000000742e00000, 0x0000000742c00000| Untracked 
|  11|0x0000000742e00000, 0x0000000743000000, 0x0000000743000000|100%| O|  |TAMS 0x0000000743000000, 0x0000000742e00000| Untracked 
|  12|0x0000000743000000, 0x0000000743200000, 0x0000000743200000|100%| O|  |TAMS 0x0000000743200000, 0x0000000743000000| Untracked 
|  13|0x0000000743200000, 0x0000000743400000, 0x0000000743400000|100%| O|  |TAMS 0x0000000743400000, 0x0000000743200000| Untracked 
|  14|0x0000000743400000, 0x0000000743600000, 0x0000000743600000|100%| O|  |TAMS 0x0000000743600000, 0x0000000743400000| Untracked 
|  15|0x0000000743600000, 0x0000000743800000, 0x0000000743800000|100%| O|  |TAMS 0x0000000743800000, 0x0000000743600000| Untracked 
|  16|0x0000000743800000, 0x0000000743a00000, 0x0000000743a00000|100%|HS|  |TAMS 0x0000000743a00000, 0x0000000743800000| Complete 
|  17|0x0000000743a00000, 0x0000000743c00000, 0x0000000743c00000|100%|HC|  |TAMS 0x0000000743c00000, 0x0000000743a00000| Complete 
|  18|0x0000000743c00000, 0x0000000743e00000, 0x0000000743e00000|100%| O|  |TAMS 0x0000000743e00000, 0x0000000743c00000| Untracked 
|  19|0x0000000743e00000, 0x0000000744000000, 0x0000000744000000|100%| O|  |TAMS 0x0000000744000000, 0x0000000743e00000| Untracked 
|  20|0x0000000744000000, 0x0000000744200000, 0x0000000744200000|100%| O|  |TAMS 0x0000000744200000, 0x0000000744000000| Untracked 
|  21|0x0000000744200000, 0x0000000744400000, 0x0000000744400000|100%| O|  |TAMS 0x0000000744400000, 0x0000000744200000| Untracked 
|  22|0x0000000744400000, 0x0000000744600000, 0x0000000744600000|100%| O|  |TAMS 0x0000000744600000, 0x0000000744400000| Untracked 
|  23|0x0000000744600000, 0x0000000744800000, 0x0000000744800000|100%| O|  |TAMS 0x0000000744800000, 0x0000000744600000| Untracked 
|  24|0x0000000744800000, 0x0000000744a00000, 0x0000000744a00000|100%| O|  |TAMS 0x0000000744a00000, 0x0000000744800000| Untracked 
|  25|0x0000000744a00000, 0x0000000744c00000, 0x0000000744c00000|100%| O|  |TAMS 0x0000000744c00000, 0x0000000744a00000| Untracked 
|  26|0x0000000744c00000, 0x0000000744e00000, 0x0000000744e00000|100%| O|  |TAMS 0x0000000744e00000, 0x0000000744c00000| Untracked 
|  27|0x0000000744e00000, 0x0000000745000000, 0x0000000745000000|100%| O|  |TAMS 0x0000000745000000, 0x0000000744e00000| Untracked 
|  28|0x0000000745000000, 0x0000000745200000, 0x0000000745200000|100%| O|  |TAMS 0x0000000745200000, 0x0000000745000000| Untracked 
|  29|0x0000000745200000, 0x0000000745400000, 0x0000000745400000|100%| O|  |TAMS 0x0000000745400000, 0x0000000745200000| Untracked 
|  30|0x0000000745400000, 0x0000000745600000, 0x0000000745600000|100%| O|  |TAMS 0x0000000745600000, 0x0000000745400000| Untracked 
|  31|0x0000000745600000, 0x0000000745800000, 0x0000000745800000|100%| O|  |TAMS 0x0000000745800000, 0x0000000745600000| Untracked 
|  32|0x0000000745800000, 0x0000000745a00000, 0x0000000745a00000|100%| O|  |TAMS 0x0000000745a00000, 0x0000000745800000| Untracked 
|  33|0x0000000745a00000, 0x0000000745c00000, 0x0000000745c00000|100%| O|  |TAMS 0x0000000745c00000, 0x0000000745a00000| Untracked 
|  34|0x0000000745c00000, 0x0000000745e00000, 0x0000000745e00000|100%| O|  |TAMS 0x0000000745cae600, 0x0000000745c00000| Untracked 
|  35|0x0000000745e00000, 0x0000000746000000, 0x0000000746000000|100%| O|  |TAMS 0x0000000745e00000, 0x0000000745e00000| Untracked 
|  36|0x0000000746000000, 0x0000000746200000, 0x0000000746200000|100%| O|  |TAMS 0x0000000746000000, 0x0000000746000000| Untracked 
|  37|0x0000000746200000, 0x0000000746400000, 0x0000000746400000|100%| O|  |TAMS 0x0000000746200000, 0x0000000746200000| Untracked 
|  38|0x0000000746400000, 0x00000007464e1400, 0x0000000746600000| 43%| O|  |TAMS 0x0000000746400000, 0x0000000746400000| Untracked 
|  39|0x0000000746600000, 0x0000000746600000, 0x0000000746800000|  0%| F|  |TAMS 0x0000000746600000, 0x0000000746600000| Untracked 
|  40|0x0000000746800000, 0x0000000746800000, 0x0000000746a00000|  0%| F|  |TAMS 0x0000000746800000, 0x0000000746800000| Untracked 
|  41|0x0000000746a00000, 0x0000000746a00000, 0x0000000746c00000|  0%| F|  |TAMS 0x0000000746a00000, 0x0000000746a00000| Untracked 
|  42|0x0000000746c00000, 0x0000000746c00000, 0x0000000746e00000|  0%| F|  |TAMS 0x0000000746c00000, 0x0000000746c00000| Untracked 
|  43|0x0000000746e00000, 0x0000000746e00000, 0x0000000747000000|  0%| F|  |TAMS 0x0000000746e00000, 0x0000000746e00000| Untracked 
|  44|0x0000000747000000, 0x0000000747000000, 0x0000000747200000|  0%| F|  |TAMS 0x0000000747000000, 0x0000000747000000| Untracked 
|  45|0x0000000747200000, 0x0000000747200000, 0x0000000747400000|  0%| F|  |TAMS 0x0000000747200000, 0x0000000747200000| Untracked 
|  46|0x0000000747400000, 0x0000000747400000, 0x0000000747600000|  0%| F|  |TAMS 0x0000000747400000, 0x0000000747400000| Untracked 
|  47|0x0000000747600000, 0x0000000747600000, 0x0000000747800000|  0%| F|  |TAMS 0x0000000747600000, 0x0000000747600000| Untracked 
|  48|0x0000000747800000, 0x0000000747800000, 0x0000000747a00000|  0%| F|  |TAMS 0x0000000747800000, 0x0000000747800000| Untracked 
|  49|0x0000000747a00000, 0x0000000747a00000, 0x0000000747c00000|  0%| F|  |TAMS 0x0000000747a00000, 0x0000000747a00000| Untracked 
|  50|0x0000000747c00000, 0x0000000747de2170, 0x0000000747e00000| 94%| S|CS|TAMS 0x0000000747c00000, 0x0000000747c00000| Complete 
|  51|0x0000000747e00000, 0x0000000747e00000, 0x0000000748000000|  0%| F|  |TAMS 0x0000000747e00000, 0x0000000747e00000| Untracked 
|  52|0x0000000748000000, 0x0000000748200000, 0x0000000748200000|100%| S|CS|TAMS 0x0000000748000000, 0x0000000748000000| Complete 
|  53|0x0000000748200000, 0x0000000748400000, 0x0000000748400000|100%| S|CS|TAMS 0x0000000748200000, 0x0000000748200000| Complete 
|  54|0x0000000748400000, 0x0000000748600000, 0x0000000748600000|100%| S|CS|TAMS 0x0000000748400000, 0x0000000748400000| Complete 
|  55|0x0000000748600000, 0x0000000748600000, 0x0000000748800000|  0%| F|  |TAMS 0x0000000748600000, 0x0000000748600000| Untracked 
|  56|0x0000000748800000, 0x0000000748800000, 0x0000000748a00000|  0%| F|  |TAMS 0x0000000748800000, 0x0000000748800000| Untracked 
|  57|0x0000000748a00000, 0x0000000748a00000, 0x0000000748c00000|  0%| F|  |TAMS 0x0000000748a00000, 0x0000000748a00000| Untracked 
|  58|0x0000000748c00000, 0x0000000748c00000, 0x0000000748e00000|  0%| F|  |TAMS 0x0000000748c00000, 0x0000000748c00000| Untracked 
|  59|0x0000000748e00000, 0x0000000748e00000, 0x0000000749000000|  0%| F|  |TAMS 0x0000000748e00000, 0x0000000748e00000| Untracked 
|  60|0x0000000749000000, 0x0000000749000000, 0x0000000749200000|  0%| F|  |TAMS 0x0000000749000000, 0x0000000749000000| Untracked 
|  61|0x0000000749200000, 0x0000000749200000, 0x0000000749400000|  0%| F|  |TAMS 0x0000000749200000, 0x0000000749200000| Untracked 
|  62|0x0000000749400000, 0x0000000749400000, 0x0000000749600000|  0%| F|  |TAMS 0x0000000749400000, 0x0000000749400000| Untracked 
|  63|0x0000000749600000, 0x0000000749600000, 0x0000000749800000|  0%| F|  |TAMS 0x0000000749600000, 0x0000000749600000| Untracked 
|  64|0x0000000749800000, 0x0000000749800000, 0x0000000749a00000|  0%| F|  |TAMS 0x0000000749800000, 0x0000000749800000| Untracked 
|  65|0x0000000749a00000, 0x0000000749a00000, 0x0000000749c00000|  0%| F|  |TAMS 0x0000000749a00000, 0x0000000749a00000| Untracked 
|  66|0x0000000749c00000, 0x0000000749c00000, 0x0000000749e00000|  0%| F|  |TAMS 0x0000000749c00000, 0x0000000749c00000| Untracked 
|  67|0x0000000749e00000, 0x0000000749e00000, 0x000000074a000000|  0%| F|  |TAMS 0x0000000749e00000, 0x0000000749e00000| Untracked 
|  68|0x000000074a000000, 0x000000074a000000, 0x000000074a200000|  0%| F|  |TAMS 0x000000074a000000, 0x000000074a000000| Untracked 
|  69|0x000000074a200000, 0x000000074a200000, 0x000000074a400000|  0%| F|  |TAMS 0x000000074a200000, 0x000000074a200000| Untracked 
|  70|0x000000074a400000, 0x000000074a400000, 0x000000074a600000|  0%| F|  |TAMS 0x000000074a400000, 0x000000074a400000| Untracked 
|  71|0x000000074a600000, 0x000000074a600000, 0x000000074a800000|  0%| F|  |TAMS 0x000000074a600000, 0x000000074a600000| Untracked 
|  72|0x000000074a800000, 0x000000074a800000, 0x000000074aa00000|  0%| F|  |TAMS 0x000000074a800000, 0x000000074a800000| Untracked 
|  73|0x000000074aa00000, 0x000000074aa00000, 0x000000074ac00000|  0%| F|  |TAMS 0x000000074aa00000, 0x000000074aa00000| Untracked 
|  74|0x000000074ac00000, 0x000000074ac00000, 0x000000074ae00000|  0%| F|  |TAMS 0x000000074ac00000, 0x000000074ac00000| Untracked 
|  75|0x000000074ae00000, 0x000000074ae00000, 0x000000074b000000|  0%| F|  |TAMS 0x000000074ae00000, 0x000000074ae00000| Untracked 
|  76|0x000000074b000000, 0x000000074b000000, 0x000000074b200000|  0%| F|  |TAMS 0x000000074b000000, 0x000000074b000000| Untracked 
|  77|0x000000074b200000, 0x000000074b3c4388, 0x000000074b400000| 88%| E|  |TAMS 0x000000074b200000, 0x000000074b200000| Complete 
|  78|0x000000074b400000, 0x000000074b600000, 0x000000074b600000|100%| E|CS|TAMS 0x000000074b400000, 0x000000074b400000| Complete 
|  79|0x000000074b600000, 0x000000074b800000, 0x000000074b800000|100%| E|CS|TAMS 0x000000074b600000, 0x000000074b600000| Complete 
|  80|0x000000074b800000, 0x000000074ba00000, 0x000000074ba00000|100%| E|CS|TAMS 0x000000074b800000, 0x000000074b800000| Complete 
|  81|0x000000074ba00000, 0x000000074bc00000, 0x000000074bc00000|100%| E|CS|TAMS 0x000000074ba00000, 0x000000074ba00000| Complete 
|  82|0x000000074bc00000, 0x000000074be00000, 0x000000074be00000|100%| E|CS|TAMS 0x000000074bc00000, 0x000000074bc00000| Complete 
|  83|0x000000074be00000, 0x000000074c000000, 0x000000074c000000|100%| E|CS|TAMS 0x000000074be00000, 0x000000074be00000| Complete 
|  84|0x000000074c000000, 0x000000074c200000, 0x000000074c200000|100%| E|CS|TAMS 0x000000074c000000, 0x000000074c000000| Complete 
|  85|0x000000074c200000, 0x000000074c400000, 0x000000074c400000|100%| E|CS|TAMS 0x000000074c200000, 0x000000074c200000| Complete 
|  86|0x000000074c400000, 0x000000074c600000, 0x000000074c600000|100%| E|CS|TAMS 0x000000074c400000, 0x000000074c400000| Complete 
|  87|0x000000074c600000, 0x000000074c800000, 0x000000074c800000|100%| E|CS|TAMS 0x000000074c600000, 0x000000074c600000| Complete 
|  88|0x000000074c800000, 0x000000074ca00000, 0x000000074ca00000|100%| E|CS|TAMS 0x000000074c800000, 0x000000074c800000| Complete 
|  89|0x000000074ca00000, 0x000000074cc00000, 0x000000074cc00000|100%| E|CS|TAMS 0x000000074ca00000, 0x000000074ca00000| Complete 
|  90|0x000000074cc00000, 0x000000074ce00000, 0x000000074ce00000|100%| E|CS|TAMS 0x000000074cc00000, 0x000000074cc00000| Complete 
|  91|0x000000074ce00000, 0x000000074d000000, 0x000000074d000000|100%| E|CS|TAMS 0x000000074ce00000, 0x000000074ce00000| Complete 
|  95|0x000000074d600000, 0x000000074d800000, 0x000000074d800000|100%| E|CS|TAMS 0x000000074d600000, 0x000000074d600000| Complete 

Card table byte_map: [0x000002ce38d70000,0x000002ce39370000] _byte_map_base: 0x000002ce35364000

Marking Bits (Prev, Next): (CMBitMap*) 0x000002ce262f5120, (CMBitMap*) 0x000002ce262f50e0
 Prev Bits: [0x000002ce3c910000, 0x000002ce3f8b0000)
 Next Bits: [0x000002ce39970000, 0x000002ce3c910000)

Polling page: 0x000002ce25a70000

Metaspace:

Usage:
  Non-class:     77.40 MB used.
      Class:     12.07 MB used.
       Both:     89.47 MB used.

Virtual space:
  Non-class space:       80.00 MB reserved,      77.75 MB ( 97%) committed,  10 nodes.
      Class space:        1.00 GB reserved,      12.38 MB (  1%) committed,  1 nodes.
             Both:        1.08 GB reserved,      90.12 MB (  8%) committed. 

Chunk freelists:
   Non-Class:  1.86 MB
       Class:  3.67 MB
        Both:  5.53 MB

MaxMetaspaceSize: unlimited
CompressedClassSpaceSize: 1.00 GB
Initial GC threshold: 21.00 MB
Current GC threshold: 148.88 MB
CDS: off
MetaspaceReclaimPolicy: balanced
 - commit_granule_bytes: 65536.
 - commit_granule_words: 8192.
 - virtual_space_node_default_size: 1048576.
 - enlarge_chunks_in_place: 1.
 - new_chunks_are_fully_committed: 0.
 - uncommit_free_chunks: 1.
 - use_allocation_guard: 0.
 - handle_deallocations: 1.


Internal statistics:

num_allocs_failed_limit: 6.
num_arena_births: 846.
num_arena_deaths: 0.
num_vsnodes_births: 11.
num_vsnodes_deaths: 0.
num_space_committed: 1442.
num_space_uncommitted: 0.
num_chunks_returned_to_freelist: 6.
num_chunks_taken_from_freelist: 4219.
num_chunk_merges: 6.
num_chunk_splits: 2769.
num_chunks_enlarged: 1831.
num_purges: 0.
num_inconsistent_stats: 0.

CodeHeap 'non-profiled nmethods': size=120000Kb used=5618Kb max_used=5618Kb free=114381Kb
 bounds [0x000002ce31240000, 0x000002ce317c0000, 0x000002ce38770000]
CodeHeap 'profiled nmethods': size=120000Kb used=19560Kb max_used=19560Kb free=100439Kb
 bounds [0x000002ce29770000, 0x000002ce2aa90000, 0x000002ce30ca0000]
CodeHeap 'non-nmethods': size=5760Kb used=2373Kb max_used=2448Kb free=3386Kb
 bounds [0x000002ce30ca0000, 0x000002ce30f20000, 0x000002ce31240000]
 total_blobs=10360 nmethods=9459 adapters=813
 compilation: enabled
              stopped_count=0, restarted_count=0
 full_count=0

Compilation events (20 events):
Event: 25.105 Thread 0x000002ce42841f90 10294       3       org.gradle.internal.snapshot.AbstractListChildMap::stream (10 bytes)
Event: 25.105 Thread 0x000002ce42841f90 nmethod 10294 0x000002ce2aa64490 code [0x000002ce2aa64640, 0x000002ce2aa64828]
Event: 25.105 Thread 0x000002ce42841f90 10295       3       org.gradle.internal.snapshot.AbstractIncompleteFileSystemNode$$Lambda$387/0x00000008004da9b8::apply (8 bytes)
Event: 25.105 Thread 0x000002ce42841f90 nmethod 10295 0x000002ce2aa64910 code [0x000002ce2aa64ac0, 0x000002ce2aa64cf8]
Event: 25.107 Thread 0x000002ce42841f90 10296   !   3       sun.nio.cs.StreamDecoder::read (196 bytes)
Event: 25.109 Thread 0x000002ce42841f90 nmethod 10296 0x000002ce2aa64e10 code [0x000002ce2aa65080, 0x000002ce2aa65c88]
Event: 25.110 Thread 0x000002ce42841f90 10297       3       sun.nio.ch.FileChannelImpl::endBlocking (13 bytes)
Event: 25.110 Thread 0x000002ce42841f90 nmethod 10297 0x000002ce2aa66190 code [0x000002ce2aa66340, 0x000002ce2aa664a8]
Event: 25.114 Thread 0x000002ce42841f90 10298       3       org.gradle.internal.model.CalculatedValueContainer$CalculationState::acquireLock (35 bytes)
Event: 25.115 Thread 0x000002ce42841f90 nmethod 10298 0x000002ce2aa66590 code [0x000002ce2aa66780, 0x000002ce2aa66cd8]
Event: 25.115 Thread 0x000002ce42841f90 10299       3       org.gradle.internal.model.CalculatedValueContainer$CalculationState$$Lambda$673/0x00000008006d2220::<init> (15 bytes)
Event: 25.115 Thread 0x000002ce42841f90 nmethod 10299 0x000002ce2aa66f10 code [0x000002ce2aa670c0, 0x000002ce2aa672f8]
Event: 25.115 Thread 0x000002ce42841f90 10300       3       org.gradle.internal.model.CalculatedValueContainer$CalculationState$$Lambda$673/0x00000008006d2220::call (12 bytes)
Event: 25.116 Thread 0x000002ce42841f90 nmethod 10300 0x000002ce2aa67390 code [0x000002ce2aa67540, 0x000002ce2aa676a8]
Event: 25.117 Thread 0x000002ce42841f90 10302       3       com.google.common.collect.ImmutableSet::copyOf (52 bytes)
Event: 25.118 Thread 0x000002ce42841f90 nmethod 10302 0x000002ce2aa67790 code [0x000002ce2aa679e0, 0x000002ce2aa683f8]
Event: 25.121 Thread 0x000002ce42841f90 10304       3       sun.nio.ch.FileChannelImpl::beginBlocking (12 bytes)
Event: 25.122 Thread 0x000002ce42841f90 nmethod 10304 0x000002ce2aa68710 code [0x000002ce2aa688c0, 0x000002ce2aa68a28]
Event: 25.122 Thread 0x000002ce42841f90 10305       3       org.gradle.api.internal.artifacts.transform.DefaultTransformerInvocationFactory$ImmutableTransformationWorkspaceIdentity::hashCode (49 bytes)
Event: 25.123 Thread 0x000002ce42841f90 nmethod 10305 0x000002ce2aa68b10 code [0x000002ce2aa68ce0, 0x000002ce2aa69178]

GC Heap History (20 events):
Event: 13.510 GC heap before
{Heap before GC invocations=18 (full 0):
 garbage-first heap   total 96256K, used 54188K [0x0000000741800000, 0x0000000800000000)
  region size 2048K, 2 young (4096K), 1 survivors (2048K)
 Metaspace       used 59767K, committed 60288K, reserved 1105920K
  class space    used 7825K, committed 8064K, reserved 1048576K
}
Event: 13.520 GC heap after
{Heap after GC invocations=19 (full 0):
 garbage-first heap   total 96256K, used 51964K [0x0000000741800000, 0x0000000800000000)
  region size 2048K, 1 young (2048K), 1 survivors (2048K)
 Metaspace       used 59767K, committed 60288K, reserved 1105920K
  class space    used 7825K, committed 8064K, reserved 1048576K
}
Event: 14.301 GC heap before
{Heap before GC invocations=19 (full 0):
 garbage-first heap   total 96256K, used 72444K [0x0000000741800000, 0x0000000800000000)
  region size 2048K, 12 young (24576K), 1 survivors (2048K)
 Metaspace       used 63977K, committed 64512K, reserved 1105920K
  class space    used 8403K, committed 8640K, reserved 1048576K
}
Event: 14.306 GC heap after
{Heap after GC invocations=20 (full 0):
 garbage-first heap   total 96256K, used 54899K [0x0000000741800000, 0x0000000800000000)
  region size 2048K, 2 young (4096K), 2 survivors (4096K)
 Metaspace       used 63977K, committed 64512K, reserved 1105920K
  class space    used 8403K, committed 8640K, reserved 1048576K
}
Event: 14.745 GC heap before
{Heap before GC invocations=21 (full 0):
 garbage-first heap   total 116736K, used 73331K [0x0000000741800000, 0x0000000800000000)
  region size 2048K, 12 young (24576K), 2 survivors (4096K)
 Metaspace       used 65004K, committed 65536K, reserved 1105920K
  class space    used 8535K, committed 8768K, reserved 1048576K
}
Event: 14.752 GC heap after
{Heap after GC invocations=22 (full 0):
 garbage-first heap   total 116736K, used 56118K [0x0000000741800000, 0x0000000800000000)
  region size 2048K, 1 young (2048K), 1 survivors (2048K)
 Metaspace       used 65004K, committed 65536K, reserved 1105920K
  class space    used 8535K, committed 8768K, reserved 1048576K
}
Event: 14.834 GC heap before
{Heap before GC invocations=22 (full 0):
 garbage-first heap   total 116736K, used 58166K [0x0000000741800000, 0x0000000800000000)
  region size 2048K, 2 young (4096K), 1 survivors (2048K)
 Metaspace       used 65237K, committed 65728K, reserved 1114112K
  class space    used 8556K, committed 8768K, reserved 1048576K
}
Event: 14.840 GC heap after
{Heap after GC invocations=23 (full 0):
 garbage-first heap   total 157696K, used 56274K [0x0000000741800000, 0x0000000800000000)
  region size 2048K, 1 young (2048K), 1 survivors (2048K)
 Metaspace       used 65237K, committed 65728K, reserved 1114112K
  class space    used 8556K, committed 8768K, reserved 1048576K
}
Event: 16.435 GC heap before
{Heap before GC invocations=23 (full 0):
 garbage-first heap   total 157696K, used 109522K [0x0000000741800000, 0x0000000800000000)
  region size 2048K, 27 young (55296K), 1 survivors (2048K)
 Metaspace       used 70306K, committed 70848K, reserved 1114112K
  class space    used 9217K, committed 9472K, reserved 1048576K
}
Event: 16.441 GC heap after
{Heap after GC invocations=24 (full 0):
 garbage-first heap   total 157696K, used 59642K [0x0000000741800000, 0x0000000800000000)
  region size 2048K, 2 young (4096K), 2 survivors (4096K)
 Metaspace       used 70306K, committed 70848K, reserved 1114112K
  class space    used 9217K, committed 9472K, reserved 1048576K
}
Event: 17.745 GC heap before
{Heap before GC invocations=24 (full 0):
 garbage-first heap   total 157696K, used 114938K [0x0000000741800000, 0x0000000800000000)
  region size 2048K, 29 young (59392K), 2 survivors (4096K)
 Metaspace       used 72401K, committed 72960K, reserved 1114112K
  class space    used 9471K, committed 9728K, reserved 1048576K
}
Event: 17.762 GC heap after
{Heap after GC invocations=25 (full 0):
 garbage-first heap   total 157696K, used 64558K [0x0000000741800000, 0x0000000800000000)
  region size 2048K, 4 young (8192K), 4 survivors (8192K)
 Metaspace       used 72401K, committed 72960K, reserved 1114112K
  class space    used 9471K, committed 9728K, reserved 1048576K
}
Event: 19.472 GC heap before
{Heap before GC invocations=25 (full 0):
 garbage-first heap   total 157696K, used 119854K [0x0000000741800000, 0x0000000800000000)
  region size 2048K, 31 young (63488K), 4 survivors (8192K)
 Metaspace       used 78680K, committed 79232K, reserved 1122304K
  class space    used 10560K, committed 10816K, reserved 1048576K
}
Event: 19.492 GC heap after
{Heap after GC invocations=26 (full 0):
 garbage-first heap   total 157696K, used 68667K [0x0000000741800000, 0x0000000800000000)
  region size 2048K, 2 young (4096K), 2 survivors (4096K)
 Metaspace       used 78680K, committed 79232K, reserved 1122304K
  class space    used 10560K, committed 10816K, reserved 1048576K
}
Event: 21.259 GC heap before
{Heap before GC invocations=26 (full 0):
 garbage-first heap   total 157696K, used 121915K [0x0000000741800000, 0x0000000800000000)
  region size 2048K, 28 young (57344K), 2 survivors (4096K)
 Metaspace       used 85284K, committed 85888K, reserved 1130496K
  class space    used 11508K, committed 11776K, reserved 1048576K
}
Event: 21.276 GC heap after
{Heap after GC invocations=27 (full 0):
 garbage-first heap   total 157696K, used 72390K [0x0000000741800000, 0x0000000800000000)
  region size 2048K, 4 young (8192K), 4 survivors (8192K)
 Metaspace       used 85284K, committed 85888K, reserved 1130496K
  class space    used 11508K, committed 11776K, reserved 1048576K
}
Event: 22.633 GC heap before
{Heap before GC invocations=27 (full 0):
 garbage-first heap   total 157696K, used 121542K [0x0000000741800000, 0x0000000800000000)
  region size 2048K, 29 young (59392K), 4 survivors (8192K)
 Metaspace       used 87546K, committed 88128K, reserved 1130496K
  class space    used 11823K, committed 12096K, reserved 1048576K
}
Event: 22.656 GC heap after
{Heap after GC invocations=28 (full 0):
 garbage-first heap   total 157696K, used 78400K [0x0000000741800000, 0x0000000800000000)
  region size 2048K, 4 young (8192K), 4 survivors (8192K)
 Metaspace       used 87546K, committed 88128K, reserved 1130496K
  class space    used 11823K, committed 12096K, reserved 1048576K
}
Event: 23.766 GC heap before
{Heap before GC invocations=28 (full 0):
 garbage-first heap   total 157696K, used 123456K [0x0000000741800000, 0x0000000800000000)
  region size 2048K, 26 young (53248K), 4 survivors (8192K)
 Metaspace       used 90436K, committed 91072K, reserved 1130496K
  class space    used 12212K, committed 12480K, reserved 1048576K
}
Event: 23.797 GC heap after
{Heap after GC invocations=29 (full 0):
 garbage-first heap   total 190464K, used 86676K [0x0000000741800000, 0x0000000800000000)
  region size 2048K, 4 young (8192K), 4 survivors (8192K)
 Metaspace       used 90436K, committed 91072K, reserved 1130496K
  class space    used 12212K, committed 12480K, reserved 1048576K
}

Dll operation events (2 events):
Event: 0.011 Loaded shared library D:\app\AndroidStudio\jbr\bin\java.dll
Event: 0.739 Loaded shared library D:\app\AndroidStudio\jbr\bin\verify.dll

Deoptimization events (20 events):
Event: 24.957 Thread 0x000002ce42cfe1c0 Uncommon trap: trap_request=0xffffff45 fr.pc=0x000002ce314faed0 relative=0x0000000000000210
Event: 24.957 Thread 0x000002ce42cfe1c0 Uncommon trap: reason=unstable_if action=reinterpret pc=0x000002ce314faed0 method=com.esotericsoftware.kryo.io.Input.readVarInt(Z)I @ 42 c2
Event: 24.957 Thread 0x000002ce42cfe1c0 DEOPT PACKING pc=0x000002ce314faed0 sp=0x000000d9311fe0a0
Event: 24.957 Thread 0x000002ce42cfe1c0 DEOPT UNPACKING pc=0x000002ce30cf69a3 sp=0x000000d9311fdf90 mode 2
Event: 24.957 Thread 0x000002ce42cfe1c0 Uncommon trap: trap_request=0xffffffd6 fr.pc=0x000002ce317ac630 relative=0x0000000000000ef0
Event: 24.957 Thread 0x000002ce42cfe1c0 Uncommon trap: reason=array_check action=maybe_recompile pc=0x000002ce317ac630 method=com.google.common.collect.RegularImmutableMap.fromEntryArrayCheckingBucketOverflow(I[Ljava/util/Map$Entry;Z)Lcom/google/common/collect/ImmutableMap; @ 216 c2
Event: 24.957 Thread 0x000002ce42cfe1c0 DEOPT PACKING pc=0x000002ce317ac630 sp=0x000000d9311fe040
Event: 24.957 Thread 0x000002ce42cfe1c0 DEOPT UNPACKING pc=0x000002ce30cf69a3 sp=0x000000d9311fde40 mode 2
Event: 24.961 Thread 0x000002ce4799db30 Uncommon trap: trap_request=0xffffff45 fr.pc=0x000002ce3158dec4 relative=0x00000000000007a4
Event: 24.961 Thread 0x000002ce4799db30 Uncommon trap: reason=unstable_if action=reinterpret pc=0x000002ce3158dec4 method=java.util.concurrent.ConcurrentHashMap.addCount(JI)V @ 34 c2
Event: 24.961 Thread 0x000002ce4799db30 DEOPT PACKING pc=0x000002ce3158dec4 sp=0x000000d9346fe730
Event: 24.961 Thread 0x000002ce4799db30 DEOPT UNPACKING pc=0x000002ce30cf69a3 sp=0x000000d9346fe5e8 mode 2
Event: 25.017 Thread 0x000002ce42cfe1c0 Uncommon trap: trap_request=0xffffffd6 fr.pc=0x000002ce317ac630 relative=0x0000000000000ef0
Event: 25.017 Thread 0x000002ce42cfe1c0 Uncommon trap: reason=array_check action=maybe_recompile pc=0x000002ce317ac630 method=com.google.common.collect.RegularImmutableMap.fromEntryArrayCheckingBucketOverflow(I[Ljava/util/Map$Entry;Z)Lcom/google/common/collect/ImmutableMap; @ 216 c2
Event: 25.017 Thread 0x000002ce42cfe1c0 DEOPT PACKING pc=0x000002ce317ac630 sp=0x000000d9311fe040
Event: 25.017 Thread 0x000002ce42cfe1c0 DEOPT UNPACKING pc=0x000002ce30cf69a3 sp=0x000000d9311fde40 mode 2
Event: 25.018 Thread 0x000002ce42cfe1c0 Uncommon trap: trap_request=0xffffffd6 fr.pc=0x000002ce317ac630 relative=0x0000000000000ef0
Event: 25.018 Thread 0x000002ce42cfe1c0 Uncommon trap: reason=array_check action=maybe_recompile pc=0x000002ce317ac630 method=com.google.common.collect.RegularImmutableMap.fromEntryArrayCheckingBucketOverflow(I[Ljava/util/Map$Entry;Z)Lcom/google/common/collect/ImmutableMap; @ 216 c2
Event: 25.018 Thread 0x000002ce42cfe1c0 DEOPT PACKING pc=0x000002ce317ac630 sp=0x000000d9311fe040
Event: 25.018 Thread 0x000002ce42cfe1c0 DEOPT UNPACKING pc=0x000002ce30cf69a3 sp=0x000000d9311fde40 mode 2

Classes unloaded (0 events):
No events

Classes redefined (0 events):
No events

Internal exceptions (20 events):
Event: 23.531 Thread 0x000002ce43b87750 Exception <a 'java/lang/NoSuchMethodError'{0x0000000748b1e520}: static Lorg/gradle/internal/build/event/types/DefaultTaskStartedProgressEvent;.<clinit>()V> (0x0000000748b1e520) 
thrown [s\src\hotspot\share\prims\jni.cpp, line 1108]
Event: 23.532 Thread 0x000002ce43b87750 Exception <a 'java/lang/NoSuchMethodError'{0x0000000748b2aa28}: static Lorg/gradle/internal/build/event/types/DefaultTaskDescriptor;.<clinit>()V> (0x0000000748b2aa28) 
thrown [s\src\hotspot\share\prims\jni.cpp, line 1108]
Event: 23.544 Thread 0x000002ce4799afe0 Exception <a 'java/lang/IncompatibleClassChangeError'{0x0000000748b4c7c0}: Found class java.lang.Object, but interface was expected> (0x0000000748b4c7c0) 
thrown [s\src\hotspot\share\interpreter\linkResolver.cpp, line 838]
Event: 23.604 Thread 0x000002ce4799afe0 Exception <a 'java/lang/IncompatibleClassChangeError'{0x00000007488c39c0}: Found class java.lang.Object, but interface was expected> (0x00000007488c39c0) 
thrown [s\src\hotspot\share\interpreter\linkResolver.cpp, line 838]
Event: 23.646 Thread 0x000002ce4799afe0 Exception <a 'java/lang/NoSuchMethodError'{0x000000074862b6a0}: 'int java.lang.invoke.DirectMethodHandle$Holder.invokeStaticInit(java.lang.Object, java.lang.Object, java.lang.Object, java.lang.Object, java.lang.Object)'> (0x000000074862b6a0) 
thrown [s\src\hotspot\share\interpreter\linkResolver.cpp, line 771]
Event: 23.671 Thread 0x000002ce43b87750 Exception <a 'java/lang/NoSuchMethodError'{0x00000007486f34c8}: static Lorg/gradle/internal/build/event/types/DefaultTaskFinishedProgressEvent;.<clinit>()V> (0x00000007486f34c8) 
thrown [s\src\hotspot\share\prims\jni.cpp, line 1108]
Event: 23.674 Thread 0x000002ce43b87750 Exception <a 'java/lang/NoSuchMethodError'{0x00000007487353c8}: static Lorg/gradle/internal/build/event/types/DefaultTaskSuccessResult;.<clinit>()V> (0x00000007487353c8) 
thrown [s\src\hotspot\share\prims\jni.cpp, line 1108]
Event: 23.675 Thread 0x000002ce43b87750 Exception <a 'java/lang/NoSuchMethodError'{0x0000000748743268}: static Lorg/gradle/internal/build/event/types/AbstractTaskResult;.<clinit>()V> (0x0000000748743268) 
thrown [s\src\hotspot\share\prims\jni.cpp, line 1108]
Event: 23.748 Thread 0x000002ce4799ee70 Exception <a 'java/lang/NoSuchMethodError'{0x00000007487db3e8}: static Lcom/android/buildanalyzer/common/AndroidGradlePluginAttributionData$BuildInfo;.<clinit>()V> (0x00000007487db3e8) 
thrown [s\src\hotspot\share\prims\jni.cpp, line 1108]
Event: 23.756 Thread 0x000002ce4799ee70 Exception <a 'java/lang/NoSuchMethodError'{0x00000007487f1b40}: static Lcom/android/buildanalyzer/common/AndroidGradlePluginAttributionData$JavaInfo;.<clinit>()V> (0x00000007487f1b40) 
thrown [s\src\hotspot\share\prims\jni.cpp, line 1108]
Event: 23.825 Thread 0x000002ce4799afe0 Exception <a 'sun/nio/fs/WindowsException'{0x000000074d64f248}> (0x000000074d64f248) 
thrown [s\src\hotspot\share\prims\jni.cpp, line 517]
Event: 23.828 Thread 0x000002ce4799ee70 Exception <a 'java/lang/NoSuchMethodError'{0x000000074d69f798}: static [Ljava/lang/String;.<clinit>()V> (0x000000074d69f798) 
thrown [s\src\hotspot\share\prims\jni.cpp, line 1108]
Event: 23.833 Thread 0x000002ce4799ee70 Exception <a 'java/lang/NoSuchMethodError'{0x000000074d6ab400}: static Lcom/android/buildanalyzer/common/AndroidGradlePluginAttributionData$TaskInfo;.<clinit>()V> (0x000000074d6ab400) 
thrown [s\src\hotspot\share\prims\jni.cpp, line 1108]
Event: 23.837 Thread 0x000002ce4799ee70 Exception <a 'java/lang/NoSuchMethodError'{0x000000074d6b8040}: static Lcom/android/buildanalyzer/common/AndroidGradlePluginAttributionData$TaskCategoryInfo;.<clinit>()V> (0x000000074d6b8040) 
thrown [s\src\hotspot\share\prims\jni.cpp, line 1108]
Event: 23.888 Thread 0x000002ce43b87750 Exception <a 'java/lang/NoSuchMethodError'{0x000000074ce3c718}: static Lorg/gradle/internal/build/event/types/DefaultTaskSkippedResult;.<clinit>()V> (0x000000074ce3c718) 
thrown [s\src\hotspot\share\prims\jni.cpp, line 1108]
Event: 24.424 Thread 0x000002ce4799afe0 Exception <a 'java/lang/NoSuchMethodError'{0x000000074c6ef480}: 'void java.lang.invoke.DirectMethodHandle$Holder.invokeStatic(java.lang.Object, java.lang.Object, java.lang.Object, java.lang.Object, int, java.lang.Object, java.lang.Object)'> (0x000000074c6ef480) 
thrown [s\src\hotspot\share\interpreter\linkResolver.cpp, line 771]
Event: 24.462 Thread 0x000002ce45827d20 Exception <a 'java/lang/NoSuchMethodError'{0x000000074c301d08}: 'java.lang.Object java.lang.invoke.DirectMethodHandle$Holder.invokeSpecialIFC(java.lang.Object, java.lang.Object, java.lang.Object)'> (0x000000074c301d08) 
thrown [s\src\hotspot\share\interpreter\linkResolver.cpp, line 771]
Event: 24.462 Thread 0x000002ce45829530 Exception <a 'java/lang/NoSuchMethodError'{0x000000074c309668}: 'java.lang.Object java.lang.invoke.DirectMethodHandle$Holder.invokeSpecialIFC(java.lang.Object, java.lang.Object, java.lang.Object)'> (0x000000074c309668) 
thrown [s\src\hotspot\share\interpreter\linkResolver.cpp, line 771]
Event: 24.462 Thread 0x000002ce4799afe0 Exception <a 'java/lang/NoSuchMethodError'{0x000000074c5e0968}: 'java.lang.Object java.lang.invoke.DirectMethodHandle$Holder.invokeSpecialIFC(java.lang.Object, java.lang.Object, java.lang.Object)'> (0x000000074c5e0968) 
thrown [s\src\hotspot\share\interpreter\linkResolver.cpp, line 771]
Event: 24.462 Thread 0x000002ce4799db30 Exception <a 'java/lang/NoSuchMethodError'{0x000000074c2f09a0}: 'java.lang.Object java.lang.invoke.DirectMethodHandle$Holder.invokeSpecialIFC(java.lang.Object, java.lang.Object, java.lang.Object)'> (0x000000074c2f09a0) 
thrown [s\src\hotspot\share\interpreter\linkResolver.cpp, line 771]

VM Operations (20 events):
Event: 23.468 Executing VM operation: HandshakeAllThreads
Event: 23.468 Executing VM operation: HandshakeAllThreads done
Event: 23.516 Executing VM operation: HandshakeAllThreads
Event: 23.517 Executing VM operation: HandshakeAllThreads done
Event: 23.518 Executing VM operation: HandshakeAllThreads
Event: 23.518 Executing VM operation: HandshakeAllThreads done
Event: 23.619 Executing VM operation: HandshakeAllThreads
Event: 23.619 Executing VM operation: HandshakeAllThreads done
Event: 23.669 Executing VM operation: HandshakeAllThreads
Event: 23.669 Executing VM operation: HandshakeAllThreads done
Event: 23.760 Executing VM operation: G1CollectForAllocation
Event: 23.820 Executing VM operation: G1CollectForAllocation done
Event: 23.963 Executing VM operation: HandshakeAllThreads
Event: 23.964 Executing VM operation: HandshakeAllThreads done
Event: 24.031 Executing VM operation: G1Concurrent
Event: 24.037 Executing VM operation: G1Concurrent done
Event: 24.130 Executing VM operation: G1Concurrent
Event: 24.130 Executing VM operation: G1Concurrent done
Event: 24.672 Executing VM operation: ICBufferFull
Event: 24.672 Executing VM operation: ICBufferFull done

Events (20 events):
Event: 23.751 loading class java/time/Clock
Event: 23.751 loading class java/time/InstantSource
Event: 23.751 loading class java/time/InstantSource done
Event: 23.751 loading class java/time/Clock done
Event: 23.757 loading class java/time/Clock$SystemClock
Event: 23.757 loading class java/time/Clock$SystemClock done
Event: 23.826 loading class java/io/ObjectStreamClass$ExceptionInfo
Event: 23.827 loading class java/io/ObjectStreamClass$ExceptionInfo done
Event: 23.835 Thread 0x000002ce4505c830 Thread exited: 0x000002ce4505c830
Event: 24.300 Thread 0x000002ce45059590 Thread added: 0x000002ce45059590
Event: 24.520 loading class java/util/stream/ReferencePipeline$4
Event: 24.520 loading class java/util/stream/ReferencePipeline$4 done
Event: 24.521 loading class java/util/function/IntBinaryOperator
Event: 24.521 loading class java/util/function/IntBinaryOperator done
Event: 24.521 loading class java/util/stream/ReduceOps$6
Event: 24.521 loading class java/util/stream/ReduceOps$6 done
Event: 24.521 loading class java/util/stream/ReduceOps$5ReducingSink
Event: 24.522 loading class java/util/stream/ReduceOps$5ReducingSink done
Event: 24.522 loading class java/util/stream/ReferencePipeline$4$1
Event: 24.522 loading class java/util/stream/ReferencePipeline$4$1 done


Dynamic libraries:
0x00007ff74f0d0000 - 0x00007ff74f0da000 	D:\app\AndroidStudio\jbr\bin\java.exe
0x00007ffd9d770000 - 0x00007ffd9d968000 	C:\Windows\SYSTEM32\ntdll.dll
0x00007ffd9cbf0000 - 0x00007ffd9ccaf000 	C:\Windows\System32\KERNEL32.DLL
0x00007ffd9b380000 - 0x00007ffd9b652000 	C:\Windows\System32\KERNELBASE.dll
0x00007ffd9ae60000 - 0x00007ffd9af60000 	C:\Windows\System32\ucrtbase.dll
0x00007ffd8c620000 - 0x00007ffd8c63b000 	D:\app\AndroidStudio\jbr\bin\VCRUNTIME140.dll
0x00007ffd8c740000 - 0x00007ffd8c757000 	D:\app\AndroidStudio\jbr\bin\jli.dll
0x00007ffd9d380000 - 0x00007ffd9d521000 	C:\Windows\System32\USER32.dll
0x00007ffd9afb0000 - 0x00007ffd9afd2000 	C:\Windows\System32\win32u.dll
0x00007ffd9d700000 - 0x00007ffd9d72b000 	C:\Windows\System32\GDI32.dll
0x00007ffd9b270000 - 0x00007ffd9b37f000 	C:\Windows\System32\gdi32full.dll
0x00007ffd9b1d0000 - 0x00007ffd9b26d000 	C:\Windows\System32\msvcp_win.dll
0x00007ffd82be0000 - 0x00007ffd82e7a000 	C:\Windows\WinSxS\amd64_microsoft.windows.common-controls_6595b64144ccf1df_6.0.19041.1110_none_60b5254171f9507e\COMCTL32.dll
0x00007ffd9d2e0000 - 0x00007ffd9d37e000 	C:\Windows\System32\msvcrt.dll
0x00007ffd9b980000 - 0x00007ffd9b9b2000 	C:\Windows\System32\IMM32.DLL
0x00007ffd952f0000 - 0x00007ffd952fc000 	D:\app\AndroidStudio\jbr\bin\vcruntime140_1.dll
0x00007ffd79a00000 - 0x00007ffd79a8d000 	D:\app\AndroidStudio\jbr\bin\msvcp140.dll
0x00007ffd5a610000 - 0x00007ffd5b27d000 	D:\app\AndroidStudio\jbr\bin\server\jvm.dll
0x00007ffd9c1f0000 - 0x00007ffd9c29e000 	C:\Windows\System32\ADVAPI32.dll
0x00007ffd9cb50000 - 0x00007ffd9cbec000 	C:\Windows\System32\sechost.dll
0x00007ffd9cf90000 - 0x00007ffd9d0b5000 	C:\Windows\System32\RPCRT4.dll
0x00007ffd85be0000 - 0x00007ffd85be9000 	C:\Windows\SYSTEM32\WSOCK32.dll
0x00007ffd88bc0000 - 0x00007ffd88be7000 	C:\Windows\SYSTEM32\WINMM.dll
0x00007ffd9d530000 - 0x00007ffd9d59b000 	C:\Windows\System32\WS2_32.dll
0x00007ffd93510000 - 0x00007ffd9351a000 	C:\Windows\SYSTEM32\VERSION.dll
0x00007ffd99700000 - 0x00007ffd99712000 	C:\Windows\SYSTEM32\kernel.appcore.dll
0x00007ffd93b20000 - 0x00007ffd93b2a000 	D:\app\AndroidStudio\jbr\bin\jimage.dll
0x00007ffd98c20000 - 0x00007ffd98e04000 	C:\Windows\SYSTEM32\DBGHELP.DLL
0x00007ffd87800000 - 0x00007ffd87835000 	C:\Windows\SYSTEM32\dbgcore.DLL
0x00007ffd9b140000 - 0x00007ffd9b1c2000 	C:\Windows\System32\bcryptPrimitives.dll
0x00007ffd87f30000 - 0x00007ffd87f55000 	D:\app\AndroidStudio\jbr\bin\java.dll
0x00007ffd930c0000 - 0x00007ffd930d8000 	D:\app\AndroidStudio\jbr\bin\zip.dll
0x00007ffd9c2a0000 - 0x00007ffd9c9e5000 	C:\Windows\System32\SHELL32.dll
0x00007ffd98e10000 - 0x00007ffd995a2000 	C:\Windows\SYSTEM32\windows.storage.dll
0x00007ffd9be90000 - 0x00007ffd9c1e5000 	C:\Windows\System32\combase.dll
0x00007ffd9a7e0000 - 0x00007ffd9a810000 	C:\Windows\SYSTEM32\Wldp.dll
0x00007ffd9c9f0000 - 0x00007ffd9ca9d000 	C:\Windows\System32\SHCORE.dll
0x00007ffd9d680000 - 0x00007ffd9d6d5000 	C:\Windows\System32\shlwapi.dll
0x00007ffd9ada0000 - 0x00007ffd9adbf000 	C:\Windows\SYSTEM32\profapi.dll
0x00007ffd90960000 - 0x00007ffd90979000 	D:\app\AndroidStudio\jbr\bin\net.dll
0x00007ffd92480000 - 0x00007ffd9258c000 	C:\Windows\SYSTEM32\WINHTTP.dll
0x00007ffd9a540000 - 0x00007ffd9a5aa000 	C:\Windows\system32\mswsock.dll
0x00007ffd8c7f0000 - 0x00007ffd8c806000 	D:\app\AndroidStudio\jbr\bin\nio.dll
0x00007ffd93800000 - 0x00007ffd93810000 	D:\app\AndroidStudio\jbr\bin\verify.dll
0x00007ffd89c50000 - 0x00007ffd89c77000 	C:\Users\Tafita\.gradle\native\68d5fa5c4cc2d200863cafc0d521ce42e7d3e7ee720ec0a83991735586a16f82\windows-amd64\native-platform.dll
0x00007ffd63720000 - 0x00007ffd63864000 	C:\Users\Tafita\.gradle\native\e376f236ea51e6404a007f0833ffe2c6e607c4080706a723a18a27aeea778392\windows-amd64\native-platform-file-events.dll
0x00007ffd93b10000 - 0x00007ffd93b19000 	D:\app\AndroidStudio\jbr\bin\management.dll
0x00007ffd93920000 - 0x00007ffd9392b000 	D:\app\AndroidStudio\jbr\bin\management_ext.dll
0x00007ffd9d1e0000 - 0x00007ffd9d1e8000 	C:\Windows\System32\PSAPI.DLL
0x00007ffd9a740000 - 0x00007ffd9a758000 	C:\Windows\SYSTEM32\CRYPTSP.dll
0x00007ffd99e60000 - 0x00007ffd99e94000 	C:\Windows\system32\rsaenh.dll
0x00007ffd9b6d0000 - 0x00007ffd9b6f7000 	C:\Windows\System32\bcrypt.dll
0x00007ffd9ad60000 - 0x00007ffd9ad8e000 	C:\Windows\SYSTEM32\USERENV.dll
0x00007ffd9a730000 - 0x00007ffd9a73c000 	C:\Windows\SYSTEM32\CRYPTBASE.dll
0x00007ffd9a230000 - 0x00007ffd9a26b000 	C:\Windows\SYSTEM32\IPHLPAPI.DLL
0x00007ffd9b970000 - 0x00007ffd9b978000 	C:\Windows\System32\NSI.dll
0x00007ffd919a0000 - 0x00007ffd919b7000 	C:\Windows\SYSTEM32\dhcpcsvc6.DLL
0x00007ffd92110000 - 0x00007ffd9212d000 	C:\Windows\SYSTEM32\dhcpcsvc.DLL
0x00007ffd9a270000 - 0x00007ffd9a33b000 	C:\Windows\SYSTEM32\DNSAPI.dll
0x00007ffd937b0000 - 0x00007ffd937b7000 	C:\Windows\system32\wshunix.dll

dbghelp: loaded successfully - version: 4.0.5 - missing functions: none
symbol engine: initialized successfully - sym options: 0x614 - pdb path: .;D:\app\AndroidStudio\jbr\bin;C:\Windows\SYSTEM32;C:\Windows\WinSxS\amd64_microsoft.windows.common-controls_6595b64144ccf1df_6.0.19041.1110_none_60b5254171f9507e;D:\app\AndroidStudio\jbr\bin\server;C:\Users\Tafita\.gradle\native\68d5fa5c4cc2d200863cafc0d521ce42e7d3e7ee720ec0a83991735586a16f82\windows-amd64;C:\Users\Tafita\.gradle\native\e376f236ea51e6404a007f0833ffe2c6e607c4080706a723a18a27aeea778392\windows-amd64

VM Arguments:
jvm_args: --add-opens=java.base/java.util=ALL-UNNAMED --add-opens=java.base/java.lang=ALL-UNNAMED --add-opens=java.base/java.lang.invoke=ALL-UNNAMED --add-opens=java.prefs/java.util.prefs=ALL-UNNAMED --add-opens=java.base/java.nio.charset=ALL-UNNAMED --add-opens=java.base/java.net=ALL-UNNAMED --add-opens=java.base/java.util.concurrent.atomic=ALL-UNNAMED -Xmx3048m -Dfile.encoding=UTF-8 -Duser.country=FR -Duser.language=fr -Duser.variant 
java_command: org.gradle.launcher.daemon.bootstrap.GradleDaemon 8.0
java_class_path (initial): C:\Users\Tafita\.gradle\wrapper\dists\gradle-8.0-bin\ca5e32bp14vu59qr306oxotwh\gradle-8.0\lib\gradle-launcher-8.0.jar
Launcher Type: SUN_STANDARD

[Global flags]
     intx CICompilerCount                          = 3                                         {product} {ergonomic}
     uint ConcGCThreads                            = 1                                         {product} {ergonomic}
     uint G1ConcRefinementThreads                  = 4                                         {product} {ergonomic}
   size_t G1HeapRegionSize                         = 2097152                                   {product} {ergonomic}
    uintx GCDrainStackTargetSize                   = 64                                        {product} {ergonomic}
   size_t InitialHeapSize                          = 201326592                                 {product} {ergonomic}
   size_t MarkStackSize                            = 4194304                                   {product} {ergonomic}
   size_t MaxHeapSize                              = 3196059648                                {product} {command line}
   size_t MaxNewSize                               = 1916796928                                {product} {ergonomic}
   size_t MinHeapDeltaBytes                        = 2097152                                   {product} {ergonomic}
   size_t MinHeapSize                              = 8388608                                   {product} {ergonomic}
    uintx NonNMethodCodeHeapSize                   = 5832780                                {pd product} {ergonomic}
    uintx NonProfiledCodeHeapSize                  = 122912730                              {pd product} {ergonomic}
    uintx ProfiledCodeHeapSize                     = 122912730                              {pd product} {ergonomic}
    uintx ReservedCodeCacheSize                    = 251658240                              {pd product} {ergonomic}
     bool SegmentedCodeCache                       = true                                      {product} {ergonomic}
   size_t SoftMaxHeapSize                          = 3196059648                             {manageable} {ergonomic}
     bool UseCompressedClassPointers               = true                           {product lp64_product} {ergonomic}
     bool UseCompressedOops                        = true                           {product lp64_product} {ergonomic}
     bool UseG1GC                                  = true                                      {product} {ergonomic}
     bool UseLargePagesIndividualAllocation        = false                                  {pd product} {ergonomic}

Logging:
Log output configuration:
 #0: stdout all=warning uptime,level,tags
 #1: stderr all=off uptime,level,tags

Environment Variables:
JAVA_HOME=C:\Program Files\Java\jdk1.8.0_251
CLASSPATH=C:\Program Files (x86)\Java\jdk1.7.0\jre\lib\ext\ojdbc6.jar
PATH=C:\Program Files\Common Files\Oracle\Java\javapath;C:\Program Files (x86)\Common Files\Oracle\Java\javapath;C:\Python311\Scripts\;C:\Python311\;C:\Program Files (x86)\Common Files\Intel\Shared Libraries\redist\intel64\compiler;D:\app\Tafita\product\11.2.0\dbhome_1\bin;C:\Windows\system32;C:\Windows;C:\Windows\System32\Wbem;C:\Windows\System32\WindowsPowerShell\v1.0\;C:\Windows\System32\OpenSSH\;C:\program files (x86)\skype\Phone\;C:\Program Files\Java\jdk1.8.0_251\bin;C:\Program Files\Microsoft SQL Server\Client SDK\ODBC\170\Tools\Binn\;C:\Program Files\dotnet\;C:\Program Files\Microsoft SQL Server\130\Tools\Binn\;C:\Program Files (x86)\Microsoft SQL Server\150\Tools\Binn\;C:\Program Files\Microsoft SQL Server\150\Tools\Binn\;C:\Program Files\Microsoft SQL Server\150\DTS\Binn\;C:\xampp\mysql\bin;D:\Programmes files\Git\cmd;C:\Program Files\MongoDB\Server\3.2\bin;C:\Program Files\PostgreSQL\11\bin;C:\Program Files\MongoDB\Server\6.0\bin;C:\ProgramData\chocolatey\bin;C:\Program Files\nodejs\;C:\Users\Tafita\AppData\Local\Programs\Python\Python38-32\Scripts\;C:\Users\Tafita\AppData\Local\Programs\Python\Python38-32\;C:\Users\Tafita\AppData\Local\Microsoft\WindowsApps;C:\Users\Tafita\AppData\Local\GitHubDesktop\bin;C:\Users\Tafita\.dotnet\tools;C:\Program Files\JetBrains\PyCharm Community Edition 2019.3.3\bin;;C:\Users\Tafita\AppData\Local\Programs\Microsoft VS Code\bin;C:\Program Files\heroku\bin;C:\Users\Tafita\AppData\Roaming\npm;D:\app\IntelliJ IDEA Community Edition 2023.1.1\bin;
USERNAME=Tafita
OS=Windows_NT
PROCESSOR_IDENTIFIER=Intel64 Family 6 Model 61 Stepping 4, GenuineIntel
TMP=C:\Users\Tafita\AppData\Local\Temp
TEMP=C:\Users\Tafita\AppData\Local\Temp



---------------  S Y S T E M  ---------------

OS:
 Windows 10 , 64 bit Build 19041 (10.0.19041.2546)
OS uptime: 40 days 7:12 hours

CPU: total 4 (initial active 4) (2 cores per cpu, 2 threads per core) family 6 model 61 stepping 4 microcode 0x2d, cx8, cmov, fxsr, ht, mmx, 3dnowpref, sse, sse2, sse3, ssse3, sse4.1, sse4.2, popcnt, lzcnt, tsc, tscinvbit, avx, avx2, aes, erms, clmul, bmi1, bmi2, adx, fma, vzeroupper, clflush

Memory: 4k page, system-wide physical 12190M (2026M free)
TotalPageFile size 14238M (AvailPageFile size 5M)
current process WorkingSet (physical memory assigned to process): 430M, peak: 430M
current process commit charge ("private bytes"): 468M, peak: 468M

vm_info: OpenJDK 64-Bit Server VM (17.0.6+0-b2043.56-9586694) for windows-amd64 JRE (17.0.6+0-b2043.56-9586694), built on Feb  9 2023 20:06:20 by "androidbuild" with MS VC++ 16.10 / 16.11 (VS2019)

END.
