#
# There is insufficient memory for the Java Runtime Environment to continue.
# Native memory allocation (mmap) failed to map 488636416 bytes for G1 virtual space
# Possible reasons:
#   The system is out of physical RAM or swap space
#   The process is running with CompressedOops enabled, and the Java Heap may be blocking the growth of the native heap
# Possible solutions:
#   Reduce memory load on the system
#   Increase physical memory or swap space
#   Check if swap backing store is full
#   Decrease Java heap size (-Xmx/-Xms)
#   Decrease number of Java threads
#   Decrease Java thread stack sizes (-Xss)
#   Set larger code cache with -XX:ReservedCodeCacheSize=
#   JVM is running with Zero Based Compressed Oops mode in which the Java heap is
#     placed in the first 32GB address space. The Java Heap base address is the
#     maximum limit for the native heap growth. Please use -XX:HeapBaseMinAddress
#     to set the Java Heap base and to place the Java Heap above 32GB virtual address.
# This output file may be truncated or incomplete.
#
#  Out of Memory Error (os_windows.cpp:3769), pid=11060, tid=23588
#
# JRE version: OpenJDK Runtime Environment (17.0.6) (build 17.0.6+0-b2043.56-9586694)
# Java VM: OpenJDK 64-Bit Server VM (17.0.6+0-b2043.56-9586694, mixed mode, tiered, compressed oops, compressed class ptrs, g1 gc, windows-amd64)
# No core dump will be written. Minidumps are not enabled by default on client versions of Windows
#

---------------  S U M M A R Y ------------

Command Line: --add-opens=java.base/java.util=ALL-UNNAMED --add-opens=java.base/java.lang=ALL-UNNAMED --add-opens=java.base/java.lang.invoke=ALL-UNNAMED --add-opens=java.prefs/java.util.prefs=ALL-UNNAMED --add-opens=java.base/java.nio.charset=ALL-UNNAMED --add-opens=java.base/java.net=ALL-UNNAMED --add-opens=java.base/java.util.concurrent.atomic=ALL-UNNAMED -Xmx3048m -Dfile.encoding=UTF-8 -Duser.country=FR -Duser.language=fr -Duser.variant org.gradle.launcher.daemon.bootstrap.GradleDaemon 8.0

Host: Intel(R) Core(TM) i5-5200U CPU @ 2.20GHz, 4 cores, 11G,  Windows 10 , 64 bit Build 19041 (10.0.19041.2546)
Time: Tue Aug  1 16:45:27 2023 Afrique de l, 64 bit Build 19041 (10.0.19041.2546) elapsed time: 14179.509539 seconds (0d 3h 56m 19s)

---------------  T H R E A D  ---------------

Current thread (0x000001e3b2d99110):  VMThread "VM Thread" [stack: 0x0000004c8c400000,0x0000004c8c500000] [id=23588]

Stack: [0x0000004c8c400000,0x0000004c8c500000]
Native frames: (J=compiled Java code, j=interpreted, Vv=VM code, C=native code)
V  [jvm.dll+0x683b4a]
V  [jvm.dll+0x842654]
V  [jvm.dll+0x843dfe]
V  [jvm.dll+0x844463]
V  [jvm.dll+0x249b75]
V  [jvm.dll+0x680a19]
V  [jvm.dll+0x674f0a]
V  [jvm.dll+0x309acb]
V  [jvm.dll+0x310f86]
V  [jvm.dll+0x3608ee]
V  [jvm.dll+0x360b1f]
V  [jvm.dll+0x2dfbf8]
V  [jvm.dll+0x2ddec4]
V  [jvm.dll+0x2dd4cc]
V  [jvm.dll+0x322261]
V  [jvm.dll+0x84893b]
V  [jvm.dll+0x849674]
V  [jvm.dll+0x849b8d]
V  [jvm.dll+0x849f64]
V  [jvm.dll+0x84a030]
V  [jvm.dll+0x7f25fa]
V  [jvm.dll+0x682985]
C  [ucrtbase.dll+0x21bb2]
C  [KERNEL32.DLL+0x17614]
C  [ntdll.dll+0x526a1]

VM_Operation (0x0000004c931fd6a0): G1TryInitiateConcMark, mode: safepoint, requested by thread 0x000001e3c01e3230


---------------  P R O C E S S  ---------------

Threads class SMR info:
_java_thread_list=0x000001e3c3c864c0, length=111, elements={
0x000001e397281510, 0x000001e3b3814630, 0x000001e3b3819be0, 0x000001e3b2dab4c0,
0x000001e3b2dacd90, 0x000001e3b2daddf0, 0x000001e3b2dae6b0, 0x000001e3b2dafaf0,
0x000001e3b383c4e0, 0x000001e3b383fd30, 0x000001e3b39cb020, 0x000001e3b39d3920,
0x000001e3b64631b0, 0x000001e3b4bbc940, 0x000001e3b63c3840, 0x000001e3b5c6ba30,
0x000001e3b5c6abc0, 0x000001e3b5c69880, 0x000001e3b5c6bf00, 0x000001e3b5c6b090,
0x000001e3b5c68ee0, 0x000001e3b63889f0, 0x000001e3b638b540, 0x000001e3b638a200,
0x000001e3b6385500, 0x000001e3b6385ea0, 0x000001e3b7b288a0, 0x000001e3b7b25d50,
0x000001e3be365070, 0x000001e3be366d50, 0x000001e3be36c8c0, 0x000001e3be36b580,
0x000001e3b8db7ba0, 0x000001e3be3663b0, 0x000001e3be8f3c40, 0x000001e3bc12f080,
0x000001e3be5de0d0, 0x000001e3bc6d8d30, 0x000001e3bc6d2820, 0x000001e3bc6d4030,
0x000001e3bc6d49d0, 0x000001e3bc6d5370, 0x000001e3bc6d1e80, 0x000001e3be5dfdb0,
0x000001e3be8d2730, 0x000001e3be8d48e0, 0x000001e3be8d18c0, 0x000001e3bc12dd40,
0x000001e3bc6d7050, 0x000001e3be8d35a0, 0x000001e3be8d3a70, 0x000001e3be8d1d90,
0x000001e3b3c931b0, 0x000001e3b3c93b50, 0x000001e3b3c94020, 0x000001e3b3c95360,
0x000001e3b3c919a0, 0x000001e3beb51e60, 0x000001e3beb52330, 0x000001e3beb52800,
0x000001e3beb54e80, 0x000001e3beb53670, 0x000001e3beb54010, 0x000001e3beb544e0,
0x000001e3beb53b40, 0x000001e3beb52cd0, 0x000001e3beb531a0, 0x000001e3beb51990,
0x000001e3beb549b0, 0x000001e3beb514c0, 0x000001e3bbfd6a20, 0x000001e3bbfd3a00,
0x000001e3bbfd43a0, 0x000001e3bbfd4d40, 0x000001e3bbfd6550, 0x000001e3bbfd3ed0,
0x000001e3bbfd4870, 0x000001e3bbfd5bb0, 0x000001e3bbfd5210, 0x000001e3bbfd56e0,
0x000001e3bbfd3060, 0x000001e3bbfd3530, 0x000001e3bbfd6080, 0x000001e3c01e40a0,
0x000001e3c01e1080, 0x000001e3c01e2d60, 0x000001e3c01e1550, 0x000001e3c01e1a20,
0x000001e3c01e4570, 0x000001e3c01e1ef0, 0x000001e3bc6d5d10, 0x000001e3bc6d61e0,
0x000001e3bc6d5840, 0x000001e3be5dc3f0, 0x000001e3bc6d2cf0, 0x000001e3bc6d31c0,
0x000001e3bc6d3b60, 0x000001e3be5dcd90, 0x000001e3bc6d9200, 0x000001e3bc6d66b0,
0x000001e3bc6d8390, 0x000001e3c01e23c0, 0x000001e3c01e2890, 0x000001e3c01e3230,
0x000001e3c01e3700, 0x000001e3be5dd260, 0x000001e3be5dd730, 0x000001e3be5de5a0,
0x000001e3be5ddc00, 0x000001e3b3fc1e60, 0x000001e3b3c6dce0
}

Java Threads: ( => current thread )
  0x000001e397281510 JavaThread "main" [_thread_blocked, id=18332, stack(0x0000004c8be00000,0x0000004c8bf00000)]
  0x000001e3b3814630 JavaThread "Reference Handler" daemon [_thread_blocked, id=19464, stack(0x0000004c8c500000,0x0000004c8c600000)]
  0x000001e3b3819be0 JavaThread "Finalizer" daemon [_thread_blocked, id=23656, stack(0x0000004c8c600000,0x0000004c8c700000)]
  0x000001e3b2dab4c0 JavaThread "Signal Dispatcher" daemon [_thread_blocked, id=22308, stack(0x0000004c8c700000,0x0000004c8c800000)]
  0x000001e3b2dacd90 JavaThread "Attach Listener" daemon [_thread_blocked, id=24516, stack(0x0000004c8c800000,0x0000004c8c900000)]
  0x000001e3b2daddf0 JavaThread "Service Thread" daemon [_thread_blocked, id=16316, stack(0x0000004c8c900000,0x0000004c8ca00000)]
  0x000001e3b2dae6b0 JavaThread "Monitor Deflation Thread" daemon [_thread_blocked, id=16068, stack(0x0000004c8ca00000,0x0000004c8cb00000)]
  0x000001e3b2dafaf0 JavaThread "C2 CompilerThread0" daemon [_thread_blocked, id=24524, stack(0x0000004c8cb00000,0x0000004c8cc00000)]
  0x000001e3b383c4e0 JavaThread "C1 CompilerThread0" daemon [_thread_blocked, id=1312, stack(0x0000004c8cc00000,0x0000004c8cd00000)]
  0x000001e3b383fd30 JavaThread "Sweeper thread" daemon [_thread_blocked, id=14308, stack(0x0000004c8cd00000,0x0000004c8ce00000)]
  0x000001e3b39cb020 JavaThread "Common-Cleaner" daemon [_thread_blocked, id=22836, stack(0x0000004c8ce00000,0x0000004c8cf00000)]
  0x000001e3b39d3920 JavaThread "Notification Thread" daemon [_thread_blocked, id=22192, stack(0x0000004c8cf00000,0x0000004c8d000000)]
  0x000001e3b64631b0 JavaThread "Daemon health stats" [_thread_blocked, id=14956, stack(0x0000004c8d500000,0x0000004c8d600000)]
  0x000001e3b4bbc940 JavaThread "Incoming local TCP Connector on port 58671" [_thread_in_native, id=18176, stack(0x0000004c8d600000,0x0000004c8d700000)]
  0x000001e3b63c3840 JavaThread "Daemon periodic checks" [_thread_blocked, id=276, stack(0x0000004c8d700000,0x0000004c8d800000)]
  0x000001e3b5c6ba30 JavaThread "Cache worker for journal cache (C:\Users\Tafita\.gradle\caches\journal-1)" [_thread_blocked, id=24204, stack(0x0000004c8d100000,0x0000004c8d200000)]
  0x000001e3b5c6abc0 JavaThread "File lock request listener" [_thread_in_native, id=8620, stack(0x0000004c8df00000,0x0000004c8e000000)]
  0x000001e3b5c69880 JavaThread "Cache worker for file hash cache (C:\Users\Tafita\.gradle\caches\8.0\fileHashes)" [_thread_blocked, id=12160, stack(0x0000004c8e000000,0x0000004c8e100000)]
  0x000001e3b5c6bf00 JavaThread "File watcher server" daemon [_thread_blocked, id=7792, stack(0x0000004c8e200000,0x0000004c8e300000)]
  0x000001e3b5c6b090 JavaThread "File watcher consumer" daemon [_thread_blocked, id=2888, stack(0x0000004c8e300000,0x0000004c8e400000)]
  0x000001e3b5c68ee0 JavaThread "Cache worker for file content cache (C:\Users\Tafita\.gradle\caches\8.0\fileContent)" [_thread_blocked, id=2672, stack(0x0000004c8e600000,0x0000004c8e700000)]
  0x000001e3b63889f0 JavaThread "Cache worker for execution history cache (C:\Users\Tafita\.gradle\caches\8.0\executionHistory)" [_thread_blocked, id=8772, stack(0x0000004c8e900000,0x0000004c8ea00000)]
  0x000001e3b638b540 JavaThread "jar transforms" [_thread_blocked, id=17568, stack(0x0000004c8ea00000,0x0000004c8eb00000)]
  0x000001e3b638a200 JavaThread "jar transforms Thread 2" [_thread_blocked, id=20848, stack(0x0000004c8eb00000,0x0000004c8ec00000)]
  0x000001e3b6385500 JavaThread "jar transforms Thread 3" [_thread_blocked, id=10780, stack(0x0000004c8ee00000,0x0000004c8ef00000)]
  0x000001e3b6385ea0 JavaThread "jar transforms Thread 4" [_thread_blocked, id=660, stack(0x0000004c8ef00000,0x0000004c8f000000)]
  0x000001e3b7b288a0 JavaThread "Memory manager" [_thread_blocked, id=6596, stack(0x0000004c91b00000,0x0000004c91c00000)]
  0x000001e3b7b25d50 JavaThread "pool-3-thread-1" [_thread_blocked, id=17412, stack(0x0000004c91c00000,0x0000004c91d00000)]
  0x000001e3be365070 JavaThread "pool-6-thread-1" [_thread_blocked, id=6672, stack(0x0000004c91900000,0x0000004c91a00000)]
  0x000001e3be366d50 JavaThread "RMI Scheduler(0)" daemon [_thread_blocked, id=9748, stack(0x0000004c92400000,0x0000004c92500000)]
  0x000001e3be36c8c0 JavaThread "RMI TCP Accept-0" daemon [_thread_in_native, id=7752, stack(0x0000004c92700000,0x0000004c92800000)]
  0x000001e3be36b580 JavaThread "Cache worker for Java compile cache (C:\Users\Tafita\.gradle\caches\8.0\javaCompile)" [_thread_blocked, id=20556, stack(0x0000004c92a00000,0x0000004c92b00000)]
  0x000001e3b8db7ba0 JavaThread "pool-10-thread-1" [_thread_blocked, id=20444, stack(0x0000004c91a00000,0x0000004c91b00000)]
  0x000001e3be3663b0 JavaThread "pool-13-thread-1" [_thread_blocked, id=1696, stack(0x0000004c91d00000,0x0000004c91e00000)]
  0x000001e3be8f3c40 JavaThread "pool-18-thread-1" [_thread_blocked, id=13764, stack(0x0000004c91e00000,0x0000004c91f00000)]
  0x000001e3bc12f080 JavaThread "pool-22-thread-1" [_thread_blocked, id=22120, stack(0x0000004c91f00000,0x0000004c92000000)]
  0x000001e3be5de0d0 JavaThread "Daemon Thread 7" [_thread_blocked, id=14124, stack(0x0000004c8bd00000,0x0000004c8be00000)]
  0x000001e3bc6d8d30 JavaThread "Handler for socket connection from /127.0.0.1:58671 to /127.0.0.1:51489" [_thread_in_native, id=16956, stack(0x0000004c8d800000,0x0000004c8d900000)]
  0x000001e3bc6d2820 JavaThread "Cancel handler" [_thread_blocked, id=23240, stack(0x0000004c8d900000,0x0000004c8da00000)]
  0x000001e3bc6d4030 JavaThread "Daemon worker Thread 7" [_thread_blocked, id=22428, stack(0x0000004c8da00000,0x0000004c8db00000)]
  0x000001e3bc6d49d0 JavaThread "Asynchronous log dispatcher for DefaultDaemonConnection: socket connection from /127.0.0.1:58671 to /127.0.0.1:51489" [_thread_blocked, id=22704, stack(0x0000004c8db00000,0x0000004c8dc00000)]
  0x000001e3bc6d5370 JavaThread "Stdin handler" [_thread_blocked, id=19964, stack(0x0000004c8dc00000,0x0000004c8dd00000)]
  0x000001e3bc6d1e80 JavaThread "Daemon client event forwarder" [_thread_blocked, id=23600, stack(0x0000004c8dd00000,0x0000004c8de00000)]
  0x000001e3be5dfdb0 JavaThread "Cache worker for checksums cache (C:\Users\Tafita\AndroidStudioProjects\TourismeMadagascar\.gradle\8.0\checksums)" [_thread_blocked, id=14120, stack(0x0000004c8de00000,0x0000004c8df00000)]
  0x000001e3be8d2730 JavaThread "Cache worker for cache directory md-rule (C:\Users\Tafita\.gradle\caches\8.0\md-rule)" [_thread_blocked, id=10544, stack(0x0000004c8e100000,0x0000004c8e200000)]
  0x000001e3be8d48e0 JavaThread "Cache worker for file hash cache (C:\Users\Tafita\AndroidStudioProjects\TourismeMadagascar\.gradle\8.0\fileHashes)" [_thread_blocked, id=952, stack(0x0000004c8e400000,0x0000004c8e500000)]
  0x000001e3be8d18c0 JavaThread "Cache worker for cache directory md-supplier (C:\Users\Tafita\.gradle\caches\8.0\md-supplier)" [_thread_blocked, id=7468, stack(0x0000004c8e500000,0x0000004c8e600000)]
  0x000001e3bc12dd40 JavaThread "Cache worker for dependencies-accessors (C:\Users\Tafita\AndroidStudioProjects\TourismeMadagascar\.gradle\8.0\dependencies-accessors)" [_thread_blocked, id=11840, stack(0x0000004c8e700000,0x0000004c8e800000)]
  0x000001e3bc6d7050 JavaThread "Cache worker for Build Output Cleanup Cache (C:\Users\Tafita\AndroidStudioProjects\TourismeMadagascar\.gradle\buildOutputCleanup)" [_thread_blocked, id=12236, stack(0x0000004c8e800000,0x0000004c8e900000)]
  0x000001e3be8d35a0 JavaThread "Unconstrained build operations" [_thread_blocked, id=8372, stack(0x0000004c8f100000,0x0000004c8f200000)]
  0x000001e3be8d3a70 JavaThread "Unconstrained build operations Thread 2" [_thread_blocked, id=25000, stack(0x0000004c8f200000,0x0000004c8f300000)]
  0x000001e3be8d1d90 JavaThread "Unconstrained build operations Thread 3" [_thread_blocked, id=25240, stack(0x0000004c8f300000,0x0000004c8f400000)]
  0x000001e3b3c931b0 JavaThread "Unconstrained build operations Thread 4" [_thread_blocked, id=13324, stack(0x0000004c8f400000,0x0000004c8f500000)]
  0x000001e3b3c93b50 JavaThread "Unconstrained build operations Thread 5" [_thread_blocked, id=13752, stack(0x0000004c8f500000,0x0000004c8f600000)]
  0x000001e3b3c94020 JavaThread "Unconstrained build operations Thread 6" [_thread_blocked, id=7248, stack(0x0000004c8f600000,0x0000004c8f700000)]
  0x000001e3b3c95360 JavaThread "Unconstrained build operations Thread 7" [_thread_blocked, id=19624, stack(0x0000004c8f700000,0x0000004c8f800000)]
  0x000001e3b3c919a0 JavaThread "Unconstrained build operations Thread 8" [_thread_blocked, id=25440, stack(0x0000004c8f800000,0x0000004c8f900000)]
  0x000001e3beb51e60 JavaThread "Unconstrained build operations Thread 9" [_thread_blocked, id=23208, stack(0x0000004c8f900000,0x0000004c8fa00000)]
  0x000001e3beb52330 JavaThread "Unconstrained build operations Thread 10" [_thread_blocked, id=8644, stack(0x0000004c8fa00000,0x0000004c8fb00000)]
  0x000001e3beb52800 JavaThread "Unconstrained build operations Thread 11" [_thread_blocked, id=22484, stack(0x0000004c8fb00000,0x0000004c8fc00000)]
  0x000001e3beb54e80 JavaThread "Unconstrained build operations Thread 12" [_thread_blocked, id=21404, stack(0x0000004c8fc00000,0x0000004c8fd00000)]
  0x000001e3beb53670 JavaThread "Unconstrained build operations Thread 13" [_thread_blocked, id=272, stack(0x0000004c8fd00000,0x0000004c8fe00000)]
  0x000001e3beb54010 JavaThread "Unconstrained build operations Thread 14" [_thread_blocked, id=13292, stack(0x0000004c8fe00000,0x0000004c8ff00000)]
  0x000001e3beb544e0 JavaThread "Unconstrained build operations Thread 15" [_thread_blocked, id=11856, stack(0x0000004c8ff00000,0x0000004c90000000)]
  0x000001e3beb53b40 JavaThread "Unconstrained build operations Thread 16" [_thread_blocked, id=7892, stack(0x0000004c90000000,0x0000004c90100000)]
  0x000001e3beb52cd0 JavaThread "Unconstrained build operations Thread 17" [_thread_blocked, id=20860, stack(0x0000004c90100000,0x0000004c90200000)]
  0x000001e3beb531a0 JavaThread "Unconstrained build operations Thread 18" [_thread_blocked, id=1624, stack(0x0000004c90200000,0x0000004c90300000)]
  0x000001e3beb51990 JavaThread "Unconstrained build operations Thread 19" [_thread_blocked, id=24680, stack(0x0000004c90300000,0x0000004c90400000)]
  0x000001e3beb549b0 JavaThread "Unconstrained build operations Thread 20" [_thread_blocked, id=1060, stack(0x0000004c90400000,0x0000004c90500000)]
  0x000001e3beb514c0 JavaThread "Unconstrained build operations Thread 21" [_thread_blocked, id=22032, stack(0x0000004c90500000,0x0000004c90600000)]
  0x000001e3bbfd6a20 JavaThread "Unconstrained build operations Thread 22" [_thread_blocked, id=11300, stack(0x0000004c90600000,0x0000004c90700000)]
  0x000001e3bbfd3a00 JavaThread "Unconstrained build operations Thread 23" [_thread_blocked, id=15024, stack(0x0000004c90700000,0x0000004c90800000)]
  0x000001e3bbfd43a0 JavaThread "Unconstrained build operations Thread 24" [_thread_blocked, id=19820, stack(0x0000004c90800000,0x0000004c90900000)]
  0x000001e3bbfd4d40 JavaThread "Unconstrained build operations Thread 25" [_thread_blocked, id=13488, stack(0x0000004c90900000,0x0000004c90a00000)]
  0x000001e3bbfd6550 JavaThread "Unconstrained build operations Thread 26" [_thread_blocked, id=11248, stack(0x0000004c90a00000,0x0000004c90b00000)]
  0x000001e3bbfd3ed0 JavaThread "Unconstrained build operations Thread 27" [_thread_blocked, id=23260, stack(0x0000004c90b00000,0x0000004c90c00000)]
  0x000001e3bbfd4870 JavaThread "Unconstrained build operations Thread 28" [_thread_blocked, id=18600, stack(0x0000004c90c00000,0x0000004c90d00000)]
  0x000001e3bbfd5bb0 JavaThread "Unconstrained build operations Thread 29" [_thread_blocked, id=7972, stack(0x0000004c90d00000,0x0000004c90e00000)]
  0x000001e3bbfd5210 JavaThread "Unconstrained build operations Thread 30" [_thread_blocked, id=18492, stack(0x0000004c90e00000,0x0000004c90f00000)]
  0x000001e3bbfd56e0 JavaThread "Unconstrained build operations Thread 31" [_thread_blocked, id=11124, stack(0x0000004c90f00000,0x0000004c91000000)]
  0x000001e3bbfd3060 JavaThread "Unconstrained build operations Thread 32" [_thread_blocked, id=18496, stack(0x0000004c91000000,0x0000004c91100000)]
  0x000001e3bbfd3530 JavaThread "Unconstrained build operations Thread 33" [_thread_blocked, id=17720, stack(0x0000004c91100000,0x0000004c91200000)]
  0x000001e3bbfd6080 JavaThread "Unconstrained build operations Thread 34" [_thread_blocked, id=8484, stack(0x0000004c91200000,0x0000004c91300000)]
  0x000001e3c01e40a0 JavaThread "Unconstrained build operations Thread 35" [_thread_blocked, id=2480, stack(0x0000004c91300000,0x0000004c91400000)]
  0x000001e3c01e1080 JavaThread "Unconstrained build operations Thread 36" [_thread_blocked, id=22384, stack(0x0000004c91400000,0x0000004c91500000)]
  0x000001e3c01e2d60 JavaThread "Unconstrained build operations Thread 37" [_thread_blocked, id=2908, stack(0x0000004c91500000,0x0000004c91600000)]
  0x000001e3c01e1550 JavaThread "Unconstrained build operations Thread 38" [_thread_blocked, id=23884, stack(0x0000004c91600000,0x0000004c91700000)]
  0x000001e3c01e1a20 JavaThread "Unconstrained build operations Thread 39" [_thread_blocked, id=13628, stack(0x0000004c91700000,0x0000004c91800000)]
  0x000001e3c01e4570 JavaThread "Unconstrained build operations Thread 40" [_thread_blocked, id=17740, stack(0x0000004c91800000,0x0000004c91900000)]
  0x000001e3c01e1ef0 JavaThread "build event listener" [_thread_blocked, id=18816, stack(0x0000004c92000000,0x0000004c92100000)]
  0x000001e3bc6d5d10 JavaThread "pool-25-thread-1" [_thread_blocked, id=12896, stack(0x0000004c92100000,0x0000004c92200000)]
  0x000001e3bc6d61e0 JavaThread "build event listener" [_thread_blocked, id=22900, stack(0x0000004c92200000,0x0000004c92300000)]
  0x000001e3bc6d5840 JavaThread "included builds" [_thread_blocked, id=24380, stack(0x0000004c92500000,0x0000004c92600000)]
  0x000001e3be5dc3f0 JavaThread "Execution worker" [_thread_blocked, id=14112, stack(0x0000004c92600000,0x0000004c92700000)]
  0x000001e3bc6d2cf0 JavaThread "Execution worker Thread 2" [_thread_blocked, id=22152, stack(0x0000004c92800000,0x0000004c92900000)]
  0x000001e3bc6d31c0 JavaThread "Execution worker Thread 3" [_thread_blocked, id=8860, stack(0x0000004c92900000,0x0000004c92a00000)]
  0x000001e3bc6d3b60 JavaThread "Cache worker for execution history cache (C:\Users\Tafita\AndroidStudioProjects\TourismeMadagascar\.gradle\8.0\executionHistory)" [_thread_blocked, id=22020, stack(0x0000004c92b00000,0x0000004c92c00000)]
  0x000001e3be5dcd90 JavaThread "WorkerExecutor Queue" [_thread_blocked, id=15068, stack(0x0000004c8f000000,0x0000004c8f100000)]
  0x000001e3bc6d9200 JavaThread "RMI RenewClean-[127.0.0.1:17742,org.jetbrains.kotlin.daemon.common.LoopbackNetworkInterface$ClientLoopbackSocketFactory@4611671b]" daemon [_thread_blocked, id=18124, stack(0x0000004c92d00000,0x0000004c92e00000)]
  0x000001e3bc6d66b0 JavaThread "RMI GC Daemon" daemon [_thread_blocked, id=14844, stack(0x0000004c92e00000,0x0000004c92f00000)]
  0x000001e3bc6d8390 JavaThread "RMI Reaper" [_thread_blocked, id=7796, stack(0x0000004c92c00000,0x0000004c92d00000)]
  0x000001e3c01e23c0 JavaThread "RMI TCP Connection(31)-127.0.0.1" daemon [_thread_in_native, id=23900, stack(0x0000004c92f00000,0x0000004c93000000)]
  0x000001e3c01e2890 JavaThread "WorkerExecutor Queue Thread 2" [_thread_blocked, id=10192, stack(0x0000004c93000000,0x0000004c93100000)]
  0x000001e3c01e3230 JavaThread "WorkerExecutor Queue Thread 3" [_thread_blocked, id=21944, stack(0x0000004c93100000,0x0000004c93200000)]
  0x000001e3c01e3700 JavaThread "WorkerExecutor Queue Thread 4" [_thread_blocked, id=12212, stack(0x0000004c93200000,0x0000004c93300000)]
  0x000001e3be5dd260 JavaThread "Build operations" [_thread_blocked, id=18908, stack(0x0000004c93300000,0x0000004c93400000)]
  0x000001e3be5dd730 JavaThread "Build operations Thread 2" [_thread_blocked, id=13960, stack(0x0000004c93400000,0x0000004c93500000)]
  0x000001e3be5de5a0 JavaThread "Build operations Thread 3" [_thread_blocked, id=22540, stack(0x0000004c93500000,0x0000004c93600000)]
  0x000001e3be5ddc00 JavaThread "Build operations Thread 4" [_thread_blocked, id=18444, stack(0x0000004c93600000,0x0000004c93700000)]
  0x000001e3b3fc1e60 JavaThread "WorkerExecutor Queue Thread 5" [_thread_blocked, id=9024, stack(0x0000004c93700000,0x0000004c93800000)]
  0x000001e3b3c6dce0 JavaThread "C2 CompilerThread1" daemon [_thread_blocked, id=23912, stack(0x0000004c93800000,0x0000004c93900000)]

Other Threads:
=>0x000001e3b2d99110 VMThread "VM Thread" [stack: 0x0000004c8c400000,0x0000004c8c500000] [id=23588]
  0x000001e3b39d6210 WatcherThread [stack: 0x0000004c8d000000,0x0000004c8d100000] [id=18116]
  0x000001e3972d69e0 GCTaskThread "GC Thread#0" [stack: 0x0000004c8bf00000,0x0000004c8c000000] [id=21384]
  0x000001e3b3b6c380 GCTaskThread "GC Thread#1" [stack: 0x0000004c8d200000,0x0000004c8d300000] [id=23148]
  0x000001e3b3b6c630 GCTaskThread "GC Thread#2" [stack: 0x0000004c8d300000,0x0000004c8d400000] [id=1512]
  0x000001e3b3b6c8e0 GCTaskThread "GC Thread#3" [stack: 0x0000004c8d400000,0x0000004c8d500000] [id=14904]
  0x000001e3972e45c0 ConcurrentGCThread "G1 Main Marker" [stack: 0x0000004c8c000000,0x0000004c8c100000] [id=15452]
  0x000001e3972e4de0 ConcurrentGCThread "G1 Conc#0" [stack: 0x0000004c8c100000,0x0000004c8c200000] [id=10844]
  0x000001e3973446b0 ConcurrentGCThread "G1 Refine#0" [stack: 0x0000004c8c200000,0x0000004c8c300000] [id=16148]
  0x000001e3b5223f00 ConcurrentGCThread "G1 Refine#1" [stack: 0x0000004c8ec00000,0x0000004c8ed00000] [id=13404]
  0x000001e3b8d39010 ConcurrentGCThread "G1 Refine#2" [stack: 0x0000004c8ed00000,0x0000004c8ee00000] [id=3912]
  0x000001e3bbd88760 ConcurrentGCThread "G1 Refine#3" [stack: 0x0000004c92300000,0x0000004c92400000] [id=17480]
  0x000001e397344ee0 ConcurrentGCThread "G1 Service" [stack: 0x0000004c8c300000,0x0000004c8c400000] [id=9232]

Threads with active compile tasks:
C2 CompilerThread0  14179701 29997       4       com.android.tools.r8.dex.code.O::a (3284 bytes)
C2 CompilerThread1  14179701 30013       4       com.android.tools.r8.graph.d0::equals (52 bytes)

VM state: at safepoint (normal execution)

VM Mutex/Monitor currently owned by a thread:  ([mutex/lock_event])
[0x000001e39727aed0] Threads_lock - owner thread: 0x000001e3b2d99110
[0x000001e39727c3a0] Heap_lock - owner thread: 0x000001e3c01e3230

Heap address: 0x0000000741800000, size: 3048 MB, Compressed Oops mode: Zero based, Oop shift amount: 3

CDS archive(s) not mapped
Compressed class space mapped at: 0x0000000800000000-0x0000000840000000, reserved size: 1073741824
Narrow klass base: 0x0000000800000000, Narrow klass shift: 0, Narrow klass range: 0x40000000

GC Precious Log:
 CPUs: 4 total, 4 available
 Memory: 12190M
 Large Page Support: Disabled
 NUMA Support: Disabled
 Compressed Oops: Enabled (Zero based)
 Heap Region Size: 2M
 Heap Min Capacity: 8M
 Heap Initial Capacity: 192M
 Heap Max Capacity: 3048M
 Pre-touch: Disabled
 Parallel Workers: 4
 Concurrent Workers: 1
 Concurrent Refinement Workers: 4
 Periodic GC: Disabled

Heap:
 garbage-first heap   total 448512K, used 283504K [0x0000000741800000, 0x0000000800000000)
  region size 2048K, 2 young (4096K), 2 survivors (4096K)
 Metaspace       used 171362K, committed 172608K, reserved 1204224K
  class space    used 22278K, committed 22976K, reserved 1048576K

Heap Regions: E=young(eden), S=young(survivor), O=old, HS=humongous(starts), HC=humongous(continues), CS=collection set, F=free, OA=open archive, CA=closed archive, TAMS=top-at-mark-start (previous, next)
|   0|0x0000000741800000, 0x0000000741a00000, 0x0000000741a00000|100%| O|  |TAMS 0x0000000741a00000, 0x0000000741a00000| Untracked 
|   1|0x0000000741a00000, 0x0000000741c00000, 0x0000000741c00000|100%|HS|  |TAMS 0x0000000741c00000, 0x0000000741c00000| Complete 
|   2|0x0000000741c00000, 0x0000000741e00000, 0x0000000741e00000|100%|HC|  |TAMS 0x0000000741e00000, 0x0000000741e00000| Complete 
|   3|0x0000000741e00000, 0x0000000741fffff8, 0x0000000742000000| 99%| O|  |TAMS 0x0000000741fffff8, 0x0000000741fffff8| Untracked 
|   4|0x0000000742000000, 0x0000000742200000, 0x0000000742200000|100%| O|  |TAMS 0x0000000742200000, 0x0000000742200000| Untracked 
|   5|0x0000000742200000, 0x00000007423fffe8, 0x0000000742400000| 99%| O|  |TAMS 0x00000007423fffe8, 0x00000007423fffe8| Untracked 
|   6|0x0000000742400000, 0x00000007425e8bf8, 0x0000000742600000| 95%| O|  |TAMS 0x00000007425e8bf8, 0x00000007425e8bf8| Untracked 
|   7|0x0000000742600000, 0x00000007427ffff8, 0x0000000742800000| 99%| O|  |TAMS 0x00000007427ffff8, 0x00000007427ffff8| Untracked 
|   8|0x0000000742800000, 0x0000000742a00000, 0x0000000742a00000|100%| O|  |TAMS 0x0000000742a00000, 0x0000000742a00000| Untracked 
|   9|0x0000000742a00000, 0x0000000742bffff8, 0x0000000742c00000| 99%| O|  |TAMS 0x0000000742bffff8, 0x0000000742bffff8| Untracked 
|  10|0x0000000742c00000, 0x0000000742dffff8, 0x0000000742e00000| 99%| O|  |TAMS 0x0000000742dffff8, 0x0000000742dffff8| Untracked 
|  11|0x0000000742e00000, 0x0000000743000000, 0x0000000743000000|100%| O|  |TAMS 0x0000000743000000, 0x0000000743000000| Untracked 
|  12|0x0000000743000000, 0x0000000743200000, 0x0000000743200000|100%| O|  |TAMS 0x0000000743200000, 0x0000000743200000| Untracked 
|  13|0x0000000743200000, 0x00000007433e1dc8, 0x0000000743400000| 94%| O|  |TAMS 0x00000007433e1dc8, 0x00000007433e1dc8| Untracked 
|  14|0x0000000743400000, 0x00000007435ffff0, 0x0000000743600000| 99%| O|  |TAMS 0x00000007435ffff0, 0x00000007435ffff0| Untracked 
|  15|0x0000000743600000, 0x0000000743800000, 0x0000000743800000|100%|HS|  |TAMS 0x0000000743800000, 0x0000000743800000| Complete 
|  16|0x0000000743800000, 0x0000000743a00000, 0x0000000743a00000|100%|HC|  |TAMS 0x0000000743a00000, 0x0000000743a00000| Complete 
|  17|0x0000000743a00000, 0x0000000743bffff8, 0x0000000743c00000| 99%| O|  |TAMS 0x0000000743bffff8, 0x0000000743bffff8| Untracked 
|  18|0x0000000743c00000, 0x0000000743e00000, 0x0000000743e00000|100%| O|  |TAMS 0x0000000743e00000, 0x0000000743e00000| Untracked 
|  19|0x0000000743e00000, 0x0000000743ffffe0, 0x0000000744000000| 99%| O|  |TAMS 0x0000000743ffffe0, 0x0000000743ffffe0| Untracked 
|  20|0x0000000744000000, 0x0000000744200000, 0x0000000744200000|100%| O|  |TAMS 0x0000000744200000, 0x0000000744200000| Untracked 
|  21|0x0000000744200000, 0x00000007443c78a0, 0x0000000744400000| 88%| O|  |TAMS 0x00000007443c78a0, 0x00000007443c78a0| Untracked 
|  22|0x0000000744400000, 0x00000007445cc0b8, 0x0000000744600000| 89%| O|  |TAMS 0x00000007445cc0b8, 0x00000007445cc0b8| Untracked 
|  23|0x0000000744600000, 0x0000000744800000, 0x0000000744800000|100%| O|  |TAMS 0x0000000744800000, 0x0000000744800000| Untracked 
|  24|0x0000000744800000, 0x00000007449fffe8, 0x0000000744a00000| 99%| O|  |TAMS 0x00000007449fffe8, 0x00000007449fffe8| Untracked 
|  25|0x0000000744a00000, 0x0000000744bfffe8, 0x0000000744c00000| 99%| O|  |TAMS 0x0000000744bfffe8, 0x0000000744bfffe8| Untracked 
|  26|0x0000000744c00000, 0x0000000744e00000, 0x0000000744e00000|100%| O|  |TAMS 0x0000000744e00000, 0x0000000744e00000| Untracked 
|  27|0x0000000744e00000, 0x0000000744fffff8, 0x0000000745000000| 99%| O|  |TAMS 0x0000000744fffff8, 0x0000000744fffff8| Untracked 
|  28|0x0000000745000000, 0x00000007451fffe0, 0x0000000745200000| 99%| O|  |TAMS 0x00000007451fffe0, 0x00000007451fffe0| Untracked 
|  29|0x0000000745200000, 0x0000000745400000, 0x0000000745400000|100%|HS|  |TAMS 0x0000000745400000, 0x0000000745400000| Complete 
|  30|0x0000000745400000, 0x0000000745600000, 0x0000000745600000|100%|HS|  |TAMS 0x0000000745400000, 0x0000000745600000| Complete 
|  31|0x0000000745600000, 0x0000000745600000, 0x0000000745800000|  0%| F|  |TAMS 0x0000000745600000, 0x0000000745600000| Untracked 
|  32|0x0000000745800000, 0x0000000745a00000, 0x0000000745a00000|100%| O|  |TAMS 0x0000000745a00000, 0x0000000745a00000| Untracked 
|  33|0x0000000745a00000, 0x0000000745bffff8, 0x0000000745c00000| 99%| O|  |TAMS 0x0000000745bffff8, 0x0000000745bffff8| Untracked 
|  34|0x0000000745c00000, 0x0000000745dffff0, 0x0000000745e00000| 99%| O|  |TAMS 0x0000000745dffff0, 0x0000000745dffff0| Untracked 
|  35|0x0000000745e00000, 0x0000000745ffffa0, 0x0000000746000000| 99%| O|  |TAMS 0x0000000745ffffa0, 0x0000000745ffffa0| Untracked 
|  36|0x0000000746000000, 0x00000007461fffe0, 0x0000000746200000| 99%| O|  |TAMS 0x00000007461fffe0, 0x00000007461fffe0| Untracked 
|  37|0x0000000746200000, 0x00000007463ffff8, 0x0000000746400000| 99%| O|  |TAMS 0x00000007463ffff8, 0x00000007463ffff8| Untracked 
|  38|0x0000000746400000, 0x00000007465ffff8, 0x0000000746600000| 99%| O|  |TAMS 0x00000007465ffff8, 0x00000007465ffff8| Untracked 
|  39|0x0000000746600000, 0x00000007467fffd8, 0x0000000746800000| 99%| O|  |TAMS 0x00000007467fffd8, 0x00000007467fffd8| Untracked 
|  40|0x0000000746800000, 0x0000000746a00000, 0x0000000746a00000|100%| O|  |TAMS 0x0000000746a00000, 0x0000000746a00000| Untracked 
|  41|0x0000000746a00000, 0x0000000746c00000, 0x0000000746c00000|100%| O|  |TAMS 0x0000000746c00000, 0x0000000746c00000| Untracked 
|  42|0x0000000746c00000, 0x0000000746dfffe0, 0x0000000746e00000| 99%| O|  |TAMS 0x0000000746dfffe0, 0x0000000746dfffe0| Untracked 
|  43|0x0000000746e00000, 0x0000000746ffffb8, 0x0000000747000000| 99%| O|  |TAMS 0x0000000746ffffb8, 0x0000000746ffffb8| Untracked 
|  44|0x0000000747000000, 0x00000007471fffe8, 0x0000000747200000| 99%| O|  |TAMS 0x00000007471fffe8, 0x00000007471fffe8| Untracked 
|  45|0x0000000747200000, 0x00000007473ffff0, 0x0000000747400000| 99%| O|  |TAMS 0x00000007473ffff0, 0x00000007473ffff0| Untracked 
|  46|0x0000000747400000, 0x00000007475ffff0, 0x0000000747600000| 99%| O|  |TAMS 0x00000007475ffff0, 0x00000007475ffff0| Untracked 
|  47|0x0000000747600000, 0x0000000747800000, 0x0000000747800000|100%| O|  |TAMS 0x0000000747800000, 0x0000000747800000| Untracked 
|  48|0x0000000747800000, 0x0000000747a00000, 0x0000000747a00000|100%|HS|  |TAMS 0x0000000747a00000, 0x0000000747a00000| Complete 
|  49|0x0000000747a00000, 0x0000000747c00000, 0x0000000747c00000|100%|HS|  |TAMS 0x0000000747a00000, 0x0000000747c00000| Complete 
|  50|0x0000000747c00000, 0x0000000747e00000, 0x0000000747e00000|100%|HS|  |TAMS 0x0000000747e00000, 0x0000000747e00000| Complete 
|  51|0x0000000747e00000, 0x0000000748000000, 0x0000000748000000|100%| O|  |TAMS 0x0000000748000000, 0x0000000748000000| Untracked 
|  52|0x0000000748000000, 0x0000000748200000, 0x0000000748200000|100%|HS|  |TAMS 0x0000000748000000, 0x0000000748200000| Complete 
|  53|0x0000000748200000, 0x0000000748400000, 0x0000000748400000|100%| O|  |TAMS 0x0000000748400000, 0x0000000748400000| Untracked 
|  54|0x0000000748400000, 0x0000000748600000, 0x0000000748600000|100%| O|  |TAMS 0x0000000748600000, 0x0000000748600000| Untracked 
|  55|0x0000000748600000, 0x0000000748800000, 0x0000000748800000|100%|HS|  |TAMS 0x0000000748800000, 0x0000000748800000| Complete 
|  56|0x0000000748800000, 0x0000000748a00000, 0x0000000748a00000|100%|HS|  |TAMS 0x0000000748a00000, 0x0000000748a00000| Complete 
|  57|0x0000000748a00000, 0x0000000748c00000, 0x0000000748c00000|100%|HC|  |TAMS 0x0000000748c00000, 0x0000000748c00000| Complete 
|  58|0x0000000748c00000, 0x0000000748e00000, 0x0000000748e00000|100%| O|  |TAMS 0x0000000748e00000, 0x0000000748e00000| Untracked 
|  59|0x0000000748e00000, 0x0000000748e00000, 0x0000000749000000|  0%| F|  |TAMS 0x0000000748e00000, 0x0000000748e00000| Untracked 
|  60|0x0000000749000000, 0x0000000749200000, 0x0000000749200000|100%| O|  |TAMS 0x0000000749200000, 0x0000000749200000| Untracked 
|  61|0x0000000749200000, 0x0000000749400000, 0x0000000749400000|100%| O|  |TAMS 0x0000000749400000, 0x0000000749400000| Untracked 
|  62|0x0000000749400000, 0x0000000749600000, 0x0000000749600000|100%| O|  |TAMS 0x0000000749600000, 0x0000000749600000| Untracked 
|  63|0x0000000749600000, 0x0000000749800000, 0x0000000749800000|100%| O|  |TAMS 0x0000000749800000, 0x0000000749800000| Untracked 
|  64|0x0000000749800000, 0x0000000749800000, 0x0000000749a00000|  0%| F|  |TAMS 0x0000000749800000, 0x0000000749800000| Untracked 
|  65|0x0000000749a00000, 0x0000000749c00000, 0x0000000749c00000|100%| O|  |TAMS 0x0000000749c00000, 0x0000000749c00000| Untracked 
|  66|0x0000000749c00000, 0x0000000749e00000, 0x0000000749e00000|100%|HS|  |TAMS 0x0000000749e00000, 0x0000000749e00000| Complete 
|  67|0x0000000749e00000, 0x000000074a000000, 0x000000074a000000|100%|HC|  |TAMS 0x000000074a000000, 0x000000074a000000| Complete 
|  68|0x000000074a000000, 0x000000074a000000, 0x000000074a200000|  0%| F|  |TAMS 0x000000074a000000, 0x000000074a000000| Untracked 
|  69|0x000000074a200000, 0x000000074a400000, 0x000000074a400000|100%|HS|  |TAMS 0x000000074a400000, 0x000000074a400000| Complete 
|  70|0x000000074a400000, 0x000000074a600000, 0x000000074a600000|100%|HC|  |TAMS 0x000000074a600000, 0x000000074a600000| Complete 
|  71|0x000000074a600000, 0x000000074a800000, 0x000000074a800000|100%| O|  |TAMS 0x000000074a800000, 0x000000074a800000| Untracked 
|  72|0x000000074a800000, 0x000000074aa00000, 0x000000074aa00000|100%| O|  |TAMS 0x000000074aa00000, 0x000000074aa00000| Untracked 
|  73|0x000000074aa00000, 0x000000074ac00000, 0x000000074ac00000|100%|HS|  |TAMS 0x000000074ac00000, 0x000000074ac00000| Complete 
|  74|0x000000074ac00000, 0x000000074ae00000, 0x000000074ae00000|100%|HC|  |TAMS 0x000000074ae00000, 0x000000074ae00000| Complete 
|  75|0x000000074ae00000, 0x000000074b000000, 0x000000074b000000|100%|HC|  |TAMS 0x000000074b000000, 0x000000074b000000| Complete 
|  76|0x000000074b000000, 0x000000074b200000, 0x000000074b200000|100%|HC|  |TAMS 0x000000074b200000, 0x000000074b200000| Complete 
|  77|0x000000074b200000, 0x000000074b400000, 0x000000074b400000|100%|HC|  |TAMS 0x000000074b400000, 0x000000074b400000| Complete 
|  78|0x000000074b400000, 0x000000074b600000, 0x000000074b600000|100%|HC|  |TAMS 0x000000074b600000, 0x000000074b600000| Complete 
|  79|0x000000074b600000, 0x000000074b800000, 0x000000074b800000|100%|HS|  |TAMS 0x000000074b800000, 0x000000074b800000| Complete 
|  80|0x000000074b800000, 0x000000074ba00000, 0x000000074ba00000|100%|HS|  |TAMS 0x000000074ba00000, 0x000000074ba00000| Complete 
|  81|0x000000074ba00000, 0x000000074bc00000, 0x000000074bc00000|100%|HC|  |TAMS 0x000000074bc00000, 0x000000074bc00000| Complete 
|  82|0x000000074bc00000, 0x000000074be00000, 0x000000074be00000|100%|HS|  |TAMS 0x000000074be00000, 0x000000074be00000| Complete 
|  83|0x000000074be00000, 0x000000074c000000, 0x000000074c000000|100%|HC|  |TAMS 0x000000074c000000, 0x000000074c000000| Complete 
|  84|0x000000074c000000, 0x000000074c200000, 0x000000074c200000|100%|HS|  |TAMS 0x000000074c200000, 0x000000074c200000| Complete 
|  85|0x000000074c200000, 0x000000074c400000, 0x000000074c400000|100%|HS|  |TAMS 0x000000074c400000, 0x000000074c400000| Complete 
|  86|0x000000074c400000, 0x000000074c600000, 0x000000074c600000|100%|HC|  |TAMS 0x000000074c600000, 0x000000074c600000| Complete 
|  87|0x000000074c600000, 0x000000074c800000, 0x000000074c800000|100%|HC|  |TAMS 0x000000074c800000, 0x000000074c800000| Complete 
|  88|0x000000074c800000, 0x000000074ca00000, 0x000000074ca00000|100%|HC|  |TAMS 0x000000074ca00000, 0x000000074ca00000| Complete 
|  89|0x000000074ca00000, 0x000000074cc00000, 0x000000074cc00000|100%|HC|  |TAMS 0x000000074cc00000, 0x000000074cc00000| Complete 
|  90|0x000000074cc00000, 0x000000074ce00000, 0x000000074ce00000|100%|HS|  |TAMS 0x000000074ce00000, 0x000000074ce00000| Complete 
|  91|0x000000074ce00000, 0x000000074d000000, 0x000000074d000000|100%|HS|  |TAMS 0x000000074d000000, 0x000000074d000000| Complete 
|  92|0x000000074d000000, 0x000000074d200000, 0x000000074d200000|100%|HC|  |TAMS 0x000000074d200000, 0x000000074d200000| Complete 
|  93|0x000000074d200000, 0x000000074d400000, 0x000000074d400000|100%|HC|  |TAMS 0x000000074d400000, 0x000000074d400000| Complete 
|  94|0x000000074d400000, 0x000000074d600000, 0x000000074d600000|100%|HS|  |TAMS 0x000000074d600000, 0x000000074d600000| Complete 
|  95|0x000000074d600000, 0x000000074d800000, 0x000000074d800000|100%|HS|  |TAMS 0x000000074d800000, 0x000000074d800000| Complete 
|  96|0x000000074d800000, 0x000000074da00000, 0x000000074da00000|100%|HC|  |TAMS 0x000000074da00000, 0x000000074da00000| Complete 
|  97|0x000000074da00000, 0x000000074dc00000, 0x000000074dc00000|100%|HS|  |TAMS 0x000000074da00000, 0x000000074dc00000| Complete 
|  98|0x000000074dc00000, 0x000000074de00000, 0x000000074de00000|100%|HS|  |TAMS 0x000000074de00000, 0x000000074de00000| Complete 
|  99|0x000000074de00000, 0x000000074e000000, 0x000000074e000000|100%|HC|  |TAMS 0x000000074e000000, 0x000000074e000000| Complete 
| 100|0x000000074e000000, 0x000000074e200000, 0x000000074e200000|100%|HC|  |TAMS 0x000000074e200000, 0x000000074e200000| Complete 
| 101|0x000000074e200000, 0x000000074e400000, 0x000000074e400000|100%|HS|  |TAMS 0x000000074e400000, 0x000000074e400000| Complete 
| 102|0x000000074e400000, 0x000000074e600000, 0x000000074e600000|100%|HC|  |TAMS 0x000000074e600000, 0x000000074e600000| Complete 
| 103|0x000000074e600000, 0x000000074e800000, 0x000000074e800000|100%|HC|  |TAMS 0x000000074e800000, 0x000000074e800000| Complete 
| 104|0x000000074e800000, 0x000000074ea00000, 0x000000074ea00000|100%|HC|  |TAMS 0x000000074ea00000, 0x000000074ea00000| Complete 
| 105|0x000000074ea00000, 0x000000074ec00000, 0x000000074ec00000|100%|HC|  |TAMS 0x000000074ec00000, 0x000000074ec00000| Complete 
| 106|0x000000074ec00000, 0x000000074ee00000, 0x000000074ee00000|100%|HS|  |TAMS 0x000000074ee00000, 0x000000074ee00000| Complete 
| 107|0x000000074ee00000, 0x000000074f000000, 0x000000074f000000|100%|HC|  |TAMS 0x000000074f000000, 0x000000074f000000| Complete 
| 108|0x000000074f000000, 0x000000074f200000, 0x000000074f200000|100%|HC|  |TAMS 0x000000074f200000, 0x000000074f200000| Complete 
| 109|0x000000074f200000, 0x000000074f400000, 0x000000074f400000|100%| O|  |TAMS 0x000000074f400000, 0x000000074f400000| Untracked 
| 110|0x000000074f400000, 0x000000074f600000, 0x000000074f600000|100%| O|  |TAMS 0x000000074f600000, 0x000000074f600000| Untracked 
| 111|0x000000074f600000, 0x000000074f800000, 0x000000074f800000|100%| O|  |TAMS 0x000000074f800000, 0x000000074f800000| Untracked 
| 112|0x000000074f800000, 0x000000074f800000, 0x000000074fa00000|  0%| F|  |TAMS 0x000000074f800000, 0x000000074f800000| Untracked 
| 113|0x000000074fa00000, 0x000000074fa00000, 0x000000074fc00000|  0%| F|  |TAMS 0x000000074fa00000, 0x000000074fa00000| Untracked 
| 114|0x000000074fc00000, 0x000000074fe00000, 0x000000074fe00000|100%| O|  |TAMS 0x000000074fe00000, 0x000000074fe00000| Untracked 
| 115|0x000000074fe00000, 0x0000000750000000, 0x0000000750000000|100%| O|  |TAMS 0x0000000750000000, 0x0000000750000000| Untracked 
| 116|0x0000000750000000, 0x0000000750200000, 0x0000000750200000|100%| O|  |TAMS 0x0000000750200000, 0x0000000750200000| Untracked 
| 117|0x0000000750200000, 0x0000000750200000, 0x0000000750400000|  0%| F|  |TAMS 0x0000000750200000, 0x0000000750200000| Untracked 
| 118|0x0000000750400000, 0x0000000750400000, 0x0000000750600000|  0%| F|  |TAMS 0x0000000750400000, 0x0000000750400000| Untracked 
| 119|0x0000000750600000, 0x0000000750600000, 0x0000000750800000|  0%| F|  |TAMS 0x0000000750600000, 0x0000000750600000| Untracked 
| 120|0x0000000750800000, 0x0000000750a00000, 0x0000000750a00000|100%| O|  |TAMS 0x0000000750a00000, 0x0000000750a00000| Untracked 
| 121|0x0000000750a00000, 0x0000000750c00000, 0x0000000750c00000|100%| O|  |TAMS 0x0000000750c00000, 0x0000000750c00000| Untracked 
| 122|0x0000000750c00000, 0x0000000750e00000, 0x0000000750e00000|100%| O|  |TAMS 0x0000000750e00000, 0x0000000750e00000| Untracked 
| 123|0x0000000750e00000, 0x0000000751000000, 0x0000000751000000|100%| O|  |TAMS 0x0000000751000000, 0x0000000751000000| Untracked 
| 124|0x0000000751000000, 0x0000000751200000, 0x0000000751200000|100%| O|  |TAMS 0x0000000751200000, 0x0000000751200000| Untracked 
| 125|0x0000000751200000, 0x0000000751400000, 0x0000000751400000|100%| O|  |TAMS 0x00000007513e1a00, 0x0000000751400000| Untracked 
| 126|0x0000000751400000, 0x0000000751600000, 0x0000000751600000|100%|HS|  |TAMS 0x0000000751400000, 0x0000000751600000| Complete 
| 127|0x0000000751600000, 0x0000000751800000, 0x0000000751800000|100%|HS|  |TAMS 0x0000000751600000, 0x0000000751800000| Complete 
| 128|0x0000000751800000, 0x0000000751a00000, 0x0000000751a00000|100%|HS|  |TAMS 0x0000000751800000, 0x0000000751a00000| Complete 
| 129|0x0000000751a00000, 0x0000000751c00000, 0x0000000751c00000|100%|HS|  |TAMS 0x0000000751a00000, 0x0000000751c00000| Complete 
| 130|0x0000000751c00000, 0x0000000751e00000, 0x0000000751e00000|100%|HS|  |TAMS 0x0000000751c00000, 0x0000000751e00000| Complete 
| 131|0x0000000751e00000, 0x0000000752000000, 0x0000000752000000|100%|HS|  |TAMS 0x0000000751e00000, 0x0000000752000000| Complete 
| 132|0x0000000752000000, 0x0000000752200000, 0x0000000752200000|100%|HC|  |TAMS 0x0000000752000000, 0x0000000752200000| Complete 
| 133|0x0000000752200000, 0x0000000752400000, 0x0000000752400000|100%| O|  |TAMS 0x0000000752200000, 0x0000000752400000| Untracked 
| 134|0x0000000752400000, 0x0000000752600000, 0x0000000752600000|100%| O|  |TAMS 0x0000000752400000, 0x0000000752600000| Untracked 
| 135|0x0000000752600000, 0x0000000752800000, 0x0000000752800000|100%| O|  |TAMS 0x0000000752600000, 0x0000000752800000| Untracked 
| 136|0x0000000752800000, 0x0000000752a00000, 0x0000000752a00000|100%| O|  |TAMS 0x0000000752800000, 0x0000000752a00000| Untracked 
| 137|0x0000000752a00000, 0x0000000752c00000, 0x0000000752c00000|100%| O|  |TAMS 0x0000000752a00000, 0x0000000752c00000| Untracked 
| 138|0x0000000752c00000, 0x0000000752e00000, 0x0000000752e00000|100%| O|  |TAMS 0x0000000752c00000, 0x0000000752e00000| Untracked 
| 139|0x0000000752e00000, 0x0000000753000000, 0x0000000753000000|100%| O|  |TAMS 0x0000000752e00000, 0x0000000753000000| Untracked 
| 140|0x0000000753000000, 0x0000000753200000, 0x0000000753200000|100%| O|  |TAMS 0x0000000753000000, 0x0000000753200000| Untracked 
| 141|0x0000000753200000, 0x0000000753400000, 0x0000000753400000|100%| O|  |TAMS 0x0000000753200000, 0x0000000753400000| Untracked 
| 142|0x0000000753400000, 0x0000000753600000, 0x0000000753600000|100%| O|  |TAMS 0x0000000753400000, 0x0000000753600000| Untracked 
| 143|0x0000000753600000, 0x0000000753800000, 0x0000000753800000|100%| O|  |TAMS 0x0000000753600000, 0x0000000753800000| Untracked 
| 144|0x0000000753800000, 0x0000000753a00000, 0x0000000753a00000|100%| O|  |TAMS 0x0000000753800000, 0x0000000753a00000| Untracked 
| 145|0x0000000753a00000, 0x0000000753bc7c00, 0x0000000753c00000| 89%| O|  |TAMS 0x0000000753a00000, 0x0000000753bc7c00| Untracked 
| 146|0x0000000753c00000, 0x0000000753c00000, 0x0000000753e00000|  0%| F|  |TAMS 0x0000000753c00000, 0x0000000753c00000| Untracked 
| 147|0x0000000753e00000, 0x0000000753e00000, 0x0000000754000000|  0%| F|  |TAMS 0x0000000753e00000, 0x0000000753e00000| Untracked 
| 148|0x0000000754000000, 0x0000000754000000, 0x0000000754200000|  0%| F|  |TAMS 0x0000000754000000, 0x0000000754000000| Untracked 
| 149|0x0000000754200000, 0x0000000754200000, 0x0000000754400000|  0%| F|  |TAMS 0x0000000754200000, 0x0000000754200000| Untracked 
| 150|0x0000000754400000, 0x0000000754400000, 0x0000000754600000|  0%| F|  |TAMS 0x0000000754400000, 0x0000000754400000| Untracked 
| 151|0x0000000754600000, 0x0000000754600000, 0x0000000754800000|  0%| F|  |TAMS 0x0000000754600000, 0x0000000754600000| Untracked 
| 152|0x0000000754800000, 0x0000000754800000, 0x0000000754a00000|  0%| F|  |TAMS 0x0000000754800000, 0x0000000754800000| Untracked 
| 153|0x0000000754a00000, 0x0000000754a00000, 0x0000000754c00000|  0%| F|  |TAMS 0x0000000754a00000, 0x0000000754a00000| Untracked 
| 154|0x0000000754c00000, 0x0000000754c00000, 0x0000000754e00000|  0%| F|  |TAMS 0x0000000754c00000, 0x0000000754c00000| Untracked 
| 155|0x0000000754e00000, 0x0000000754e00000, 0x0000000755000000|  0%| F|  |TAMS 0x0000000754e00000, 0x0000000754e00000| Untracked 
| 156|0x0000000755000000, 0x0000000755000000, 0x0000000755200000|  0%| F|  |TAMS 0x0000000755000000, 0x0000000755000000| Untracked 
| 157|0x0000000755200000, 0x0000000755200000, 0x0000000755400000|  0%| F|  |TAMS 0x0000000755200000, 0x0000000755200000| Untracked 
| 158|0x0000000755400000, 0x0000000755400000, 0x0000000755600000|  0%| F|  |TAMS 0x0000000755400000, 0x0000000755400000| Untracked 
| 159|0x0000000755600000, 0x0000000755600000, 0x0000000755800000|  0%| F|  |TAMS 0x0000000755600000, 0x0000000755600000| Untracked 
| 160|0x0000000755800000, 0x0000000755800000, 0x0000000755a00000|  0%| F|  |TAMS 0x0000000755800000, 0x0000000755800000| Untracked 
| 161|0x0000000755a00000, 0x0000000755a00000, 0x0000000755c00000|  0%| F|  |TAMS 0x0000000755a00000, 0x0000000755a00000| Untracked 
| 162|0x0000000755c00000, 0x0000000755c00000, 0x0000000755e00000|  0%| F|  |TAMS 0x0000000755c00000, 0x0000000755c00000| Untracked 
| 163|0x0000000755e00000, 0x0000000755e00000, 0x0000000756000000|  0%| F|  |TAMS 0x0000000755e00000, 0x0000000755e00000| Untracked 
| 164|0x0000000756000000, 0x0000000756000000, 0x0000000756200000|  0%| F|  |TAMS 0x0000000756000000, 0x0000000756000000| Untracked 
| 165|0x0000000756200000, 0x0000000756200000, 0x0000000756400000|  0%| F|  |TAMS 0x0000000756200000, 0x0000000756200000| Untracked 
| 166|0x0000000756400000, 0x0000000756400000, 0x0000000756600000|  0%| F|  |TAMS 0x0000000756400000, 0x0000000756400000| Untracked 
| 167|0x0000000756600000, 0x0000000756600000, 0x0000000756800000|  0%| F|  |TAMS 0x0000000756600000, 0x0000000756600000| Untracked 
| 168|0x0000000756800000, 0x0000000756800000, 0x0000000756a00000|  0%| F|  |TAMS 0x0000000756800000, 0x0000000756800000| Untracked 
| 169|0x0000000756a00000, 0x0000000756a00000, 0x0000000756c00000|  0%| F|  |TAMS 0x0000000756a00000, 0x0000000756a00000| Untracked 
| 170|0x0000000756c00000, 0x0000000756c00000, 0x0000000756e00000|  0%| F|  |TAMS 0x0000000756c00000, 0x0000000756c00000| Untracked 
| 171|0x0000000756e00000, 0x0000000756e00000, 0x0000000757000000|  0%| F|  |TAMS 0x0000000756e00000, 0x0000000756e00000| Untracked 
| 172|0x0000000757000000, 0x0000000757000000, 0x0000000757200000|  0%| F|  |TAMS 0x0000000757000000, 0x0000000757000000| Untracked 
| 173|0x0000000757200000, 0x0000000757200000, 0x0000000757400000|  0%| F|  |TAMS 0x0000000757200000, 0x0000000757200000| Untracked 
| 174|0x0000000757400000, 0x0000000757400000, 0x0000000757600000|  0%| F|  |TAMS 0x0000000757400000, 0x0000000757400000| Untracked 
| 175|0x0000000757600000, 0x0000000757600000, 0x0000000757800000|  0%| F|  |TAMS 0x0000000757600000, 0x0000000757600000| Untracked 
| 176|0x0000000757800000, 0x0000000757800000, 0x0000000757a00000|  0%| F|  |TAMS 0x0000000757800000, 0x0000000757800000| Untracked 
| 177|0x0000000757a00000, 0x0000000757a00000, 0x0000000757c00000|  0%| F|  |TAMS 0x0000000757a00000, 0x0000000757a00000| Untracked 
| 178|0x0000000757c00000, 0x0000000757c00000, 0x0000000757e00000|  0%| F|  |TAMS 0x0000000757c00000, 0x0000000757c00000| Untracked 
| 179|0x0000000757e00000, 0x0000000757e00000, 0x0000000758000000|  0%| F|  |TAMS 0x0000000757e00000, 0x0000000757e00000| Untracked 
| 180|0x0000000758000000, 0x0000000758000000, 0x0000000758200000|  0%| F|  |TAMS 0x0000000758000000, 0x0000000758000000| Untracked 
| 181|0x0000000758200000, 0x0000000758200000, 0x0000000758400000|  0%| F|  |TAMS 0x0000000758200000, 0x0000000758200000| Untracked 
| 182|0x0000000758400000, 0x0000000758400000, 0x0000000758600000|  0%| F|  |TAMS 0x0000000758400000, 0x0000000758400000| Untracked 
| 183|0x0000000758600000, 0x0000000758600000, 0x0000000758800000|  0%| F|  |TAMS 0x0000000758600000, 0x0000000758600000| Untracked 
| 184|0x0000000758800000, 0x0000000758800000, 0x0000000758a00000|  0%| F|  |TAMS 0x0000000758800000, 0x0000000758800000| Untracked 
| 185|0x0000000758a00000, 0x0000000758a00000, 0x0000000758c00000|  0%| F|  |TAMS 0x0000000758a00000, 0x0000000758a00000| Untracked 
| 186|0x0000000758c00000, 0x0000000758c00000, 0x0000000758e00000|  0%| F|  |TAMS 0x0000000758c00000, 0x0000000758c00000| Untracked 
| 187|0x0000000758e00000, 0x0000000758e00000, 0x0000000759000000|  0%| F|  |TAMS 0x0000000758e00000, 0x0000000758e00000| Untracked 
| 188|0x0000000759000000, 0x0000000759000000, 0x0000000759200000|  0%| F|  |TAMS 0x0000000759000000, 0x0000000759000000| Untracked 
| 189|0x0000000759200000, 0x0000000759200000, 0x0000000759400000|  0%| F|  |TAMS 0x0000000759200000, 0x0000000759200000| Untracked 
| 190|0x0000000759400000, 0x0000000759400000, 0x0000000759600000|  0%| F|  |TAMS 0x0000000759400000, 0x0000000759400000| Untracked 
| 191|0x0000000759600000, 0x0000000759600000, 0x0000000759800000|  0%| F|  |TAMS 0x0000000759600000, 0x0000000759600000| Untracked 
| 192|0x0000000759800000, 0x0000000759800000, 0x0000000759a00000|  0%| F|  |TAMS 0x0000000759800000, 0x0000000759800000| Untracked 
| 193|0x0000000759a00000, 0x0000000759a00000, 0x0000000759c00000|  0%| F|  |TAMS 0x0000000759a00000, 0x0000000759a00000| Untracked 
| 194|0x0000000759c00000, 0x0000000759c00000, 0x0000000759e00000|  0%| F|  |TAMS 0x0000000759c00000, 0x0000000759c00000| Untracked 
| 195|0x0000000759e00000, 0x0000000759e00000, 0x000000075a000000|  0%| F|  |TAMS 0x0000000759e00000, 0x0000000759e00000| Untracked 
| 196|0x000000075a000000, 0x000000075a000000, 0x000000075a200000|  0%| F|  |TAMS 0x000000075a000000, 0x000000075a000000| Untracked 
| 197|0x000000075a200000, 0x000000075a200000, 0x000000075a400000|  0%| F|  |TAMS 0x000000075a200000, 0x000000075a200000| Untracked 
| 198|0x000000075a400000, 0x000000075a400000, 0x000000075a600000|  0%| F|  |TAMS 0x000000075a400000, 0x000000075a400000| Untracked 
| 199|0x000000075a600000, 0x000000075a600000, 0x000000075a800000|  0%| F|  |TAMS 0x000000075a600000, 0x000000075a600000| Untracked 
| 200|0x000000075a800000, 0x000000075a800000, 0x000000075aa00000|  0%| F|  |TAMS 0x000000075a800000, 0x000000075a800000| Untracked 
| 201|0x000000075aa00000, 0x000000075aa00000, 0x000000075ac00000|  0%| F|  |TAMS 0x000000075aa00000, 0x000000075aa00000| Untracked 
| 202|0x000000075ac00000, 0x000000075ac00000, 0x000000075ae00000|  0%| F|  |TAMS 0x000000075ac00000, 0x000000075ac00000| Untracked 
| 203|0x000000075ae00000, 0x000000075ae00000, 0x000000075b000000|  0%| F|  |TAMS 0x000000075ae00000, 0x000000075ae00000| Untracked 
| 204|0x000000075b000000, 0x000000075b000000, 0x000000075b200000|  0%| F|  |TAMS 0x000000075b000000, 0x000000075b000000| Untracked 
| 205|0x000000075b200000, 0x000000075b200000, 0x000000075b400000|  0%| F|  |TAMS 0x000000075b200000, 0x000000075b200000| Untracked 
| 206|0x000000075b400000, 0x000000075b400000, 0x000000075b600000|  0%| F|  |TAMS 0x000000075b400000, 0x000000075b400000| Untracked 
| 207|0x000000075b600000, 0x000000075b600000, 0x000000075b800000|  0%| F|  |TAMS 0x000000075b600000, 0x000000075b600000| Untracked 
| 208|0x000000075b800000, 0x000000075b800000, 0x000000075ba00000|  0%| F|  |TAMS 0x000000075b800000, 0x000000075b800000| Untracked 
| 209|0x000000075ba00000, 0x000000075ba00000, 0x000000075bc00000|  0%| F|  |TAMS 0x000000075ba00000, 0x000000075ba00000| Untracked 
| 210|0x000000075bc00000, 0x000000075bc00000, 0x000000075be00000|  0%| F|  |TAMS 0x000000075bc00000, 0x000000075bc00000| Untracked 
| 211|0x000000075be00000, 0x000000075be00000, 0x000000075c000000|  0%| F|  |TAMS 0x000000075be00000, 0x000000075be00000| Untracked 
| 212|0x000000075c000000, 0x000000075c000000, 0x000000075c200000|  0%| F|  |TAMS 0x000000075c000000, 0x000000075c000000| Untracked 
| 213|0x000000075c200000, 0x000000075c3b6560, 0x000000075c400000| 85%| S|CS|TAMS 0x000000075c200000, 0x000000075c200000| Complete 
| 214|0x000000075c400000, 0x000000075c400000, 0x000000075c600000|  0%| F|  |TAMS 0x000000075c400000, 0x000000075c400000| Untracked 
| 215|0x000000075c600000, 0x000000075c600000, 0x000000075c800000|  0%| F|  |TAMS 0x000000075c600000, 0x000000075c600000| Untracked 
| 216|0x000000075c800000, 0x000000075ca00000, 0x000000075ca00000|100%| S|CS|TAMS 0x000000075c800000, 0x000000075c800000| Complete 
| 217|0x000000075ca00000, 0x000000075ca00000, 0x000000075cc00000|  0%| F|  |TAMS 0x000000075ca00000, 0x000000075ca00000| Untracked 
| 218|0x000000075cc00000, 0x000000075cc00000, 0x000000075ce00000|  0%| F|  |TAMS 0x000000075cc00000, 0x000000075cc00000| Untracked 

Card table byte_map: [0x000001e3a9d50000,0x000001e3aa350000] _byte_map_base: 0x000001e3a6344000

Marking Bits (Prev, Next): (CMBitMap*) 0x000001e3972d6e40, (CMBitMap*) 0x000001e3972d6e00
 Prev Bits: [0x000001e3ad8f0000, 0x000001e3b0890000)
 Next Bits: [0x000001e3aa950000, 0x000001e3ad8f0000)

Polling page: 0x000001e3950b0000

Metaspace:

Usage:
  Non-class:    145.59 MB used.
      Class:     21.76 MB used.
       Both:    167.35 MB used.

Virtual space:
  Non-class space:      152.00 MB reserved,     146.12 MB ( 96%) committed,  19 nodes.
      Class space:        1.00 GB reserved,      22.44 MB (  2%) committed,  1 nodes.
             Both:        1.15 GB reserved,     168.56 MB ( 14%) committed. 

Chunk freelists:
   Non-Class:  992.00 KB
       Class:  1.65 MB
        Both:  2.61 MB

MaxMetaspaceSize: unlimited
CompressedClassSpaceSize: 1.00 GB
Initial GC threshold: 21.00 MB
Current GC threshold: 279.69 MB
CDS: off
MetaspaceReclaimPolicy: balanced
 - commit_granule_bytes: 65536.
 - commit_granule_words: 8192.
 - virtual_space_node_default_size: 1048576.
 - enlarge_chunks_in_place: 1.
 - new_chunks_are_fully_committed: 0.
 - uncommit_free_chunks: 1.
 - use_allocation_guard: 0.
 - handle_deallocations: 1.


Internal statistics:

num_allocs_failed_limit: 12.
num_arena_births: 3142.
num_arena_deaths: 1550.
num_vsnodes_births: 20.
num_vsnodes_deaths: 0.
num_space_committed: 2705.
num_space_uncommitted: 8.
num_chunks_returned_to_freelist: 2140.
num_chunks_taken_from_freelist: 10618.
num_chunk_merges: 821.
num_chunk_splits: 6403.
num_chunks_enlarged: 3897.
num_purges: 20.
num_inconsistent_stats: 0.

CodeHeap 'non-profiled nmethods': size=120000Kb used=18411Kb max_used=18411Kb free=101588Kb
 bounds [0x000001e3a2220000, 0x000001e3a3420000, 0x000001e3a9750000]
CodeHeap 'profiled nmethods': size=120000Kb used=49009Kb max_used=49009Kb free=70990Kb
 bounds [0x000001e39a750000, 0x000001e39d740000, 0x000001e3a1c80000]
CodeHeap 'non-nmethods': size=5760Kb used=2573Kb max_used=2678Kb free=3186Kb
 bounds [0x000001e3a1c80000, 0x000001e3a1f30000, 0x000001e3a2220000]
 total_blobs=25161 nmethods=24036 adapters=1036
 compilation: enabled
              stopped_count=0, restarted_count=0
 full_count=0

Compilation events (20 events):
Event: 14179.289 Thread 0x000001e3b383c4e0 30015       1       com.android.tools.r8.dex.code.u2::v (3 bytes)
Event: 14179.289 Thread 0x000001e3b383c4e0 nmethod 30015 0x000001e3a3416e90 code [0x000001e3a3417020, 0x000001e3a34170f8]
Event: 14179.290 Thread 0x000001e3b383c4e0 30016       1       com.android.tools.r8.dex.code.o3::v (3 bytes)
Event: 14179.290 Thread 0x000001e3b383c4e0 nmethod 30016 0x000001e3a3417190 code [0x000001e3a3417320, 0x000001e3a34173f8]
Event: 14179.290 Thread 0x000001e3b383c4e0 30017       3       com.android.tools.r8.graph.v2$a::a (50 bytes)
Event: 14179.290 Thread 0x000001e3b383c4e0 nmethod 30017 0x000001e39d730790 code [0x000001e39d7309a0, 0x000001e39d730f58]
Event: 14179.306 Thread 0x000001e3b383c4e0 30019       1       com.android.builder.dexing.DexArchiveEntry::getDexFileContent (5 bytes)
Event: 14179.306 Thread 0x000001e3b383c4e0 nmethod 30019 0x000001e3a3417790 code [0x000001e3a3417920, 0x000001e3a34179f8]
Event: 14179.306 Thread 0x000001e3b383c4e0 30020       1       com.android.builder.dexing.DexArchiveEntry::getDexArchive (5 bytes)
Event: 14179.306 Thread 0x000001e3b383c4e0 nmethod 30020 0x000001e3a3417a90 code [0x000001e3a3417c20, 0x000001e3a3417cf8]
Event: 14179.306 Thread 0x000001e3b383c4e0 30021       1       com.android.builder.dexing.DexArchiveEntry::getRelativePathInArchive (5 bytes)
Event: 14179.306 Thread 0x000001e3b383c4e0 nmethod 30021 0x000001e3a3417d90 code [0x000001e3a3417f20, 0x000001e3a3417ff8]
Event: 14179.306 Thread 0x000001e3b383c4e0 30022       1       com.android.builder.dexing.DirDexArchive::getRootPath (5 bytes)
Event: 14179.307 Thread 0x000001e3b383c4e0 nmethod 30022 0x000001e3a3418090 code [0x000001e3a3418220, 0x000001e3a34182f8]
Event: 14179.310 Thread 0x000001e3b3c6dce0 nmethod 30005 0x000001e3a3418390 code [0x000001e3a34185c0, 0x000001e3a3418db8]
Event: 14179.310 Thread 0x000001e3b3c6dce0 30009       4       com.android.tools.r8.graph.n5::a (200 bytes)
Event: 14179.331 Thread 0x000001e3b3c6dce0 nmethod 30009 0x000001e3a3419690 code [0x000001e3a34198c0, 0x000001e3a341a1b0]
Event: 14179.331 Thread 0x000001e3b3c6dce0 30013       4       com.android.tools.r8.graph.d0::equals (52 bytes)
Event: 14179.336 Thread 0x000001e3b383c4e0 30023       1       com.android.tools.r8.internal.Nk::getKey (5 bytes)
Event: 14179.336 Thread 0x000001e3b383c4e0 nmethod 30023 0x000001e3a341aa10 code [0x000001e3a341aba0, 0x000001e3a341ac78]

GC Heap History (20 events):
Event: 10748.870 GC heap after
{Heap after GC invocations=70 (full 1):
 garbage-first heap   total 364544K, used 232972K [0x0000000741800000, 0x0000000800000000)
  region size 2048K, 1 young (2048K), 1 survivors (2048K)
 Metaspace       used 164516K, committed 165568K, reserved 1196032K
  class space    used 21552K, committed 22016K, reserved 1048576K
}
Event: 10755.005 GC heap before
{Heap before GC invocations=70 (full 1):
 garbage-first heap   total 364544K, used 302604K [0x0000000741800000, 0x0000000800000000)
  region size 2048K, 36 young (73728K), 1 survivors (2048K)
 Metaspace       used 167194K, committed 168256K, reserved 1196032K
  class space    used 21870K, committed 22400K, reserved 1048576K
}
Event: 10755.022 GC heap after
{Heap after GC invocations=71 (full 1):
 garbage-first heap   total 364544K, used 239494K [0x0000000741800000, 0x0000000800000000)
  region size 2048K, 4 young (8192K), 4 survivors (8192K)
 Metaspace       used 167194K, committed 168256K, reserved 1196032K
  class space    used 21870K, committed 22400K, reserved 1048576K
}
Event: 10768.469 GC heap before
{Heap before GC invocations=72 (full 1):
 garbage-first heap   total 419840K, used 298886K [0x0000000741800000, 0x0000000800000000)
  region size 2048K, 33 young (67584K), 4 survivors (8192K)
 Metaspace       used 169237K, committed 170560K, reserved 1204224K
  class space    used 22180K, committed 22848K, reserved 1048576K
}
Event: 10768.491 GC heap after
{Heap after GC invocations=73 (full 1):
 garbage-first heap   total 419840K, used 243810K [0x0000000741800000, 0x0000000800000000)
  region size 2048K, 3 young (6144K), 3 survivors (6144K)
 Metaspace       used 169237K, committed 170560K, reserved 1204224K
  class space    used 22180K, committed 22848K, reserved 1048576K
}
Event: 10769.343 GC heap before
{Heap before GC invocations=73 (full 1):
 garbage-first heap   total 419840K, used 258146K [0x0000000741800000, 0x0000000800000000)
  region size 2048K, 10 young (20480K), 3 survivors (6144K)
 Metaspace       used 170773K, committed 172160K, reserved 1204224K
  class space    used 22399K, committed 23104K, reserved 1048576K
}
Event: 10769.363 GC heap after
{Heap after GC invocations=74 (full 1):
 garbage-first heap   total 419840K, used 243966K [0x0000000741800000, 0x0000000800000000)
  region size 2048K, 1 young (2048K), 1 survivors (2048K)
 Metaspace       used 170773K, committed 172160K, reserved 1204224K
  class space    used 22399K, committed 23104K, reserved 1048576K
}
Event: 14162.275 GC heap before
{Heap before GC invocations=74 (full 1):
 garbage-first heap   total 419840K, used 346366K [0x0000000741800000, 0x0000000800000000)
  region size 2048K, 51 young (104448K), 1 survivors (2048K)
 Metaspace       used 170897K, committed 172288K, reserved 1204224K
  class space    used 22405K, committed 23104K, reserved 1048576K
}
Event: 14162.323 GC heap after
{Heap after GC invocations=75 (full 1):
 garbage-first heap   total 419840K, used 247625K [0x0000000741800000, 0x0000000800000000)
  region size 2048K, 3 young (6144K), 3 survivors (6144K)
 Metaspace       used 170897K, committed 172288K, reserved 1204224K
  class space    used 22405K, committed 23104K, reserved 1048576K
}
Event: 14163.938 GC heap before
{Heap before GC invocations=76 (full 1):
 garbage-first heap   total 430080K, used 350025K [0x0000000741800000, 0x0000000800000000)
  region size 2048K, 53 young (108544K), 3 survivors (6144K)
 Metaspace       used 169726K, committed 171840K, reserved 1204224K
  class space    used 22152K, committed 22976K, reserved 1048576K
}
Event: 14163.959 GC heap after
{Heap after GC invocations=77 (full 1):
 garbage-first heap   total 430080K, used 254235K [0x0000000741800000, 0x0000000800000000)
  region size 2048K, 6 young (12288K), 6 survivors (12288K)
 Metaspace       used 169726K, committed 171840K, reserved 1204224K
  class space    used 22152K, committed 22976K, reserved 1048576K
}
Event: 14164.205 GC heap before
{Heap before GC invocations=77 (full 1):
 garbage-first heap   total 430080K, used 262427K [0x0000000741800000, 0x0000000800000000)
  region size 2048K, 10 young (20480K), 6 survivors (12288K)
 Metaspace       used 169727K, committed 171840K, reserved 1204224K
  class space    used 22152K, committed 22976K, reserved 1048576K
}
Event: 14164.278 GC heap after
{Heap after GC invocations=78 (full 1):
 garbage-first heap   total 430080K, used 251058K [0x0000000741800000, 0x0000000800000000)
  region size 2048K, 1 young (2048K), 1 survivors (2048K)
 Metaspace       used 169727K, committed 171840K, reserved 1204224K
  class space    used 22152K, committed 22976K, reserved 1048576K
}
Event: 14173.891 GC heap before
{Heap before GC invocations=78 (full 1):
 garbage-first heap   total 430080K, used 306354K [0x0000000741800000, 0x0000000800000000)
  region size 2048K, 30 young (61440K), 1 survivors (2048K)
 Metaspace       used 170365K, committed 171840K, reserved 1204224K
  class space    used 22222K, committed 22976K, reserved 1048576K
}
Event: 14173.904 GC heap after
{Heap after GC invocations=79 (full 1):
 garbage-first heap   total 430080K, used 256200K [0x0000000741800000, 0x0000000800000000)
  region size 2048K, 4 young (8192K), 4 survivors (8192K)
 Metaspace       used 170365K, committed 171840K, reserved 1204224K
  class space    used 22222K, committed 22976K, reserved 1048576K
}
Event: 14179.085 GC heap before
{Heap before GC invocations=80 (full 1):
 garbage-first heap   total 448512K, used 379080K [0x0000000741800000, 0x0000000800000000)
  region size 2048K, 54 young (110592K), 4 survivors (8192K)
 Metaspace       used 171337K, committed 172608K, reserved 1204224K
  class space    used 22278K, committed 22976K, reserved 1048576K
}
Event: 14179.104 GC heap after
{Heap after GC invocations=81 (full 1):
 garbage-first heap   total 448512K, used 290112K [0x0000000741800000, 0x0000000800000000)
  region size 2048K, 7 young (14336K), 7 survivors (14336K)
 Metaspace       used 171337K, committed 172608K, reserved 1204224K
  class space    used 22278K, committed 22976K, reserved 1048576K
}
Event: 14179.228 GC heap before
{Heap before GC invocations=81 (full 1):
 garbage-first heap   total 448512K, used 296256K [0x0000000741800000, 0x0000000800000000)
  region size 2048K, 10 young (20480K), 7 survivors (14336K)
 Metaspace       used 171359K, committed 172608K, reserved 1204224K
  class space    used 22278K, committed 22976K, reserved 1048576K
}
Event: 14179.283 GC heap after
{Heap after GC invocations=82 (full 1):
 garbage-first heap   total 448512K, used 282227K [0x0000000741800000, 0x0000000800000000)
  region size 2048K, 2 young (4096K), 2 survivors (4096K)
 Metaspace       used 171359K, committed 172608K, reserved 1204224K
  class space    used 22278K, committed 22976K, reserved 1048576K
}
Event: 14179.338 GC heap before
{Heap before GC invocations=82 (full 1):
 garbage-first heap   total 448512K, used 284275K [0x0000000741800000, 0x0000000800000000)
  region size 2048K, 4 young (8192K), 2 survivors (4096K)
 Metaspace       used 171362K, committed 172608K, reserved 1204224K
  class space    used 22278K, committed 22976K, reserved 1048576K
}

Dll operation events (2 events):
Event: 0.011 Loaded shared library D:\app\AndroidStudio\jbr\bin\java.dll
Event: 0.781 Loaded shared library D:\app\AndroidStudio\jbr\bin\verify.dll

Deoptimization events (20 events):
Event: 14178.237 Thread 0x000001e3be5dc3f0 Uncommon trap: trap_request=0xffffff76 fr.pc=0x000001e3a2e197c4 relative=0x0000000000002a04
Event: 14178.237 Thread 0x000001e3be5dc3f0 Uncommon trap: reason=predicate action=maybe_recompile pc=0x000001e3a2e197c4 method=java.util.ComparableTimSort.reverseRange([Ljava/lang/Object;II)V @ 5 c2
Event: 14178.237 Thread 0x000001e3be5dc3f0 DEOPT PACKING pc=0x000001e3a2e197c4 sp=0x0000004c926f9c80
Event: 14178.237 Thread 0x000001e3be5dc3f0 DEOPT UNPACKING pc=0x000001e3a1cd69a3 sp=0x0000004c926f9b60 mode 2
Event: 14178.353 Thread 0x000001e3be5dcd90 Uncommon trap: trap_request=0xffffffde fr.pc=0x000001e3a2ef94bc relative=0x000000000000045c
Event: 14178.353 Thread 0x000001e3be5dcd90 Uncommon trap: reason=class_check action=maybe_recompile pc=0x000001e3a2ef94bc method=com.android.tools.r8.internal.rb.a(Lcom/android/tools/r8/graph/m;Lcom/android/tools/r8/internal/d6;Lcom/android/tools/r8/graph/q2;Ljava/util/function/BiFunction;Lcom/and
Event: 14178.353 Thread 0x000001e3be5dcd90 DEOPT PACKING pc=0x000001e3a2ef94bc sp=0x0000004c8f0fc590
Event: 14178.353 Thread 0x000001e3be5dcd90 DEOPT UNPACKING pc=0x000001e3a1cd69a3 sp=0x0000004c8f0fc420 mode 2
Event: 14178.355 Thread 0x000001e3be5dcd90 Uncommon trap: trap_request=0xffffff45 fr.pc=0x000001e3a30b2f54 relative=0x0000000000001914
Event: 14178.355 Thread 0x000001e3be5dcd90 Uncommon trap: reason=unstable_if action=reinterpret pc=0x000001e3a30b2f54 method=com.android.tools.r8.internal.V7.a(Lcom/android/tools/r8/internal/fk;IZ)V @ 979 c2
Event: 14178.355 Thread 0x000001e3be5dcd90 DEOPT PACKING pc=0x000001e3a30b2f54 sp=0x0000004c8f0fc590
Event: 14178.355 Thread 0x000001e3be5dcd90 DEOPT UNPACKING pc=0x000001e3a1cd69a3 sp=0x0000004c8f0fc578 mode 2
Event: 14179.137 Thread 0x000001e3bc6d3b60 Uncommon trap: trap_request=0xffffffbe fr.pc=0x000001e3a2bab888 relative=0x0000000000000268
Event: 14179.137 Thread 0x000001e3bc6d3b60 Uncommon trap: reason=profile_predicate action=maybe_recompile pc=0x000001e3a2bab888 method=java.util.Collections.indexedBinarySearch(Ljava/util/List;Ljava/lang/Object;)I @ 13 c2
Event: 14179.137 Thread 0x000001e3bc6d3b60 DEOPT PACKING pc=0x000001e3a2bab888 sp=0x0000004c92bfe600
Event: 14179.137 Thread 0x000001e3bc6d3b60 DEOPT UNPACKING pc=0x000001e3a1cd69a3 sp=0x0000004c92bfe580 mode 2
Event: 14179.137 Thread 0x000001e3bc6d3b60 Uncommon trap: trap_request=0xffffffbe fr.pc=0x000001e3a2bab888 relative=0x0000000000000268
Event: 14179.137 Thread 0x000001e3bc6d3b60 Uncommon trap: reason=profile_predicate action=maybe_recompile pc=0x000001e3a2bab888 method=java.util.Collections.indexedBinarySearch(Ljava/util/List;Ljava/lang/Object;)I @ 13 c2
Event: 14179.137 Thread 0x000001e3bc6d3b60 DEOPT PACKING pc=0x000001e3a2bab888 sp=0x0000004c92bfe640
Event: 14179.137 Thread 0x000001e3bc6d3b60 DEOPT UNPACKING pc=0x000001e3a1cd69a3 sp=0x0000004c92bfe5c0 mode 2

Classes unloaded (20 events):
Event: 14174.317 Thread 0x000001e3b2d99110 Unloading class 0x000000080168e400 'jdk/internal/reflect/GeneratedSerializationConstructorAccessor348'
Event: 14174.317 Thread 0x000001e3b2d99110 Unloading class 0x000000080168e000 'jdk/internal/reflect/GeneratedSerializationConstructorAccessor347'
Event: 14174.317 Thread 0x000001e3b2d99110 Unloading class 0x000000080168dc00 'jdk/internal/reflect/GeneratedSerializationConstructorAccessor346'
Event: 14174.317 Thread 0x000001e3b2d99110 Unloading class 0x000000080168d800 'jdk/internal/reflect/GeneratedSerializationConstructorAccessor345'
Event: 14174.317 Thread 0x000001e3b2d99110 Unloading class 0x000000080168d400 'jdk/internal/reflect/GeneratedSerializationConstructorAccessor344'
Event: 14174.317 Thread 0x000001e3b2d99110 Unloading class 0x000000080168d000 'jdk/internal/reflect/GeneratedSerializationConstructorAccessor343'
Event: 14174.317 Thread 0x000001e3b2d99110 Unloading class 0x000000080168cc00 'jdk/internal/reflect/GeneratedSerializationConstructorAccessor342'
Event: 14174.317 Thread 0x000001e3b2d99110 Unloading class 0x000000080168c800 'jdk/internal/reflect/GeneratedSerializationConstructorAccessor341'
Event: 14174.317 Thread 0x000001e3b2d99110 Unloading class 0x000000080168c400 'jdk/internal/reflect/GeneratedSerializationConstructorAccessor340'
Event: 14174.317 Thread 0x000001e3b2d99110 Unloading class 0x000000080168c000 'jdk/internal/reflect/GeneratedSerializationConstructorAccessor339'
Event: 14174.317 Thread 0x000001e3b2d99110 Unloading class 0x0000000801666800 'org/gradle/api/NamedDomainObjectCollection$findByName'
Event: 14174.317 Thread 0x000001e3b2d99110 Unloading class 0x0000000801666000 'org/jetbrains/plugins/gradle/tooling/builder/ExternalProjectBuilderImpl$getFilters'
Event: 14174.318 Thread 0x000001e3b2d99110 Unloading class 0x0000000801665800 'org/jetbrains/plugins/gradle/tooling/util/JavaPluginUtil$getSourceSetContainer'
Event: 14174.318 Thread 0x000001e3b2d99110 Unloading class 0x0000000801665000 'org/gradle/plugins/ide/idea/model/IdeaModule_Decorated$hasProperty'
Event: 14174.318 Thread 0x000001e3b2d99110 Unloading class 0x0000000801664800 'org/gradle/api/Project$hasProperty'
Event: 14174.318 Thread 0x000001e3b2d99110 Unloading class 0x0000000801664000 'org/gradle/api/plugins/PluginContainer$findPlugin$0'
Event: 14174.318 Thread 0x000001e3b2d99110 Unloading class 0x0000000801659800 'org/gradle/api/plugins/PluginContainer$findPlugin'
Event: 14174.318 Thread 0x000001e3b2d99110 Unloading class 0x0000000801659000 'org/gradle/api/plugins/PluginAware$getPlugins'
Event: 14174.318 Thread 0x000001e3b2d99110 Unloading class 0x0000000801419400 'jdk/internal/reflect/GeneratedMethodAccessor229'
Event: 14174.318 Thread 0x000001e3b2d99110 Unloading class 0x0000000801307400 'jdk/internal/reflect/GeneratedSerializationConstructorAccessor256'

Classes redefined (0 events):
No events

Internal exceptions (20 events):
Event: 14178.143 Thread 0x000001e3bc6d1e80 Exception <a 'java/lang/NoSuchMethodError'{0x0000000758082b00}: static Lorg/gradle/internal/build/event/types/DefaultJavaCompileTaskSuccessResult;.<clinit>()V> (0x0000000758082b00) 
thrown [s\src\hotspot\share\prims\jni.cpp, line 1108]
Event: 14178.281 Thread 0x000001e3bc6d31c0 Exception <a 'java/lang/NoSuchMethodError'{0x00000007575300f0}: static Lcom/android/build/gradle/internal/tasks/DexArchiveBuilderTaskDelegate$ClasspathServiceKey;.<clinit>()V> (0x00000007575300f0) 
thrown [s\src\hotspot\share\prims\jni.cpp, line 1108]
Event: 14178.298 Thread 0x000001e3be5dcd90 Exception <a 'sun/nio/fs/WindowsException'{0x00000007575faad8}> (0x00000007575faad8) 
thrown [s\src\hotspot\share\prims\jni.cpp, line 517]
Event: 14178.376 Thread 0x000001e3b3fc1e60 Exception <a 'sun/nio/fs/WindowsException'{0x0000000757001078}> (0x0000000757001078) 
thrown [s\src\hotspot\share\prims\jni.cpp, line 517]
Event: 14178.612 Thread 0x000001e3b3fc1e60 Exception <a 'sun/nio/fs/WindowsException'{0x0000000756abe040}> (0x0000000756abe040) 
thrown [s\src\hotspot\share\prims\jni.cpp, line 517]
Event: 14178.658 Thread 0x000001e3be5dcd90 Exception <a 'sun/nio/fs/WindowsException'{0x0000000756d9cfc8}> (0x0000000756d9cfc8) 
thrown [s\src\hotspot\share\prims\jni.cpp, line 517]
Event: 14178.719 Thread 0x000001e3b3fc1e60 Exception <a 'sun/nio/fs/WindowsException'{0x0000000756857678}> (0x0000000756857678) 
thrown [s\src\hotspot\share\prims\jni.cpp, line 517]
Event: 14178.793 Thread 0x000001e3be5dcd90 Exception <a 'sun/nio/fs/WindowsException'{0x00000007568cebc0}> (0x00000007568cebc0) 
thrown [s\src\hotspot\share\prims\jni.cpp, line 517]
Event: 14178.816 Thread 0x000001e3b3fc1e60 Exception <a 'sun/nio/fs/WindowsException'{0x000000075685d318}> (0x000000075685d318) 
thrown [s\src\hotspot\share\prims\jni.cpp, line 517]
Event: 14178.822 Thread 0x000001e3be5dcd90 Exception <a 'sun/nio/fs/WindowsException'{0x00000007568d4368}> (0x00000007568d4368) 
thrown [s\src\hotspot\share\prims\jni.cpp, line 517]
Event: 14178.824 Thread 0x000001e3be5dcd90 Exception <a 'sun/nio/fs/WindowsException'{0x00000007568d9ad0}> (0x00000007568d9ad0) 
thrown [s\src\hotspot\share\prims\jni.cpp, line 517]
Event: 14178.827 Thread 0x000001e3be5dcd90 Exception <a 'sun/nio/fs/WindowsException'{0x00000007569e9d10}> (0x00000007569e9d10) 
thrown [s\src\hotspot\share\prims\jni.cpp, line 517]
Event: 14178.835 Thread 0x000001e3b3fc1e60 Exception <a 'sun/nio/fs/WindowsException'{0x00000007569dfa70}> (0x00000007569dfa70) 
thrown [s\src\hotspot\share\prims\jni.cpp, line 517]
Event: 14178.845 Thread 0x000001e3be5dcd90 Exception <a 'sun/nio/fs/WindowsException'{0x00000007569efe38}> (0x00000007569efe38) 
thrown [s\src\hotspot\share\prims\jni.cpp, line 517]
Event: 14178.862 Thread 0x000001e3be5dcd90 Exception <a 'sun/nio/fs/WindowsException'{0x00000007569fa518}> (0x00000007569fa518) 
thrown [s\src\hotspot\share\prims\jni.cpp, line 517]
Event: 14179.198 Thread 0x000001e3be5dcd90 Exception <a 'sun/nio/fs/WindowsException'{0x000000075cda8a78}> (0x000000075cda8a78) 
thrown [s\src\hotspot\share\prims\jni.cpp, line 517]
Event: 14179.198 Thread 0x000001e3be5dcd90 Exception <a 'sun/nio/fs/WindowsException'{0x000000075cda8e98}> (0x000000075cda8e98) 
thrown [s\src\hotspot\share\prims\jni.cpp, line 517]
Event: 14179.217 Thread 0x000001e3b3fc1e60 Exception <a 'sun/nio/fs/WindowsException'{0x000000075c81d9c0}> (0x000000075c81d9c0) 
thrown [s\src\hotspot\share\prims\jni.cpp, line 517]
Event: 14179.291 Thread 0x000001e3b3fc1e60 Exception <a 'sun/nio/fs/WindowsException'{0x000000075cd0bfa0}> (0x000000075cd0bfa0) 
thrown [s\src\hotspot\share\prims\jni.cpp, line 517]
Event: 14179.311 Thread 0x000001e3c01e3230 Exception <a 'sun/nio/fs/WindowsException'{0x000000075cd3ab90}> (0x000000075cd3ab90) 
thrown [s\src\hotspot\share\prims\jni.cpp, line 517]

VM Operations (20 events):
Event: 14173.355 Executing VM operation: Cleanup done
Event: 14173.891 Executing VM operation: G1TryInitiateConcMark
Event: 14173.904 Executing VM operation: G1TryInitiateConcMark done
Event: 14174.315 Executing VM operation: G1Concurrent
Event: 14174.345 Executing VM operation: G1Concurrent done
Event: 14174.537 Executing VM operation: G1Concurrent
Event: 14174.537 Executing VM operation: G1Concurrent done
Event: 14176.537 Executing VM operation: Cleanup
Event: 14176.538 Executing VM operation: Cleanup done
Event: 14177.269 Executing VM operation: ICBufferFull
Event: 14177.269 Executing VM operation: ICBufferFull done
Event: 14178.269 Executing VM operation: Cleanup
Event: 14178.270 Executing VM operation: Cleanup done
Event: 14178.602 Executing VM operation: ICBufferFull
Event: 14178.602 Executing VM operation: ICBufferFull done
Event: 14179.084 Executing VM operation: G1CollectForAllocation
Event: 14179.104 Executing VM operation: G1CollectForAllocation done
Event: 14179.228 Executing VM operation: G1CollectForAllocation
Event: 14179.283 Executing VM operation: G1CollectForAllocation done
Event: 14179.338 Executing VM operation: G1TryInitiateConcMark

Events (20 events):
Event: 14173.410 Thread 0x000001e3b383fd30 flushing nmethod 0x000001e39d2ffb10
Event: 14173.410 Thread 0x000001e3b383fd30 flushing nmethod 0x000001e39d303c90
Event: 14173.411 Thread 0x000001e3b383fd30 flushing nmethod 0x000001e39d419810
Event: 14173.411 Thread 0x000001e3b383fd30 flushing nmethod 0x000001e39d449b90
Event: 14173.411 Thread 0x000001e3b383fd30 flushing nmethod 0x000001e39d44a010
Event: 14173.590 Thread 0x000001e3b3c6f120 Thread exited: 0x000001e3b3c6f120
Event: 14173.653 Thread 0x000001e3c01e3230 Thread added: 0x000001e3c01e3230
Event: 14173.715 Thread 0x000001e3c01e3700 Thread added: 0x000001e3c01e3700
Event: 14174.951 Thread 0x000001e3be5dd260 Thread added: 0x000001e3be5dd260
Event: 14174.952 Thread 0x000001e3be5dd730 Thread added: 0x000001e3be5dd730
Event: 14174.952 Thread 0x000001e3be5de5a0 Thread added: 0x000001e3be5de5a0
Event: 14174.952 Thread 0x000001e3be5ddc00 Thread added: 0x000001e3be5ddc00
Event: 14174.966 Thread 0x000001e3b3c6f120 Thread added: 0x000001e3b3c6f120
Event: 14175.866 Thread 0x000001e3b3c6f120 Thread exited: 0x000001e3b3c6f120
Event: 14176.191 Thread 0x000001e3b3c69b10 Thread added: 0x000001e3b3c69b10
Event: 14177.869 Thread 0x000001e3b3c69b10 Thread exited: 0x000001e3b3c69b10
Event: 14178.290 Thread 0x000001e3b3fc1e60 Thread added: 0x000001e3b3fc1e60
Event: 14178.318 Thread 0x000001e3b3c6dce0 Thread added: 0x000001e3b3c6dce0
Event: 14178.854 loading class sun/nio/cs/US_ASCII$Decoder
Event: 14178.854 loading class sun/nio/cs/US_ASCII$Decoder done


Dynamic libraries:
0x00007ff60ce20000 - 0x00007ff60ce2a000 	D:\app\AndroidStudio\jbr\bin\java.exe
0x00007ffd9d770000 - 0x00007ffd9d968000 	C:\Windows\SYSTEM32\ntdll.dll
0x00007ffd9cbf0000 - 0x00007ffd9ccaf000 	C:\Windows\System32\KERNEL32.DLL
0x00007ffd9b380000 - 0x00007ffd9b652000 	C:\Windows\System32\KERNELBASE.dll
0x00007ffd9ae60000 - 0x00007ffd9af60000 	C:\Windows\System32\ucrtbase.dll
0x00007ffd8c6c0000 - 0x00007ffd8c6db000 	D:\app\AndroidStudio\jbr\bin\VCRUNTIME140.dll
0x00007ffd8c740000 - 0x00007ffd8c757000 	D:\app\AndroidStudio\jbr\bin\jli.dll
0x00007ffd9d380000 - 0x00007ffd9d521000 	C:\Windows\System32\USER32.dll
0x00007ffd82be0000 - 0x00007ffd82e7a000 	C:\Windows\WinSxS\amd64_microsoft.windows.common-controls_6595b64144ccf1df_6.0.19041.1110_none_60b5254171f9507e\COMCTL32.dll
0x00007ffd9d2e0000 - 0x00007ffd9d37e000 	C:\Windows\System32\msvcrt.dll
0x00007ffd9d700000 - 0x00007ffd9d72b000 	C:\Windows\System32\GDI32.dll
0x00007ffd9afb0000 - 0x00007ffd9afd2000 	C:\Windows\System32\win32u.dll
0x00007ffd9b270000 - 0x00007ffd9b37f000 	C:\Windows\System32\gdi32full.dll
0x00007ffd9b1d0000 - 0x00007ffd9b26d000 	C:\Windows\System32\msvcp_win.dll
0x00007ffd9b980000 - 0x00007ffd9b9b2000 	C:\Windows\System32\IMM32.DLL
0x00007ffd97bc0000 - 0x00007ffd97bcc000 	D:\app\AndroidStudio\jbr\bin\vcruntime140_1.dll
0x00007ffd7e380000 - 0x00007ffd7e40d000 	D:\app\AndroidStudio\jbr\bin\msvcp140.dll
0x00007ffd58310000 - 0x00007ffd58f7d000 	D:\app\AndroidStudio\jbr\bin\server\jvm.dll
0x00007ffd9c1f0000 - 0x00007ffd9c29e000 	C:\Windows\System32\ADVAPI32.dll
0x00007ffd9cb50000 - 0x00007ffd9cbec000 	C:\Windows\System32\sechost.dll
0x00007ffd9cf90000 - 0x00007ffd9d0b5000 	C:\Windows\System32\RPCRT4.dll
0x00007ffd85be0000 - 0x00007ffd85be9000 	C:\Windows\SYSTEM32\WSOCK32.dll
0x00007ffd88bc0000 - 0x00007ffd88be7000 	C:\Windows\SYSTEM32\WINMM.dll
0x00007ffd9d530000 - 0x00007ffd9d59b000 	C:\Windows\System32\WS2_32.dll
0x00007ffd93510000 - 0x00007ffd9351a000 	C:\Windows\SYSTEM32\VERSION.dll
0x00007ffd99700000 - 0x00007ffd99712000 	C:\Windows\SYSTEM32\kernel.appcore.dll
0x00007ffd98390000 - 0x00007ffd9839a000 	D:\app\AndroidStudio\jbr\bin\jimage.dll
0x00007ffd98c20000 - 0x00007ffd98e04000 	C:\Windows\SYSTEM32\DBGHELP.DLL
0x00007ffd87800000 - 0x00007ffd87835000 	C:\Windows\SYSTEM32\dbgcore.DLL
0x00007ffd9b140000 - 0x00007ffd9b1c2000 	C:\Windows\System32\bcryptPrimitives.dll
0x00007ffd89db0000 - 0x00007ffd89dd5000 	D:\app\AndroidStudio\jbr\bin\java.dll
0x00007ffd90960000 - 0x00007ffd90978000 	D:\app\AndroidStudio\jbr\bin\zip.dll
0x00007ffd9c2a0000 - 0x00007ffd9c9e5000 	C:\Windows\System32\SHELL32.dll
0x00007ffd98e10000 - 0x00007ffd995a2000 	C:\Windows\SYSTEM32\windows.storage.dll
0x00007ffd9be90000 - 0x00007ffd9c1e5000 	C:\Windows\System32\combase.dll
0x00007ffd9a7e0000 - 0x00007ffd9a810000 	C:\Windows\SYSTEM32\Wldp.dll
0x00007ffd9c9f0000 - 0x00007ffd9ca9d000 	C:\Windows\System32\SHCORE.dll
0x00007ffd9d680000 - 0x00007ffd9d6d5000 	C:\Windows\System32\shlwapi.dll
0x00007ffd9ada0000 - 0x00007ffd9adbf000 	C:\Windows\SYSTEM32\profapi.dll
0x00007ffd8c7f0000 - 0x00007ffd8c809000 	D:\app\AndroidStudio\jbr\bin\net.dll
0x00007ffd92480000 - 0x00007ffd9258c000 	C:\Windows\SYSTEM32\WINHTTP.dll
0x00007ffd9a540000 - 0x00007ffd9a5aa000 	C:\Windows\system32\mswsock.dll
0x00007ffd8a590000 - 0x00007ffd8a5a6000 	D:\app\AndroidStudio\jbr\bin\nio.dll
0x00007ffd948a0000 - 0x00007ffd948b0000 	D:\app\AndroidStudio\jbr\bin\verify.dll
0x00007ffd86b30000 - 0x00007ffd86b57000 	C:\Users\Tafita\.gradle\native\68d5fa5c4cc2d200863cafc0d521ce42e7d3e7ee720ec0a83991735586a16f82\windows-amd64\native-platform.dll
0x00007ffd72400000 - 0x00007ffd72544000 	C:\Users\Tafita\.gradle\native\e376f236ea51e6404a007f0833ffe2c6e607c4080706a723a18a27aeea778392\windows-amd64\native-platform-file-events.dll
0x00007ffd94b70000 - 0x00007ffd94b79000 	D:\app\AndroidStudio\jbr\bin\management.dll
0x00007ffd94940000 - 0x00007ffd9494b000 	D:\app\AndroidStudio\jbr\bin\management_ext.dll
0x00007ffd9d1e0000 - 0x00007ffd9d1e8000 	C:\Windows\System32\PSAPI.DLL
0x00007ffd9a740000 - 0x00007ffd9a758000 	C:\Windows\SYSTEM32\CRYPTSP.dll
0x00007ffd99e60000 - 0x00007ffd99e94000 	C:\Windows\system32\rsaenh.dll
0x00007ffd9b6d0000 - 0x00007ffd9b6f7000 	C:\Windows\System32\bcrypt.dll
0x00007ffd9ad60000 - 0x00007ffd9ad8e000 	C:\Windows\SYSTEM32\USERENV.dll
0x00007ffd9a730000 - 0x00007ffd9a73c000 	C:\Windows\SYSTEM32\CRYPTBASE.dll
0x00007ffd9a230000 - 0x00007ffd9a26b000 	C:\Windows\SYSTEM32\IPHLPAPI.DLL
0x00007ffd9b970000 - 0x00007ffd9b978000 	C:\Windows\System32\NSI.dll
0x00007ffd919a0000 - 0x00007ffd919b7000 	C:\Windows\SYSTEM32\dhcpcsvc6.DLL
0x00007ffd92110000 - 0x00007ffd9212d000 	C:\Windows\SYSTEM32\dhcpcsvc.DLL
0x00007ffd9a270000 - 0x00007ffd9a33b000 	C:\Windows\SYSTEM32\DNSAPI.dll
0x00007ffd8b5b0000 - 0x00007ffd8b5b7000 	C:\Windows\system32\wshunix.dll
0x00007ffd937b0000 - 0x00007ffd937b7000 	D:\app\AndroidStudio\jbr\bin\rmi.dll
0x00007ffd99f80000 - 0x00007ffd99fb3000 	C:\Windows\SYSTEM32\ntmarta.dll
0x00007ffd8e9a0000 - 0x00007ffd8e9aa000 	C:\Windows\System32\rasadhlp.dll
0x00007ffd901f0000 - 0x00007ffd90270000 	C:\Windows\System32\fwpuclnt.dll

dbghelp: loaded successfully - version: 4.0.5 - missing functions: none
symbol engine: initialized successfully - sym options: 0x614 - pdb path: .;D:\app\AndroidStudio\jbr\bin;C:\Windows\SYSTEM32;C:\Windows\WinSxS\amd64_microsoft.windows.common-controls_6595b64144ccf1df_6.0.19041.1110_none_60b5254171f9507e;D:\app\AndroidStudio\jbr\bin\server;C:\Users\Tafita\.gradle\native\68d5fa5c4cc2d200863cafc0d521ce42e7d3e7ee720ec0a83991735586a16f82\windows-amd64;C:\Users\Tafita\.gradle\native\e376f236ea51e6404a007f0833ffe2c6e607c4080706a723a18a27aeea778392\windows-amd64

VM Arguments:
jvm_args: --add-opens=java.base/java.util=ALL-UNNAMED --add-opens=java.base/java.lang=ALL-UNNAMED --add-opens=java.base/java.lang.invoke=ALL-UNNAMED --add-opens=java.prefs/java.util.prefs=ALL-UNNAMED --add-opens=java.base/java.nio.charset=ALL-UNNAMED --add-opens=java.base/java.net=ALL-UNNAMED --add-opens=java.base/java.util.concurrent.atomic=ALL-UNNAMED -Xmx3048m -Dfile.encoding=UTF-8 -Duser.country=FR -Duser.language=fr -Duser.variant 
java_command: org.gradle.launcher.daemon.bootstrap.GradleDaemon 8.0
java_class_path (initial): C:\Users\Tafita\.gradle\wrapper\dists\gradle-8.0-bin\ca5e32bp14vu59qr306oxotwh\gradle-8.0\lib\gradle-launcher-8.0.jar
Launcher Type: SUN_STANDARD

[Global flags]
     intx CICompilerCount                          = 3                                         {product} {ergonomic}
     uint ConcGCThreads                            = 1                                         {product} {ergonomic}
     uint G1ConcRefinementThreads                  = 4                                         {product} {ergonomic}
   size_t G1HeapRegionSize                         = 2097152                                   {product} {ergonomic}
    uintx GCDrainStackTargetSize                   = 64                                        {product} {ergonomic}
   size_t InitialHeapSize                          = 201326592                                 {product} {ergonomic}
   size_t MarkStackSize                            = 4194304                                   {product} {ergonomic}
   size_t MaxHeapSize                              = 3196059648                                {product} {command line}
   size_t MaxNewSize                               = 1916796928                                {product} {ergonomic}
   size_t MinHeapDeltaBytes                        = 2097152                                   {product} {ergonomic}
   size_t MinHeapSize                              = 8388608                                   {product} {ergonomic}
    uintx NonNMethodCodeHeapSize                   = 5832780                                {pd product} {ergonomic}
    uintx NonProfiledCodeHeapSize                  = 122912730                              {pd product} {ergonomic}
    uintx ProfiledCodeHeapSize                     = 122912730                              {pd product} {ergonomic}
    uintx ReservedCodeCacheSize                    = 251658240                              {pd product} {ergonomic}
     bool SegmentedCodeCache                       = true                                      {product} {ergonomic}
   size_t SoftMaxHeapSize                          = 3196059648                             {manageable} {ergonomic}
     bool UseCompressedClassPointers               = true                           {product lp64_product} {ergonomic}
     bool UseCompressedOops                        = true                           {product lp64_product} {ergonomic}
     bool UseG1GC                                  = true                                      {product} {ergonomic}
     bool UseLargePagesIndividualAllocation        = false                                  {pd product} {ergonomic}

Logging:
Log output configuration:
 #0: stdout all=warning uptime,level,tags
 #1: stderr all=off uptime,level,tags

Environment Variables:
JAVA_HOME=C:\Program Files\Java\jdk1.8.0_251
CLASSPATH=C:\Program Files (x86)\Java\jdk1.7.0\jre\lib\ext\ojdbc6.jar
PATH=C:\Program Files\Common Files\Oracle\Java\javapath;C:\Program Files (x86)\Common Files\Oracle\Java\javapath;C:\Python311\Scripts\;C:\Python311\;C:\Program Files (x86)\Common Files\Intel\Shared Libraries\redist\intel64\compiler;D:\app\Tafita\product\11.2.0\dbhome_1\bin;C:\Windows\system32;C:\Windows;C:\Windows\System32\Wbem;C:\Windows\System32\WindowsPowerShell\v1.0\;C:\Windows\System32\OpenSSH\;C:\program files (x86)\skype\Phone\;C:\Program Files\Java\jdk1.8.0_251\bin;C:\Program Files\Microsoft SQL Server\Client SDK\ODBC\170\Tools\Binn\;C:\Program Files\dotnet\;C:\Program Files\Microsoft SQL Server\130\Tools\Binn\;C:\Program Files (x86)\Microsoft SQL Server\150\Tools\Binn\;C:\Program Files\Microsoft SQL Server\150\Tools\Binn\;C:\Program Files\Microsoft SQL Server\150\DTS\Binn\;C:\xampp\mysql\bin;D:\Programmes files\Git\cmd;C:\Program Files\MongoDB\Server\3.2\bin;C:\Program Files\PostgreSQL\11\bin;C:\Program Files\MongoDB\Server\6.0\bin;C:\ProgramData\chocolatey\bin;C:\Program Files\nodejs\;C:\Users\Tafita\AppData\Local\Programs\Python\Python38-32\Scripts\;C:\Users\Tafita\AppData\Local\Programs\Python\Python38-32\;C:\Users\Tafita\AppData\Local\Microsoft\WindowsApps;C:\Users\Tafita\AppData\Local\GitHubDesktop\bin;C:\Users\Tafita\.dotnet\tools;C:\Program Files\JetBrains\PyCharm Community Edition 2019.3.3\bin;;C:\Users\Tafita\AppData\Local\Programs\Microsoft VS Code\bin;C:\Program Files\heroku\bin;C:\Users\Tafita\AppData\Roaming\npm;D:\app\IntelliJ IDEA Community Edition 2023.1.1\bin;
USERNAME=Tafita
OS=Windows_NT
PROCESSOR_IDENTIFIER=Intel64 Family 6 Model 61 Stepping 4, GenuineIntel
TMP=C:\Users\Tafita\AppData\Local\Temp
TEMP=C:\Users\Tafita\AppData\Local\Temp



---------------  S Y S T E M  ---------------

OS:
 Windows 10 , 64 bit Build 19041 (10.0.19041.2546)
OS uptime: 38 days 11:04 hours

CPU: total 4 (initial active 4) (2 cores per cpu, 2 threads per core) family 6 model 61 stepping 4 microcode 0x2d, cx8, cmov, fxsr, ht, mmx, 3dnowpref, sse, sse2, sse3, ssse3, sse4.1, sse4.2, popcnt, lzcnt, tsc, tscinvbit, avx, avx2, aes, erms, clmul, bmi1, bmi2, adx, fma, vzeroupper, clflush

Memory: 4k page, system-wide physical 12190M (2306M free)
TotalPageFile size 14238M (AvailPageFile size 288M)
current process WorkingSet (physical memory assigned to process): 692M, peak: 780M
current process commit charge ("private bytes"): 888M, peak: 1354M

vm_info: OpenJDK 64-Bit Server VM (17.0.6+0-b2043.56-9586694) for windows-amd64 JRE (17.0.6+0-b2043.56-9586694), built on Feb  9 2023 20:06:20 by "androidbuild" with MS VC++ 16.10 / 16.11 (VS2019)

END.
